<?xml version="1.0" encoding="UTF-8"?>
<testsuites>
  <testsuite name="between-within" timestamp="2024-04-22T12:29:52Z" hostname="9071a9ee9a94" tests="53" skipped="1" failures="0" errors="0" time="0.632">
    <testcase time="0.0110000000000001" classname="between_within" name="h_within_or_between_works_as_expected"/>
    <testcase time="0.0209999999999999" classname="between_within" name="h_within_or_between_works_as_expected"/>
    <testcase time="0.0240000000000002" classname="between_within" name="h_df_bw_calc_works_as_expected_for_the_vignette_example"/>
    <testcase time="0.00099999999999989" classname="between_within" name="h_df_bw_calc_works_as_expected_for_the_vignette_example"/>
    <testcase time="0.00099999999999989" classname="between_within" name="h_df_bw_calc_works_as_expected_for_the_vignette_example"/>
    <testcase time="0.00200000000000022" classname="between_within" name="h_df_bw_calc_works_as_expected_for_the_vignette_example"/>
    <testcase time="0.00300000000000011" classname="between_within" name="h_df_bw_calc_works_as_expected_for_the_vignette_example"/>
    <testcase time="0.00099999999999989" classname="between_within" name="h_df_bw_calc_works_as_expected_for_the_vignette_example"/>
    <testcase time="0.0459999999999998" classname="between_within" name="h_df_bw_calc_works_as_expected_for_the_vignette_example">
      <skipped message="Reason: On CRAN ('test-between-within.R:29:3')"/>
    </testcase>
    <testcase time="0.0550000000000002" classname="between_within" name="h_df_bw_calc_works_as_expected_for_a_model_with_only_intercept"/>
    <testcase time="0.004" classname="between_within" name="h_df_bw_calc_works_as_expected_for_a_model_with_only_intercept"/>
    <testcase time="0.00300000000000011" classname="between_within" name="h_df_bw_calc_works_as_expected_for_a_model_with_only_intercept"/>
    <testcase time="0.032" classname="between_within" name="h_df_min_bw_works_as_expected"/>
    <testcase time="0.00299999999999967" classname="between_within" name="h_df_min_bw_works_as_expected"/>
    <testcase time="0.00300000000000011" classname="between_within" name="h_df_min_bw_works_as_expected"/>
    <testcase time="0.00300000000000011" classname="between_within" name="h_df_min_bw_works_as_expected"/>
    <testcase time="0.0309999999999997" classname="between_within" name="h_df_min_bw_also_works_without_names_because_contrast_might_not_have_names_"/>
    <testcase time="0.00200000000000022" classname="between_within" name="h_df_min_bw_also_works_without_names_because_contrast_might_not_have_names_"/>
    <testcase time="0.0369999999999999" classname="between_within" name="h_df_1d_bw_works_as_expected_for_a_model_with_only_intercept"/>
    <testcase time="0.00200000000000022" classname="between_within" name="h_df_1d_bw_works_as_expected_for_a_model_with_only_intercept"/>
    <testcase time="0.00699999999999967" classname="between_within" name="h_df_1d_bw_works_as_expected_for_a_model_with_only_intercept"/>
    <testcase time="0.004" classname="between_within" name="h_df_1d_bw_works_as_expected_for_a_model_with_only_intercept"/>
    <testcase time="0.004" classname="between_within" name="h_df_1d_bw_works_as_expected_for_a_model_with_only_intercept"/>
    <testcase time="0.004" classname="between_within" name="h_df_1d_bw_works_as_expected_for_a_model_with_only_intercept"/>
    <testcase time="0.004" classname="between_within" name="h_df_1d_bw_works_as_expected_for_a_model_with_only_intercept"/>
    <testcase time="0.0590000000000002" classname="between_within" name="h_df_1d_bw_works_as_expected_for_univariate_linear_combination_contrasts"/>
    <testcase time="0.004" classname="between_within" name="h_df_1d_bw_works_as_expected_for_univariate_linear_combination_contrasts"/>
    <testcase time="0.00999999999999979" classname="between_within" name="h_df_1d_bw_works_as_expected_for_univariate_linear_combination_contrasts"/>
    <testcase time="0.004" classname="between_within" name="h_df_1d_bw_works_as_expected_for_univariate_linear_combination_contrasts"/>
    <testcase time="0.0710000000000002" classname="between_within" name="h_df_1d_bw_works_as_expected_for_singular_fits"/>
    <testcase time="0.00300000000000011" classname="between_within" name="h_df_1d_bw_works_as_expected_for_singular_fits"/>
    <testcase time="0.004" classname="between_within" name="h_df_1d_bw_works_as_expected_for_singular_fits"/>
    <testcase time="0.032" classname="between_within" name="h_df_md_bw_works_as_expected_between_effect"/>
    <testcase time="0.00099999999999989" classname="between_within" name="h_df_md_bw_works_as_expected_between_effect"/>
    <testcase time="0.004" classname="between_within" name="h_df_md_bw_works_as_expected_between_effect"/>
    <testcase time="0.004" classname="between_within" name="h_df_md_bw_works_as_expected_between_effect"/>
    <testcase time="0.00499999999999989" classname="between_within" name="h_df_md_bw_works_as_expected_between_effect"/>
    <testcase time="0.00300000000000011" classname="between_within" name="h_df_md_bw_works_as_expected_between_effect"/>
    <testcase time="0.032" classname="between_within" name="h_df_md_bw_works_as_expected_within_effect"/>
    <testcase time="0.00199999999999978" classname="between_within" name="h_df_md_bw_works_as_expected_within_effect"/>
    <testcase time="0.00800000000000001" classname="between_within" name="h_df_md_bw_works_as_expected_within_effect"/>
    <testcase time="0.004" classname="between_within" name="h_df_md_bw_works_as_expected_within_effect"/>
    <testcase time="0.004" classname="between_within" name="h_df_md_bw_works_as_expected_within_effect"/>
    <testcase time="0.00300000000000011" classname="between_within" name="h_df_md_bw_works_as_expected_within_effect"/>
    <testcase time="0.0190000000000001" classname="between_within" name="h_df_md_bw_works_as_expected_both_effects"/>
    <testcase time="0.00099999999999989" classname="between_within" name="h_df_md_bw_works_as_expected_both_effects"/>
    <testcase time="0.00200000000000022" classname="between_within" name="h_df_md_bw_works_as_expected_both_effects"/>
    <testcase time="0.00299999999999967" classname="between_within" name="h_df_md_bw_works_as_expected_both_effects"/>
    <testcase time="0.00300000000000011" classname="between_within" name="h_df_md_bw_works_as_expected_both_effects"/>
    <testcase time="0.00300000000000011" classname="between_within" name="h_df_md_bw_works_as_expected_both_effects"/>
    <testcase time="0.0179999999999998" classname="between_within" name="h_df_md_bw_works_as_expected_for_rank_deficient_model"/>
    <testcase time="0.0150000000000001" classname="between_within" name="h_df_md_bw_works_as_expected_for_rank_deficient_model"/>
    <testcase time="0.00300000000000011" classname="between_within" name="h_df_md_bw_works_as_expected_for_rank_deficient_model"/>
  </testsuite>
  <testsuite name="car" timestamp="2024-04-22T12:29:52Z" hostname="9071a9ee9a94" tests="19" skipped="1" failures="0" errors="0" time="0.453">
    <testcase time="0.044" classname="car" name="car_emits_a_message_about_mmrm_registration_on_load"/>
    <testcase time="0.0089999999999999" classname="car" name="h_get_contrast_works_as_expected"/>
    <testcase time="0.004" classname="car" name="h_get_contrast_works_as_expected"/>
    <testcase time="0.00499999999999989" classname="car" name="h_get_contrast_works_as_expected"/>
    <testcase time="0.028" classname="car" name="Anova_works_as_expected">
      <skipped message="Reason: On CRAN ('test-car.R:35:3')"/>
    </testcase>
    <testcase time="0.101" classname="car" name="Anova_works_if_covariate_are_character"/>
    <testcase time="0.0409999999999999" classname="car" name="Anova_works_if_covariate_are_character"/>
    <testcase time="0.0700000000000003" classname="car" name="Anova_give_similar_results_to_SAS"/>
    <testcase time="0.0129999999999999" classname="car" name="Anova_give_similar_results_to_SAS"/>
    <testcase time="0.004" classname="car" name="Anova_give_similar_results_to_SAS"/>
    <testcase time="0.00499999999999989" classname="car" name="Anova_give_similar_results_to_SAS"/>
    <testcase time="0.004" classname="car" name="Anova_give_similar_results_to_SAS"/>
    <testcase time="0.00500000000000034" classname="car" name="Anova_give_similar_results_to_SAS"/>
    <testcase time="0.0839999999999996" classname="car" name="Anova_give_similar_results_to_SAS"/>
    <testcase time="0.0180000000000002" classname="car" name="Anova_give_similar_results_to_SAS"/>
    <testcase time="0.004" classname="car" name="Anova_give_similar_results_to_SAS"/>
    <testcase time="0.00499999999999989" classname="car" name="Anova_give_similar_results_to_SAS"/>
    <testcase time="0.004" classname="car" name="Anova_give_similar_results_to_SAS"/>
    <testcase time="0.00499999999999989" classname="car" name="Anova_give_similar_results_to_SAS"/>
  </testsuite>
  <testsuite name="component" timestamp="2024-04-22T12:29:53Z" hostname="9071a9ee9a94" tests="23" skipped="0" failures="0" errors="0" time="0.182">
    <testcase time="0.0270000000000001" classname="component" name="component_works_as_expected_for_mmrm_tmb_objects"/>
    <testcase time="0.00199999999999978" classname="component" name="component_works_as_expected_for_mmrm_tmb_objects"/>
    <testcase time="0.00300000000000011" classname="component" name="component_works_as_expected_for_mmrm_tmb_objects"/>
    <testcase time="0.00200000000000022" classname="component" name="component_works_as_expected_for_mmrm_tmb_objects"/>
    <testcase time="0.00199999999999978" classname="component" name="component_works_as_expected_for_mmrm_tmb_objects"/>
    <testcase time="0.004" classname="component" name="component_works_as_expected_for_mmrm_tmb_objects"/>
    <testcase time="0.00300000000000011" classname="component" name="component_works_as_expected_for_mmrm_tmb_objects"/>
    <testcase time="0.004" classname="component" name="component_works_as_expected_for_mmrm_tmb_objects"/>
    <testcase time="0.00199999999999978" classname="component" name="component_works_as_expected_for_mmrm_tmb_objects"/>
    <testcase time="0.00800000000000001" classname="component" name="component_returns_adjusted_beta_vcov_matrix_for_Kenward_Roger_adjusted_mmrm"/>
    <testcase time="0.00700000000000012" classname="component" name="component_returns_empirical_beta_vcov_matrix"/>
    <testcase time="0.00600000000000023" classname="component" name="component_returns_Jackknife_beta_vcov_matrix"/>
    <testcase time="0.00599999999999978" classname="component" name="component_produces_complete_coefficient_vector_as_expected_in_full_rank_model"/>
    <testcase time="0.0289999999999999" classname="component" name="component_returns_coefficient_vectors_as_expected_in_rank_deficient_model"/>
    <testcase time="0.004" classname="component" name="component_returns_coefficient_vectors_as_expected_in_rank_deficient_model"/>
    <testcase time="0.00300000000000011" classname="component" name="component_returns_coefficient_vectors_as_expected_in_rank_deficient_model"/>
    <testcase time="0.00100000000000033" classname="component" name="component_returns_coefficient_vectors_as_expected_in_rank_deficient_model"/>
    <testcase time="0.00800000000000001" classname="component" name="component_produces_complete_variance_covariance_matrix_as_expected_in_full_rank_model"/>
    <testcase time="0.0479999999999996" classname="component" name="component_returns_complete_variance_covariance_matrix_as_expected_in_rank_deficient_model"/>
    <testcase time="0.00200000000000022" classname="component" name="component_returns_complete_variance_covariance_matrix_as_expected_in_rank_deficient_model"/>
    <testcase time="0.00300000000000011" classname="component" name="component_returns_complete_variance_covariance_matrix_as_expected_in_rank_deficient_model"/>
    <testcase time="0.004" classname="component" name="component_returns_complete_variance_covariance_matrix_as_expected_in_rank_deficient_model"/>
    <testcase time="0.004" classname="component" name="component_returns_complete_variance_covariance_matrix_as_expected_in_rank_deficient_model"/>
  </testsuite>
  <testsuite name="cov-struct" timestamp="2024-04-22T12:29:53Z" hostname="9071a9ee9a94" tests="34" skipped="0" failures="0" errors="0" time="0.19">
    <testcase time="0.0109999999999997" classname="cov_struct" name="cov_struct_can_be_produced_from_string_variable_names"/>
    <testcase time="0.00200000000000022" classname="cov_struct" name="cov_struct_can_be_produced_from_string_variable_names"/>
    <testcase time="0.00499999999999989" classname="cov_struct" name="cov_struct_can_be_produced_from_string_variable_names"/>
    <testcase time="0.004" classname="cov_struct" name="cov_struct_can_be_produced_from_string_variable_names"/>
    <testcase time="0.0140000000000002" classname="cov_struct" name="cov_struct_raises_errors_for_common_mis_specifications"/>
    <testcase time="0.00800000000000001" classname="cov_struct" name="cov_struct_raises_errors_for_common_mis_specifications"/>
    <testcase time="0.00800000000000001" classname="cov_struct" name="cov_struct_raises_errors_for_common_mis_specifications"/>
    <testcase time="0.00699999999999967" classname="cov_struct" name="cov_struct_raises_errors_for_common_mis_specifications"/>
    <testcase time="0.00900000000000034" classname="cov_struct" name="as.cov_struct_returns_self_if_already_a_cov_struct"/>
    <testcase time="0.00999999999999979" classname="cov_struct" name="as.cov_struct_can_derive_a_covariance_structure_from_a_formula"/>
    <testcase time="0.00700000000000012" classname="cov_struct" name="as.cov_struct_can_derive_a_covariance_structure_from_a_formula"/>
    <testcase time="0.00599999999999978" classname="cov_struct" name="as.cov_struct_can_derive_a_covariance_structure_from_a_formula"/>
    <testcase time="0.00500000000000034" classname="cov_struct" name="as.cov_struct_can_derive_a_covariance_structure_from_a_formula"/>
    <testcase time="0.00599999999999978" classname="cov_struct" name="tmb_cov_type_derives_abbreviated_string_from_covariance_structure"/>
    <testcase time="0.004" classname="cov_struct" name="tmb_cov_type_derives_abbreviated_string_from_covariance_structure"/>
    <testcase time="0.00599999999999978" classname="cov_struct" name="cov_types_returns_list_of_covariance_structure_keywords"/>
    <testcase time="0.00200000000000022" classname="cov_struct" name="cov_types_returns_list_of_covariance_structure_keywords"/>
    <testcase time="0.00300000000000011" classname="cov_struct" name="cov_types_returns_list_of_covariance_structure_keywords"/>
    <testcase time="0.00299999999999967" classname="cov_struct" name="cov_types_returns_list_of_covariance_structure_keywords"/>
    <testcase time="0.00600000000000023" classname="cov_struct" name="cov_type_abbr_converts_full_names_to_abbreviations"/>
    <testcase time="0.00300000000000011" classname="cov_struct" name="cov_type_abbr_converts_full_names_to_abbreviations"/>
    <testcase time="0.00299999999999967" classname="cov_struct" name="cov_type_abbr_converts_full_names_to_abbreviations"/>
    <testcase time="0.00700000000000012" classname="cov_struct" name="cov_type_abbr_converts_full_names_to_abbreviations"/>
    <testcase time="0.00600000000000023" classname="cov_struct" name="cov_type_name_converts_full_names_to_full_name"/>
    <testcase time="0.00199999999999978" classname="cov_struct" name="cov_type_name_converts_full_names_to_full_name"/>
    <testcase time="0.00300000000000011" classname="cov_struct" name="cov_type_name_converts_full_names_to_full_name"/>
    <testcase time="0.00700000000000012" classname="cov_struct" name="print.cov_struct_pretty_formats_covariance_structure_object"/>
    <testcase time="0.00299999999999967" classname="cov_struct" name="print.cov_struct_pretty_formats_covariance_structure_object"/>
    <testcase time="0.00300000000000011" classname="cov_struct" name="print.cov_struct_pretty_formats_covariance_structure_object"/>
    <testcase time="0.00600000000000023" classname="cov_struct" name="h_reconcile_cov_struct_works_if_covariance_is_a_formula"/>
    <testcase time="0.004" classname="cov_struct" name="h_reconcile_cov_struct_works_if_covariance_is_a_formula"/>
    <testcase time="0.00499999999999989" classname="cov_struct" name="h_reconcile_cov_struct_works_if_covariance_is_a_cov_struct"/>
    <testcase time="0.00300000000000011" classname="cov_struct" name="h_reconcile_cov_struct_works_if_covariance_is_a_cov_struct"/>
    <testcase time="0.0089999999999999" classname="cov_struct" name="h_reconcile_cov_struct_errors_if_multiple_covarinace_spotted"/>
  </testsuite>
  <testsuite name="cpp-covariance" timestamp="2024-04-22T12:29:53Z" hostname="9071a9ee9a94" tests="11" skipped="0" failures="0" errors="0" time="0.071">
    <testcase time="0.00999999999999979" classname="cpp_covariance" name="prepare_numbers_for_homogeneous_ante_dependence_tests"/>
    <testcase time="0.00700000000000012" classname="cpp_covariance" name="prepare_numbers_for_heterogeneous_ante_dependence_tests"/>
    <testcase time="0.00600000000000023" classname="cpp_covariance" name="prepare_numbers_for_homogeneous_toeplitz_tests"/>
    <testcase time="0.00699999999999967" classname="cpp_covariance" name="prepare_numbers_for_heterogeneous_toeplitz_tests"/>
    <testcase time="0.00500000000000034" classname="cpp_covariance" name="prepare_numbers_for_autoregressive_correlation_function_test"/>
    <testcase time="0.00399999999999956" classname="cpp_covariance" name="prepare_numbers_for_autoregressive_correlation_function_test"/>
    <testcase time="0.00600000000000023" classname="cpp_covariance" name="prepare_numbers_for_homogeneous_autoregressive_tests"/>
    <testcase time="0.00700000000000012" classname="cpp_covariance" name="prepare_numbers_for_heterogeneous_autoregressive_tests"/>
    <testcase time="0.00599999999999978" classname="cpp_covariance" name="prepare_numbers_for_compound_symmetry_correlation_function_test"/>
    <testcase time="0.00600000000000023" classname="cpp_covariance" name="prepare_numbers_for_homogeneous_compound_symmetry_tests"/>
    <testcase time="0.00699999999999967" classname="cpp_covariance" name="prepare_numbers_for_heterogeneous_compound_symmetry_tests"/>
  </testsuite>
  <testsuite name="cpp-utils" timestamp="2024-04-22T12:29:53Z" hostname="9071a9ee9a94" tests="3" skipped="0" failures="0" errors="0" time="0.084">
    <testcase time="0.056" classname="cpp_utils" name="prepare_numbers_for_get_corr_mat_chol_tests"/>
    <testcase time="0.00900000000000034" classname="cpp_utils" name="prepare_numbers_for_pseudoInverseSqrt"/>
    <testcase time="0.0189999999999997" classname="cpp_utils" name="prepare_numbers_for_pseudoInverseSqrt_rank_deficient"/>
  </testsuite>
  <testsuite name="cholesky cache" timestamp="2024-04-22T12:29:53Z" hostname="9071a9ee9a94" tests="54" skipped="0" failures="0" errors="0" time="0.085">
    <testcase time="0.0380000000000003" classname="cholesky_cache" name="cached_cholesky_stores_result_correctly"/>
    <testcase time="0" classname="cholesky_cache" name="cached_cholesky_stores_result_correctly"/>
    <testcase time="0.00099999999999989" classname="cholesky_cache" name="cached_cholesky_stores_result_correctly"/>
    <testcase time="0.00099999999999989" classname="cholesky_cache" name="cached_cholesky_stores_result_correctly"/>
    <testcase time="0.00099999999999989" classname="cholesky_cache" name="cached_cholesky_stores_result_correctly"/>
    <testcase time="0.00100000000000033" classname="cholesky_cache" name="cached_cholesky_stores_result_correctly"/>
    <testcase time="0" classname="cholesky_cache" name="cached_cholesky_stores_result_correctly"/>
    <testcase time="0.00099999999999989" classname="cholesky_cache" name="cached_cholesky_stores_result_correctly"/>
    <testcase time="0.00099999999999989" classname="cholesky_cache" name="cached_cholesky_stores_result_correctly"/>
    <testcase time="0.00099999999999989" classname="cholesky_cache" name="cached_cholesky_stores_result_correctly"/>
    <testcase time="0" classname="cholesky_cache" name="cached_cholesky_stores_result_correctly"/>
    <testcase time="0.00100000000000033" classname="cholesky_cache" name="cached_cholesky_stores_result_correctly"/>
    <testcase time="0.00099999999999989" classname="cholesky_cache" name="cached_cholesky_stores_result_correctly"/>
    <testcase time="0.00099999999999989" classname="cholesky_cache" name="cached_cholesky_stores_result_correctly"/>
    <testcase time="0.00099999999999989" classname="cholesky_cache" name="cached_cholesky_stores_result_correctly"/>
    <testcase time="0" classname="cholesky_cache" name="cached_cholesky_stores_result_correctly"/>
    <testcase time="0.00100000000000033" classname="cholesky_cache" name="cached_cholesky_stores_result_correctly"/>
    <testcase time="0.00099999999999989" classname="cholesky_cache" name="cached_cholesky_stores_result_correctly"/>
    <testcase time="0.00099999999999989" classname="cholesky_cache" name="cached_cholesky_stores_result_correctly"/>
    <testcase time="0.00099999999999989" classname="cholesky_cache" name="cached_cholesky_stores_result_correctly"/>
    <testcase time="0.00100000000000033" classname="cholesky_cache" name="cached_cholesky_stores_result_correctly"/>
    <testcase time="0.00099999999999989" classname="cholesky_cache" name="cached_cholesky_stores_result_correctly"/>
    <testcase time="0" classname="cholesky_cache" name="cached_cholesky_stores_result_correctly"/>
    <testcase time="0.00099999999999989" classname="cholesky_cache" name="cached_cholesky_stores_result_correctly"/>
    <testcase time="0.00099999999999989" classname="cholesky_cache" name="cached_cholesky_stores_result_correctly"/>
    <testcase time="0.00100000000000033" classname="cholesky_cache" name="cached_cholesky_stores_result_correctly"/>
    <testcase time="0.00099999999999989" classname="cholesky_cache" name="cached_cholesky_stores_result_correctly"/>
    <testcase time="0.00099999999999989" classname="cholesky_cache" name="cached_cholesky_stores_result_correctly"/>
    <testcase time="0.00099999999999989" classname="cholesky_cache" name="cached_cholesky_stores_result_correctly"/>
    <testcase time="0" classname="cholesky_cache" name="cached_cholesky_stores_result_correctly"/>
    <testcase time="0.00100000000000033" classname="cholesky_cache" name="cached_cholesky_stores_result_correctly"/>
    <testcase time="0.00099999999999989" classname="cholesky_cache" name="cached_cholesky_stores_result_correctly"/>
    <testcase time="0.00099999999999989" classname="cholesky_cache" name="cached_cholesky_stores_result_correctly"/>
    <testcase time="0.00099999999999989" classname="cholesky_cache" name="cached_cholesky_stores_result_correctly"/>
    <testcase time="0.00100000000000033" classname="cholesky_cache" name="cached_cholesky_stores_result_correctly"/>
    <testcase time="0.00099999999999989" classname="cholesky_cache" name="cached_cholesky_stores_result_correctly"/>
    <testcase time="0.00099999999999989" classname="cholesky_cache" name="cached_cholesky_stores_result_correctly"/>
    <testcase time="0.00099999999999989" classname="cholesky_cache" name="cached_cholesky_stores_result_correctly"/>
    <testcase time="0.00100000000000033" classname="cholesky_cache" name="cached_cholesky_stores_result_correctly"/>
    <testcase time="0.00099999999999989" classname="cholesky_cache" name="cached_cholesky_stores_result_correctly"/>
    <testcase time="0.00099999999999989" classname="cholesky_cache" name="cached_cholesky_stores_result_correctly"/>
    <testcase time="0.00099999999999989" classname="cholesky_cache" name="cached_cholesky_stores_result_correctly"/>
    <testcase time="0.00100000000000033" classname="cholesky_cache" name="cached_cholesky_stores_result_correctly"/>
    <testcase time="0.00099999999999989" classname="cholesky_cache" name="cached_cholesky_stores_result_correctly"/>
    <testcase time="0.00099999999999989" classname="cholesky_cache" name="cached_cholesky_stores_result_correctly"/>
    <testcase time="0.00099999999999989" classname="cholesky_cache" name="cached_cholesky_stores_result_correctly"/>
    <testcase time="0.00100000000000033" classname="cholesky_cache" name="cached_cholesky_stores_result_correctly"/>
    <testcase time="0.00099999999999989" classname="cholesky_cache" name="cached_cholesky_stores_result_correctly"/>
    <testcase time="0.00099999999999989" classname="cholesky_cache" name="cached_cholesky_stores_result_correctly"/>
    <testcase time="0.00099999999999989" classname="cholesky_cache" name="cached_cholesky_stores_result_correctly"/>
    <testcase time="0.00100000000000033" classname="cholesky_cache" name="cached_cholesky_stores_result_correctly"/>
    <testcase time="0.00099999999999989" classname="cholesky_cache" name="cached_cholesky_stores_result_correctly"/>
    <testcase time="0.00099999999999989" classname="cholesky_cache" name="cached_cholesky_stores_result_correctly"/>
    <testcase time="0.00099999999999989" classname="cholesky_cache" name="cached_cholesky_stores_result_correctly"/>
  </testsuite>
  <testsuite name="cholesky group object" timestamp="2024-04-22T12:29:53Z" hostname="9071a9ee9a94" tests="12" skipped="0" failures="0" errors="0" time="0.008">
    <testcase time="0.00200000000000022" classname="cholesky_group_object" name="cholesky_group_return_result_correctly"/>
    <testcase time="0.00099999999999989" classname="cholesky_group_object" name="cholesky_group_return_result_correctly"/>
    <testcase time="0" classname="cholesky_group_object" name="cholesky_group_return_result_correctly"/>
    <testcase time="0.00099999999999989" classname="cholesky_group_object" name="cholesky_group_return_result_correctly"/>
    <testcase time="0" classname="cholesky_group_object" name="cholesky_group_return_result_correctly"/>
    <testcase time="0.00100000000000033" classname="cholesky_group_object" name="cholesky_group_return_result_correctly"/>
    <testcase time="0" classname="cholesky_group_object" name="cholesky_group_return_result_correctly"/>
    <testcase time="0.00099999999999989" classname="cholesky_group_object" name="cholesky_group_return_result_correctly"/>
    <testcase time="0" classname="cholesky_group_object" name="cholesky_group_return_result_correctly"/>
    <testcase time="0.00099999999999989" classname="cholesky_group_object" name="cholesky_group_return_result_correctly"/>
    <testcase time="0" classname="cholesky_group_object" name="cholesky_group_return_result_correctly"/>
    <testcase time="0.00099999999999989" classname="cholesky_group_object" name="cholesky_group_return_result_correctly"/>
  </testsuite>
  <testsuite name="unstructured" timestamp="2024-04-22T12:29:53Z" hostname="9071a9ee9a94" tests="6" skipped="0" failures="0" errors="0" time="0.003">
    <testcase time="0.00100000000000033" classname="unstructured" name="get_unstructured_produces_expected_result"/>
    <testcase time="0" classname="unstructured" name="get_unstructured_produces_expected_result"/>
    <testcase time="0.00099999999999989" classname="unstructured" name="get_unstructured_produces_expected_result"/>
    <testcase time="0" classname="unstructured" name="get_unstructured_produces_expected_result"/>
    <testcase time="0.00099999999999989" classname="unstructured" name="get_unstructured_produces_expected_result"/>
    <testcase time="0" classname="unstructured" name="get_unstructured_produces_expected_result"/>
  </testsuite>
  <testsuite name="ante_dependence" timestamp="2024-04-22T12:29:53Z" hostname="9071a9ee9a94" tests="25" skipped="0" failures="0" errors="0" time="0.015">
    <testcase time="0.00200000000000022" classname="ante_dependence" name="corr_fun_ante_dependence_works_as_expected"/>
    <testcase time="0" classname="ante_dependence" name="corr_fun_ante_dependence_works_as_expected"/>
    <testcase time="0.00099999999999989" classname="ante_dependence" name="corr_fun_ante_dependence_works_as_expected"/>
    <testcase time="0.00099999999999989" classname="ante_dependence" name="get_ante_dependence_produces_expected_result"/>
    <testcase time="0" classname="ante_dependence" name="get_ante_dependence_produces_expected_result"/>
    <testcase time="0.00100000000000033" classname="ante_dependence" name="get_ante_dependence_produces_expected_result"/>
    <testcase time="0" classname="ante_dependence" name="get_ante_dependence_produces_expected_result"/>
    <testcase time="0.00099999999999989" classname="ante_dependence" name="get_ante_dependence_produces_expected_result"/>
    <testcase time="0" classname="ante_dependence" name="get_ante_dependence_produces_expected_result"/>
    <testcase time="0.00099999999999989" classname="ante_dependence" name="get_ante_dependence_produces_expected_result"/>
    <testcase time="0" classname="ante_dependence" name="get_ante_dependence_produces_expected_result"/>
    <testcase time="0.00099999999999989" classname="ante_dependence" name="get_ante_dependence_produces_expected_result"/>
    <testcase time="0" classname="ante_dependence" name="get_ante_dependence_produces_expected_result"/>
    <testcase time="0.00100000000000033" classname="ante_dependence" name="get_ante_dependence_produces_expected_result"/>
    <testcase time="0.00099999999999989" classname="ante_dependence" name="get_ante_dependence_heterogeneous_produces_expected_result"/>
    <testcase time="0" classname="ante_dependence" name="get_ante_dependence_heterogeneous_produces_expected_result"/>
    <testcase time="0.00099999999999989" classname="ante_dependence" name="get_ante_dependence_heterogeneous_produces_expected_result"/>
    <testcase time="0.00099999999999989" classname="ante_dependence" name="get_ante_dependence_heterogeneous_produces_expected_result"/>
    <testcase time="0" classname="ante_dependence" name="get_ante_dependence_heterogeneous_produces_expected_result"/>
    <testcase time="0.00100000000000033" classname="ante_dependence" name="get_ante_dependence_heterogeneous_produces_expected_result"/>
    <testcase time="0" classname="ante_dependence" name="get_ante_dependence_heterogeneous_produces_expected_result"/>
    <testcase time="0.00099999999999989" classname="ante_dependence" name="get_ante_dependence_heterogeneous_produces_expected_result"/>
    <testcase time="0" classname="ante_dependence" name="get_ante_dependence_heterogeneous_produces_expected_result"/>
    <testcase time="0" classname="ante_dependence" name="get_ante_dependence_heterogeneous_produces_expected_result"/>
    <testcase time="0.00099999999999989" classname="ante_dependence" name="get_ante_dependence_heterogeneous_produces_expected_result"/>
  </testsuite>
  <testsuite name="toeplitz" timestamp="2024-04-22T12:29:53Z" hostname="9071a9ee9a94" tests="25" skipped="0" failures="0" errors="0" time="0.016">
    <testcase time="0.00100000000000033" classname="toeplitz" name="corr_fun_toeplitz_works_as_expected"/>
    <testcase time="0.00099999999999989" classname="toeplitz" name="corr_fun_toeplitz_works_as_expected"/>
    <testcase time="0" classname="toeplitz" name="corr_fun_toeplitz_works_as_expected"/>
    <testcase time="0.00099999999999989" classname="toeplitz" name="get_toeplitz_produces_expected_result"/>
    <testcase time="0.00099999999999989" classname="toeplitz" name="get_toeplitz_produces_expected_result"/>
    <testcase time="0" classname="toeplitz" name="get_toeplitz_produces_expected_result"/>
    <testcase time="0.00100000000000033" classname="toeplitz" name="get_toeplitz_produces_expected_result"/>
    <testcase time="0.00099999999999989" classname="toeplitz" name="get_toeplitz_produces_expected_result"/>
    <testcase time="0" classname="toeplitz" name="get_toeplitz_produces_expected_result"/>
    <testcase time="0.00099999999999989" classname="toeplitz" name="get_toeplitz_produces_expected_result"/>
    <testcase time="0" classname="toeplitz" name="get_toeplitz_produces_expected_result"/>
    <testcase time="0.00099999999999989" classname="toeplitz" name="get_toeplitz_produces_expected_result"/>
    <testcase time="0" classname="toeplitz" name="get_toeplitz_produces_expected_result"/>
    <testcase time="0.00100000000000033" classname="toeplitz" name="get_toeplitz_produces_expected_result"/>
    <testcase time="0.00099999999999989" classname="toeplitz" name="get_toeplitz_heterogeneous_produces_expected_result"/>
    <testcase time="0" classname="toeplitz" name="get_toeplitz_heterogeneous_produces_expected_result"/>
    <testcase time="0.00099999999999989" classname="toeplitz" name="get_toeplitz_heterogeneous_produces_expected_result"/>
    <testcase time="0.00099999999999989" classname="toeplitz" name="get_toeplitz_heterogeneous_produces_expected_result"/>
    <testcase time="0" classname="toeplitz" name="get_toeplitz_heterogeneous_produces_expected_result"/>
    <testcase time="0.00100000000000033" classname="toeplitz" name="get_toeplitz_heterogeneous_produces_expected_result"/>
    <testcase time="0" classname="toeplitz" name="get_toeplitz_heterogeneous_produces_expected_result"/>
    <testcase time="0.00099999999999989" classname="toeplitz" name="get_toeplitz_heterogeneous_produces_expected_result"/>
    <testcase time="0" classname="toeplitz" name="get_toeplitz_heterogeneous_produces_expected_result"/>
    <testcase time="0.00099999999999989" classname="toeplitz" name="get_toeplitz_heterogeneous_produces_expected_result"/>
    <testcase time="0.00099999999999989" classname="toeplitz" name="get_toeplitz_heterogeneous_produces_expected_result"/>
  </testsuite>
  <testsuite name="autoregressive" timestamp="2024-04-22T12:29:53Z" hostname="9071a9ee9a94" tests="24" skipped="0" failures="0" errors="0" time="0.015">
    <testcase time="0.00100000000000033" classname="autoregressive" name="corr_fun_autoregressive_works_as_expected"/>
    <testcase time="0.00099999999999989" classname="autoregressive" name="corr_fun_autoregressive_works_as_expected"/>
    <testcase time="0.00099999999999989" classname="autoregressive" name="get_auto_regressive_produces_expected_result"/>
    <testcase time="0" classname="autoregressive" name="get_auto_regressive_produces_expected_result"/>
    <testcase time="0.00099999999999989" classname="autoregressive" name="get_auto_regressive_produces_expected_result"/>
    <testcase time="0" classname="autoregressive" name="get_auto_regressive_produces_expected_result"/>
    <testcase time="0.00100000000000033" classname="autoregressive" name="get_auto_regressive_produces_expected_result"/>
    <testcase time="0" classname="autoregressive" name="get_auto_regressive_produces_expected_result"/>
    <testcase time="0.00099999999999989" classname="autoregressive" name="get_auto_regressive_produces_expected_result"/>
    <testcase time="0" classname="autoregressive" name="get_auto_regressive_produces_expected_result"/>
    <testcase time="0.00099999999999989" classname="autoregressive" name="get_auto_regressive_produces_expected_result"/>
    <testcase time="0.00099999999999989" classname="autoregressive" name="get_auto_regressive_produces_expected_result"/>
    <testcase time="0" classname="autoregressive" name="get_auto_regressive_produces_expected_result"/>
    <testcase time="0.00100000000000033" classname="autoregressive" name="get_auto_regressive_heterogeneous_produces_expected_result"/>
    <testcase time="0.00099999999999989" classname="autoregressive" name="get_auto_regressive_heterogeneous_produces_expected_result"/>
    <testcase time="0" classname="autoregressive" name="get_auto_regressive_heterogeneous_produces_expected_result"/>
    <testcase time="0.00099999999999989" classname="autoregressive" name="get_auto_regressive_heterogeneous_produces_expected_result"/>
    <testcase time="0" classname="autoregressive" name="get_auto_regressive_heterogeneous_produces_expected_result"/>
    <testcase time="0.00099999999999989" classname="autoregressive" name="get_auto_regressive_heterogeneous_produces_expected_result"/>
    <testcase time="0" classname="autoregressive" name="get_auto_regressive_heterogeneous_produces_expected_result"/>
    <testcase time="0.00099999999999989" classname="autoregressive" name="get_auto_regressive_heterogeneous_produces_expected_result"/>
    <testcase time="0.00100000000000033" classname="autoregressive" name="get_auto_regressive_heterogeneous_produces_expected_result"/>
    <testcase time="0" classname="autoregressive" name="get_auto_regressive_heterogeneous_produces_expected_result"/>
    <testcase time="0.00099999999999989" classname="autoregressive" name="get_auto_regressive_heterogeneous_produces_expected_result"/>
  </testsuite>
  <testsuite name="compound symmetry" timestamp="2024-04-22T12:29:53Z" hostname="9071a9ee9a94" tests="25" skipped="0" failures="0" errors="0" time="0.02">
    <testcase time="0.00099999999999989" classname="compound_symmetry" name="corr_fun_compound_symmetry_works_as_expected"/>
    <testcase time="0.00099999999999989" classname="compound_symmetry" name="corr_fun_compound_symmetry_works_as_expected"/>
    <testcase time="0" classname="compound_symmetry" name="corr_fun_compound_symmetry_works_as_expected"/>
    <testcase time="0.00100000000000033" classname="compound_symmetry" name="get_compound_symmetry_produces_expected_result"/>
    <testcase time="0.00099999999999989" classname="compound_symmetry" name="get_compound_symmetry_produces_expected_result"/>
    <testcase time="0" classname="compound_symmetry" name="get_compound_symmetry_produces_expected_result"/>
    <testcase time="0.00099999999999989" classname="compound_symmetry" name="get_compound_symmetry_produces_expected_result"/>
    <testcase time="0" classname="compound_symmetry" name="get_compound_symmetry_produces_expected_result"/>
    <testcase time="0.00499999999999989" classname="compound_symmetry" name="get_compound_symmetry_produces_expected_result"/>
    <testcase time="0.00100000000000033" classname="compound_symmetry" name="get_compound_symmetry_produces_expected_result"/>
    <testcase time="0.00099999999999989" classname="compound_symmetry" name="get_compound_symmetry_produces_expected_result"/>
    <testcase time="0" classname="compound_symmetry" name="get_compound_symmetry_produces_expected_result"/>
    <testcase time="0.00099999999999989" classname="compound_symmetry" name="get_compound_symmetry_produces_expected_result"/>
    <testcase time="0" classname="compound_symmetry" name="get_compound_symmetry_produces_expected_result"/>
    <testcase time="0.00099999999999989" classname="compound_symmetry" name="get_compound_symmetry_heterogeneous_produces_expected_result"/>
    <testcase time="0.00100000000000033" classname="compound_symmetry" name="get_compound_symmetry_heterogeneous_produces_expected_result"/>
    <testcase time="0.00099999999999989" classname="compound_symmetry" name="get_compound_symmetry_heterogeneous_produces_expected_result"/>
    <testcase time="0" classname="compound_symmetry" name="get_compound_symmetry_heterogeneous_produces_expected_result"/>
    <testcase time="0.00099999999999989" classname="compound_symmetry" name="get_compound_symmetry_heterogeneous_produces_expected_result"/>
    <testcase time="0" classname="compound_symmetry" name="get_compound_symmetry_heterogeneous_produces_expected_result"/>
    <testcase time="0.00099999999999989" classname="compound_symmetry" name="get_compound_symmetry_heterogeneous_produces_expected_result"/>
    <testcase time="0" classname="compound_symmetry" name="get_compound_symmetry_heterogeneous_produces_expected_result"/>
    <testcase time="0.00100000000000033" classname="compound_symmetry" name="get_compound_symmetry_heterogeneous_produces_expected_result"/>
    <testcase time="0.00099999999999989" classname="compound_symmetry" name="get_compound_symmetry_heterogeneous_produces_expected_result"/>
    <testcase time="0" classname="compound_symmetry" name="get_compound_symmetry_heterogeneous_produces_expected_result"/>
  </testsuite>
  <testsuite name="get_covariance_lower_chol" timestamp="2024-04-22T12:29:54Z" hostname="9071a9ee9a94" tests="6" skipped="0" failures="0" errors="0" time="0.005">
    <testcase time="0.00199999999999978" classname="get_covariance_lower_chol" name="get_covariance_lower_chol_gives_expected_unstructured_result"/>
    <testcase time="0" classname="get_covariance_lower_chol" name="get_covariance_lower_chol_gives_expected_unstructured_result"/>
    <testcase time="0.00100000000000033" classname="get_covariance_lower_chol" name="get_covariance_lower_chol_gives_expected_unstructured_result"/>
    <testcase time="0" classname="get_covariance_lower_chol" name="get_covariance_lower_chol_gives_expected_unstructured_result"/>
    <testcase time="0.00099999999999989" classname="get_covariance_lower_chol" name="get_covariance_lower_chol_gives_expected_unstructured_result"/>
    <testcase time="0.00099999999999989" classname="get_covariance_lower_chol" name="get_covariance_lower_chol_gives_expected_unstructured_result"/>
  </testsuite>
  <testsuite name="cho_jacobian" timestamp="2024-04-22T12:29:54Z" hostname="9071a9ee9a94" tests="26" skipped="0" failures="0" errors="0" time="0.014">
    <testcase time="0.00099999999999989" classname="cho_jacobian" name="cho_jacobian_works_as_expected"/>
    <testcase time="0.00100000000000033" classname="cho_jacobian" name="cho_jacobian_works_as_expected"/>
    <testcase time="0" classname="cho_jacobian" name="cho_jacobian_works_as_expected"/>
    <testcase time="0.00099999999999989" classname="cho_jacobian" name="cho_jacobian_works_as_expected"/>
    <testcase time="0" classname="cho_jacobian" name="cho_jacobian_works_as_expected"/>
    <testcase time="0.00099999999999989" classname="cho_jacobian" name="cho_jacobian_works_as_expected"/>
    <testcase time="0" classname="cho_jacobian" name="cho_jacobian_works_as_expected"/>
    <testcase time="0.00099999999999989" classname="cho_jacobian" name="cho_jacobian_works_as_expected"/>
    <testcase time="0" classname="cho_jacobian" name="cho_jacobian_works_as_expected"/>
    <testcase time="0.00100000000000033" classname="cho_jacobian" name="cho_jacobian_s_jacabian_using_autodiff_works_as_expected"/>
    <testcase time="0.00099999999999989" classname="cho_jacobian" name="cho_jacobian_s_jacabian_using_autodiff_works_as_expected"/>
    <testcase time="0" classname="cho_jacobian" name="cho_jacobian_s_jacabian_using_autodiff_works_as_expected"/>
    <testcase time="0.00099999999999989" classname="cho_jacobian" name="cho_jacobian_s_jacabian_using_autodiff_works_as_expected"/>
    <testcase time="0" classname="cho_jacobian" name="cho_jacobian_s_jacabian_using_autodiff_works_as_expected"/>
    <testcase time="0" classname="cho_jacobian" name="cho_jacobian_s_jacabian_using_autodiff_works_as_expected"/>
    <testcase time="0.00100000000000033" classname="cho_jacobian" name="cho_jacobian_s_jacabian_using_autodiff_works_as_expected"/>
    <testcase time="0" classname="cho_jacobian" name="cho_jacobian_s_jacabian_using_autodiff_works_as_expected"/>
    <testcase time="0.00099999999999989" classname="cho_jacobian" name="cho_jacobian_s_jacabian_using_autodiff_works_as_expected"/>
    <testcase time="0" classname="cho_jacobian" name="cho_jacobian_s_jacabian_using_autodiff_works_as_expected"/>
    <testcase time="0.00099999999999989" classname="cho_jacobian" name="cho_jacobian_s_jacabian_using_autodiff_works_as_expected"/>
    <testcase time="0" classname="cho_jacobian" name="cho_jacobian_s_jacabian_using_autodiff_works_as_expected"/>
    <testcase time="0.00099999999999989" classname="cho_jacobian" name="cho_jacobian_s_jacabian_using_autodiff_works_as_expected"/>
    <testcase time="0.00100000000000033" classname="cho_jacobian" name="cho_jacobian_s_jacabian_using_autodiff_works_as_expected"/>
    <testcase time="0" classname="cho_jacobian" name="cho_jacobian_s_jacabian_using_autodiff_works_as_expected"/>
    <testcase time="0.00099999999999989" classname="cho_jacobian" name="cho_jacobian_s_jacabian_using_autodiff_works_as_expected"/>
    <testcase time="0" classname="cho_jacobian" name="cho_jacobian_s_jacabian_using_autodiff_works_as_expected"/>
  </testsuite>
  <testsuite name="derivatives_nonspatial struct works as expected" timestamp="2024-04-22T12:29:54Z" hostname="9071a9ee9a94" tests="62" skipped="0" failures="0" errors="0" time="0.039">
    <testcase time="0.00199999999999978" classname="derivatives_nonspatial_struct_works_as_expected" name="derivatives_nonspatial_struct_correct_sigma_inverse_and_derivatives"/>
    <testcase time="0.00100000000000033" classname="derivatives_nonspatial_struct_works_as_expected" name="derivatives_nonspatial_struct_correct_sigma_inverse_and_derivatives"/>
    <testcase time="0" classname="derivatives_nonspatial_struct_works_as_expected" name="derivatives_nonspatial_struct_correct_sigma_inverse_and_derivatives"/>
    <testcase time="0.00099999999999989" classname="derivatives_nonspatial_struct_works_as_expected" name="derivatives_nonspatial_struct_correct_sigma_inverse_and_derivatives"/>
    <testcase time="0" classname="derivatives_nonspatial_struct_works_as_expected" name="derivatives_nonspatial_struct_correct_sigma_inverse_and_derivatives"/>
    <testcase time="0.00099999999999989" classname="derivatives_nonspatial_struct_works_as_expected" name="derivatives_nonspatial_struct_correct_sigma_inverse_and_derivatives"/>
    <testcase time="0" classname="derivatives_nonspatial_struct_works_as_expected" name="derivatives_nonspatial_struct_correct_sigma_inverse_and_derivatives"/>
    <testcase time="0.00099999999999989" classname="derivatives_nonspatial_struct_works_as_expected" name="derivatives_nonspatial_struct_correct_sigma_inverse_and_derivatives"/>
    <testcase time="0" classname="derivatives_nonspatial_struct_works_as_expected" name="derivatives_nonspatial_struct_correct_sigma_inverse_and_derivatives"/>
    <testcase time="0.00100000000000033" classname="derivatives_nonspatial_struct_works_as_expected" name="derivatives_nonspatial_struct_correct_sigma_inverse_and_derivatives"/>
    <testcase time="0" classname="derivatives_nonspatial_struct_works_as_expected" name="derivatives_nonspatial_struct_correct_sigma_inverse_and_derivatives"/>
    <testcase time="0.00099999999999989" classname="derivatives_nonspatial_struct_works_as_expected" name="derivatives_nonspatial_struct_correct_sigma_inverse_and_derivatives"/>
    <testcase time="0" classname="derivatives_nonspatial_struct_works_as_expected" name="derivatives_nonspatial_struct_correct_sigma_inverse_and_derivatives"/>
    <testcase time="0.00099999999999989" classname="derivatives_nonspatial_struct_works_as_expected" name="derivatives_nonspatial_struct_correct_sigma_inverse_and_derivatives"/>
    <testcase time="0" classname="derivatives_nonspatial_struct_works_as_expected" name="derivatives_nonspatial_struct_correct_sigma_inverse_and_derivatives"/>
    <testcase time="0.00099999999999989" classname="derivatives_nonspatial_struct_works_as_expected" name="derivatives_nonspatial_struct_correct_sigma_inverse_and_derivatives"/>
    <testcase time="0.00100000000000033" classname="derivatives_nonspatial_struct_works_as_expected" name="derivatives_nonspatial_struct_correct_sigma_inverse_and_derivatives"/>
    <testcase time="0" classname="derivatives_nonspatial_struct_works_as_expected" name="derivatives_nonspatial_struct_correct_sigma_inverse_and_derivatives"/>
    <testcase time="0.00099999999999989" classname="derivatives_nonspatial_struct_works_as_expected" name="derivatives_nonspatial_struct_correct_sigma_inverse_and_derivatives"/>
    <testcase time="0" classname="derivatives_nonspatial_struct_works_as_expected" name="derivatives_nonspatial_struct_correct_sigma_inverse_and_derivatives"/>
    <testcase time="0.00099999999999989" classname="derivatives_nonspatial_struct_works_as_expected" name="derivatives_nonspatial_struct_correct_sigma_inverse_and_derivatives"/>
    <testcase time="0" classname="derivatives_nonspatial_struct_works_as_expected" name="derivatives_nonspatial_struct_correct_sigma_inverse_and_derivatives"/>
    <testcase time="0.00099999999999989" classname="derivatives_nonspatial_struct_works_as_expected" name="derivatives_nonspatial_struct_correct_sigma_inverse_and_derivatives"/>
    <testcase time="0" classname="derivatives_nonspatial_struct_works_as_expected" name="derivatives_nonspatial_struct_correct_sigma_inverse_and_derivatives"/>
    <testcase time="0.00100000000000033" classname="derivatives_nonspatial_struct_works_as_expected" name="derivatives_nonspatial_struct_correct_sigma_inverse_and_derivatives"/>
    <testcase time="0.00099999999999989" classname="derivatives_nonspatial_struct_works_as_expected" name="derivatives_nonspatial_struct_correct_sigma_inverse_and_derivatives"/>
    <testcase time="0" classname="derivatives_nonspatial_struct_works_as_expected" name="derivatives_nonspatial_struct_correct_sigma_inverse_and_derivatives"/>
    <testcase time="0.00099999999999989" classname="derivatives_nonspatial_struct_works_as_expected" name="derivatives_nonspatial_struct_correct_sigma_inverse_and_derivatives"/>
    <testcase time="0" classname="derivatives_nonspatial_struct_works_as_expected" name="derivatives_nonspatial_struct_correct_sigma_inverse_and_derivatives"/>
    <testcase time="0.00099999999999989" classname="derivatives_nonspatial_struct_works_as_expected" name="derivatives_nonspatial_struct_correct_sigma_inverse_and_derivatives"/>
    <testcase time="0.00100000000000033" classname="derivatives_nonspatial_struct_works_as_expected" name="derivatives_nonspatial_struct_correct_sigma_inverse_and_derivatives"/>
    <testcase time="0" classname="derivatives_nonspatial_struct_works_as_expected" name="derivatives_nonspatial_struct_correct_sigma_inverse_and_derivatives"/>
    <testcase time="0.00099999999999989" classname="derivatives_nonspatial_struct_works_as_expected" name="derivatives_nonspatial_struct_correct_sigma_inverse_and_derivatives"/>
    <testcase time="0" classname="derivatives_nonspatial_struct_works_as_expected" name="derivatives_nonspatial_struct_correct_sigma_inverse_and_derivatives"/>
    <testcase time="0.00099999999999989" classname="derivatives_nonspatial_struct_works_as_expected" name="derivatives_nonspatial_struct_correct_sigma_inverse_and_derivatives"/>
    <testcase time="0.00099999999999989" classname="derivatives_nonspatial_struct_works_as_expected" name="derivatives_nonspatial_struct_correct_sigma_inverse_and_derivatives"/>
    <testcase time="0" classname="derivatives_nonspatial_struct_works_as_expected" name="derivatives_nonspatial_struct_correct_sigma_inverse_and_derivatives"/>
    <testcase time="0.00100000000000033" classname="derivatives_nonspatial_struct_works_as_expected" name="derivatives_nonspatial_struct_correct_sigma_inverse_and_derivatives"/>
    <testcase time="0" classname="derivatives_nonspatial_struct_works_as_expected" name="derivatives_nonspatial_struct_correct_sigma_inverse_and_derivatives"/>
    <testcase time="0.00099999999999989" classname="derivatives_nonspatial_struct_works_as_expected" name="derivatives_nonspatial_struct_correct_sigma_inverse_and_derivatives"/>
    <testcase time="0.00099999999999989" classname="derivatives_nonspatial_struct_works_as_expected" name="derivatives_nonspatial_struct_correct_sigma_inverse_and_derivatives"/>
    <testcase time="0" classname="derivatives_nonspatial_struct_works_as_expected" name="derivatives_nonspatial_struct_correct_sigma_inverse_and_derivatives"/>
    <testcase time="0.00099999999999989" classname="derivatives_nonspatial_struct_works_as_expected" name="derivatives_nonspatial_struct_correct_sigma_inverse_and_derivatives"/>
    <testcase time="0.00100000000000033" classname="derivatives_nonspatial_struct_works_as_expected" name="derivatives_nonspatial_struct_correct_sigma_inverse_and_derivatives"/>
    <testcase time="0" classname="derivatives_nonspatial_struct_works_as_expected" name="derivatives_nonspatial_struct_correct_sigma_inverse_and_derivatives"/>
    <testcase time="0.00099999999999989" classname="derivatives_nonspatial_struct_works_as_expected" name="derivatives_nonspatial_struct_correct_sigma_inverse_and_derivatives"/>
    <testcase time="0" classname="derivatives_nonspatial_struct_works_as_expected" name="derivatives_nonspatial_struct_correct_sigma_inverse_and_derivatives"/>
    <testcase time="0.00099999999999989" classname="derivatives_nonspatial_struct_works_as_expected" name="derivatives_nonspatial_struct_correct_sigma_inverse_and_derivatives"/>
    <testcase time="0.00099999999999989" classname="derivatives_nonspatial_struct_works_as_expected" name="derivatives_nonspatial_struct_correct_sigma_inverse_and_derivatives"/>
    <testcase time="0" classname="derivatives_nonspatial_struct_works_as_expected" name="derivatives_nonspatial_struct_correct_sigma_inverse_and_derivatives"/>
    <testcase time="0.00100000000000033" classname="derivatives_nonspatial_struct_works_as_expected" name="derivatives_nonspatial_struct_correct_sigma_inverse_and_derivatives"/>
    <testcase time="0.00099999999999989" classname="derivatives_nonspatial_struct_works_as_expected" name="derivatives_nonspatial_struct_correct_sigma_inverse_and_derivatives"/>
    <testcase time="0" classname="derivatives_nonspatial_struct_works_as_expected" name="derivatives_nonspatial_struct_correct_sigma_inverse_and_derivatives"/>
    <testcase time="0.00099999999999989" classname="derivatives_nonspatial_struct_works_as_expected" name="derivatives_nonspatial_struct_correct_sigma_inverse_and_derivatives"/>
    <testcase time="0.00099999999999989" classname="derivatives_nonspatial_struct_works_as_expected" name="derivatives_nonspatial_struct_correct_sigma_inverse_and_derivatives"/>
    <testcase time="0" classname="derivatives_nonspatial_struct_works_as_expected" name="derivatives_nonspatial_struct_correct_sigma_inverse_and_derivatives"/>
    <testcase time="0.00100000000000033" classname="derivatives_nonspatial_struct_works_as_expected" name="derivatives_nonspatial_struct_correct_sigma_inverse_and_derivatives"/>
    <testcase time="0.00099999999999989" classname="derivatives_nonspatial_struct_works_as_expected" name="derivatives_nonspatial_struct_correct_sigma_inverse_and_derivatives"/>
    <testcase time="0.00099999999999989" classname="derivatives_nonspatial_struct_works_as_expected" name="derivatives_nonspatial_struct_correct_sigma_inverse_and_derivatives"/>
    <testcase time="0" classname="derivatives_nonspatial_struct_works_as_expected" name="derivatives_nonspatial_struct_correct_sigma_inverse_and_derivatives"/>
    <testcase time="0.00099999999999989" classname="derivatives_nonspatial_struct_works_as_expected" name="derivatives_nonspatial_struct_correct_sigma_inverse_and_derivatives"/>
    <testcase time="0.00100000000000033" classname="derivatives_nonspatial_struct_works_as_expected" name="derivatives_nonspatial_struct_correct_sigma_inverse_and_derivatives"/>
  </testsuite>
  <testsuite name="derivatives_sp_exp struct works as expected" timestamp="2024-04-22T12:29:54Z" hostname="9071a9ee9a94" tests="80" skipped="0" failures="0" errors="0" time="0.055">
    <testcase time="0.00099999999999989" classname="derivatives_sp_exp_struct_works_as_expected" name="derivatives_sp_exp_struct_gives_correct_sigma_inverse_and_derivatives"/>
    <testcase time="0.00099999999999989" classname="derivatives_sp_exp_struct_works_as_expected" name="derivatives_sp_exp_struct_gives_correct_sigma_inverse_and_derivatives"/>
    <testcase time="0" classname="derivatives_sp_exp_struct_works_as_expected" name="derivatives_sp_exp_struct_gives_correct_sigma_inverse_and_derivatives"/>
    <testcase time="0.00099999999999989" classname="derivatives_sp_exp_struct_works_as_expected" name="derivatives_sp_exp_struct_gives_correct_sigma_inverse_and_derivatives"/>
    <testcase time="0.00100000000000033" classname="derivatives_sp_exp_struct_works_as_expected" name="derivatives_sp_exp_struct_gives_correct_sigma_inverse_and_derivatives"/>
    <testcase time="0" classname="derivatives_sp_exp_struct_works_as_expected" name="derivatives_sp_exp_struct_gives_correct_sigma_inverse_and_derivatives"/>
    <testcase time="0.00099999999999989" classname="derivatives_sp_exp_struct_works_as_expected" name="derivatives_sp_exp_struct_gives_correct_sigma_inverse_and_derivatives"/>
    <testcase time="0" classname="derivatives_sp_exp_struct_works_as_expected" name="derivatives_sp_exp_struct_gives_correct_sigma_inverse_and_derivatives"/>
    <testcase time="0.00099999999999989" classname="derivatives_sp_exp_struct_works_as_expected" name="derivatives_sp_exp_struct_gives_correct_sigma_inverse_and_derivatives"/>
    <testcase time="0" classname="derivatives_sp_exp_struct_works_as_expected" name="derivatives_sp_exp_struct_gives_correct_sigma_inverse_and_derivatives"/>
    <testcase time="0.00099999999999989" classname="derivatives_sp_exp_struct_works_as_expected" name="derivatives_sp_exp_struct_gives_correct_sigma_inverse_and_derivatives"/>
    <testcase time="0" classname="derivatives_sp_exp_struct_works_as_expected" name="derivatives_sp_exp_struct_gives_correct_sigma_inverse_and_derivatives"/>
    <testcase time="0.00100000000000033" classname="derivatives_sp_exp_struct_works_as_expected" name="derivatives_sp_exp_struct_gives_correct_sigma_inverse_and_derivatives"/>
    <testcase time="0" classname="derivatives_sp_exp_struct_works_as_expected" name="derivatives_sp_exp_struct_gives_correct_sigma_inverse_and_derivatives"/>
    <testcase time="0.00099999999999989" classname="derivatives_sp_exp_struct_works_as_expected" name="derivatives_sp_exp_struct_gives_correct_sigma_inverse_and_derivatives"/>
    <testcase time="0" classname="derivatives_sp_exp_struct_works_as_expected" name="derivatives_sp_exp_struct_gives_correct_sigma_inverse_and_derivatives"/>
    <testcase time="0.00099999999999989" classname="derivatives_sp_exp_struct_works_as_expected" name="derivatives_sp_exp_struct_gives_correct_sigma_inverse_and_derivatives"/>
    <testcase time="0.00099999999999989" classname="derivatives_sp_exp_struct_works_as_expected" name="derivatives_sp_exp_struct_gives_correct_sigma_inverse_and_derivatives"/>
    <testcase time="0" classname="derivatives_sp_exp_struct_works_as_expected" name="derivatives_sp_exp_struct_gives_correct_sigma_inverse_and_derivatives"/>
    <testcase time="0.00100000000000033" classname="derivatives_sp_exp_struct_works_as_expected" name="derivatives_sp_exp_struct_gives_correct_sigma_inverse_and_derivatives"/>
    <testcase time="0" classname="derivatives_sp_exp_struct_works_as_expected" name="derivatives_sp_exp_struct_gives_correct_sigma_inverse_and_derivatives"/>
    <testcase time="0.00099999999999989" classname="derivatives_sp_exp_struct_works_as_expected" name="derivatives_sp_exp_struct_gives_correct_sigma_inverse_and_derivatives"/>
    <testcase time="0" classname="derivatives_sp_exp_struct_works_as_expected" name="derivatives_sp_exp_struct_gives_correct_sigma_inverse_and_derivatives"/>
    <testcase time="0.00099999999999989" classname="derivatives_sp_exp_struct_works_as_expected" name="derivatives_sp_exp_struct_gives_correct_sigma_inverse_and_derivatives"/>
    <testcase time="0.00099999999999989" classname="derivatives_sp_exp_struct_works_as_expected" name="derivatives_sp_exp_struct_gives_correct_sigma_inverse_and_derivatives"/>
    <testcase time="0" classname="derivatives_sp_exp_struct_works_as_expected" name="derivatives_sp_exp_struct_gives_correct_sigma_inverse_and_derivatives"/>
    <testcase time="0.00100000000000033" classname="derivatives_sp_exp_struct_works_as_expected" name="derivatives_sp_exp_struct_gives_correct_sigma_inverse_and_derivatives"/>
    <testcase time="0" classname="derivatives_sp_exp_struct_works_as_expected" name="derivatives_sp_exp_struct_gives_correct_sigma_inverse_and_derivatives"/>
    <testcase time="0.00099999999999989" classname="derivatives_sp_exp_struct_works_as_expected" name="derivatives_sp_exp_struct_gives_correct_sigma_inverse_and_derivatives"/>
    <testcase time="0" classname="derivatives_sp_exp_struct_works_as_expected" name="derivatives_sp_exp_struct_gives_correct_sigma_inverse_and_derivatives"/>
    <testcase time="0" classname="derivatives_sp_exp_struct_works_as_expected" name="derivatives_sp_exp_struct_gives_correct_sigma_inverse_and_derivatives"/>
    <testcase time="0.00099999999999989" classname="derivatives_sp_exp_struct_works_as_expected" name="derivatives_sp_exp_struct_gives_correct_sigma_inverse_and_derivatives"/>
    <testcase time="0" classname="derivatives_sp_exp_struct_works_as_expected" name="derivatives_sp_exp_struct_gives_correct_sigma_inverse_and_derivatives"/>
    <testcase time="0.00100000000000033" classname="derivatives_sp_exp_struct_works_as_expected" name="derivatives_sp_exp_struct_gives_correct_sigma_inverse_and_derivatives"/>
    <testcase time="0" classname="derivatives_sp_exp_struct_works_as_expected" name="derivatives_sp_exp_struct_gives_correct_sigma_inverse_and_derivatives"/>
    <testcase time="0.00099999999999989" classname="derivatives_sp_exp_struct_works_as_expected" name="derivatives_sp_exp_struct_gives_correct_sigma_inverse_and_derivatives"/>
    <testcase time="0.00099999999999989" classname="derivatives_sp_exp_struct_works_as_expected" name="derivatives_sp_exp_struct_gives_correct_sigma_inverse_and_derivatives"/>
    <testcase time="0" classname="derivatives_sp_exp_struct_works_as_expected" name="derivatives_sp_exp_struct_gives_correct_sigma_inverse_and_derivatives"/>
    <testcase time="0.00099999999999989" classname="derivatives_sp_exp_struct_works_as_expected" name="derivatives_sp_exp_struct_gives_correct_sigma_inverse_and_derivatives"/>
    <testcase time="0.00100000000000033" classname="derivatives_sp_exp_struct_works_as_expected" name="derivatives_sp_exp_struct_gives_correct_sigma_inverse_and_derivatives"/>
    <testcase time="0" classname="derivatives_sp_exp_struct_works_as_expected" name="derivatives_sp_exp_struct_gives_correct_sigma_inverse_and_derivatives"/>
    <testcase time="0.00099999999999989" classname="derivatives_sp_exp_struct_works_as_expected" name="derivatives_sp_exp_struct_gives_correct_sigma_inverse_and_derivatives"/>
    <testcase time="0.00099999999999989" classname="derivatives_sp_exp_struct_works_as_expected" name="derivatives_sp_exp_struct_gives_correct_sigma_inverse_and_derivatives"/>
    <testcase time="0" classname="derivatives_sp_exp_struct_works_as_expected" name="derivatives_sp_exp_struct_gives_correct_sigma_inverse_and_derivatives"/>
    <testcase time="0.00099999999999989" classname="derivatives_sp_exp_struct_works_as_expected" name="derivatives_sp_exp_struct_gives_correct_sigma_inverse_and_derivatives"/>
    <testcase time="0" classname="derivatives_sp_exp_struct_works_as_expected" name="derivatives_sp_exp_struct_gives_correct_sigma_inverse_and_derivatives"/>
    <testcase time="0.00100000000000033" classname="derivatives_sp_exp_struct_works_as_expected" name="derivatives_sp_exp_struct_gives_correct_sigma_inverse_and_derivatives"/>
    <testcase time="0.00099999999999989" classname="derivatives_sp_exp_struct_works_as_expected" name="derivatives_sp_exp_struct_gives_correct_sigma_inverse_and_derivatives"/>
    <testcase time="0" classname="derivatives_sp_exp_struct_works_as_expected" name="derivatives_sp_exp_struct_gives_correct_sigma_inverse_and_derivatives"/>
    <testcase time="0.00099999999999989" classname="derivatives_sp_exp_struct_works_as_expected" name="derivatives_sp_exp_struct_gives_correct_sigma_inverse_and_derivatives"/>
    <testcase time="0.00099999999999989" classname="derivatives_sp_exp_struct_works_as_expected" name="derivatives_sp_exp_struct_gives_correct_sigma_inverse_and_derivatives"/>
    <testcase time="0" classname="derivatives_sp_exp_struct_works_as_expected" name="derivatives_sp_exp_struct_gives_correct_sigma_inverse_and_derivatives"/>
    <testcase time="0.00100000000000033" classname="derivatives_sp_exp_struct_works_as_expected" name="derivatives_sp_exp_struct_gives_correct_sigma_inverse_and_derivatives"/>
    <testcase time="0.00099999999999989" classname="derivatives_sp_exp_struct_works_as_expected" name="derivatives_sp_exp_struct_gives_correct_sigma_inverse_and_derivatives"/>
    <testcase time="0" classname="derivatives_sp_exp_struct_works_as_expected" name="derivatives_sp_exp_struct_gives_correct_sigma_inverse_and_derivatives"/>
    <testcase time="0.00099999999999989" classname="derivatives_sp_exp_struct_works_as_expected" name="derivatives_sp_exp_struct_gives_correct_sigma_inverse_and_derivatives"/>
    <testcase time="0.00099999999999989" classname="derivatives_sp_exp_struct_works_as_expected" name="derivatives_sp_exp_struct_gives_correct_sigma_inverse_and_derivatives"/>
    <testcase time="0.00100000000000033" classname="derivatives_sp_exp_struct_works_as_expected" name="derivatives_sp_exp_struct_gives_correct_sigma_inverse_and_derivatives"/>
    <testcase time="0" classname="derivatives_sp_exp_struct_works_as_expected" name="derivatives_sp_exp_struct_gives_correct_sigma_inverse_and_derivatives"/>
    <testcase time="0.00099999999999989" classname="derivatives_sp_exp_struct_works_as_expected" name="derivatives_sp_exp_struct_gives_correct_sigma_inverse_and_derivatives"/>
    <testcase time="0.00099999999999989" classname="derivatives_sp_exp_struct_works_as_expected" name="derivatives_sp_exp_struct_gives_correct_sigma_inverse_and_derivatives"/>
    <testcase time="0" classname="derivatives_sp_exp_struct_works_as_expected" name="derivatives_sp_exp_struct_gives_correct_sigma_inverse_and_derivatives"/>
    <testcase time="0.00099999999999989" classname="derivatives_sp_exp_struct_works_as_expected" name="derivatives_sp_exp_struct_gives_correct_sigma_inverse_and_derivatives"/>
    <testcase time="0.00100000000000033" classname="derivatives_sp_exp_struct_works_as_expected" name="derivatives_sp_exp_struct_gives_correct_sigma_inverse_and_derivatives"/>
    <testcase time="0.00099999999999989" classname="derivatives_sp_exp_struct_works_as_expected" name="derivatives_sp_exp_struct_gives_correct_sigma_inverse_and_derivatives"/>
    <testcase time="0" classname="derivatives_sp_exp_struct_works_as_expected" name="derivatives_sp_exp_struct_gives_correct_sigma_inverse_and_derivatives"/>
    <testcase time="0.00099999999999989" classname="derivatives_sp_exp_struct_works_as_expected" name="derivatives_sp_exp_struct_gives_correct_sigma_inverse_and_derivatives"/>
    <testcase time="0.00099999999999989" classname="derivatives_sp_exp_struct_works_as_expected" name="derivatives_sp_exp_struct_gives_correct_sigma_inverse_and_derivatives"/>
    <testcase time="0" classname="derivatives_sp_exp_struct_works_as_expected" name="derivatives_sp_exp_struct_gives_correct_sigma_inverse_and_derivatives"/>
    <testcase time="0.00099999999999989" classname="derivatives_sp_exp_struct_works_as_expected" name="derivatives_sp_exp_struct_gives_correct_sigma_inverse_and_derivatives"/>
    <testcase time="0.00100000000000033" classname="derivatives_sp_exp_struct_works_as_expected" name="derivatives_sp_exp_struct_gives_correct_sigma_inverse_and_derivatives"/>
    <testcase time="0.00099999999999989" classname="derivatives_sp_exp_struct_works_as_expected" name="derivatives_sp_exp_struct_gives_correct_sigma_inverse_and_derivatives"/>
    <testcase time="0" classname="derivatives_sp_exp_struct_works_as_expected" name="derivatives_sp_exp_struct_gives_correct_sigma_inverse_and_derivatives"/>
    <testcase time="0.00499999999999989" classname="derivatives_sp_exp_struct_works_as_expected" name="derivatives_sp_exp_struct_gives_correct_sigma_inverse_and_derivatives"/>
    <testcase time="0.00099999999999989" classname="derivatives_sp_exp_struct_works_as_expected" name="derivatives_sp_exp_struct_gives_correct_sigma_inverse_and_derivatives"/>
    <testcase time="0.00100000000000033" classname="derivatives_sp_exp_struct_works_as_expected" name="derivatives_sp_exp_struct_gives_correct_sigma_inverse_and_derivatives"/>
    <testcase time="0" classname="derivatives_sp_exp_struct_works_as_expected" name="derivatives_sp_exp_struct_gives_correct_sigma_inverse_and_derivatives"/>
    <testcase time="0.00099999999999989" classname="derivatives_sp_exp_struct_works_as_expected" name="derivatives_sp_exp_struct_gives_correct_sigma_inverse_and_derivatives"/>
    <testcase time="0.00099999999999989" classname="derivatives_sp_exp_struct_works_as_expected" name="derivatives_sp_exp_struct_gives_correct_sigma_inverse_and_derivatives"/>
    <testcase time="0.00099999999999989" classname="derivatives_sp_exp_struct_works_as_expected" name="derivatives_sp_exp_struct_gives_correct_sigma_inverse_and_derivatives"/>
  </testsuite>
  <testsuite name="subset_matrix" timestamp="2024-04-22T12:29:54Z" hostname="9071a9ee9a94" tests="14" skipped="0" failures="0" errors="0" time="0.008">
    <testcase time="0.00200000000000022" classname="subset_matrix" name="subset_matrix_works_as_expected"/>
    <testcase time="0" classname="subset_matrix" name="subset_matrix_works_as_expected"/>
    <testcase time="0.00099999999999989" classname="subset_matrix" name="subset_matrix_works_as_expected"/>
    <testcase time="0" classname="subset_matrix" name="subset_matrix_works_as_expected"/>
    <testcase time="0.00099999999999989" classname="subset_matrix" name="subset_matrix_works_as_expected"/>
    <testcase time="0" classname="subset_matrix" name="subset_matrix_works_as_expected"/>
    <testcase time="0.00100000000000033" classname="subset_matrix" name="subset_matrix_works_as_expected"/>
    <testcase time="0" classname="subset_matrix" name="subset_matrix_works_as_expected"/>
    <testcase time="0.00099999999999989" classname="subset_matrix" name="subset_matrix_works_as_expected"/>
    <testcase time="0" classname="subset_matrix" name="subset_matrix_works_as_expected"/>
    <testcase time="0.00099999999999989" classname="subset_matrix" name="subset_matrix_works_as_expected"/>
    <testcase time="0" classname="subset_matrix" name="subset_matrix_works_as_expected"/>
    <testcase time="0.00099999999999989" classname="subset_matrix" name="subset_matrix_works_as_expected"/>
    <testcase time="0" classname="subset_matrix" name="subset_matrix_works_as_expected"/>
  </testsuite>
  <testsuite name="tcrossprod" timestamp="2024-04-22T12:29:54Z" hostname="9071a9ee9a94" tests="12" skipped="0" failures="0" errors="0" time="0.007">
    <testcase time="0.00099999999999989" classname="tcrossprod" name="tcrossprod_works_as_expected_with_complete"/>
    <testcase time="0.00099999999999989" classname="tcrossprod" name="tcrossprod_works_as_expected_with_complete"/>
    <testcase time="0" classname="tcrossprod" name="tcrossprod_works_as_expected_with_complete"/>
    <testcase time="0.00099999999999989" classname="tcrossprod" name="tcrossprod_works_as_expected_with_complete"/>
    <testcase time="0" classname="tcrossprod" name="tcrossprod_works_as_expected_with_complete"/>
    <testcase time="0.00100000000000033" classname="tcrossprod" name="tcrossprod_works_as_expected_with_complete"/>
    <testcase time="0.00099999999999989" classname="tcrossprod" name="tcrossprod_works_as_expected_without_complete_default_"/>
    <testcase time="0" classname="tcrossprod" name="tcrossprod_works_as_expected_without_complete_default_"/>
    <testcase time="0.00099999999999989" classname="tcrossprod" name="tcrossprod_works_as_expected_without_complete_default_"/>
    <testcase time="0" classname="tcrossprod" name="tcrossprod_works_as_expected_without_complete_default_"/>
    <testcase time="0.00099999999999989" classname="tcrossprod" name="tcrossprod_works_as_expected_without_complete_default_"/>
    <testcase time="0" classname="tcrossprod" name="tcrossprod_works_as_expected_without_complete_default_"/>
  </testsuite>
  <testsuite name="crossprod" timestamp="2024-04-22T12:29:54Z" hostname="9071a9ee9a94" tests="11" skipped="0" failures="0" errors="0" time="0.006">
    <testcase time="0.00200000000000022" classname="crossprod" name="crossprod_works_as_expected"/>
    <testcase time="0" classname="crossprod" name="crossprod_works_as_expected"/>
    <testcase time="0.00099999999999989" classname="crossprod" name="crossprod_works_as_expected"/>
    <testcase time="0" classname="crossprod" name="crossprod_works_as_expected"/>
    <testcase time="0" classname="crossprod" name="crossprod_works_as_expected"/>
    <testcase time="0.00100000000000033" classname="crossprod" name="crossprod_works_as_expected"/>
    <testcase time="0" classname="crossprod" name="crossprod_works_as_expected"/>
    <testcase time="0.00099999999999989" classname="crossprod" name="crossprod_works_as_expected"/>
    <testcase time="0" classname="crossprod" name="crossprod_works_as_expected"/>
    <testcase time="0.00099999999999989" classname="crossprod" name="crossprod_works_as_expected"/>
    <testcase time="0" classname="crossprod" name="crossprod_works_as_expected"/>
  </testsuite>
  <testsuite name="map_to_cor" timestamp="2024-04-22T12:29:54Z" hostname="9071a9ee9a94" tests="5" skipped="0" failures="0" errors="0" time="0.004">
    <testcase time="0.00200000000000022" classname="map_to_cor" name="map_to_cor_works_as_expected"/>
    <testcase time="0" classname="map_to_cor" name="map_to_cor_works_as_expected"/>
    <testcase time="0.00099999999999989" classname="map_to_cor" name="map_to_cor_works_as_expected"/>
    <testcase time="0" classname="map_to_cor" name="map_to_cor_works_as_expected"/>
    <testcase time="0.00099999999999989" classname="map_to_cor" name="map_to_cor_works_as_expected"/>
  </testsuite>
  <testsuite name="generic_corr_fun" timestamp="2024-04-22T12:29:54Z" hostname="9071a9ee9a94" tests="5" skipped="0" failures="0" errors="0" time="0.003">
    <testcase time="0.00099999999999989" classname="generic_corr_fun" name="generic_corr_fun_is_initialized_as_expected"/>
    <testcase time="0.00100000000000033" classname="generic_corr_fun" name="generic_corr_fun_is_initialized_as_expected"/>
    <testcase time="0" classname="generic_corr_fun" name="generic_corr_fun_is_initialized_as_expected"/>
    <testcase time="0" classname="generic_corr_fun" name="generic_corr_fun_is_initialized_as_expected"/>
    <testcase time="0.00099999999999989" classname="generic_corr_fun" name="generic_corr_fun_is_initialized_as_expected"/>
  </testsuite>
  <testsuite name="get_corr_mat_chol" timestamp="2024-04-22T12:29:54Z" hostname="9071a9ee9a94" tests="11" skipped="0" failures="0" errors="0" time="0.006">
    <testcase time="0.00099999999999989" classname="get_corr_mat_chol" name="get_corr_mat_chol_works_as_expected"/>
    <testcase time="0.00100000000000033" classname="get_corr_mat_chol" name="get_corr_mat_chol_works_as_expected"/>
    <testcase time="0" classname="get_corr_mat_chol" name="get_corr_mat_chol_works_as_expected"/>
    <testcase time="0.00099999999999989" classname="get_corr_mat_chol" name="get_corr_mat_chol_works_as_expected"/>
    <testcase time="0" classname="get_corr_mat_chol" name="get_corr_mat_chol_works_as_expected"/>
    <testcase time="0.00099999999999989" classname="get_corr_mat_chol" name="get_corr_mat_chol_works_as_expected"/>
    <testcase time="0" classname="get_corr_mat_chol" name="get_corr_mat_chol_works_as_expected"/>
    <testcase time="0.00099999999999989" classname="get_corr_mat_chol" name="get_corr_mat_chol_works_as_expected"/>
    <testcase time="0" classname="get_corr_mat_chol" name="get_corr_mat_chol_works_as_expected"/>
    <testcase time="0.00100000000000033" classname="get_corr_mat_chol" name="get_corr_mat_chol_works_as_expected"/>
    <testcase time="0" classname="get_corr_mat_chol" name="get_corr_mat_chol_works_as_expected"/>
  </testsuite>
  <testsuite name="get_heterogeneous_cov" timestamp="2024-04-22T12:29:54Z" hostname="9071a9ee9a94" tests="11" skipped="0" failures="0" errors="0" time="0.007">
    <testcase time="0.00199999999999978" classname="get_heterogeneous_cov" name="get_heterogeneous_cov_works_as_expected"/>
    <testcase time="0" classname="get_heterogeneous_cov" name="get_heterogeneous_cov_works_as_expected"/>
    <testcase time="0.00099999999999989" classname="get_heterogeneous_cov" name="get_heterogeneous_cov_works_as_expected"/>
    <testcase time="0" classname="get_heterogeneous_cov" name="get_heterogeneous_cov_works_as_expected"/>
    <testcase time="0.00100000000000033" classname="get_heterogeneous_cov" name="get_heterogeneous_cov_works_as_expected"/>
    <testcase time="0" classname="get_heterogeneous_cov" name="get_heterogeneous_cov_works_as_expected"/>
    <testcase time="0.00099999999999989" classname="get_heterogeneous_cov" name="get_heterogeneous_cov_works_as_expected"/>
    <testcase time="0" classname="get_heterogeneous_cov" name="get_heterogeneous_cov_works_as_expected"/>
    <testcase time="0.00099999999999989" classname="get_heterogeneous_cov" name="get_heterogeneous_cov_works_as_expected"/>
    <testcase time="0.00099999999999989" classname="get_heterogeneous_cov" name="get_heterogeneous_cov_works_as_expected"/>
    <testcase time="0" classname="get_heterogeneous_cov" name="get_heterogeneous_cov_works_as_expected"/>
  </testsuite>
  <testsuite name="euclidean distance" timestamp="2024-04-22T12:29:54Z" hostname="9071a9ee9a94" tests="36" skipped="0" failures="0" errors="0" time="0.021">
    <testcase time="0.00200000000000022" classname="euclidean_distance" name="euclidean_works_as_expected"/>
    <testcase time="0" classname="euclidean_distance" name="euclidean_works_as_expected"/>
    <testcase time="0.00099999999999989" classname="euclidean_distance" name="euclidean_works_as_expected"/>
    <testcase time="0" classname="euclidean_distance" name="euclidean_works_as_expected"/>
    <testcase time="0.00099999999999989" classname="euclidean_distance" name="euclidean_works_as_expected"/>
    <testcase time="0" classname="euclidean_distance" name="euclidean_works_as_expected"/>
    <testcase time="0.00100000000000033" classname="euclidean_distance" name="euclidean_works_as_expected"/>
    <testcase time="0" classname="euclidean_distance" name="euclidean_works_as_expected"/>
    <testcase time="0.00099999999999989" classname="euclidean_distance" name="euclidean_works_as_expected"/>
    <testcase time="0" classname="euclidean_distance" name="euclidean_works_as_expected"/>
    <testcase time="0.00099999999999989" classname="euclidean_distance" name="euclidean_works_as_expected"/>
    <testcase time="0" classname="euclidean_distance" name="euclidean_works_as_expected"/>
    <testcase time="0.00099999999999989" classname="euclidean_distance" name="euclidean_works_as_expected"/>
    <testcase time="0" classname="euclidean_distance" name="euclidean_works_as_expected"/>
    <testcase time="0.00100000000000033" classname="euclidean_distance" name="euclidean_works_as_expected"/>
    <testcase time="0" classname="euclidean_distance" name="euclidean_works_as_expected"/>
    <testcase time="0.00099999999999989" classname="euclidean_distance" name="euclidean_works_as_expected"/>
    <testcase time="0.00099999999999989" classname="euclidean_distance" name="euclidean_works_as_expected"/>
    <testcase time="0" classname="euclidean_distance" name="euclidean_works_as_expected_for_matrix"/>
    <testcase time="0.00099999999999989" classname="euclidean_distance" name="euclidean_works_as_expected_for_matrix"/>
    <testcase time="0.00100000000000033" classname="euclidean_distance" name="euclidean_works_as_expected_for_matrix"/>
    <testcase time="0" classname="euclidean_distance" name="euclidean_works_as_expected_for_matrix"/>
    <testcase time="0.00099999999999989" classname="euclidean_distance" name="euclidean_works_as_expected_for_matrix"/>
    <testcase time="0" classname="euclidean_distance" name="euclidean_works_as_expected_for_matrix"/>
    <testcase time="0.00099999999999989" classname="euclidean_distance" name="euclidean_works_as_expected_for_matrix"/>
    <testcase time="0.00099999999999989" classname="euclidean_distance" name="euclidean_works_as_expected_for_matrix"/>
    <testcase time="0" classname="euclidean_distance" name="euclidean_works_as_expected_for_matrix"/>
    <testcase time="0.00100000000000033" classname="euclidean_distance" name="euclidean_works_as_expected_for_matrix"/>
    <testcase time="0" classname="euclidean_distance" name="euclidean_works_as_expected_for_matrix"/>
    <testcase time="0.00099999999999989" classname="euclidean_distance" name="euclidean_works_as_expected_for_matrix"/>
    <testcase time="0" classname="euclidean_distance" name="euclidean_works_as_expected_for_matrix"/>
    <testcase time="0.00099999999999989" classname="euclidean_distance" name="euclidean_works_as_expected_for_matrix"/>
    <testcase time="0.00099999999999989" classname="euclidean_distance" name="euclidean_works_as_expected_for_matrix"/>
    <testcase time="0" classname="euclidean_distance" name="euclidean_works_as_expected_for_matrix"/>
    <testcase time="0.00100000000000033" classname="euclidean_distance" name="euclidean_works_as_expected_for_matrix"/>
    <testcase time="0" classname="euclidean_distance" name="euclidean_works_as_expected_for_matrix"/>
  </testsuite>
  <testsuite name="cpow works" timestamp="2024-04-22T12:29:54Z" hostname="9071a9ee9a94" tests="20" skipped="0" failures="0" errors="0" time="0.013">
    <testcase time="0.00199999999999978" classname="cpow_works" name="cpow_gives_correct_power_by_element_for_power_0.5"/>
    <testcase time="0.00099999999999989" classname="cpow_works" name="cpow_gives_correct_power_by_element_for_power_0.5"/>
    <testcase time="0" classname="cpow_works" name="cpow_gives_correct_power_by_element_for_power_0.5"/>
    <testcase time="0.00100000000000033" classname="cpow_works" name="cpow_gives_correct_power_by_element_for_power_0.5"/>
    <testcase time="0" classname="cpow_works" name="cpow_gives_correct_power_by_element_for_power_0.5"/>
    <testcase time="0.00099999999999989" classname="cpow_works" name="cpow_gives_correct_power_by_element_for_power_0.5"/>
    <testcase time="0" classname="cpow_works" name="cpow_gives_correct_power_by_element_for_power_0.5"/>
    <testcase time="0.00099999999999989" classname="cpow_works" name="cpow_gives_correct_power_by_element_for_power_0.5"/>
    <testcase time="0" classname="cpow_works" name="cpow_gives_correct_power_by_element_for_power_0.5"/>
    <testcase time="0.00099999999999989" classname="cpow_works" name="cpow_gives_correct_power_by_element_for_power_0.5"/>
    <testcase time="0.00100000000000033" classname="cpow_works" name="cpow_gives_correct_power_by_element_for_power_2"/>
    <testcase time="0" classname="cpow_works" name="cpow_gives_correct_power_by_element_for_power_2"/>
    <testcase time="0.00099999999999989" classname="cpow_works" name="cpow_gives_correct_power_by_element_for_power_2"/>
    <testcase time="0" classname="cpow_works" name="cpow_gives_correct_power_by_element_for_power_2"/>
    <testcase time="0.00099999999999989" classname="cpow_works" name="cpow_gives_correct_power_by_element_for_power_2"/>
    <testcase time="0.00099999999999989" classname="cpow_works" name="cpow_gives_correct_power_by_element_for_power_2"/>
    <testcase time="0" classname="cpow_works" name="cpow_gives_correct_power_by_element_for_power_2"/>
    <testcase time="0.00100000000000033" classname="cpow_works" name="cpow_gives_correct_power_by_element_for_power_2"/>
    <testcase time="0" classname="cpow_works" name="cpow_gives_correct_power_by_element_for_power_2"/>
    <testcase time="0.00099999999999989" classname="cpow_works" name="cpow_gives_correct_power_by_element_for_power_2"/>
  </testsuite>
  <testsuite name="pseudoInverseSqrt works" timestamp="2024-04-22T12:29:54Z" hostname="9071a9ee9a94" tests="22" skipped="0" failures="0" errors="0" time="0.012">
    <testcase time="0.00099999999999989" classname="pseudoInverseSqrt_works" name="pseudoInverseSqrt_gives_correct_result"/>
    <testcase time="0.00099999999999989" classname="pseudoInverseSqrt_works" name="pseudoInverseSqrt_gives_correct_result"/>
    <testcase time="0" classname="pseudoInverseSqrt_works" name="pseudoInverseSqrt_gives_correct_result"/>
    <testcase time="0" classname="pseudoInverseSqrt_works" name="pseudoInverseSqrt_gives_correct_result"/>
    <testcase time="0.00099999999999989" classname="pseudoInverseSqrt_works" name="pseudoInverseSqrt_gives_correct_result"/>
    <testcase time="0" classname="pseudoInverseSqrt_works" name="pseudoInverseSqrt_gives_correct_result"/>
    <testcase time="0.00099999999999989" classname="pseudoInverseSqrt_works" name="pseudoInverseSqrt_gives_correct_result"/>
    <testcase time="0" classname="pseudoInverseSqrt_works" name="pseudoInverseSqrt_gives_correct_result"/>
    <testcase time="0.00099999999999989" classname="pseudoInverseSqrt_works" name="pseudoInverseSqrt_gives_correct_result"/>
    <testcase time="0" classname="pseudoInverseSqrt_works" name="pseudoInverseSqrt_gives_correct_result"/>
    <testcase time="0.00100000000000033" classname="pseudoInverseSqrt_works" name="pseudoInverseSqrt_gives_correct_result"/>
    <testcase time="0.00099999999999989" classname="pseudoInverseSqrt_works" name="pseudoInverseSqrt_gives_correct_result_for_rank_deficient_matrix"/>
    <testcase time="0" classname="pseudoInverseSqrt_works" name="pseudoInverseSqrt_gives_correct_result_for_rank_deficient_matrix"/>
    <testcase time="0.00099999999999989" classname="pseudoInverseSqrt_works" name="pseudoInverseSqrt_gives_correct_result_for_rank_deficient_matrix"/>
    <testcase time="0" classname="pseudoInverseSqrt_works" name="pseudoInverseSqrt_gives_correct_result_for_rank_deficient_matrix"/>
    <testcase time="0.00099999999999989" classname="pseudoInverseSqrt_works" name="pseudoInverseSqrt_gives_correct_result_for_rank_deficient_matrix"/>
    <testcase time="0" classname="pseudoInverseSqrt_works" name="pseudoInverseSqrt_gives_correct_result_for_rank_deficient_matrix"/>
    <testcase time="0.00100000000000033" classname="pseudoInverseSqrt_works" name="pseudoInverseSqrt_gives_correct_result_for_rank_deficient_matrix"/>
    <testcase time="0" classname="pseudoInverseSqrt_works" name="pseudoInverseSqrt_gives_correct_result_for_rank_deficient_matrix"/>
    <testcase time="0.00099999999999989" classname="pseudoInverseSqrt_works" name="pseudoInverseSqrt_gives_correct_result_for_rank_deficient_matrix"/>
    <testcase time="0.00099999999999989" classname="pseudoInverseSqrt_works" name="pseudoInverseSqrt_gives_correct_result_for_rank_deficient_matrix"/>
    <testcase time="0" classname="pseudoInverseSqrt_works" name="pseudoInverseSqrt_gives_correct_result_for_rank_deficient_matrix"/>
  </testsuite>
  <testsuite name="Rcpp and eigen conversion" timestamp="2024-04-22T12:29:54Z" hostname="9071a9ee9a94" tests="28" skipped="0" failures="0" errors="0" time="0.016">
    <testcase time="0.00200000000000022" classname="Rcpp_and_eigen_conversion" name="conversions_do_not_change_values"/>
    <testcase time="0" classname="Rcpp_and_eigen_conversion" name="conversions_do_not_change_values"/>
    <testcase time="0.00099999999999989" classname="Rcpp_and_eigen_conversion" name="conversions_do_not_change_values"/>
    <testcase time="0" classname="Rcpp_and_eigen_conversion" name="conversions_do_not_change_values"/>
    <testcase time="0.00099999999999989" classname="Rcpp_and_eigen_conversion" name="conversions_do_not_change_values"/>
    <testcase time="0" classname="Rcpp_and_eigen_conversion" name="conversions_do_not_change_values"/>
    <testcase time="0.00099999999999989" classname="Rcpp_and_eigen_conversion" name="conversions_do_not_change_values"/>
    <testcase time="0.00100000000000033" classname="Rcpp_and_eigen_conversion" name="conversions_do_not_change_values"/>
    <testcase time="0" classname="Rcpp_and_eigen_conversion" name="conversions_do_not_change_values"/>
    <testcase time="0.00099999999999989" classname="Rcpp_and_eigen_conversion" name="conversions_do_not_change_values"/>
    <testcase time="0" classname="Rcpp_and_eigen_conversion" name="conversions_do_not_change_values"/>
    <testcase time="0.00099999999999989" classname="Rcpp_and_eigen_conversion" name="conversions_do_not_change_values"/>
    <testcase time="0" classname="Rcpp_and_eigen_conversion" name="conversions_do_not_change_values"/>
    <testcase time="0.00099999999999989" classname="Rcpp_and_eigen_conversion" name="conversions_do_not_change_values"/>
    <testcase time="0" classname="Rcpp_and_eigen_conversion" name="conversions_do_not_change_values"/>
    <testcase time="0.00100000000000033" classname="Rcpp_and_eigen_conversion" name="conversions_do_not_change_values"/>
    <testcase time="0" classname="Rcpp_and_eigen_conversion" name="conversions_do_not_change_values"/>
    <testcase time="0.00099999999999989" classname="Rcpp_and_eigen_conversion" name="conversions_do_not_change_values"/>
    <testcase time="0" classname="Rcpp_and_eigen_conversion" name="conversions_do_not_change_values"/>
    <testcase time="0.00099999999999989" classname="Rcpp_and_eigen_conversion" name="conversions_do_not_change_values"/>
    <testcase time="0.00099999999999989" classname="Rcpp_and_eigen_conversion" name="conversions_do_not_change_values"/>
    <testcase time="0" classname="Rcpp_and_eigen_conversion" name="conversions_do_not_change_values"/>
    <testcase time="0.00100000000000033" classname="Rcpp_and_eigen_conversion" name="conversions_do_not_change_values"/>
    <testcase time="0" classname="Rcpp_and_eigen_conversion" name="conversions_do_not_change_values"/>
    <testcase time="0.00099999999999989" classname="Rcpp_and_eigen_conversion" name="conversions_do_not_change_values"/>
    <testcase time="0" classname="Rcpp_and_eigen_conversion" name="conversions_do_not_change_values"/>
    <testcase time="0.00099999999999989" classname="Rcpp_and_eigen_conversion" name="conversions_do_not_change_values"/>
    <testcase time="0" classname="Rcpp_and_eigen_conversion" name="conversions_do_not_change_values"/>
  </testsuite>
  <testsuite name="segment works for Rcpp Vector" timestamp="2024-04-22T12:29:54Z" hostname="9071a9ee9a94" tests="2" skipped="0" failures="0" errors="0" time="0.003">
    <testcase time="0.00200000000000022" classname="segment_works_for_Rcpp_Vector" name="segment_have_correct_values"/>
    <testcase time="0.00099999999999989" classname="segment_works_for_Rcpp_Vector" name="segment_have_correct_values"/>
  </testsuite>
  <testsuite name="emmeans" timestamp="2024-04-22T12:29:54Z" hostname="9071a9ee9a94" tests="37" skipped="0" failures="0" errors="0" time="0.804">
    <testcase time="0.0429999999999997" classname="emmeans" name="emmeans_emits_a_message_about_mmrm_registration_on_load"/>
    <testcase time="0.0140000000000002" classname="emmeans" name="recover_data_method_works_as_expected"/>
    <testcase time="0.000999999999999446" classname="emmeans" name="recover_data_method_works_as_expected"/>
    <testcase time="0.0120000000000005" classname="emmeans" name="recover_data_method_works_as_expected_for_rank_deficient_model"/>
    <testcase time="0.000999999999999446" classname="emmeans" name="recover_data_method_works_as_expected_for_rank_deficient_model"/>
    <testcase time="0.032" classname="emmeans" name="emm_basis_method_works_as_expected"/>
    <testcase time="0.00100000000000033" classname="emmeans" name="emm_basis_method_works_as_expected"/>
    <testcase time="0.0329999999999995" classname="emmeans" name="emm_basis_method_works_also_for_rank_deficient_fit"/>
    <testcase time="0.00100000000000033" classname="emmeans" name="emm_basis_method_works_also_for_rank_deficient_fit"/>
    <testcase time="0.0259999999999998" classname="emmeans" name="emmeans_works_as_expected"/>
    <testcase time="0.00100000000000033" classname="emmeans" name="emmeans_works_as_expected"/>
    <testcase time="0.016" classname="emmeans" name="emmeans_works_as_expected"/>
    <testcase time="0.0599999999999996" classname="emmeans" name="emmeans_works_as_expected_for_transformed_variables"/>
    <testcase time="0.00100000000000033" classname="emmeans" name="emmeans_works_as_expected_for_transformed_variables"/>
    <testcase time="0.00600000000000023" classname="emmeans" name="emmeans_works_as_expected_for_transformed_variables"/>
    <testcase time="0.0579999999999998" classname="emmeans" name="emmeans_works_as_expected_for_transformed_variables_and_fixed_effect_is_not_visit"/>
    <testcase time="0.00100000000000033" classname="emmeans" name="emmeans_works_as_expected_for_transformed_variables_and_fixed_effect_is_not_visit"/>
    <testcase time="0.00899999999999945" classname="emmeans" name="emmeans_works_as_expected_for_transformed_variables_and_fixed_effect_is_not_visit"/>
    <testcase time="0.0250000000000004" classname="emmeans" name="emmeans_gives_values_close_to_what_is_expected"/>
    <testcase time="0.00899999999999945" classname="emmeans" name="emmeans_gives_values_close_to_what_is_expected"/>
    <testcase time="0.00800000000000001" classname="emmeans" name="emmeans_gives_values_close_to_what_is_expected"/>
    <testcase time="0.00300000000000011" classname="emmeans" name="emmeans_gives_values_close_to_what_is_expected"/>
    <testcase time="0.00300000000000011" classname="emmeans" name="emmeans_gives_values_close_to_what_is_expected"/>
    <testcase time="0.0419999999999998" classname="emmeans" name="emmeans_works_as_expected_also_for_rank_deficient_fit_when_singular_coefficients_are_not_involved"/>
    <testcase time="0.00100000000000033" classname="emmeans" name="emmeans_works_as_expected_also_for_rank_deficient_fit_when_singular_coefficients_are_not_involved"/>
    <testcase time="0.00899999999999945" classname="emmeans" name="emmeans_works_as_expected_also_for_rank_deficient_fit_when_singular_coefficients_are_not_involved"/>
    <testcase time="0.0390000000000006" classname="emmeans" name="emmeans_works_as_expected_also_for_rank_deficient_fit_when_singular_coefficients_are_involved"/>
    <testcase time="0.000999999999999446" classname="emmeans" name="emmeans_works_as_expected_also_for_rank_deficient_fit_when_singular_coefficients_are_involved"/>
    <testcase time="0.0380000000000003" classname="emmeans" name="emmeans_works_as_expected_also_for_rank_deficient_fit_when_singular_coefficients_are_involved"/>
    <testcase time="0.00499999999999989" classname="emmeans" name="emmeans_works_as_expected_also_for_rank_deficient_fit_when_singular_coefficients_are_involved"/>
    <testcase time="0.0960000000000001" classname="emmeans" name="emmeans_works_as_expected_also_for_weighted_model"/>
    <testcase time="0.00199999999999978" classname="emmeans" name="emmeans_works_as_expected_also_for_weighted_model"/>
    <testcase time="0.0200000000000005" classname="emmeans" name="emmeans_works_as_expected_also_for_weighted_model"/>
    <testcase time="0.117999999999999" classname="emmeans" name="emmeans_gives_d.f._close_to_what_is_expected_for_weighted_model"/>
    <testcase time="0.00700000000000056" classname="emmeans" name="emmeans_gives_d.f._close_to_what_is_expected_for_weighted_model"/>
    <testcase time="0.0539999999999994" classname="emmeans" name="emmeans_gives_d.f._close_to_what_is_expected_for_weighted_model"/>
    <testcase time="0.00800000000000001" classname="emmeans" name="emmeans_gives_d.f._close_to_what_is_expected_for_weighted_model"/>
  </testsuite>
  <testsuite name="empirical" timestamp="2024-04-22T12:29:55Z" hostname="9071a9ee9a94" tests="33" skipped="3" failures="0" errors="0" time="2.664">
    <testcase time="0.024" classname="empirical" name="h_get_empirical_obtain_empirical_covariance">
      <skipped message="Reason: On CRAN ('test-empirical.R:6:3')"/>
    </testcase>
    <testcase time="0.0300000000000002" classname="empirical" name="h_get_empirical_obtain_jackknife_covariance">
      <skipped message="Reason: On CRAN ('test-empirical.R:12:3')"/>
    </testcase>
    <testcase time="0.0360000000000005" classname="empirical" name="h_get_empirical_obtain_jackknife_covariance">
      <skipped message="Reason: On CRAN ('test-empirical.R:18:3')"/>
    </testcase>
    <testcase time="0.0569999999999995" classname="empirical" name="empirical_covariance_are_the_same_with_SAS_result_for_ar1"/>
    <testcase time="0.0499999999999998" classname="empirical" name="empirical_covariance_are_the_same_with_SAS_result_for_ar1h"/>
    <testcase time="0.0590000000000002" classname="empirical" name="empirical_covariance_are_the_same_with_SAS_result_for_cs"/>
    <testcase time="0.0579999999999998" classname="empirical" name="empirical_covariance_are_the_same_with_SAS_result_for_csh"/>
    <testcase time="0.0620000000000003" classname="empirical" name="empirical_covariance_are_the_same_with_SAS_result_for_toep"/>
    <testcase time="0.0679999999999996" classname="empirical" name="empirical_covariance_are_the_same_with_SAS_result_for_toeph"/>
    <testcase time="0.0630000000000006" classname="empirical" name="empirical_covariance_are_the_same_with_SAS_result_for_adh"/>
    <testcase time="0.0619999999999994" classname="empirical" name="empirical_covariance_are_the_same_with_SAS_result_for_us"/>
    <testcase time="0.0740000000000007" classname="empirical" name="empirical_covariance_are_the_same_with_SAS_result_for_sp_exp"/>
    <testcase time="0.0519999999999996" classname="empirical" name="empirical_covariance_are_the_same_with_SAS_result_for_ar1"/>
    <testcase time="0.0579999999999998" classname="empirical" name="empirical_covariance_are_the_same_with_SAS_result_for_ar1h"/>
    <testcase time="0.0700000000000003" classname="empirical" name="empirical_covariance_are_the_same_with_SAS_result_for_cs"/>
    <testcase time="0.0670000000000002" classname="empirical" name="empirical_covariance_are_the_same_with_SAS_result_for_csh"/>
    <testcase time="0.0699999999999994" classname="empirical" name="empirical_covariance_are_the_same_with_SAS_result_for_toep"/>
    <testcase time="0.0720000000000001" classname="empirical" name="empirical_covariance_are_the_same_with_SAS_result_for_toeph"/>
    <testcase time="0.0730000000000004" classname="empirical" name="empirical_covariance_are_the_same_with_SAS_result_for_adh"/>
    <testcase time="0.0729999999999995" classname="empirical" name="empirical_covariance_are_the_same_with_SAS_result_for_us"/>
    <testcase time="0.0790000000000006" classname="empirical" name="empirical_covariance_are_the_same_with_SAS_result_for_sp_exp"/>
    <testcase time="0.105" classname="empirical" name="Empirical_works_as_expected_for_ar1"/>
    <testcase time="0.0899999999999999" classname="empirical" name="Empirical_works_as_expected_for_ar1"/>
    <testcase time="0.119000000000001" classname="empirical" name="Empirical_works_as_expected_for_weighted_ar1"/>
    <testcase time="0.0819999999999999" classname="empirical" name="Empirical_works_as_expected_for_weighted_ar1"/>
    <testcase time="0.12" classname="empirical" name="Jackknife_works_as_expected_for_ar1"/>
    <testcase time="0.0880000000000001" classname="empirical" name="Jackknife_works_as_expected_for_ar1"/>
    <testcase time="0.132" classname="empirical" name="Jackknife_works_as_expected_for_weighted_ar1"/>
    <testcase time="0.254" classname="empirical" name="Jackknife_works_as_expected_for_weighted_ar1"/>
    <testcase time="0.122999999999999" classname="empirical" name="Bias_Reduced_works_as_expected_for_ar1"/>
    <testcase time="0.0819999999999999" classname="empirical" name="Bias_Reduced_works_as_expected_for_ar1"/>
    <testcase time="0.140000000000001" classname="empirical" name="Bias_Reduced_works_as_expected_for_weighted_ar1"/>
    <testcase time="0.0720000000000001" classname="empirical" name="Bias_Reduced_works_as_expected_for_weighted_ar1"/>
  </testsuite>
  <testsuite name="fit" timestamp="2024-04-22T12:29:57Z" hostname="9071a9ee9a94" tests="171" skipped="2" failures="0" errors="0" time="3.48">
    <testcase time="0.0569999999999995" classname="fit" name="fit_single_optimizer_works_as_expected_with_defaults"/>
    <testcase time="0.00400000000000045" classname="fit" name="fit_single_optimizer_works_as_expected_with_defaults"/>
    <testcase time="0.00300000000000011" classname="fit" name="fit_single_optimizer_works_as_expected_with_defaults"/>
    <testcase time="0.00499999999999989" classname="fit" name="fit_single_optimizer_works_as_expected_with_defaults"/>
    <testcase time="0.00499999999999989" classname="fit" name="fit_single_optimizer_works_as_expected_with_defaults"/>
    <testcase time="0.0519999999999996" classname="fit" name="fit_single_optimizer_works_as_expected_with_nlminb_optimizer_but_no_starting_values"/>
    <testcase time="0.00400000000000045" classname="fit" name="fit_single_optimizer_works_as_expected_with_nlminb_optimizer_but_no_starting_values"/>
    <testcase time="0.00399999999999956" classname="fit" name="fit_single_optimizer_works_as_expected_with_nlminb_optimizer_but_no_starting_values"/>
    <testcase time="0.00300000000000011" classname="fit" name="fit_single_optimizer_works_as_expected_with_nlminb_optimizer_but_no_starting_values"/>
    <testcase time="0.00400000000000045" classname="fit" name="fit_single_optimizer_works_as_expected_with_nlminb_optimizer_but_no_starting_values"/>
    <testcase time="0.0579999999999998" classname="fit" name="fit_single_optimizer_works_as_expected_with_optimizer_inputted_but_no_starting_values"/>
    <testcase time="0.00399999999999956" classname="fit" name="fit_single_optimizer_works_as_expected_with_optimizer_inputted_but_no_starting_values"/>
    <testcase time="0.00400000000000045" classname="fit" name="fit_single_optimizer_works_as_expected_with_optimizer_inputted_but_no_starting_values"/>
    <testcase time="0.00300000000000011" classname="fit" name="fit_single_optimizer_works_as_expected_with_optimizer_inputted_but_no_starting_values"/>
    <testcase time="0.00399999999999956" classname="fit" name="fit_single_optimizer_works_as_expected_with_optimizer_inputted_but_no_starting_values"/>
    <testcase time="0.0670000000000002" classname="fit" name="fit_single_optimizer_works_as_expected_with_starting_values_and_optimizer_inputted"/>
    <testcase time="0.00400000000000045" classname="fit" name="fit_single_optimizer_works_as_expected_with_starting_values_and_optimizer_inputted"/>
    <testcase time="0.00299999999999923" classname="fit" name="fit_single_optimizer_works_as_expected_with_starting_values_and_optimizer_inputted"/>
    <testcase time="0.00400000000000045" classname="fit" name="fit_single_optimizer_works_as_expected_with_starting_values_and_optimizer_inputted"/>
    <testcase time="0.00399999999999956" classname="fit" name="fit_single_optimizer_works_as_expected_with_starting_values_and_optimizer_inputted"/>
    <testcase time="0.0150000000000006" classname="fit" name="fit_single_optimizer_gives_error_messages"/>
    <testcase time="0.0110000000000001" classname="fit" name="fit_single_optimizer_gives_error_messages"/>
    <testcase time="0.0309999999999997" classname="fit" name="fit_single_optimizer_is_stable_to_extreme_scaling_with_defaults"/>
    <testcase time="0.00400000000000045" classname="fit" name="fit_single_optimizer_is_stable_to_extreme_scaling_with_defaults"/>
    <testcase time="0.0279999999999996" classname="fit" name="fit_single_optimizer_catches_convergence_warning_as_expected"/>
    <testcase time="0.00199999999999978" classname="fit" name="fit_single_optimizer_catches_convergence_warning_as_expected"/>
    <testcase time="0.00300000000000011" classname="fit" name="fit_single_optimizer_catches_convergence_warning_as_expected"/>
    <testcase time="0.00199999999999978" classname="fit" name="fit_single_optimizer_catches_convergence_warning_as_expected"/>
    <testcase time="0.0340000000000007" classname="fit" name="fit_single_optimizer_deals_correctly_with_unobserved_visits_message"/>
    <testcase time="0.00299999999999923" classname="fit" name="fit_single_optimizer_deals_correctly_with_unobserved_visits_message"/>
    <testcase time="0.00400000000000045" classname="fit" name="fit_single_optimizer_deals_correctly_with_unobserved_visits_message"/>
    <testcase time="0.0110000000000001" classname="fit" name="fit_single_optimizer_fails_if_formula_contains_._"/>
    <testcase time="0.0309999999999997" classname="fit" name="fit_single_optimizer_signals_non_convergence_but_does_not_fail_for_finite_values_error"/>
    <testcase time="0.00400000000000045" classname="fit" name="fit_single_optimizer_signals_non_convergence_but_does_not_fail_for_finite_values_error"/>
    <testcase time="0.00300000000000011" classname="fit" name="fit_single_optimizer_signals_non_convergence_but_does_not_fail_for_finite_values_error"/>
    <testcase time="0.0309999999999997" classname="fit" name="fit_single_optimizer_signals_non_convergence_but_does_not_fail_for_NA_NaN_Hessian_error"/>
    <testcase time="0.00399999999999956" classname="fit" name="fit_single_optimizer_signals_non_convergence_but_does_not_fail_for_NA_NaN_Hessian_error"/>
    <testcase time="0.00400000000000045" classname="fit" name="fit_single_optimizer_signals_non_convergence_but_does_not_fail_for_NA_NaN_Hessian_error"/>
    <testcase time="0.124" classname="fit" name="h_summarize_all_fits_works_as_expected"/>
    <testcase time="0.00699999999999967" classname="fit" name="h_summarize_all_fits_works_as_expected"/>
    <testcase time="0.0080000000000009" classname="fit" name="h_summarize_all_fits_works_when_some_list_elements_are_try_error_objects"/>
    <testcase time="0.00600000000000023" classname="fit" name="h_summarize_all_fits_works_when_some_list_elements_are_try_error_objects"/>
    <testcase time="0.0589999999999993" classname="fit" name="refit_multiple_optimizers_works_as_expected_with_default_arguments"/>
    <testcase time="0.00200000000000067" classname="fit" name="refit_multiple_optimizers_works_as_expected_with_default_arguments"/>
    <testcase time="0.00300000000000011" classname="fit" name="refit_multiple_optimizers_works_as_expected_with_default_arguments"/>
    <testcase time="0.00399999999999956" classname="fit" name="refit_multiple_optimizers_works_as_expected_with_default_arguments"/>
    <testcase time="0.00399999999999956" classname="fit" name="refit_multiple_optimizers_works_as_expected_with_default_arguments"/>
    <testcase time="0.00600000000000023" classname="fit" name="refit_multiple_optimizers_works_with_parallel_computations_and_selected_optimizers">
      <skipped message="Reason: On CRAN ('test-fit.R:257:3')"/>
    </testcase>
    <testcase time="0.0399999999999991" classname="fit" name="mmrm_works_as_expected_for_unstructured"/>
    <testcase time="0.00200000000000067" classname="fit" name="mmrm_works_as_expected_for_unstructured"/>
    <testcase time="0.00300000000000011" classname="fit" name="mmrm_works_as_expected_for_unstructured"/>
    <testcase time="0.00200000000000067" classname="fit" name="mmrm_works_as_expected_for_unstructured"/>
    <testcase time="0.00199999999999889" classname="fit" name="mmrm_works_as_expected_for_unstructured"/>
    <testcase time="0.00400000000000134" classname="fit" name="mmrm_works_as_expected_for_unstructured"/>
    <testcase time="0.0669999999999984" classname="fit" name="mmrm_works_as_expected_for_antedependence"/>
    <testcase time="0.00100000000000122" classname="fit" name="mmrm_works_as_expected_for_antedependence"/>
    <testcase time="0.00399999999999956" classname="fit" name="mmrm_works_as_expected_for_antedependence"/>
    <testcase time="0.00200000000000067" classname="fit" name="mmrm_works_as_expected_for_antedependence"/>
    <testcase time="0.00199999999999889" classname="fit" name="mmrm_works_as_expected_for_antedependence"/>
    <testcase time="0.00400000000000134" classname="fit" name="mmrm_works_as_expected_for_antedependence"/>
    <testcase time="0.0659999999999989" classname="fit" name="mmrm_works_as_expected_for_toeplitz"/>
    <testcase time="0.00200000000000067" classname="fit" name="mmrm_works_as_expected_for_toeplitz"/>
    <testcase time="0.00399999999999956" classname="fit" name="mmrm_works_as_expected_for_toeplitz"/>
    <testcase time="0.00200000000000067" classname="fit" name="mmrm_works_as_expected_for_toeplitz"/>
    <testcase time="0.00199999999999889" classname="fit" name="mmrm_works_as_expected_for_toeplitz"/>
    <testcase time="0.00399999999999956" classname="fit" name="mmrm_works_as_expected_for_toeplitz"/>
    <testcase time="0.0450000000000017" classname="fit" name="mmrm_falls_back_to_other_optimizers_if_default_does_not_work"/>
    <testcase time="0.0499999999999989" classname="fit" name="mmrm_falls_back_to_other_optimizers_if_default_does_not_work"/>
    <testcase time="0.00300000000000011" classname="fit" name="mmrm_falls_back_to_other_optimizers_if_default_does_not_work"/>
    <testcase time="0.00300000000000011" classname="fit" name="mmrm_falls_back_to_other_optimizers_if_default_does_not_work"/>
    <testcase time="0.00500000000000078" classname="fit" name="mmrm_fails_if_no_optimizer_works">
      <skipped message="Reason: On CI ('test-fit.R:352:3')"/>
    </testcase>
    <testcase time="0.0389999999999997" classname="fit" name="mmrm_works_for_rank_deficient_original_design_matrix_by_default"/>
    <testcase time="0.00199999999999889" classname="fit" name="mmrm_works_for_rank_deficient_original_design_matrix_by_default"/>
    <testcase time="0.00300000000000011" classname="fit" name="mmrm_works_for_rank_deficient_original_design_matrix_by_default"/>
    <testcase time="0.0490000000000013" classname="fit" name="mmrm_works_if_data_is_not_provided_as_argument"/>
    <testcase time="0.00499999999999901" classname="fit" name="mmrm_works_if_data_is_not_provided_as_argument"/>
    <testcase time="0.122" classname="fit" name="mmrm_works_if_formula_contains_variables_not_in_data"/>
    <testcase time="0.00399999999999956" classname="fit" name="mmrm_works_if_formula_contains_variables_not_in_data"/>
    <testcase time="0.0210000000000008" classname="fit" name="mmrm_works_for_specific_small_data_example"/>
    <testcase time="0.00399999999999956" classname="fit" name="mmrm_works_for_specific_small_data_example"/>
    <testcase time="0.043000000000001" classname="fit" name="mmrm_works_for_custom_optimizer"/>
    <testcase time="0.052999999999999" classname="fit" name="mmrm_works_for_constructed_control"/>
    <testcase time="0.0530000000000008" classname="fit" name="mmrm_works_for_start_NULL"/>
    <testcase time="0.0849999999999991" classname="fit" name="mmrm_returns_the_correct_best_fit"/>
    <testcase time="0.00399999999999956" classname="fit" name="mmrm_returns_the_correct_best_fit"/>
    <testcase time="0.171000000000001" classname="fit" name="divergent_optimizer_will_not_be_marked_as_success"/>
    <testcase time="0.137" classname="fit" name="start_can_be_emp_start_or_std_start_and_they_work"/>
    <testcase time="0.0379999999999985" classname="fit" name="start_can_be_emp_start_or_std_start_and_they_work"/>
    <testcase time="0.0210000000000008" classname="fit" name="mmrm_fails_if_start_function_does_not_provide_correct_values"/>
    <testcase time="0.0169999999999995" classname="fit" name="mmrm_fails_if_start_function_does_not_provide_correct_values"/>
    <testcase time="0.0210000000000008" classname="fit" name="mmrm_fails_if_start_function_fails"/>
    <testcase time="0.0570000000000004" classname="fit" name="mmrm_works_for_transformed_response_using_emp_start"/>
    <testcase time="0.174999999999999" classname="fit" name="mmrm_works_for_transformed_response_using_emp_start"/>
    <testcase time="0.179" classname="fit" name="mmrm_works_for_character_covariate_using_emp_start"/>
    <testcase time="0.0839999999999996" classname="fit" name="mmrm_still_works_for_deprecated_automatic_optimizer"/>
    <testcase time="0.0389999999999997" classname="fit" name="mmrm_works_and_gives_message_for_data_with_unobserved_visit_levels"/>
    <testcase time="0.0330000000000013" classname="fit" name="mmrm_works_and_gives_message_for_data_with_unobserved_visit_levels"/>
    <testcase time="0.0120000000000005" classname="fit" name="mmrm_fails_when_using_..._and_control_at_the_same_time"/>
    <testcase time="0.0139999999999993" classname="fit" name="mmrm_fails_when_using_formula_covariance_with_covariance_argument"/>
    <testcase time="0.048" classname="fit" name="mmrm_works_when_using_formula_directly_in_covariance"/>
    <testcase time="0.0419999999999998" classname="fit" name="mmrm_works_for_different_na.actions"/>
    <testcase time="0.00200000000000067" classname="fit" name="mmrm_works_for_different_na.actions"/>
    <testcase time="0.0419999999999998" classname="fit" name="mmrm_works_for_different_na.actions"/>
    <testcase time="0.00199999999999889" classname="fit" name="mmrm_works_for_different_na.actions"/>
    <testcase time="0.0410000000000004" classname="fit" name="mmrm_works_for_different_na.actions"/>
    <testcase time="0.00200000000000067" classname="fit" name="mmrm_works_for_different_na.actions"/>
    <testcase time="0.0419999999999998" classname="fit" name="mmrm_works_for_different_na.actions"/>
    <testcase time="0.00199999999999889" classname="fit" name="mmrm_works_for_different_na.actions"/>
    <testcase time="0.048" classname="fit" name="mmrm_still_works_for_a_model_that_only_contains_an_interaction_term"/>
    <testcase time="0.0150000000000006" classname="fit" name="mmrm_fails_if_formula_contains_._"/>
    <testcase time="0.0630000000000006" classname="fit" name="mmrm_can_proceed_to_second_optimizer_if_first_one_has_divergence_error"/>
    <testcase time="0.00499999999999901" classname="fit" name="mmrm_can_proceed_to_second_optimizer_if_first_one_has_divergence_error"/>
    <testcase time="0.0630000000000006" classname="fit" name="mmrm_behaves_correctly_when_some_of_alternative_optimizers_have_divergence_errors"/>
    <testcase time="0.00399999999999956" classname="fit" name="mmrm_behaves_correctly_when_some_of_alternative_optimizers_have_divergence_errors"/>
    <testcase time="0.0410000000000004" classname="fit" name="mmrm_works_as_expected_when_the_only_provided_optimizer_fails_with_divergence_error"/>
    <testcase time="0.0400000000000009" classname="fit" name="mmrm_works_for_vcov_Asymptotic_and_method_Sattherthwaite"/>
    <testcase time="0.00299999999999834" classname="fit" name="mmrm_works_for_vcov_Asymptotic_and_method_Sattherthwaite"/>
    <testcase time="0.00400000000000134" classname="fit" name="mmrm_works_for_vcov_Asymptotic_and_method_Sattherthwaite"/>
    <testcase time="0.00199999999999889" classname="fit" name="mmrm_works_for_vcov_Asymptotic_and_method_Sattherthwaite"/>
    <testcase time="0.00400000000000134" classname="fit" name="mmrm_works_for_vcov_Asymptotic_and_method_Sattherthwaite"/>
    <testcase time="0.00299999999999834" classname="fit" name="mmrm_works_for_vcov_Asymptotic_and_method_Sattherthwaite"/>
    <testcase time="0.0290000000000017" classname="fit" name="mmrm_works_for_vcov_Asymptotic_and_method_Between_Within"/>
    <testcase time="0.00199999999999889" classname="fit" name="mmrm_works_for_vcov_Asymptotic_and_method_Between_Within"/>
    <testcase time="0.00300000000000011" classname="fit" name="mmrm_works_for_vcov_Asymptotic_and_method_Between_Within"/>
    <testcase time="0.000999999999999446" classname="fit" name="mmrm_works_for_vcov_Asymptotic_and_method_Between_Within"/>
    <testcase time="0.00300000000000011" classname="fit" name="mmrm_works_for_vcov_Asymptotic_and_method_Between_Within"/>
    <testcase time="0.00900000000000034" classname="fit" name="mmrm_fails_for_vcov_Kenward_Roger_and_method_Sattherthwaite"/>
    <testcase time="0.0199999999999996" classname="fit" name="mmrm_fails_for_vcov_Kenward_Roger_Linear_and_method_Sattherthwaite"/>
    <testcase time="0.0420000000000016" classname="fit" name="mmrm_works_for_vcov_Empirical_and_method_Residual"/>
    <testcase time="0.000999999999999446" classname="fit" name="mmrm_works_for_vcov_Empirical_and_method_Residual"/>
    <testcase time="0.00399999999999956" classname="fit" name="mmrm_works_for_vcov_Empirical_and_method_Residual"/>
    <testcase time="0.000999999999999446" classname="fit" name="mmrm_works_for_vcov_Empirical_and_method_Residual"/>
    <testcase time="0.00300000000000011" classname="fit" name="mmrm_works_for_vcov_Empirical_and_method_Residual"/>
    <testcase time="0.00200000000000067" classname="fit" name="mmrm_works_for_vcov_Empirical_and_method_Residual"/>
    <testcase time="0.0410000000000004" classname="fit" name="mmrm_works_for_vcov_Jackknife_and_method_Residual"/>
    <testcase time="0.00199999999999889" classname="fit" name="mmrm_works_for_vcov_Jackknife_and_method_Residual"/>
    <testcase time="0.00300000000000011" classname="fit" name="mmrm_works_for_vcov_Jackknife_and_method_Residual"/>
    <testcase time="0.00100000000000122" classname="fit" name="mmrm_works_for_vcov_Jackknife_and_method_Residual"/>
    <testcase time="0.00300000000000011" classname="fit" name="mmrm_works_for_vcov_Jackknife_and_method_Residual"/>
    <testcase time="0.00199999999999889" classname="fit" name="mmrm_works_for_vcov_Jackknife_and_method_Residual"/>
    <testcase time="0.0410000000000004" classname="fit" name="mmrm_works_for_vcov_Empirical_and_method_Satterthwaite"/>
    <testcase time="0.00200000000000067" classname="fit" name="mmrm_works_for_vcov_Empirical_and_method_Satterthwaite"/>
    <testcase time="0.00300000000000011" classname="fit" name="mmrm_works_for_vcov_Empirical_and_method_Satterthwaite"/>
    <testcase time="0.000999999999999446" classname="fit" name="mmrm_works_for_vcov_Empirical_and_method_Satterthwaite"/>
    <testcase time="0.00300000000000011" classname="fit" name="mmrm_works_for_vcov_Empirical_and_method_Satterthwaite"/>
    <testcase time="0.00199999999999889" classname="fit" name="mmrm_works_for_vcov_Empirical_and_method_Satterthwaite"/>
    <testcase time="0.00300000000000011" classname="fit" name="mmrm_works_for_vcov_Empirical_and_method_Satterthwaite"/>
    <testcase time="0.0410000000000004" classname="fit" name="mmrm_works_for_vcov_Jackknife_and_method_Satterthwaite"/>
    <testcase time="0.000999999999999446" classname="fit" name="mmrm_works_for_vcov_Jackknife_and_method_Satterthwaite"/>
    <testcase time="0.00300000000000011" classname="fit" name="mmrm_works_for_vcov_Jackknife_and_method_Satterthwaite"/>
    <testcase time="0.000999999999999446" classname="fit" name="mmrm_works_for_vcov_Jackknife_and_method_Satterthwaite"/>
    <testcase time="0.00300000000000011" classname="fit" name="mmrm_works_for_vcov_Jackknife_and_method_Satterthwaite"/>
    <testcase time="0.00200000000000067" classname="fit" name="mmrm_works_for_vcov_Jackknife_and_method_Satterthwaite"/>
    <testcase time="0.00299999999999834" classname="fit" name="mmrm_works_for_vcov_Jackknife_and_method_Satterthwaite"/>
    <testcase time="0.00900000000000034" classname="fit" name="mmrm_fails_for_vcov_Asymptotic_and_method_Kenward_Roger"/>
    <testcase time="0.0289999999999999" classname="fit" name="mmrm_works_for_vcov_Kenward_Roger_and_method_Kenward_Roger"/>
    <testcase time="0.00200000000000067" classname="fit" name="mmrm_works_for_vcov_Kenward_Roger_and_method_Kenward_Roger"/>
    <testcase time="0.00300000000000011" classname="fit" name="mmrm_works_for_vcov_Kenward_Roger_and_method_Kenward_Roger"/>
    <testcase time="0.00200000000000067" classname="fit" name="mmrm_works_for_vcov_Kenward_Roger_and_method_Kenward_Roger"/>
    <testcase time="0.00299999999999834" classname="fit" name="mmrm_works_for_vcov_Kenward_Roger_and_method_Kenward_Roger"/>
    <testcase time="0.00100000000000122" classname="fit" name="mmrm_works_for_vcov_Kenward_Roger_and_method_Kenward_Roger"/>
    <testcase time="0.00199999999999889" classname="fit" name="mmrm_works_for_vcov_Kenward_Roger_and_method_Kenward_Roger"/>
    <testcase time="0.032" classname="fit" name="mmrm_works_for_vcov_Kenward_Roger_Linear_and_method_Kenward_Roger"/>
    <testcase time="0.00200000000000067" classname="fit" name="mmrm_works_for_vcov_Kenward_Roger_Linear_and_method_Kenward_Roger"/>
    <testcase time="0.00600000000000023" classname="fit" name="mmrm_works_for_vcov_Kenward_Roger_Linear_and_method_Kenward_Roger"/>
    <testcase time="0.00200000000000067" classname="fit" name="mmrm_works_for_vcov_Kenward_Roger_Linear_and_method_Kenward_Roger"/>
    <testcase time="0.00399999999999956" classname="fit" name="mmrm_works_for_vcov_Kenward_Roger_Linear_and_method_Kenward_Roger"/>
    <testcase time="0.00300000000000011" classname="fit" name="mmrm_works_for_vcov_Kenward_Roger_Linear_and_method_Kenward_Roger"/>
    <testcase time="0.00199999999999889" classname="fit" name="mmrm_works_for_vcov_Kenward_Roger_Linear_and_method_Kenward_Roger"/>
    <testcase time="0.0190000000000001" classname="fit" name="mmrm_fails_for_vcov_Empirical_and_method_Kenward_Roger"/>
    <testcase time="0.0120000000000005" classname="fit" name="mmrm_fails_for_vcov_Jackknife_and_method_Kenward_Roger"/>
  </testsuite>
  <testsuite name="interop-parsnip" timestamp="2024-04-22T12:30:01Z" hostname="9071a9ee9a94" tests="16" skipped="0" failures="0" errors="0" time="0.989">
    <testcase time="0.491999999999999" classname="interop_parsnip" name="parsnip_works_with_a_formula_for_the_covariance_specification_outside_of_fit_"/>
    <testcase time="0.00300000000000011" classname="interop_parsnip" name="parsnip_works_with_a_formula_for_the_covariance_specification_outside_of_fit_"/>
    <testcase time="0.088000000000001" classname="interop_parsnip" name="parsnip_works_with_a_as.cov_struct_for_the_covariance_specification_outside_of_fit_"/>
    <testcase time="0.00200000000000067" classname="interop_parsnip" name="parsnip_works_with_a_as.cov_struct_for_the_covariance_specification_outside_of_fit_"/>
    <testcase time="0.081999999999999" classname="interop_parsnip" name="parsnip_works_with_the_covariance_structure_in_the_formula_in_fit_"/>
    <testcase time="0.000999999999999446" classname="interop_parsnip" name="parsnip_works_with_the_covariance_structure_in_the_formula_in_fit_"/>
    <testcase time="0.0830000000000002" classname="interop_parsnip" name="parsnip_works_with_predict"/>
    <testcase time="0.00200000000000067" classname="interop_parsnip" name="parsnip_works_with_predict"/>
    <testcase time="0.00200000000000067" classname="interop_parsnip" name="parsnip_works_with_predict"/>
    <testcase time="0.143999999999998" classname="interop_parsnip" name="parsnip_allows_to_pass_additional_arguments_to_predict_with_type_raw_via_opts_"/>
    <testcase time="0.00200000000000067" classname="interop_parsnip" name="parsnip_allows_to_pass_additional_arguments_to_predict_with_type_raw_via_opts_"/>
    <testcase time="0.00200000000000067" classname="interop_parsnip" name="parsnip_allows_to_pass_additional_arguments_to_predict_with_type_raw_via_opts_"/>
    <testcase time="0.00399999999999956" classname="interop_parsnip" name="parsnip_allows_to_pass_additional_arguments_to_predict_with_type_raw_via_opts_"/>
    <testcase time="0.0779999999999994" classname="interop_parsnip" name="parsnip_works_with_augment_and_using_new_data_"/>
    <testcase time="0.00200000000000067" classname="interop_parsnip" name="parsnip_works_with_augment_and_using_new_data_"/>
    <testcase time="0.00200000000000067" classname="interop_parsnip" name="parsnip_works_with_augment_and_using_new_data_"/>
  </testsuite>
  <testsuite name="interop" timestamp="2024-04-22T12:30:02Z" hostname="9071a9ee9a94" tests="6" skipped="0" failures="0" errors="0" time="0.069">
    <testcase time="0.016" classname="interop" name="check_package_version_warns_when_version_is_not_compatible"/>
    <testcase time="0.0229999999999997" classname="interop" name="check_package_version_warns_when_version_is_not_compatible"/>
    <testcase time="0.00699999999999967" classname="interop" name="check_package_version_warns_when_version_is_not_compatible"/>
    <testcase time="0.00699999999999967" classname="interop" name="register_on_load_sets_an_onLoad_hook_when_package_is_not_yet_loaded"/>
    <testcase time="0.00399999999999956" classname="interop" name="register_on_load_sets_an_onLoad_hook_when_package_is_not_yet_loaded"/>
    <testcase time="0.0120000000000005" classname="interop" name="check_package_version_rejects_numeric_version_input"/>
  </testsuite>
  <testsuite name="kenwardroger" timestamp="2024-04-22T12:30:02Z" hostname="9071a9ee9a94" tests="63" skipped="25" failures="0" errors="0" time="2.592">
    <testcase time="0.0549999999999997" classname="kenwardroger" name="h_get_kr_comp_works_as_expected_on_ar1_ungrouped_mmrm">
      <skipped message="Reason: On CRAN ('test-kenwardroger.R:4:3')"/>
    </testcase>
    <testcase time="0.0500000000000007" classname="kenwardroger" name="h_get_kr_comp_works_as_expected_on_ar1_grouped_mmrm">
      <skipped message="Reason: On CRAN ('test-kenwardroger.R:9:3')"/>
    </testcase>
    <testcase time="0.077" classname="kenwardroger" name="h_get_kr_comp_works_as_expected_on_ar1h_ungrouped_mmrm">
      <skipped message="Reason: On CRAN ('test-kenwardroger.R:14:3')"/>
    </testcase>
    <testcase time="0.0730000000000004" classname="kenwardroger" name="h_get_kr_comp_works_as_expected_on_ar1h_grouped_mmrm">
      <skipped message="Reason: On CRAN ('test-kenwardroger.R:19:3')"/>
    </testcase>
    <testcase time="0.0599999999999987" classname="kenwardroger" name="h_get_kr_comp_works_as_expected_on_cs_ungrouped_mmrm">
      <skipped message="Reason: On CRAN ('test-kenwardroger.R:24:3')"/>
    </testcase>
    <testcase time="0.0560000000000009" classname="kenwardroger" name="h_get_kr_comp_works_as_expected_on_cs_grouped_mmrm">
      <skipped message="Reason: On CRAN ('test-kenwardroger.R:29:3')"/>
    </testcase>
    <testcase time="0.0519999999999996" classname="kenwardroger" name="h_get_kr_comp_works_as_expected_on_csh_ungrouped_mmrm">
      <skipped message="Reason: On CRAN ('test-kenwardroger.R:34:3')"/>
    </testcase>
    <testcase time="0.0730000000000004" classname="kenwardroger" name="h_get_kr_comp_works_as_expected_on_csh_grouped_mmrm">
      <skipped message="Reason: On CRAN ('test-kenwardroger.R:39:3')"/>
    </testcase>
    <testcase time="0.0659999999999989" classname="kenwardroger" name="h_get_kr_comp_works_as_expected_on_toep_ungrouped_mmrm">
      <skipped message="Reason: On CRAN ('test-kenwardroger.R:44:3')"/>
    </testcase>
    <testcase time="0.0780000000000012" classname="kenwardroger" name="h_get_kr_comp_works_as_expected_on_toep_grouped_mmrm">
      <skipped message="Reason: On CRAN ('test-kenwardroger.R:49:3')"/>
    </testcase>
    <testcase time="0.0739999999999998" classname="kenwardroger" name="h_get_kr_comp_works_as_expected_on_toeph_ungrouped_mmrm">
      <skipped message="Reason: On CRAN ('test-kenwardroger.R:54:3')"/>
    </testcase>
    <testcase time="0.081999999999999" classname="kenwardroger" name="h_get_kr_comp_works_as_expected_on_toeph_grouped_mmrm">
      <skipped message="Reason: On CRAN ('test-kenwardroger.R:59:3')"/>
    </testcase>
    <testcase time="0.0870000000000015" classname="kenwardroger" name="h_get_kr_comp_works_as_expected_on_us_ungrouped_mmrm">
      <skipped message="Reason: On CRAN ('test-kenwardroger.R:64:3')"/>
    </testcase>
    <testcase time="0.0990000000000002" classname="kenwardroger" name="h_get_kr_comp_works_as_expected_on_us_grouped_mmrm">
      <skipped message="Reason: On CRAN ('test-kenwardroger.R:69:3')"/>
    </testcase>
    <testcase time="0.0779999999999994" classname="kenwardroger" name="h_get_kr_comp_works_as_expected_on_adh_ungrouped_mmrm">
      <skipped message="Reason: On CRAN ('test-kenwardroger.R:74:3')"/>
    </testcase>
    <testcase time="0.0890000000000004" classname="kenwardroger" name="h_get_kr_comp_works_as_expected_on_adh_grouped_mmrm">
      <skipped message="Reason: On CRAN ('test-kenwardroger.R:79:3')"/>
    </testcase>
    <testcase time="0.0689999999999991" classname="kenwardroger" name="h_get_kr_comp_works_as_expected_on_ad_ungrouped_mmrm">
      <skipped message="Reason: On CRAN ('test-kenwardroger.R:84:3')"/>
    </testcase>
    <testcase time="0.0760000000000005" classname="kenwardroger" name="h_get_kr_comp_works_as_expected_on_ad_grouped_mmrm">
      <skipped message="Reason: On CRAN ('test-kenwardroger.R:89:3')"/>
    </testcase>
    <testcase time="0.0780000000000012" classname="kenwardroger" name="h_get_kr_comp_works_as_expected_on_spatial_mmrm">
      <skipped message="Reason: On CRAN ('test-kenwardroger.R:98:3')"/>
    </testcase>
    <testcase time="0.0670000000000002" classname="kenwardroger" name="h_get_kr_comp_works_as_expected_on_grouped_spatial_mmrm">
      <skipped message="Reason: On CRAN ('test-kenwardroger.R:107:3')"/>
    </testcase>
    <testcase time="0.0589999999999993" classname="kenwardroger" name="kr_give_similar_results_as_SAS_for_ar1"/>
    <testcase time="0.00500000000000078" classname="kenwardroger" name="kr_give_similar_results_as_SAS_for_ar1"/>
    <testcase time="0.0409999999999986" classname="kenwardroger" name="kr_linear_give_similar_results_as_SAS_for_ar1"/>
    <testcase time="0.00400000000000134" classname="kenwardroger" name="kr_linear_give_similar_results_as_SAS_for_ar1"/>
    <testcase time="0.0410000000000004" classname="kenwardroger" name="kr_give_similar_results_as_SAS_for_ar1h"/>
    <testcase time="0.00399999999999956" classname="kenwardroger" name="kr_give_similar_results_as_SAS_for_ar1h"/>
    <testcase time="0.0599999999999987" classname="kenwardroger" name="kr_linear_give_similar_results_as_SAS_for_ar1h"/>
    <testcase time="0.00500000000000078" classname="kenwardroger" name="kr_linear_give_similar_results_as_SAS_for_ar1h"/>
    <testcase time="0.0440000000000005" classname="kenwardroger" name="kr_give_similar_results_as_SAS_for_cs"/>
    <testcase time="0.00499999999999901" classname="kenwardroger" name="kr_give_similar_results_as_SAS_for_cs"/>
    <testcase time="0.0400000000000009" classname="kenwardroger" name="kr_linear_give_similar_results_as_SAS_for_cs"/>
    <testcase time="0.00399999999999956" classname="kenwardroger" name="kr_linear_give_similar_results_as_SAS_for_cs"/>
    <testcase time="0.0389999999999997" classname="kenwardroger" name="kr_give_similar_results_as_SAS_for_csh"/>
    <testcase time="0.00399999999999956" classname="kenwardroger" name="kr_give_similar_results_as_SAS_for_csh"/>
    <testcase time="0.0500000000000007" classname="kenwardroger" name="kr_linear_give_similar_results_as_SAS_for_csh"/>
    <testcase time="0.00500000000000078" classname="kenwardroger" name="kr_linear_give_similar_results_as_SAS_for_csh"/>
    <testcase time="0.0569999999999986" classname="kenwardroger" name="kr_give_similar_results_as_SAS_for_adh"/>
    <testcase time="0.00399999999999956" classname="kenwardroger" name="kr_give_similar_results_as_SAS_for_adh"/>
    <testcase time="0.0570000000000004" classname="kenwardroger" name="kr_linear_give_similar_results_as_SAS_for_adh"/>
    <testcase time="0.00499999999999901" classname="kenwardroger" name="kr_linear_give_similar_results_as_SAS_for_adh"/>
    <testcase time="0.048" classname="kenwardroger" name="kr_give_similar_results_as_SAS_for_toep"/>
    <testcase time="0.00500000000000078" classname="kenwardroger" name="kr_give_similar_results_as_SAS_for_toep"/>
    <testcase time="0.048" classname="kenwardroger" name="kr_linear_give_similar_results_as_SAS_for_toep"/>
    <testcase time="0.00499999999999901" classname="kenwardroger" name="kr_linear_give_similar_results_as_SAS_for_toep"/>
    <testcase time="0.0570000000000004" classname="kenwardroger" name="kr_give_similar_results_as_SAS_for_toeph"/>
    <testcase time="0.00399999999999956" classname="kenwardroger" name="kr_give_similar_results_as_SAS_for_toeph"/>
    <testcase time="0.0650000000000013" classname="kenwardroger" name="kr_linear_give_similar_results_as_SAS_for_toeph"/>
    <testcase time="0.00499999999999901" classname="kenwardroger" name="kr_linear_give_similar_results_as_SAS_for_toeph"/>
    <testcase time="0.072000000000001" classname="kenwardroger" name="kr_give_similar_results_as_SAS_for_unstructured"/>
    <testcase time="0.00600000000000023" classname="kenwardroger" name="kr_give_similar_results_as_SAS_for_unstructured"/>
    <testcase time="0.0729999999999986" classname="kenwardroger" name="kr_linear_give_similar_results_as_SAS_for_unstructured"/>
    <testcase time="0.00500000000000078" classname="kenwardroger" name="kr_linear_give_similar_results_as_SAS_for_unstructured"/>
    <testcase time="0.0630000000000006" classname="kenwardroger" name="kr_give_similar_results_as_SAS_for_spatial_exponential"/>
    <testcase time="0.00499999999999901" classname="kenwardroger" name="kr_give_similar_results_as_SAS_for_spatial_exponential"/>
    <testcase time="0.0470000000000006" classname="kenwardroger" name="kr_linear_give_similar_results_as_SAS_for_spatial_exponential"/>
    <testcase time="0.00399999999999956" classname="kenwardroger" name="kr_linear_give_similar_results_as_SAS_for_spatial_exponential"/>
    <testcase time="0.0120000000000005" classname="kenwardroger" name="h_df_1d_kr_works_as_expected_in_the_standard_case">
      <skipped message="Reason: On CRAN ('test-kenwardroger.R:348:3')"/>
    </testcase>
    <testcase time="0.0199999999999996" classname="kenwardroger" name="h_df_md_kr_works_as_expected_in_the_standard_case">
      <skipped message="Reason: On CRAN ('test-kenwardroger.R:356:3')"/>
    </testcase>
    <testcase time="0.0169999999999995" classname="kenwardroger" name="h_kr_df_works_as_expected_in_the_standard_case">
      <skipped message="Reason: On CRAN ('test-kenwardroger.R:367:3')"/>
    </testcase>
    <testcase time="0.016" classname="kenwardroger" name="h_var_adj_works_as_expected_in_the_standard_case_for_Kenward_Roger">
      <skipped message="Reason: On CRAN ('test-kenwardroger.R:377:3')"/>
    </testcase>
    <testcase time="0.016" classname="kenwardroger" name="h_var_adj_works_as_expected_in_the_standard_case_for_Kenward_Roger_Linear">
      <skipped message="Reason: On CRAN ('test-kenwardroger.R:389:3')"/>
    </testcase>
    <testcase time="0.0140000000000011" classname="kenwardroger" name="df_md_works_as_expected_for_Kenward_Roger"/>
    <testcase time="0.0129999999999999" classname="kenwardroger" name="df_md_works_as_expected_for_Kenward_Roger"/>
  </testsuite>
  <testsuite name="mmrm-methods" timestamp="2024-04-22T12:30:04Z" hostname="9071a9ee9a94" tests="35" skipped="6" failures="0" errors="0" time="0.602">
    <testcase time="0.0190000000000001" classname="mmrm_methods" name="h_coef_table_works_as_expected"/>
    <testcase time="0.000999999999999446" classname="mmrm_methods" name="h_coef_table_works_as_expected"/>
    <testcase time="0.000999999999999446" classname="mmrm_methods" name="h_coef_table_works_as_expected"/>
    <testcase time="0.00100000000000122" classname="mmrm_methods" name="h_coef_table_works_as_expected"/>
    <testcase time="0.0109999999999992" classname="mmrm_methods" name="h_coef_table_works_as_expected"/>
    <testcase time="0.000999999999999446" classname="mmrm_methods" name="h_coef_table_works_as_expected"/>
    <testcase time="0.00300000000000011" classname="mmrm_methods" name="h_coef_table_works_as_expected"/>
    <testcase time="0.011000000000001" classname="mmrm_methods" name="summary_works_as_expected"/>
    <testcase time="0.000999999999999446" classname="mmrm_methods" name="summary_works_as_expected"/>
    <testcase time="0.000999999999999446" classname="mmrm_methods" name="summary_works_as_expected"/>
    <testcase time="0.0220000000000002" classname="mmrm_methods" name="h_print_call_works_as_expected"/>
    <testcase time="0.0330000000000013" classname="mmrm_methods" name="h_print_call_works_as_expected_for_weighted_fits"/>
    <testcase time="0.0219999999999985" classname="mmrm_methods" name="h_print_cov_works_as_expected"/>
    <testcase time="0.0190000000000001" classname="mmrm_methods" name="h_print_cov_works_as_expected"/>
    <testcase time="0.00500000000000078" classname="mmrm_methods" name="h_print_aic_list_works_as_expected">
      <skipped message="Reason: On CRAN ('test-mmrm-methods.R:66:3')"/>
    </testcase>
    <testcase time="0.0239999999999991" classname="mmrm_methods" name="print.summary.mmrm_works_as_expected">
      <skipped message="Reason: On CRAN ('test-mmrm-methods.R:79:3')"/>
    </testcase>
    <testcase time="0.0300000000000011" classname="mmrm_methods" name="print.summary.mmrm_works_as_expected_for_weighted_models">
      <skipped message="Reason: On CRAN ('test-mmrm-methods.R:85:3')"/>
    </testcase>
    <testcase time="0.020999999999999" classname="mmrm_methods" name="print.summary.mmrm_works_as_expected_for_rank_deficient_fits">
      <skipped message="Reason: On CRAN ('test-mmrm-methods.R:91:3')"/>
    </testcase>
    <testcase time="0.0170000000000012" classname="mmrm_methods" name="print.summary.mmrm_works_as_expected_for_grouped_fits">
      <skipped message="Reason: On CRAN ('test-mmrm-methods.R:97:3')"/>
    </testcase>
    <testcase time="0.0149999999999988" classname="mmrm_methods" name="print.summary.mmrm_works_as_expected_for_spatial_fits">
      <skipped message="Reason: On CRAN ('test-mmrm-methods.R:104:3')"/>
    </testcase>
    <testcase time="0.0200000000000014" classname="mmrm_methods" name="confint_works_for_different_significance_levels"/>
    <testcase time="0.00799999999999912" classname="mmrm_methods" name="confint_works_for_different_significance_levels"/>
    <testcase time="0.00799999999999912" classname="mmrm_methods" name="confint_works_for_different_significance_levels"/>
    <testcase time="0.0120000000000005" classname="mmrm_methods" name="confint_works_for_different_parm_input"/>
    <testcase time="0.00300000000000011" classname="mmrm_methods" name="confint_works_for_different_parm_input"/>
    <testcase time="0.00900000000000034" classname="mmrm_methods" name="confint_works_for_different_parm_input"/>
    <testcase time="0.00300000000000011" classname="mmrm_methods" name="confint_works_for_different_parm_input"/>
    <testcase time="0.00499999999999901" classname="mmrm_methods" name="confint_works_for_different_parm_input"/>
    <testcase time="0.00500000000000078" classname="mmrm_methods" name="confint_works_for_different_parm_input"/>
    <testcase time="0.0679999999999996" classname="mmrm_methods" name="confint_give_same_result_as_emmeans_if_no_interaction_term"/>
    <testcase time="0.00400000000000134" classname="mmrm_methods" name="confint_give_same_result_as_emmeans_if_no_interaction_term"/>
    <testcase time="0.0589999999999993" classname="mmrm_methods" name="confint_give_same_result_as_SAS_on_unstructured"/>
    <testcase time="0.048" classname="mmrm_methods" name="confint_give_same_result_as_SAS_on_unstructured"/>
    <testcase time="0.048" classname="mmrm_methods" name="confint_give_same_result_as_SAS_on_ar1"/>
    <testcase time="0.0440000000000005" classname="mmrm_methods" name="confint_give_same_result_as_SAS_on_ar1"/>
  </testsuite>
  <testsuite name="residual" timestamp="2024-04-22T12:30:05Z" hostname="9071a9ee9a94" tests="13" skipped="0" failures="0" errors="0" time="0.045">
    <testcase time="0.0109999999999992" classname="residual" name="h_df_1d_res_works_as_expected"/>
    <testcase time="0.000999999999999446" classname="residual" name="h_df_1d_res_works_as_expected"/>
    <testcase time="0.00300000000000011" classname="residual" name="h_df_1d_res_works_as_expected"/>
    <testcase time="0.00300000000000011" classname="residual" name="h_df_1d_res_works_as_expected"/>
    <testcase time="0.00300000000000011" classname="residual" name="h_df_1d_res_works_as_expected"/>
    <testcase time="0.00300000000000011" classname="residual" name="h_df_1d_res_works_as_expected"/>
    <testcase time="0.00300000000000011" classname="residual" name="h_df_1d_res_works_as_expected"/>
    <testcase time="0.00500000000000078" classname="residual" name="h_df_md_res_works_as_expected"/>
    <testcase time="0.00199999999999889" classname="residual" name="h_df_md_res_works_as_expected"/>
    <testcase time="0.00200000000000067" classname="residual" name="h_df_md_res_works_as_expected"/>
    <testcase time="0.00300000000000011" classname="residual" name="h_df_md_res_works_as_expected"/>
    <testcase time="0.00300000000000011" classname="residual" name="h_df_md_res_works_as_expected"/>
    <testcase time="0.00300000000000011" classname="residual" name="h_df_md_res_works_as_expected"/>
  </testsuite>
  <testsuite name="satterthwaite" timestamp="2024-04-22T12:30:05Z" hostname="9071a9ee9a94" tests="45" skipped="0" failures="0" errors="0" time="0.343">
    <testcase time="0.00899999999999856" classname="satterthwaite" name="h_jac_list_works_as_expected"/>
    <testcase time="0.00100000000000122" classname="satterthwaite" name="h_jac_list_works_as_expected"/>
    <testcase time="0.00300000000000011" classname="satterthwaite" name="h_jac_list_works_as_expected"/>
    <testcase time="0.00399999999999956" classname="satterthwaite" name="h_jac_list_works_as_expected"/>
    <testcase time="0.00499999999999901" classname="satterthwaite" name="h_quad_form_vec_works_as_expected"/>
    <testcase time="0.00300000000000011" classname="satterthwaite" name="h_quad_form_vec_works_as_expected"/>
    <testcase time="0.00400000000000134" classname="satterthwaite" name="h_quad_form_mat_works_as_expected_for_a_true_row_vector_as_mat"/>
    <testcase time="0.00300000000000011" classname="satterthwaite" name="h_quad_form_mat_works_as_expected_for_a_true_row_vector_as_mat"/>
    <testcase time="0.00399999999999956" classname="satterthwaite" name="h_quad_form_mat_works_as_expected_for_a_larger_mat"/>
    <testcase time="0.00200000000000067" classname="satterthwaite" name="h_quad_form_mat_works_as_expected_for_a_larger_mat"/>
    <testcase time="0.00499999999999901" classname="satterthwaite" name="h_gradient_works_as_expected"/>
    <testcase time="0.00300000000000011" classname="satterthwaite" name="h_gradient_works_as_expected"/>
    <testcase time="0.0300000000000011" classname="satterthwaite" name="h_df_1d_sat_works_as_expected"/>
    <testcase time="0.000999999999999446" classname="satterthwaite" name="h_df_1d_sat_works_as_expected"/>
    <testcase time="0.00500000000000078" classname="satterthwaite" name="h_df_1d_sat_works_as_expected"/>
    <testcase time="0.00399999999999956" classname="satterthwaite" name="h_df_1d_sat_works_as_expected"/>
    <testcase time="0.00399999999999956" classname="satterthwaite" name="h_df_1d_sat_works_as_expected"/>
    <testcase time="0.00500000000000078" classname="satterthwaite" name="h_df_1d_sat_works_as_expected"/>
    <testcase time="0.00399999999999956" classname="satterthwaite" name="h_df_1d_sat_works_as_expected"/>
    <testcase time="0.0760000000000005" classname="satterthwaite" name="h_df_1d_sat_works_as_expected_for_singular_fits"/>
    <testcase time="0.00399999999999956" classname="satterthwaite" name="h_df_1d_sat_works_as_expected_for_singular_fits"/>
    <testcase time="0.00399999999999956" classname="satterthwaite" name="h_df_1d_sat_works_as_expected_for_singular_fits"/>
    <testcase time="0.00700000000000145" classname="satterthwaite" name="h_md_denom_df_works_as_expected_in_the_standard_case"/>
    <testcase time="0.00399999999999956" classname="satterthwaite" name="h_md_denom_df_works_as_expected_in_the_standard_case"/>
    <testcase time="0.00699999999999967" classname="satterthwaite" name="h_md_denom_df_works_as_expected_for_a_single_t_statistic"/>
    <testcase time="0.00399999999999956" classname="satterthwaite" name="h_md_denom_df_works_as_expected_for_a_single_t_statistic"/>
    <testcase time="0.00600000000000023" classname="satterthwaite" name="h_md_denom_df_works_as_expected_when_the_t_statistics_are_almost_identical"/>
    <testcase time="0.0139999999999993" classname="satterthwaite" name="h_md_denom_df_works_as_expected_when_the_t_statistics_are_almost_identical"/>
    <testcase time="0.00900000000000034" classname="satterthwaite" name="h_md_denom_df_works_as_expected_when_one_t_statistic_is_2_or_smaller"/>
    <testcase time="0.00400000000000134" classname="satterthwaite" name="h_md_denom_df_works_as_expected_when_one_t_statistic_is_2_or_smaller"/>
    <testcase time="0.00399999999999956" classname="satterthwaite" name="h_md_denom_df_works_as_expected_when_one_t_statistic_is_2_or_smaller"/>
    <testcase time="0.0419999999999998" classname="satterthwaite" name="h_df_md_from_1d_works_as_expected"/>
    <testcase time="0.00199999999999889" classname="satterthwaite" name="h_df_md_from_1d_works_as_expected"/>
    <testcase time="0.00200000000000067" classname="satterthwaite" name="h_df_md_from_1d_works_as_expected"/>
    <testcase time="0.0080000000000009" classname="satterthwaite" name="h_df_md_sat_works_as_expected"/>
    <testcase time="0.00199999999999889" classname="satterthwaite" name="h_df_md_sat_works_as_expected"/>
    <testcase time="0.00399999999999956" classname="satterthwaite" name="h_df_md_sat_works_as_expected"/>
    <testcase time="0.00400000000000134" classname="satterthwaite" name="h_df_md_sat_works_as_expected"/>
    <testcase time="0.00499999999999901" classname="satterthwaite" name="h_df_md_sat_works_as_expected"/>
    <testcase time="0.00300000000000011" classname="satterthwaite" name="h_df_md_sat_works_as_expected"/>
    <testcase time="0.00900000000000034" classname="satterthwaite" name="h_df_md_sat_works_as_expected_with_a_non_full_rank_contrast_matrix"/>
    <testcase time="0.00399999999999956" classname="satterthwaite" name="h_df_md_sat_works_as_expected_with_a_non_full_rank_contrast_matrix"/>
    <testcase time="0.00900000000000034" classname="satterthwaite" name="h_df_md_sat_works_as_expected_for_rank_deficient_model"/>
    <testcase time="0.00300000000000011" classname="satterthwaite" name="h_df_md_sat_works_as_expected_for_rank_deficient_model"/>
    <testcase time="0.00399999999999956" classname="satterthwaite" name="h_df_md_sat_works_as_expected_for_rank_deficient_model"/>
  </testsuite>
  <testsuite name="skipping" timestamp="2024-04-22T12:30:05Z" hostname="9071a9ee9a94" tests="6" skipped="0" failures="0" errors="0" time="0.135">
    <testcase time="0.00999999999999979" classname="skipping" name="is_r_devel_works_as_expected"/>
    <testcase time="0.00600000000000023" classname="skipping" name="is_linux_works_as_expected"/>
    <testcase time="0.043000000000001" classname="skipping" name="get_compiler_works_as_expected"/>
    <testcase time="0.0339999999999989" classname="skipping" name="is_using_clang_works_as_expected"/>
    <testcase time="0.0360000000000014" classname="skipping" name="is_using_clang_gives_the_same_information_as_R_compiled_by_in_recent_R_versions"/>
    <testcase time="0.00599999999999845" classname="skipping" name="is_r_devel_linux_clang_works_as_expected"/>
  </testsuite>
  <testsuite name="testing" timestamp="2024-04-22T12:30:05Z" hostname="9071a9ee9a94" tests="16" skipped="2" failures="0" errors="0" time="0.107">
    <testcase time="0.0129999999999999" classname="testing" name="df_1d_uses_correct_function_on_Satterthwaite_method_fit"/>
    <testcase time="0.00700000000000145" classname="testing" name="df_1d_uses_correct_function_on_Kenward_Roger_method_fit"/>
    <testcase time="0.0109999999999992" classname="testing" name="df_1d_uses_correct_function_on_Between_Within_method_fit"/>
    <testcase time="0.0080000000000009" classname="testing" name="df_md_uses_correct_function_on_Satterthwaite_method_fit"/>
    <testcase time="0.00799999999999912" classname="testing" name="df_md_uses_correct_function_on_Kenward_Roger_method_fit"/>
    <testcase time="0.00699999999999967" classname="testing" name="df_md_uses_correct_function_on_Kenward_Roger_Linear_method_fit"/>
    <testcase time="0.00999999999999979" classname="testing" name="df_md_uses_correct_function_on_Between_Within_method_fit"/>
    <testcase time="0.00600000000000023" classname="testing" name="df_md_return_df_0_and_other_stat_all_NA_if_empty_matrix_provided"/>
    <testcase time="0.00500000000000078" classname="testing" name="h_test_1d_works_as_expected"/>
    <testcase time="0.00199999999999889" classname="testing" name="h_test_1d_works_as_expected"/>
    <testcase time="0.00100000000000122" classname="testing" name="h_test_1d_works_as_expected"/>
    <testcase time="0.00699999999999967" classname="testing" name="h_test_1d_works_as_expected">
      <skipped message="Reason: On CRAN ('test-testing.R:78:3')"/>
    </testcase>
    <testcase time="0.0139999999999993" classname="testing" name="h_test_md_works_as_expected"/>
    <testcase time="0.00100000000000122" classname="testing" name="h_test_md_works_as_expected"/>
    <testcase time="0.000999999999999446" classname="testing" name="h_test_md_works_as_expected"/>
    <testcase time="0.00600000000000023" classname="testing" name="h_test_md_works_as_expected">
      <skipped message="Reason: On CRAN ('test-testing.R:93:3')"/>
    </testcase>
  </testsuite>
  <testsuite name="tidiers" timestamp="2024-04-22T12:30:06Z" hostname="9071a9ee9a94" tests="43" skipped="0" failures="0" errors="0" time="0.581">
    <testcase time="0.036999999999999" classname="tidiers" name="glance_returns_expected_values_in_summary_in_tibble_form"/>
    <testcase time="0.00300000000000011" classname="tidiers" name="glance_returns_expected_values_in_summary_in_tibble_form"/>
    <testcase time="0.0190000000000001" classname="tidiers" name="tidy_returns_expected_values_in_summary_in_tibble_form"/>
    <testcase time="0.00200000000000067" classname="tidiers" name="tidy_returns_expected_values_in_summary_in_tibble_form"/>
    <testcase time="0.0309999999999988" classname="tidiers" name="tidy_conf.int"/>
    <testcase time="0.00200000000000067" classname="tidiers" name="tidy_conf.int"/>
    <testcase time="0.027000000000001" classname="tidiers" name="tidy_conf.int_level"/>
    <testcase time="0.00299999999999834" classname="tidiers" name="tidy_conf.int_level"/>
    <testcase time="0.0150000000000006" classname="tidiers" name="augment_returns_tibble_form_when_called_with_default_arguments"/>
    <testcase time="0.0190000000000001" classname="tidiers" name="augment_returns_prediction"/>
    <testcase time="0.0199999999999996" classname="tidiers" name="augment_returns_prediction_with_confidence_interval"/>
    <testcase time="0.0269999999999992" classname="tidiers" name="augment_returns_prediction_with_confidence_interval_with_level"/>
    <testcase time="0.0740000000000016" classname="tidiers" name="augment_returns_prediction_with_prediction_interval"/>
    <testcase time="0.0809999999999995" classname="tidiers" name="augment_returns_prediction_with_prediction_interval_with_level"/>
    <testcase time="0.0240000000000009" classname="tidiers" name="augment_returns_residuals_response"/>
    <testcase time="0.0169999999999995" classname="tidiers" name="augment_returns_residuals_pearson"/>
    <testcase time="0.0150000000000006" classname="tidiers" name="augment_returns_residuals_normalized"/>
    <testcase time="0.0120000000000005" classname="tidiers" name="h_tbl_confint_terms_works_as_expected"/>
    <testcase time="0.000999999999997669" classname="tidiers" name="h_tbl_confint_terms_works_as_expected"/>
    <testcase time="0.00100000000000122" classname="tidiers" name="h_tbl_confint_terms_works_as_expected"/>
    <testcase time="0.032" classname="tidiers" name="h_tbl_confint_terms_works_for_model_with_only_intercept"/>
    <testcase time="0.00100000000000122" classname="tidiers" name="h_tbl_confint_terms_works_for_model_with_only_intercept"/>
    <testcase time="0.00199999999999889" classname="tidiers" name="h_tbl_confint_terms_works_for_model_with_only_intercept"/>
    <testcase time="0.00400000000000134" classname="tidiers" name="h_tbl_confint_terms_works_for_model_with_only_intercept"/>
    <testcase time="0.0169999999999995" classname="tidiers" name="h_newdata_add_pred_works_as_expected_when_se_fit_and_interval_requested"/>
    <testcase time="0.00199999999999889" classname="tidiers" name="h_newdata_add_pred_works_as_expected_when_se_fit_and_interval_requested"/>
    <testcase time="0.00199999999999889" classname="tidiers" name="h_newdata_add_pred_works_as_expected_when_se_fit_and_interval_requested"/>
    <testcase time="0.00100000000000122" classname="tidiers" name="h_newdata_add_pred_works_as_expected_when_se_fit_and_interval_requested"/>
    <testcase time="0.00199999999999889" classname="tidiers" name="h_newdata_add_pred_works_as_expected_when_se_fit_and_interval_requested"/>
    <testcase time="0.00200000000000244" classname="tidiers" name="h_newdata_add_pred_works_as_expected_when_se_fit_and_interval_requested"/>
    <testcase time="0.000999999999997669" classname="tidiers" name="h_newdata_add_pred_works_as_expected_when_se_fit_and_interval_requested"/>
    <testcase time="0.0130000000000017" classname="tidiers" name="h_newdata_add_pred_fails_when_se_fit_requested_with_interval_none"/>
    <testcase time="0.0180000000000007" classname="tidiers" name="h_newdata_add_pred_works_as_expected_when_interval_requested_but_not_se_fit"/>
    <testcase time="0.000999999999997669" classname="tidiers" name="h_newdata_add_pred_works_as_expected_when_interval_requested_but_not_se_fit"/>
    <testcase time="0.00200000000000244" classname="tidiers" name="h_newdata_add_pred_works_as_expected_when_interval_requested_but_not_se_fit"/>
    <testcase time="0.0179999999999971" classname="tidiers" name="h_newdata_add_pred_works_when_only_fit_requested"/>
    <testcase time="0.00200000000000244" classname="tidiers" name="h_newdata_add_pred_works_when_only_fit_requested"/>
    <testcase time="0.000999999999997669" classname="tidiers" name="h_newdata_add_pred_works_when_only_fit_requested"/>
    <testcase time="0.00700000000000145" classname="tidiers" name="h_df_to_tibble_works_as_expected"/>
    <testcase time="0.00499999999999901" classname="tidiers" name="h_df_to_tibble_works_as_expected"/>
    <testcase time="0.00700000000000145" classname="tidiers" name="h_df_to_tibble_adds_a_.rownames_column_as_expected"/>
    <testcase time="0.00300000000000011" classname="tidiers" name="h_df_to_tibble_adds_a_.rownames_column_as_expected"/>
    <testcase time="0.00799999999999912" classname="tidiers" name="h_df_to_tibble_catches_errors_with_a_useful_message"/>
  </testsuite>
  <testsuite name="tmb-methods" timestamp="2024-04-22T12:30:06Z" hostname="9071a9ee9a94" tests="212" skipped="2" failures="1" errors="0" time="6.64">
    <testcase time="0.0120000000000005" classname="tmb_methods" name="coef_works_as_expected"/>
    <testcase time="0.00400000000000134" classname="tmb_methods" name="coef_works_as_expected"/>
    <testcase time="0.00499999999999901" classname="tmb_methods" name="coef_works_as_expected_for_rank_deficient_model"/>
    <testcase time="0.00300000000000011" classname="tmb_methods" name="coef_works_as_expected_for_rank_deficient_model"/>
    <testcase time="0.00199999999999889" classname="tmb_methods" name="coef_works_as_expected_for_rank_deficient_model"/>
    <testcase time="0.00300000000000011" classname="tmb_methods" name="coef_works_as_expected_for_rank_deficient_model"/>
    <testcase time="0.00499999999999901" classname="tmb_methods" name="fitted_works_as_expected"/>
    <testcase time="0.00100000000000122" classname="tmb_methods" name="fitted_works_as_expected"/>
    <testcase time="0.00600000000000023" classname="tmb_methods" name="fitted_give_same_result_compared_to_nlme"/>
    <testcase time="0.0549999999999997" classname="tmb_methods" name="fitted_give_same_result_compared_to_nlme"/>
    <testcase time="0.0500000000000007" classname="tmb_methods" name="fitted_give_same_result_compared_to_nlme_if_the_order_is_changed"/>
    <testcase time="0.00600000000000023" classname="tmb_methods" name="h_get_prediction_works"/>
    <testcase time="0.00300000000000011" classname="tmb_methods" name="h_get_prediction_works"/>
    <testcase time="0.00799999999999912" classname="tmb_methods" name="h_get_prediction_works_for_partial_data"/>
    <testcase time="0.00300000000000011" classname="tmb_methods" name="h_get_prediction_works_for_partial_data"/>
    <testcase time="0.00199999999999889" classname="tmb_methods" name="h_get_prediction_works_for_partial_data"/>
    <testcase time="0.00300000000000011" classname="tmb_methods" name="h_get_prediction_works_for_partial_data"/>
    <testcase time="0.00799999999999912" classname="tmb_methods" name="predict_works_for_old_patient_new_visit"/>
    <testcase time="0.00600000000000023" classname="tmb_methods" name="predict_works_for_old_patient_new_visit"/>
    <testcase time="0.00500000000000256" classname="tmb_methods" name="predict_works_for_old_patient_new_visit"/>
    <testcase time="0.0139999999999993" classname="tmb_methods" name="predict_works_for_only_fit_values_without_response"/>
    <testcase time="0.00300000000000011" classname="tmb_methods" name="predict_works_for_only_fit_values_without_response"/>
    <testcase time="0.0110000000000028" classname="tmb_methods" name="predict_works_for_only_fit_values_with_response"/>
    <testcase time="0.00300000000000011" classname="tmb_methods" name="predict_works_for_only_fit_values_with_response"/>
    <testcase time="0.00199999999999889" classname="tmb_methods" name="predict_works_for_only_fit_values_with_response"/>
    <testcase time="0.0760000000000005" classname="tmb_methods" name="predict_warns_on_aliased_variables"/>
    <testcase time="0.0240000000000009" classname="tmb_methods" name="predict_will_return_on_correct_order"/>
    <testcase time="0.0219999999999985" classname="tmb_methods" name="predict_will_return_NA_if_data_contains_NA_in_covariates"/>
    <testcase time="0.00399999999999778" classname="tmb_methods" name="predict_will_return_NA_if_data_contains_NA_in_covariates"/>
    <testcase time="0.0160000000000018" classname="tmb_methods" name="predict_can_give_unconditional_predictions"/>
    <testcase time="0.361999999999998" classname="tmb_methods" name="predict_can_give_unconditional_predictions">
      <failure type="failure" message="`p` (`actual`) not identical to (m %*% fit$beta_est)[, 1] (`expected`). ('test-tmb-methods.R:183:3')">`p` (`actual`) not identical to (m %*% fit$beta_est)[, 1] (`expected`).

    actual             | expected              
[1] 36.408267219132568 | 36.408267219132568 [1]
[2] 41.205929423545818 - 41.205929423545825 [2]
[3] 46.056694732367006 | 46.056694732367006 [3]
[4] 52.086392514290281 | 52.086392514290281 [4]
[5] 30.777475482893124 | 30.777475482893124 [5]

     actual             | expected               
[31] 42.650088136931451 | 42.650088136931451 [31]
[32] 47.361873516374402 | 47.361873516374402 [32]
[33] 40.195270874378977 | 40.195270874378977 [33]
[34] 44.992933078792227 - 44.992933078792234 [34]
[35] 49.843698387613415 | 49.843698387613415 [35]
[36] 55.873396169536690 | 55.873396169536690 [36]
[37] 32.634037175725503 | 32.634037175725503 [37]

     actual             | expected               
[47] 41.119588366139439 | 41.119588366139439 [47]
[48] 45.831373745582390 | 45.831373745582390 [48]
[49] 40.195270874378977 | 40.195270874378977 [49]
[50] 44.992933078792227 - 44.992933078792234 [50]
[51] 49.843698387613415 | 49.843698387613415 [51]
[52] 55.873396169536690 | 55.873396169536690 [52]
[53] 32.307975253685136 | 32.307975253685136 [53]

     actual             | expected               
[75] 44.200133039534627 | 44.200133039534627 [75]
[76] 50.229830821457902 | 50.229830821457902 [76]
[77] 40.521332796419344 | 40.521332796419344 [77]
[78] 45.318995000832594 - 45.318995000832601 [78]
[79] 50.169760309653782 | 50.169760309653782 [79]
[80] 56.199458091577057 | 56.199458091577057 [80]
[81] 40.195270874378977 | 40.195270874378977 [81]
[82] 44.992933078792227 - 44.992933078792234 [82]
[83] 49.843698387613415 | 49.843698387613415 [83]
[84] 55.873396169536690 | 55.873396169536690 [84]
[85] 40.195270874378977 | 40.195270874378977 [85]
[86] 44.992933078792227 - 44.992933078792234 [86]
[87] 49.843698387613415 | 49.843698387613415 [87]
[88] 55.873396169536690 | 55.873396169536690 [88]
[89] 32.634037175725503 | 32.634037175725503 [89]

      actual             | expected                
 [91] 42.976150058971818 | 42.976150058971818 [91] 
 [92] 47.687935438414769 | 47.687935438414769 [92] 
 [93] 40.521332796419344 | 40.521332796419344 [93] 
 [94] 45.318995000832594 - 45.318995000832601 [94] 
 [95] 50.169760309653782 | 50.169760309653782 [95] 
 [96] 56.199458091577057 | 56.199458091577057 [96] 
 [97] 40.521332796419344 | 40.521332796419344 [97] 
 [98] 45.318995000832594 - 45.318995000832601 [98] 
 [99] 50.169760309653782 | 50.169760309653782 [99] 
[100] 56.199458091577057 | 56.199458091577057 [100]
[101] 40.521332796419344 | 40.521332796419344 [101]
[102] 45.318995000832594 - 45.318995000832601 [102]
[103] 50.169760309653782 | 50.169760309653782 [103]
[104] 56.199458091577057 | 56.199458091577057 [104]
[105] 36.408267219132568 | 36.408267219132568 [105]
[106] 41.205929423545818 - 41.205929423545825 [106]
[107] 46.056694732367006 | 46.056694732367006 [107]
[108] 52.086392514290281 | 52.086392514290281 [108]
[109] 36.082205297092202 | 36.082205297092202 [109]
[110] 40.879867501505451 - 40.879867501505458 [110]
[111] 45.730632810326640 | 45.730632810326640 [111]
[112] 51.760330592249915 | 51.760330592249915 [112]
[113] 36.082205297092202 | 36.082205297092202 [113]
[114] 40.879867501505451 - 40.879867501505458 [114]
[115] 45.730632810326640 | 45.730632810326640 [115]
[116] 51.760330592249915 | 51.760330592249915 [116]
[117] 34.877767448340556 | 34.877767448340556 [117]

      actual             | expected                
[123] 41.445650288179806 | 41.445650288179806 [123]
[124] 46.157435667622757 | 46.157435667622757 [124]
[125] 36.082205297092202 | 36.082205297092202 [125]
[126] 40.879867501505451 - 40.879867501505458 [126]
[127] 45.730632810326640 | 45.730632810326640 [127]
[128] 51.760330592249915 | 51.760330592249915 [128]
[129] 36.082205297092202 | 36.082205297092202 [129]
[130] 40.879867501505451 - 40.879867501505458 [130]
[131] 45.730632810326640 | 45.730632810326640 [131]
[132] 51.760330592249915 | 51.760330592249915 [132]
[133] 31.103537404933491 | 31.103537404933491 [133]

      actual             | expected                
[135] 41.445650288179806 | 41.445650288179806 [135]
[136] 46.157435667622757 | 46.157435667622757 [136]
[137] 36.408267219132568 | 36.408267219132568 [137]
[138] 41.205929423545818 - 41.205929423545825 [138]
[139] 46.056694732367006 | 46.056694732367006 [139]
[140] 52.086392514290281 | 52.086392514290281 [140]
[141] 34.877767448340556 | 34.877767448340556 [141]

      actual             | expected                
[167] 42.650088136931451 | 42.650088136931451 [167]
[168] 47.361873516374402 | 47.361873516374402 [168]
[169] 36.408267219132568 | 36.408267219132568 [169]
[170] 41.205929423545818 - 41.205929423545825 [170]
[171] 46.056694732367006 | 46.056694732367006 [171]
[172] 52.086392514290281 | 52.086392514290281 [172]
[173] 36.082205297092202 | 36.082205297092202 [173]
[174] 40.879867501505451 - 40.879867501505458 [174]
[175] 45.730632810326640 | 45.730632810326640 [175]
[176] 51.760330592249915 | 51.760330592249915 [176]
[177] 31.103537404933491 | 31.103537404933491 [177]

      actual             | expected                
[199] 44.526194961574994 | 44.526194961574994 [199]
[200] 50.555892743498269 | 50.555892743498269 [200]
[201] 36.408267219132568 | 36.408267219132568 [201]
[202] 41.205929423545818 - 41.205929423545825 [202]
[203] 46.056694732367006 | 46.056694732367006 [203]
[204] 52.086392514290281 | 52.086392514290281 [204]
[205] 36.408267219132568 | 36.408267219132568 [205]
[206] 41.205929423545818 - 41.205929423545825 [206]
[207] 46.056694732367006 | 46.056694732367006 [207]
[208] 52.086392514290281 | 52.086392514290281 [208]
[209] 36.421040830971911 | 36.421040830971911 [209]

      actual             | expected                
[211] 46.763153714218227 | 46.763153714218227 [211]
[212] 51.474939093661177 | 51.474939093661177 [212]
[213] 40.521332796419344 | 40.521332796419344 [213]
[214] 45.318995000832594 - 45.318995000832601 [214]
[215] 50.169760309653782 | 50.169760309653782 [215]
[216] 56.199458091577057 | 56.199458091577057 [216]
[217] 34.551705526300189 | 34.551705526300189 [217]

      actual             | expected                
[223] 42.650088136931451 | 42.650088136931451 [223]
[224] 47.361873516374402 | 47.361873516374402 [224]
[225] 36.082205297092202 | 36.082205297092202 [225]
[226] 40.879867501505451 - 40.879867501505458 [226]
[227] 45.730632810326640 | 45.730632810326640 [227]
[228] 51.760330592249915 | 51.760330592249915 [228]
[229] 40.521332796419344 | 40.521332796419344 [229]
[230] 45.318995000832594 - 45.318995000832601 [230]
[231] 50.169760309653782 | 50.169760309653782 [231]
[232] 56.199458091577057 | 56.199458091577057 [232]
[233] 40.521332796419344 | 40.521332796419344 [233]
[234] 45.318995000832594 - 45.318995000832601 [234]
[235] 50.169760309653782 | 50.169760309653782 [235]
[236] 56.199458091577057 | 56.199458091577057 [236]
[237] 36.408267219132568 | 36.408267219132568 [237]
[238] 41.205929423545818 - 41.205929423545825 [238]
[239] 46.056694732367006 | 46.056694732367006 [239]
[240] 52.086392514290281 | 52.086392514290281 [240]
[241] 34.551705526300189 | 34.551705526300189 [241]

      actual             | expected                
[263] 44.200133039534627 | 44.200133039534627 [263]
[264] 50.229830821457902 | 50.229830821457902 [264]
[265] 40.521332796419344 | 40.521332796419344 [265]
[266] 45.318995000832594 - 45.318995000832601 [266]
[267] 50.169760309653782 | 50.169760309653782 [267]
[268] 56.199458091577057 | 56.199458091577057 [268]
[269] 40.521332796419344 | 40.521332796419344 [269]
[270] 45.318995000832594 - 45.318995000832601 [270]
[271] 50.169760309653782 | 50.169760309653782 [271]
[272] 56.199458091577057 | 56.199458091577057 [272]
[273] 32.307975253685136 | 32.307975253685136 [273]

      actual             | expected                
[299] 46.763153714218227 | 46.763153714218227 [299]
[300] 51.474939093661177 | 51.474939093661177 [300]
[301] 40.195270874378977 | 40.195270874378977 [301]
[302] 44.992933078792227 - 44.992933078792234 [302]
[303] 49.843698387613415 | 49.843698387613415 [303]
[304] 55.873396169536690 | 55.873396169536690 [304]
[305] 34.551705526300189 | 34.551705526300189 [305]

      actual             | expected                
[307] 44.200133039534627 | 44.200133039534627 [307]
[308] 50.229830821457902 | 50.229830821457902 [308]
[309] 40.521332796419344 | 40.521332796419344 [309]
[310] 45.318995000832594 - 45.318995000832601 [310]
[311] 50.169760309653782 | 50.169760309653782 [311]
[312] 56.199458091577057 | 56.199458091577057 [312]
[313] 31.103537404933491 | 31.103537404933491 [313]

      actual             | expected                
[327] 42.976150058971818 | 42.976150058971818 [327]
[328] 47.687935438414769 | 47.687935438414769 [328]
[329] 40.195270874378977 | 40.195270874378977 [329]
[330] 44.992933078792227 - 44.992933078792234 [330]
[331] 49.843698387613415 | 49.843698387613415 [331]
[332] 55.873396169536690 | 55.873396169536690 [332]
[333] 31.103537404933491 | 31.103537404933491 [333]

      actual             | expected                
[339] 41.445650288179806 | 41.445650288179806 [339]
[340] 46.157435667622757 | 46.157435667622757 [340]
[341] 36.408267219132568 | 36.408267219132568 [341]
[342] 41.205929423545818 - 41.205929423545825 [342]
[343] 46.056694732367006 | 46.056694732367006 [343]
[344] 52.086392514290281 | 52.086392514290281 [344]
[345] 36.421040830971911 | 36.421040830971911 [345]

      actual             | expected                
[359] 41.119588366139439 | 41.119588366139439 [359]
[360] 45.831373745582390 | 45.831373745582390 [360]
[361] 40.521332796419344 | 40.521332796419344 [361]
[362] 45.318995000832594 - 45.318995000832601 [362]
[363] 50.169760309653782 | 50.169760309653782 [363]
[364] 56.199458091577057 | 56.199458091577057 [364]
[365] 40.521332796419344 | 40.521332796419344 [365]
[366] 45.318995000832594 - 45.318995000832601 [366]
[367] 50.169760309653782 | 50.169760309653782 [367]
[368] 56.199458091577057 | 56.199458091577057 [368]
[369] 32.307975253685136 | 32.307975253685136 [369]

      actual             | expected                
[383] 42.976150058971818 | 42.976150058971818 [383]
[384] 47.687935438414769 | 47.687935438414769 [384]
[385] 40.195270874378977 | 40.195270874378977 [385]
[386] 44.992933078792227 - 44.992933078792234 [386]
[387] 49.843698387613415 | 49.843698387613415 [387]
[388] 55.873396169536690 | 55.873396169536690 [388]
[389] 30.777475482893124 | 30.777475482893124 [389]

      actual             | expected                
[399] 42.976150058971818 | 42.976150058971818 [399]
[400] 47.687935438414769 | 47.687935438414769 [400]
[401] 40.195270874378977 | 40.195270874378977 [401]
[402] 44.992933078792227 - 44.992933078792234 [402]
[403] 49.843698387613415 | 49.843698387613415 [403]
[404] 55.873396169536690 | 55.873396169536690 [404]
[405] 31.103537404933491 | 31.103537404933491 [405]

      actual             | expected                
[415] 42.976150058971818 | 42.976150058971818 [415]
[416] 47.687935438414769 | 47.687935438414769 [416]
[417] 36.408267219132568 | 36.408267219132568 [417]
[418] 41.205929423545818 - 41.205929423545825 [418]
[419] 46.056694732367006 | 46.056694732367006 [419]
[420] 52.086392514290281 | 52.086392514290281 [420]
[421] 34.877767448340556 | 34.877767448340556 [421]

      actual             | expected                
[427] 47.089215636258594 | 47.089215636258594 [427]
[428] 51.801001015701544 | 51.801001015701544 [428]
[429] 40.195270874378977 | 40.195270874378977 [429]
[430] 44.992933078792227 - 44.992933078792234 [430]
[431] 49.843698387613415 | 49.843698387613415 [431]
[432] 55.873396169536690 | 55.873396169536690 [432]
[433] 32.634037175725503 | 32.634037175725503 [433]

      actual             | expected                
[459] 41.445650288179806 | 41.445650288179806 [459]
[460] 46.157435667622757 | 46.157435667622757 [460]
[461] 36.082205297092202 | 36.082205297092202 [461]
[462] 40.879867501505451 - 40.879867501505458 [462]
[463] 45.730632810326640 | 45.730632810326640 [463]
[464] 51.760330592249915 | 51.760330592249915 [464]
[465] 32.307975253685136 | 32.307975253685136 [465]

      actual             | expected                
[471] 41.445650288179806 | 41.445650288179806 [471]
[472] 46.157435667622757 | 46.157435667622757 [472]
[473] 40.195270874378977 | 40.195270874378977 [473]
[474] 44.992933078792227 - 44.992933078792234 [474]
[475] 49.843698387613415 | 49.843698387613415 [475]
[476] 55.873396169536690 | 55.873396169536690 [476]
[477] 31.103537404933491 | 31.103537404933491 [477]

      actual             | expected                
[479] 41.445650288179806 | 41.445650288179806 [479]
[480] 46.157435667622757 | 46.157435667622757 [480]
[481] 36.082205297092202 | 36.082205297092202 [481]
[482] 40.879867501505451 - 40.879867501505458 [482]
[483] 45.730632810326640 | 45.730632810326640 [483]
[484] 51.760330592249915 | 51.760330592249915 [484]
[485] 31.103537404933491 | 31.103537404933491 [485]

      actual             | expected                
[503] 44.200133039534627 | 44.200133039534627 [503]
[504] 50.229830821457902 | 50.229830821457902 [504]
[505] 36.408267219132568 | 36.408267219132568 [505]
[506] 41.205929423545818 - 41.205929423545825 [506]
[507] 46.056694732367006 | 46.056694732367006 [507]
[508] 52.086392514290281 | 52.086392514290281 [508]
[509] 34.877767448340556 | 34.877767448340556 [509]

      actual             | expected                
[511] 44.526194961574994 | 44.526194961574994 [511]
[512] 50.555892743498269 | 50.555892743498269 [512]
[513] 40.195270874378977 | 40.195270874378977 [513]
[514] 44.992933078792227 - 44.992933078792234 [514]
[515] 49.843698387613415 | 49.843698387613415 [515]
[516] 55.873396169536690 | 55.873396169536690 [516]
[517] 36.421040830971911 | 36.421040830971911 [517]

      actual             | expected                
[539] 42.650088136931451 | 42.650088136931451 [539]
[540] 47.361873516374402 | 47.361873516374402 [540]
[541] 40.521332796419344 | 40.521332796419344 [541]
[542] 45.318995000832594 - 45.318995000832601 [542]
[543] 50.169760309653782 | 50.169760309653782 [543]
[544] 56.199458091577057 | 56.199458091577057 [544]
[545] 34.877767448340556 | 34.877767448340556 [545]

      actual             | expected                
[559] 42.976150058971818 | 42.976150058971818 [559]
[560] 47.687935438414769 | 47.687935438414769 [560]
[561] 40.195270874378977 | 40.195270874378977 [561]
[562] 44.992933078792227 - 44.992933078792234 [562]
[563] 49.843698387613415 | 49.843698387613415 [563]
[564] 55.873396169536690 | 55.873396169536690 [564]
[565] 36.082205297092202 | 36.082205297092202 [565]
[566] 40.879867501505451 - 40.879867501505458 [566]
[567] 45.730632810326640 | 45.730632810326640 [567]
[568] 51.760330592249915 | 51.760330592249915 [568]
[569] 36.408267219132568 | 36.408267219132568 [569]
[570] 41.205929423545818 - 41.205929423545825 [570]
[571] 46.056694732367006 | 46.056694732367006 [571]
[572] 52.086392514290281 | 52.086392514290281 [572]
[573] 31.103537404933491 | 31.103537404933491 [573]

      actual             | expected                
[587] 41.445650288179806 | 41.445650288179806 [587]
[588] 46.157435667622757 | 46.157435667622757 [588]
[589] 36.082205297092202 | 36.082205297092202 [589]
[590] 40.879867501505451 - 40.879867501505458 [590]
[591] 45.730632810326640 | 45.730632810326640 [591]
[592] 51.760330592249915 | 51.760330592249915 [592]
[593] 31.103537404933491 | 31.103537404933491 [593]

      actual             | expected                
[623] 46.763153714218227 | 46.763153714218227 [623]
[624] 51.474939093661177 | 51.474939093661177 [624]
[625] 36.082205297092202 | 36.082205297092202 [625]
[626] 40.879867501505451 - 40.879867501505458 [626]
[627] 45.730632810326640 | 45.730632810326640 [627]
[628] 51.760330592249915 | 51.760330592249915 [628]
[629] 36.082205297092202 | 36.082205297092202 [629]
[630] 40.879867501505451 - 40.879867501505458 [630]
[631] 45.730632810326640 | 45.730632810326640 [631]
[632] 51.760330592249915 | 51.760330592249915 [632]
[633] 34.877767448340556 | 34.877767448340556 [633]

      actual             | expected                
[655] 42.976150058971818 | 42.976150058971818 [655]
[656] 47.687935438414769 | 47.687935438414769 [656]
[657] 40.521332796419344 | 40.521332796419344 [657]
[658] 45.318995000832594 - 45.318995000832601 [658]
[659] 50.169760309653782 | 50.169760309653782 [659]
[660] 56.199458091577057 | 56.199458091577057 [660]
[661] 34.551705526300189 | 34.551705526300189 [661]

      actual             | expected                
[675] 47.089215636258594 | 47.089215636258594 [675]
[676] 51.801001015701544 | 51.801001015701544 [676]
[677] 40.521332796419344 | 40.521332796419344 [677]
[678] 45.318995000832594 - 45.318995000832601 [678]
[679] 50.169760309653782 | 50.169760309653782 [679]
[680] 56.199458091577057 | 56.199458091577057 [680]
[681] 31.103537404933491 | 31.103537404933491 [681]

      actual             | expected                
[687] 44.526194961574994 | 44.526194961574994 [687]
[688] 50.555892743498269 | 50.555892743498269 [688]
[689] 40.521332796419344 | 40.521332796419344 [689]
[690] 45.318995000832594 - 45.318995000832601 [690]
[691] 50.169760309653782 | 50.169760309653782 [691]
[692] 56.199458091577057 | 56.199458091577057 [692]
[693] 36.408267219132568 | 36.408267219132568 [693]
[694] 41.205929423545818 - 41.205929423545825 [694]
[695] 46.056694732367006 | 46.056694732367006 [695]
[696] 52.086392514290281 | 52.086392514290281 [696]
[697] 32.634037175725503 | 32.634037175725503 [697]

      actual             | expected                
[699] 42.976150058971818 | 42.976150058971818 [699]
[700] 47.687935438414769 | 47.687935438414769 [700]
[701] 36.082205297092202 | 36.082205297092202 [701]
[702] 40.879867501505451 - 40.879867501505458 [702]
[703] 45.730632810326640 | 45.730632810326640 [703]
[704] 51.760330592249915 | 51.760330592249915 [704]
[705] 32.307975253685136 | 32.307975253685136 [705]

      actual             | expected                
[711] 42.650088136931451 | 42.650088136931451 [711]
[712] 47.361873516374402 | 47.361873516374402 [712]
[713] 40.195270874378977 | 40.195270874378977 [713]
[714] 44.992933078792227 - 44.992933078792234 [714]
[715] 49.843698387613415 | 49.843698387613415 [715]
[716] 55.873396169536690 | 55.873396169536690 [716]
[717] 30.777475482893124 | 30.777475482893124 [717]

      actual             | expected                
[723] 41.445650288179806 | 41.445650288179806 [723]
[724] 46.157435667622757 | 46.157435667622757 [724]
[725] 36.408267219132568 | 36.408267219132568 [725]
[726] 41.205929423545818 - 41.205929423545825 [726]
[727] 46.056694732367006 | 46.056694732367006 [727]
[728] 52.086392514290281 | 52.086392514290281 [728]
[729] 36.408267219132568 | 36.408267219132568 [729]
[730] 41.205929423545818 - 41.205929423545825 [730]
[731] 46.056694732367006 | 46.056694732367006 [731]
[732] 52.086392514290281 | 52.086392514290281 [732]
[733] 40.521332796419344 | 40.521332796419344 [733]
[734] 45.318995000832594 - 45.318995000832601 [734]
[735] 50.169760309653782 | 50.169760309653782 [735]
[736] 56.199458091577057 | 56.199458091577057 [736]
[737] 32.634037175725503 | 32.634037175725503 [737]

      actual             | expected                
[755] 44.526194961574994 | 44.526194961574994 [755]
[756] 50.555892743498269 | 50.555892743498269 [756]
[757] 36.408267219132568 | 36.408267219132568 [757]
[758] 41.205929423545818 - 41.205929423545825 [758]
[759] 46.056694732367006 | 46.056694732367006 [759]
[760] 52.086392514290281 | 52.086392514290281 [760]
[761] 40.195270874378977 | 40.195270874378977 [761]
[762] 44.992933078792227 - 44.992933078792234 [762]
[763] 49.843698387613415 | 49.843698387613415 [763]
[764] 55.873396169536690 | 55.873396169536690 [764]
[765] 40.521332796419344 | 40.521332796419344 [765]
[766] 45.318995000832594 - 45.318995000832601 [766]
[767] 50.169760309653782 | 50.169760309653782 [767]
[768] 56.199458091577057 | 56.199458091577057 [768]
[769] 30.777475482893124 | 30.777475482893124 [769]

      actual             | expected                
[775] 42.650088136931451 | 42.650088136931451 [775]
[776] 47.361873516374402 | 47.361873516374402 [776]
[777] 40.521332796419344 | 40.521332796419344 [777]
[778] 45.318995000832594 - 45.318995000832601 [778]
[779] 50.169760309653782 | 50.169760309653782 [779]
[780] 56.199458091577057 | 56.199458091577057 [780]
[781] 30.777475482893124 | 30.777475482893124 [781]

      actual             | expected                
[787] 42.650088136931451 | 42.650088136931451 [787]
[788] 47.361873516374402 | 47.361873516374402 [788]
[789] 36.082205297092202 | 36.082205297092202 [789]
[790] 40.879867501505451 - 40.879867501505458 [790]
[791] 45.730632810326640 | 45.730632810326640 [791]
[792] 51.760330592249915 | 51.760330592249915 [792]
[793] 40.195270874378977 | 40.195270874378977 [793]
[794] 44.992933078792227 - 44.992933078792234 [794]
[795] 49.843698387613415 | 49.843698387613415 [795]
[796] 55.873396169536690 | 55.873396169536690 [796]
[797] 32.307975253685136 | 32.307975253685136 [797]</failure>
    </testcase>
    <testcase time="0.0730000000000004" classname="tmb_methods" name="predict_gives_same_result_with_sas_in_unstructured_satterthwaite_Kenward_Roger"/>
    <testcase time="0.00499999999999901" classname="tmb_methods" name="predict_gives_same_result_with_sas_in_unstructured_satterthwaite_Kenward_Roger"/>
    <testcase time="0.0150000000000006" classname="tmb_methods" name="predict_gives_same_result_with_sas_in_unstructured_satterthwaite_Kenward_Roger"/>
    <testcase time="0.00500000000000256" classname="tmb_methods" name="predict_gives_same_result_with_sas_in_unstructured_satterthwaite_Kenward_Roger"/>
    <testcase time="0.0509999999999984" classname="tmb_methods" name="predict_gives_same_result_with_sas_in_toep_satterthwaite"/>
    <testcase time="0.00499999999999901" classname="tmb_methods" name="predict_gives_same_result_with_sas_in_toep_satterthwaite"/>
    <testcase time="0.0500000000000007" classname="tmb_methods" name="predict_gives_same_result_with_sas_in_ar1_satterthwaite_kenward_roger"/>
    <testcase time="0.00499999999999901" classname="tmb_methods" name="predict_gives_same_result_with_sas_in_ar1_satterthwaite_kenward_roger"/>
    <testcase time="0.00700000000000145" classname="tmb_methods" name="predict_gives_same_result_with_sas_in_ar1_satterthwaite_kenward_roger"/>
    <testcase time="0.00499999999999901" classname="tmb_methods" name="predict_gives_same_result_with_sas_in_ar1_satterthwaite_kenward_roger"/>
    <testcase time="0.0450000000000017" classname="tmb_methods" name="predict_gives_same_result_with_sas_in_cs_satterthwaite_kenward_roger"/>
    <testcase time="0.00300000000000011" classname="tmb_methods" name="predict_gives_same_result_with_sas_in_cs_satterthwaite_kenward_roger"/>
    <testcase time="0.00499999999999901" classname="tmb_methods" name="predict_gives_same_result_with_sas_in_cs_satterthwaite_kenward_roger"/>
    <testcase time="0.00400000000000134" classname="tmb_methods" name="predict_gives_same_result_with_sas_in_cs_satterthwaite_kenward_roger"/>
    <testcase time="0.0459999999999994" classname="tmb_methods" name="predict_gives_same_result_with_sas_in_sp_exp_satterthwaite_kenward_roger"/>
    <testcase time="0.00300000000000011" classname="tmb_methods" name="predict_gives_same_result_with_sas_in_sp_exp_satterthwaite_kenward_roger"/>
    <testcase time="0.00499999999999901" classname="tmb_methods" name="predict_gives_same_result_with_sas_in_sp_exp_satterthwaite_kenward_roger"/>
    <testcase time="0.00400000000000134" classname="tmb_methods" name="predict_gives_same_result_with_sas_in_sp_exp_satterthwaite_kenward_roger"/>
    <testcase time="0.00600000000000023" classname="tmb_methods" name="h_construct_model_frame_inputs_works_with_all_columns"/>
    <testcase time="0.00300000000000011" classname="tmb_methods" name="h_construct_model_frame_inputs_works_with_all_columns"/>
    <testcase time="0.00300000000000011" classname="tmb_methods" name="h_construct_model_frame_inputs_works_with_all_columns"/>
    <testcase time="0.00599999999999667" classname="tmb_methods" name="h_construct_model_frame_inputs_works_with_response_var_selected"/>
    <testcase time="0.00300000000000011" classname="tmb_methods" name="h_construct_model_frame_inputs_works_with_response_var_selected"/>
    <testcase time="0.00300000000000011" classname="tmb_methods" name="h_construct_model_frame_inputs_works_with_response_var_selected"/>
    <testcase time="0.00600000000000023" classname="tmb_methods" name="h_construct_model_frame_inputs_works_with_include_NULL"/>
    <testcase time="0.00300000000000011" classname="tmb_methods" name="h_construct_model_frame_inputs_works_with_include_NULL"/>
    <testcase time="0.00300000000000011" classname="tmb_methods" name="h_construct_model_frame_inputs_works_with_include_NULL"/>
    <testcase time="0.00700000000000145" classname="tmb_methods" name="model.frame_works_as_expected_with_defaults"/>
    <testcase time="0.00100000000000122" classname="tmb_methods" name="model.frame_works_as_expected_with_defaults"/>
    <testcase time="0.000999999999997669" classname="tmb_methods" name="model.frame_works_as_expected_with_defaults"/>
    <testcase time="0.00200000000000244" classname="tmb_methods" name="model.frame_works_as_expected_with_defaults"/>
    <testcase time="0.00599999999999667" classname="tmb_methods" name="model.frame_works_as_expected_with_includes"/>
    <testcase time="0.00100000000000122" classname="tmb_methods" name="model.frame_works_as_expected_with_includes"/>
    <testcase time="0.00100000000000122" classname="tmb_methods" name="model.frame_works_as_expected_with_includes"/>
    <testcase time="0.0069999999999979" classname="tmb_methods" name="model.frame_works_as_expected_with_includes"/>
    <testcase time="0.00700000000000145" classname="tmb_methods" name="model.frame_returns_full_model_frame_if_requested"/>
    <testcase time="0.00100000000000122" classname="tmb_methods" name="model.frame_returns_full_model_frame_if_requested"/>
    <testcase time="0.000999999999997669" classname="tmb_methods" name="model.frame_returns_full_model_frame_if_requested"/>
    <testcase time="0.00100000000000122" classname="tmb_methods" name="model.frame_returns_full_model_frame_if_requested"/>
    <testcase time="0.00600000000000023" classname="tmb_methods" name="model.frame_works_if_variable_transformed"/>
    <testcase time="0.000999999999997669" classname="tmb_methods" name="model.frame_works_if_variable_transformed"/>
    <testcase time="0.00100000000000122" classname="tmb_methods" name="model.frame_works_if_variable_transformed"/>
    <testcase time="0.00199999999999889" classname="tmb_methods" name="model.frame_works_if_variable_transformed"/>
    <testcase time="0.00600000000000023" classname="tmb_methods" name="model.frame_works_for_new_data"/>
    <testcase time="0.00100000000000122" classname="tmb_methods" name="model.frame_works_for_new_data"/>
    <testcase time="0.000999999999997669" classname="tmb_methods" name="model.frame_works_for_new_data"/>
    <testcase time="0.00200000000000244" classname="tmb_methods" name="model.frame_works_for_new_data"/>
    <testcase time="0.00600000000000023" classname="tmb_methods" name="model.frame_works_if_input_x_does_not_contain_NA_y_contains_but_not_included"/>
    <testcase time="0.0109999999999992" classname="tmb_methods" name="model.frame_fails_if_y_contains_NA_and_is_included"/>
    <testcase time="0.0069999999999979" classname="tmb_methods" name="model.frame_makes_the_levels_match"/>
    <testcase time="0.00300000000000011" classname="tmb_methods" name="model.frame_makes_the_levels_match"/>
    <testcase time="0.00700000000000145" classname="tmb_methods" name="model.frame_do_not_care_about_subject_levels"/>
    <testcase time="0.00300000000000011" classname="tmb_methods" name="model.frame_do_not_care_about_subject_levels"/>
    <testcase time="0.00600000000000023" classname="tmb_methods" name="model.frame_include_all_specified_variables"/>
    <testcase time="0.00300000000000011" classname="tmb_methods" name="model.frame_include_all_specified_variables"/>
    <testcase time="0.00399999999999778" classname="tmb_methods" name="model.frame_include_all_specified_variables"/>
    <testcase time="0.00300000000000011" classname="tmb_methods" name="model.frame_include_all_specified_variables"/>
    <testcase time="0.00300000000000011" classname="tmb_methods" name="model.frame_include_all_specified_variables"/>
    <testcase time="0.00300000000000011" classname="tmb_methods" name="model.frame_include_all_specified_variables"/>
    <testcase time="0.00300000000000011" classname="tmb_methods" name="model.frame_include_all_specified_variables"/>
    <testcase time="0.00300000000000011" classname="tmb_methods" name="model.frame_include_all_specified_variables"/>
    <testcase time="0.0310000000000024" classname="tmb_methods" name="model.frame_with_character_reference_will_return_factors"/>
    <testcase time="0.00300000000000011" classname="tmb_methods" name="model.frame_with_character_reference_will_return_factors"/>
    <testcase time="0.00399999999999778" classname="tmb_methods" name="model.frame_with_character_reference_will_return_factors"/>
    <testcase time="0.00700000000000145" classname="tmb_methods" name="model.frame_with_character_reference_will_return_factors"/>
    <testcase time="0.0069999999999979" classname="tmb_methods" name="model.matrix_works_as_expected_with_defaults"/>
    <testcase time="0.00200000000000244" classname="tmb_methods" name="model.matrix_works_as_expected_with_defaults"/>
    <testcase time="0.00300000000000011" classname="tmb_methods" name="model.matrix_works_as_expected_with_defaults"/>
    <testcase time="0.0069999999999979" classname="tmb_methods" name="model.matrix_works_as_expected_with_includes"/>
    <testcase time="0.00200000000000244" classname="tmb_methods" name="model.matrix_works_as_expected_with_includes"/>
    <testcase time="0.00300000000000011" classname="tmb_methods" name="model.matrix_works_as_expected_with_includes"/>
    <testcase time="0.00999999999999801" classname="tmb_methods" name="model.matrix_returns_full_model_frame_if_requested"/>
    <testcase time="0.00100000000000122" classname="tmb_methods" name="model.matrix_returns_full_model_frame_if_requested"/>
    <testcase time="0.00300000000000011" classname="tmb_methods" name="model.matrix_returns_full_model_frame_if_requested"/>
    <testcase time="0.00799999999999912" classname="tmb_methods" name="model.matrix_works_if_variable_transformed"/>
    <testcase time="0.00100000000000122" classname="tmb_methods" name="model.matrix_works_if_variable_transformed"/>
    <testcase time="0.00300000000000011" classname="tmb_methods" name="model.matrix_works_if_variable_transformed"/>
    <testcase time="0.00799999999999912" classname="tmb_methods" name="model.matrix_works_for_new_data"/>
    <testcase time="0.00100000000000122" classname="tmb_methods" name="model.matrix_works_for_new_data"/>
    <testcase time="0.0109999999999992" classname="tmb_methods" name="model.matrix_works_for_new_data"/>
    <testcase time="0.0069999999999979" classname="tmb_methods" name="model.matrix_include_all_specified_variables"/>
    <testcase time="0.00300000000000011" classname="tmb_methods" name="model.matrix_include_all_specified_variables"/>
    <testcase time="0.00500000000000256" classname="tmb_methods" name="model.matrix_include_all_specified_variables"/>
    <testcase time="0.00300000000000011" classname="tmb_methods" name="model.matrix_include_all_specified_variables"/>
    <testcase time="0.00600000000000023" classname="tmb_methods" name="terms_works_as_expected_with_defaults"/>
    <testcase time="0.00299999999999656" classname="tmb_methods" name="terms_works_as_expected_with_defaults"/>
    <testcase time="0.00500000000000256" classname="tmb_methods" name="logLik_works_as_expected"/>
    <testcase time="0.00399999999999778" classname="tmb_methods" name="logLik_works_as_expected"/>
    <testcase time="0.00500000000000256" classname="tmb_methods" name="formula_works_as_expected"/>
    <testcase time="0.00300000000000011" classname="tmb_methods" name="formula_works_as_expected"/>
    <testcase time="0.00300000000000011" classname="tmb_methods" name="formula_works_as_expected"/>
    <testcase time="0.00499999999999901" classname="tmb_methods" name="vcov_works_as_expected"/>
    <testcase time="0.00199999999999889" classname="tmb_methods" name="vcov_works_as_expected"/>
    <testcase time="0.00100000000000122" classname="tmb_methods" name="vcov_works_as_expected"/>
    <testcase time="0.00100000000000122" classname="tmb_methods" name="vcov_works_as_expected"/>
    <testcase time="0.00599999999999667" classname="tmb_methods" name="vcov_works_as_expected_for_rank_deficient_model"/>
    <testcase time="0.00100000000000122" classname="tmb_methods" name="vcov_works_as_expected_for_rank_deficient_model"/>
    <testcase time="0.00199999999999889" classname="tmb_methods" name="vcov_works_as_expected_for_rank_deficient_model"/>
    <testcase time="0.00100000000000122" classname="tmb_methods" name="vcov_works_as_expected_for_rank_deficient_model"/>
    <testcase time="0.00199999999999889" classname="tmb_methods" name="vcov_works_as_expected_for_rank_deficient_model"/>
    <testcase time="0.00100000000000122" classname="tmb_methods" name="vcov_works_as_expected_for_rank_deficient_model"/>
    <testcase time="0.00199999999999889" classname="tmb_methods" name="vcov_works_as_expected_for_rank_deficient_model"/>
    <testcase time="0.00500000000000256" classname="tmb_methods" name="VarCorr_works_as_expected"/>
    <testcase time="0.00199999999999889" classname="tmb_methods" name="VarCorr_works_as_expected"/>
    <testcase time="0.00100000000000122" classname="tmb_methods" name="VarCorr_works_as_expected"/>
    <testcase time="0.00199999999999889" classname="tmb_methods" name="VarCorr_works_as_expected"/>
    <testcase time="0.00499999999999901" classname="tmb_methods" name="deviance_works_as_expected"/>
    <testcase time="0.00400000000000134" classname="tmb_methods" name="deviance_works_as_expected"/>
    <testcase time="0.00499999999999901" classname="tmb_methods" name="AIC_works_as_expected_with_defaults"/>
    <testcase time="0.00300000000000011" classname="tmb_methods" name="AIC_works_as_expected_with_defaults"/>
    <testcase time="0.00499999999999901" classname="tmb_methods" name="AIC_works_as_expected_with_different_k"/>
    <testcase time="0.00300000000000011" classname="tmb_methods" name="AIC_works_as_expected_with_different_k"/>
    <testcase time="0.00600000000000023" classname="tmb_methods" name="corrected_AIC_works_as_expected"/>
    <testcase time="0.00300000000000011" classname="tmb_methods" name="corrected_AIC_works_as_expected"/>
    <testcase time="0.00499999999999901" classname="tmb_methods" name="BIC_works_as_expected"/>
    <testcase time="0.00300000000000011" classname="tmb_methods" name="BIC_works_as_expected"/>
    <testcase time="0.00700000000000145" classname="tmb_methods" name="print.mmrm_tmb_works_as_expected">
      <skipped message="Reason: On CRAN ('test-tmb-methods.R:724:3')"/>
    </testcase>
    <testcase time="0.0150000000000006" classname="tmb_methods" name="print.mmrm_tmb_works_as_expected_for_rank_deficient_fits">
      <skipped message="Reason: On CRAN ('test-tmb-methods.R:731:3')"/>
    </testcase>
    <testcase time="0.0139999999999993" classname="tmb_methods" name="residuals_works_as_expected"/>
    <testcase time="0.00199999999999889" classname="tmb_methods" name="residuals_works_as_expected"/>
    <testcase time="0.00300000000000011" classname="tmb_methods" name="residuals_works_as_expected"/>
    <testcase time="0.00300000000000011" classname="tmb_methods" name="residuals_works_as_expected"/>
    <testcase time="0.00200000000000244" classname="tmb_methods" name="residuals_works_as_expected"/>
    <testcase time="0.0549999999999997" classname="tmb_methods" name="residuals_works_as_expected"/>
    <testcase time="0.00399999999999778" classname="tmb_methods" name="residuals_works_as_expected"/>
    <testcase time="0.00200000000000244" classname="tmb_methods" name="residuals_works_as_expected"/>
    <testcase time="0.00399999999999778" classname="tmb_methods" name="residuals_works_as_expected"/>
    <testcase time="0.00600000000000023" classname="tmb_methods" name="residuals_works_as_expected_with_grouped_covariance_structure"/>
    <testcase time="0.00200000000000244" classname="tmb_methods" name="residuals_works_as_expected_with_grouped_covariance_structure"/>
    <testcase time="0.00399999999999778" classname="tmb_methods" name="residuals_works_as_expected_with_grouped_covariance_structure"/>
    <testcase time="0.00199999999999889" classname="tmb_methods" name="residuals_works_as_expected_with_grouped_covariance_structure"/>
    <testcase time="0.00100000000000122" classname="tmb_methods" name="residuals_works_as_expected_with_grouped_covariance_structure"/>
    <testcase time="0.00399999999999778" classname="tmb_methods" name="residuals_works_as_expected_with_grouped_covariance_structure"/>
    <testcase time="0.00200000000000244" classname="tmb_methods" name="residuals_works_as_expected_with_grouped_covariance_structure"/>
    <testcase time="0.00199999999999889" classname="tmb_methods" name="residuals_works_as_expected_with_grouped_covariance_structure"/>
    <testcase time="0.00400000000000134" classname="tmb_methods" name="residuals_works_as_expected_with_grouped_covariance_structure"/>
    <testcase time="0.00499999999999901" classname="tmb_methods" name="residuals_works_as_expected_with_weighted_model_fit"/>
    <testcase time="0.00199999999999889" classname="tmb_methods" name="residuals_works_as_expected_with_weighted_model_fit"/>
    <testcase time="0.00400000000000134" classname="tmb_methods" name="residuals_works_as_expected_with_weighted_model_fit"/>
    <testcase time="0.00199999999999889" classname="tmb_methods" name="residuals_works_as_expected_with_weighted_model_fit"/>
    <testcase time="0.00199999999999889" classname="tmb_methods" name="residuals_works_as_expected_with_weighted_model_fit"/>
    <testcase time="0.00400000000000134" classname="tmb_methods" name="residuals_works_as_expected_with_weighted_model_fit"/>
    <testcase time="0.00199999999999889" classname="tmb_methods" name="residuals_works_as_expected_with_weighted_model_fit"/>
    <testcase time="0.00200000000000244" classname="tmb_methods" name="residuals_works_as_expected_with_weighted_model_fit"/>
    <testcase time="0.00399999999999778" classname="tmb_methods" name="residuals_works_as_expected_with_weighted_model_fit"/>
    <testcase time="0.00500000000000256" classname="tmb_methods" name="residuals_works_as_expected_with_a_model_using_spatial_covariance_structure"/>
    <testcase time="0.00199999999999889" classname="tmb_methods" name="residuals_works_as_expected_with_a_model_using_spatial_covariance_structure"/>
    <testcase time="0.00400000000000134" classname="tmb_methods" name="residuals_works_as_expected_with_a_model_using_spatial_covariance_structure"/>
    <testcase time="0.00399999999999778" classname="tmb_methods" name="residuals_works_as_expected_with_a_model_using_spatial_covariance_structure"/>
    <testcase time="0.00400000000000134" classname="tmb_methods" name="residuals_works_as_expected_with_a_model_using_spatial_covariance_structure"/>
    <testcase time="0.00600000000000023" classname="tmb_methods" name="pearson_residuals_helper_function_works_as_expected"/>
    <testcase time="0.00399999999999778" classname="tmb_methods" name="pearson_residuals_helper_function_works_as_expected"/>
    <testcase time="0.00500000000000256" classname="tmb_methods" name="normalized_residuals_helper_function_works_as_expected"/>
    <testcase time="0.00399999999999778" classname="tmb_methods" name="normalized_residuals_helper_function_works_as_expected"/>
    <testcase time="0.00500000000000256" classname="tmb_methods" name="response_residuals_helper_function_works_as_expected"/>
    <testcase time="0.00399999999999778" classname="tmb_methods" name="response_residuals_helper_function_works_as_expected"/>
    <testcase time="0.0150000000000006" classname="tmb_methods" name="simulate_with_conditional_method_returns_a_df_of_correct_dimension"/>
    <testcase time="0.0120000000000005" classname="tmb_methods" name="simulate_with_conditional_method_returns_a_df_of_correct_dimension"/>
    <testcase time="0.0189999999999984" classname="tmb_methods" name="simulate_with_marginal_method_returns_a_df_of_correct_dimension"/>
    <testcase time="0.0120000000000005" classname="tmb_methods" name="simulate_with_marginal_method_returns_a_df_of_correct_dimension"/>
    <testcase time="0.0710000000000015" classname="tmb_methods" name="simulate_with_conditional_method_results_are_correctly_centered"/>
    <testcase time="0.678999999999998" classname="tmb_methods" name="simulate_with_marginal_method_results_are_correctly_centered"/>
    <testcase time="0.0640000000000001" classname="tmb_methods" name="simulate_with_conditional_method_works_as_expected_for_weighted_models"/>
    <testcase time="0.477" classname="tmb_methods" name="simulate_with_marginal_method_works_as_expected_for_weighted_models"/>
    <testcase time="0.0730000000000004" classname="tmb_methods" name="simulate_with_conditional_method_works_as_expected_for_grouped_fits"/>
    <testcase time="0.454000000000001" classname="tmb_methods" name="simulate_with_marginal_method_works_as_expected_for_grouped_fits"/>
    <testcase time="0.0279999999999987" classname="tmb_methods" name="simulate_with_conditional_method_works_for_differently_ordered_numbered_data"/>
    <testcase time="0.0710000000000015" classname="tmb_methods" name="simulate_with_marginal_method_works_for_differently_ordered_numbered_data"/>
    <testcase time="0.0129999999999981" classname="tmb_methods" name="simulate_with_conditional_method_is_compatible_with_confidence_intervals"/>
    <testcase time="1.62" classname="tmb_methods" name="simulate_with_conditional_method_is_compatible_with_confidence_intervals"/>
    <testcase time="0.809000000000001" classname="tmb_methods" name="simulate_with_marginal_method_is_compatible_with_prediction_intervals"/>
    <testcase time="0.00600000000000023" classname="tmb_methods" name="simulate_with_marginal_method_is_compatible_with_prediction_intervals"/>
    <testcase time="0.00799999999999912" classname="tmb_methods" name="we_calculate_correctly_w_sample"/>
    <testcase time="0.0199999999999996" classname="tmb_methods" name="h_get_sim_per_subj_returns_no_error_for_nsim_1"/>
    <testcase time="0.0160000000000018" classname="tmb_methods" name="h_get_sim_per_subj_returns_no_error_for_nsub_1"/>
    <testcase time="0.00999999999999801" classname="tmb_methods" name="h_get_sim_per_subj_returns_no_error_for_data.frame_with_1_row"/>
    <testcase time="0.0470000000000006" classname="tmb_methods" name="h_get_sim_per_subj_results_match_expectation_for_large_nsim"/>
    <testcase time="0.0159999999999982" classname="tmb_methods" name="h_get_sim_per_subj_throws_error_for_nsim_0"/>
    <testcase time="0.0110000000000028" classname="tmb_methods" name="h_get_sim_per_subj_throws_error_for_nsub_0"/>
    <testcase time="0.413999999999998" classname="tmb_methods" name="h_get_prediction_variance_works_as_expected"/>
    <testcase time="0.00500000000000256" classname="tmb_methods" name="h_get_prediction_variance_works_as_expected"/>
  </testsuite>
  <testsuite name="tmb" timestamp="2024-04-22T12:30:13Z" hostname="9071a9ee9a94" tests="426" skipped="0" failures="0" errors="0" time="4.102">
    <testcase time="0.0229999999999997" classname="tmb" name="mmrm_control_works_as_expected"/>
    <testcase time="0.0069999999999979" classname="tmb" name="h_mmrm_tmb_formula_parts_works_as_expected"/>
    <testcase time="0.00300000000000011" classname="tmb" name="h_mmrm_tmb_formula_parts_works_as_expected"/>
    <testcase time="0.00300000000000011" classname="tmb" name="h_mmrm_tmb_formula_parts_works_as_expected"/>
    <testcase time="0.00300000000000011" classname="tmb" name="h_mmrm_tmb_formula_parts_works_as_expected"/>
    <testcase time="0.00600000000000023" classname="tmb" name="h_mmrm_tmb_formula_parts_works_as_expected"/>
    <testcase time="0.00499999999999901" classname="tmb" name="h_mmrm_tmb_formula_parts_works_as_expected"/>
    <testcase time="0.00600000000000023" classname="tmb" name="h_mmrm_tmb_formula_parts_works_as_expected"/>
    <testcase time="0.00600000000000023" classname="tmb" name="h_mmrm_tmb_formula_parts_works_as_expected"/>
    <testcase time="0.00700000000000145" classname="tmb" name="h_mmrm_tmb_formula_parts_works_as_expected"/>
    <testcase time="0.0069999999999979" classname="tmb" name="h_mmrm_tmb_formula_parts_works_as_expected"/>
    <testcase time="0.00600000000000023" classname="tmb" name="h_mmrm_tmb_formula_parts_works_without_covariates"/>
    <testcase time="0.00300000000000011" classname="tmb" name="h_mmrm_tmb_formula_parts_works_without_covariates"/>
    <testcase time="0.00600000000000023" classname="tmb" name="h_mmrm_tmb_formula_parts_works_as_expected_for_antedependence"/>
    <testcase time="0.00300000000000011" classname="tmb" name="h_mmrm_tmb_formula_parts_works_as_expected_for_antedependence"/>
    <testcase time="0.0100000000000016" classname="tmb" name="h_mmrm_tmb_data_works_as_expected"/>
    <testcase time="0.000999999999997669" classname="tmb" name="h_mmrm_tmb_data_works_as_expected"/>
    <testcase time="0.00100000000000122" classname="tmb" name="h_mmrm_tmb_data_works_as_expected"/>
    <testcase time="0.00100000000000122" classname="tmb" name="h_mmrm_tmb_data_works_as_expected"/>
    <testcase time="0.000999999999997669" classname="tmb" name="h_mmrm_tmb_data_works_as_expected"/>
    <testcase time="0.00300000000000011" classname="tmb" name="h_mmrm_tmb_data_works_as_expected"/>
    <testcase time="0.00100000000000122" classname="tmb" name="h_mmrm_tmb_data_works_as_expected"/>
    <testcase time="0.00199999999999889" classname="tmb" name="h_mmrm_tmb_data_works_as_expected"/>
    <testcase time="0.00300000000000011" classname="tmb" name="h_mmrm_tmb_data_works_as_expected"/>
    <testcase time="0.00300000000000011" classname="tmb" name="h_mmrm_tmb_data_works_as_expected"/>
    <testcase time="0.00200000000000244" classname="tmb" name="h_mmrm_tmb_data_works_as_expected"/>
    <testcase time="0.00999999999999801" classname="tmb" name="h_mmrm_tmb_data_works_as_expected_with_allow_na_response"/>
    <testcase time="0.00100000000000122" classname="tmb" name="h_mmrm_tmb_data_works_as_expected_with_allow_na_response"/>
    <testcase time="0.000999999999997669" classname="tmb" name="h_mmrm_tmb_data_works_as_expected_with_allow_na_response"/>
    <testcase time="0.00100000000000122" classname="tmb" name="h_mmrm_tmb_data_works_as_expected_with_allow_na_response"/>
    <testcase time="0.00199999999999889" classname="tmb" name="h_mmrm_tmb_data_works_as_expected_with_allow_na_response"/>
    <testcase time="0.00200000000000244" classname="tmb" name="h_mmrm_tmb_data_works_as_expected_with_allow_na_response"/>
    <testcase time="0.000999999999997669" classname="tmb" name="h_mmrm_tmb_data_works_as_expected_with_allow_na_response"/>
    <testcase time="0.00300000000000011" classname="tmb" name="h_mmrm_tmb_data_works_as_expected_with_allow_na_response"/>
    <testcase time="0.00300000000000011" classname="tmb" name="h_mmrm_tmb_data_works_as_expected_with_allow_na_response"/>
    <testcase time="0.00200000000000244" classname="tmb" name="h_mmrm_tmb_data_works_as_expected_with_allow_na_response"/>
    <testcase time="0.00300000000000011" classname="tmb" name="h_mmrm_tmb_data_works_as_expected_with_allow_na_response"/>
    <testcase time="0.00999999999999801" classname="tmb" name="h_mmrm_tmb_data_do_not_allow_NA_in_covariates_with_allow_na_response"/>
    <testcase time="0.00100000000000122" classname="tmb" name="h_mmrm_tmb_data_do_not_allow_NA_in_covariates_with_allow_na_response"/>
    <testcase time="0.000999999999997669" classname="tmb" name="h_mmrm_tmb_data_do_not_allow_NA_in_covariates_with_allow_na_response"/>
    <testcase time="0.00100000000000122" classname="tmb" name="h_mmrm_tmb_data_do_not_allow_NA_in_covariates_with_allow_na_response"/>
    <testcase time="0.00199999999999889" classname="tmb" name="h_mmrm_tmb_data_do_not_allow_NA_in_covariates_with_allow_na_response"/>
    <testcase time="0.00200000000000244" classname="tmb" name="h_mmrm_tmb_data_do_not_allow_NA_in_covariates_with_allow_na_response"/>
    <testcase time="0.00199999999999889" classname="tmb" name="h_mmrm_tmb_data_do_not_allow_NA_in_covariates_with_allow_na_response"/>
    <testcase time="0.00199999999999889" classname="tmb" name="h_mmrm_tmb_data_do_not_allow_NA_in_covariates_with_allow_na_response"/>
    <testcase time="0.00300000000000011" classname="tmb" name="h_mmrm_tmb_data_do_not_allow_NA_in_covariates_with_allow_na_response"/>
    <testcase time="0.00300000000000011" classname="tmb" name="h_mmrm_tmb_data_do_not_allow_NA_in_covariates_with_allow_na_response"/>
    <testcase time="0.00200000000000244" classname="tmb" name="h_mmrm_tmb_data_do_not_allow_NA_in_covariates_with_allow_na_response"/>
    <testcase time="0.0109999999999992" classname="tmb" name="h_mmrm_tmb_data_works_as_expected_for_grouped_covariance"/>
    <testcase time="0.000999999999997669" classname="tmb" name="h_mmrm_tmb_data_works_as_expected_for_grouped_covariance"/>
    <testcase time="0.00100000000000122" classname="tmb" name="h_mmrm_tmb_data_works_as_expected_for_grouped_covariance"/>
    <testcase time="0.000999999999997669" classname="tmb" name="h_mmrm_tmb_data_works_as_expected_for_grouped_covariance"/>
    <testcase time="0.00100000000000122" classname="tmb" name="h_mmrm_tmb_data_works_as_expected_for_grouped_covariance"/>
    <testcase time="0.00300000000000011" classname="tmb" name="h_mmrm_tmb_data_works_as_expected_for_grouped_covariance"/>
    <testcase time="0.00799999999999912" classname="tmb" name="h_mmrm_tmb_data_works_as_expected_for_grouped_covariance"/>
    <testcase time="0.00300000000000011" classname="tmb" name="h_mmrm_tmb_data_works_as_expected_for_grouped_covariance"/>
    <testcase time="0.00300000000000011" classname="tmb" name="h_mmrm_tmb_data_works_as_expected_for_grouped_covariance"/>
    <testcase time="0.00100000000000122" classname="tmb" name="h_mmrm_tmb_data_works_as_expected_for_grouped_covariance"/>
    <testcase time="0.00300000000000011" classname="tmb" name="h_mmrm_tmb_data_works_as_expected_for_grouped_covariance"/>
    <testcase time="0.00999999999999801" classname="tmb" name="h_mmrm_tmb_data_works_as_expected_for_mutli_dimensional_spatial_exponential_covariance"/>
    <testcase time="0.00100000000000122" classname="tmb" name="h_mmrm_tmb_data_works_as_expected_for_mutli_dimensional_spatial_exponential_covariance"/>
    <testcase time="0.00100000000000122" classname="tmb" name="h_mmrm_tmb_data_works_as_expected_for_mutli_dimensional_spatial_exponential_covariance"/>
    <testcase time="0.000999999999997669" classname="tmb" name="h_mmrm_tmb_data_works_as_expected_for_mutli_dimensional_spatial_exponential_covariance"/>
    <testcase time="0.00200000000000244" classname="tmb" name="h_mmrm_tmb_data_works_as_expected_for_mutli_dimensional_spatial_exponential_covariance"/>
    <testcase time="0.00300000000000011" classname="tmb" name="h_mmrm_tmb_data_works_as_expected_for_mutli_dimensional_spatial_exponential_covariance"/>
    <testcase time="0.000999999999997669" classname="tmb" name="h_mmrm_tmb_data_works_as_expected_for_mutli_dimensional_spatial_exponential_covariance"/>
    <testcase time="0.00300000000000011" classname="tmb" name="h_mmrm_tmb_data_works_as_expected_for_mutli_dimensional_spatial_exponential_covariance"/>
    <testcase time="0.00300000000000011" classname="tmb" name="h_mmrm_tmb_data_works_as_expected_for_mutli_dimensional_spatial_exponential_covariance"/>
    <testcase time="0.00100000000000122" classname="tmb" name="h_mmrm_tmb_data_works_as_expected_for_mutli_dimensional_spatial_exponential_covariance"/>
    <testcase time="0.00300000000000011" classname="tmb" name="h_mmrm_tmb_data_works_as_expected_for_mutli_dimensional_spatial_exponential_covariance"/>
    <testcase time="0.00100000000000122" classname="tmb" name="h_mmrm_tmb_data_works_as_expected_for_mutli_dimensional_spatial_exponential_covariance"/>
    <testcase time="0.0109999999999992" classname="tmb" name="h_mmrm_tmb_data_works_also_for_character_ID_variable"/>
    <testcase time="0.00499999999999901" classname="tmb" name="h_mmrm_tmb_data_works_also_for_character_ID_variable"/>
    <testcase time="0.00300000000000011" classname="tmb" name="h_mmrm_tmb_data_works_also_for_character_ID_variable"/>
    <testcase time="0.0100000000000016" classname="tmb" name="h_mmrm_tmb_data_correctly_processes_design_matrix_below_full_rank_correctly"/>
    <testcase time="0.0129999999999981" classname="tmb" name="h_mmrm_tmb_data_gives_error_for_rank_deficient_design_matrix_when_not_accepted"/>
    <testcase time="0.0120000000000005" classname="tmb" name="h_mmrm_tmb_data_catches_case_with_multiple_time_points_per_subject_early"/>
    <testcase time="0.0130000000000017" classname="tmb" name="h_mmrm_tmb_data_has_no_side_effect_of_overwrite_the_weights_in_global_env"/>
    <testcase time="0.0129999999999981" classname="tmb" name="h_mmrm_tmb_data_will_not_be_affecte_by_weights_in_data"/>
    <testcase time="0.00400000000000134" classname="tmb" name="h_mmrm_tmb_data_will_not_be_affecte_by_weights_in_data"/>
    <testcase time="0.0179999999999971" classname="tmb" name="h_mmrm_tmb_data_works_even_if_na.action_is_not_na.omit"/>
    <testcase time="0.00400000000000134" classname="tmb" name="h_mmrm_tmb_data_works_even_if_na.action_is_not_na.omit"/>
    <testcase time="0.00900000000000034" classname="tmb" name="h_mmrm_tmb_data_works_even_if_na.action_is_not_na.omit"/>
    <testcase time="0.00300000000000011" classname="tmb" name="h_mmrm_tmb_data_works_even_if_na.action_is_not_na.omit"/>
    <testcase time="0.00799999999999912" classname="tmb" name="h_mmrm_tmb_data_works_even_if_na.action_is_not_na.omit"/>
    <testcase time="0.00300000000000011" classname="tmb" name="h_mmrm_tmb_data_works_even_if_na.action_is_not_na.omit"/>
    <testcase time="0.0109999999999992" classname="tmb" name="h_mmrm_tmb_data_errors_if_too_many_visit_levels"/>
    <testcase time="0.0180000000000007" classname="tmb" name="h_mmrm_tmb_parameters_works_as_expected_without_start_values"/>
    <testcase time="0.00400000000000134" classname="tmb" name="h_mmrm_tmb_parameters_works_as_expected_without_start_values"/>
    <testcase time="0.00999999999999801" classname="tmb" name="h_mmrm_tmb_parameters_works_as_expected_with_start_values"/>
    <testcase time="0.00300000000000011" classname="tmb" name="h_mmrm_tmb_parameters_works_as_expected_with_start_values"/>
    <testcase time="0.00900000000000034" classname="tmb" name="h_mmrm_tmb_parameters_works_as_expected_with_antedependence"/>
    <testcase time="0.00400000000000134" classname="tmb" name="h_mmrm_tmb_parameters_works_as_expected_with_antedependence"/>
    <testcase time="0.0109999999999992" classname="tmb" name="h_mmrm_tmb_parameters_works_as_expected_with_heterogeneous_antedependence"/>
    <testcase time="0.00300000000000011" classname="tmb" name="h_mmrm_tmb_parameters_works_as_expected_with_heterogeneous_antedependence"/>
    <testcase time="0.0100000000000016" classname="tmb" name="h_mmrm_tmb_parameters_works_as_expected_with_Toeplitz"/>
    <testcase time="0.00300000000000011" classname="tmb" name="h_mmrm_tmb_parameters_works_as_expected_with_Toeplitz"/>
    <testcase time="0.00900000000000034" classname="tmb" name="h_mmrm_tmb_parameters_works_as_expected_with_heterogeneous_Toeplitz"/>
    <testcase time="0.00299999999999656" classname="tmb" name="h_mmrm_tmb_parameters_works_as_expected_with_heterogeneous_Toeplitz"/>
    <testcase time="0.00900000000000034" classname="tmb" name="h_mmrm_tmb_parameters_works_as_expected_with_autoregressive"/>
    <testcase time="0.00300000000000011" classname="tmb" name="h_mmrm_tmb_parameters_works_as_expected_with_autoregressive"/>
    <testcase time="0.0100000000000016" classname="tmb" name="h_mmrm_tmb_parameters_works_as_expected_with_heterogeneous_autoregressive"/>
    <testcase time="0.00300000000000011" classname="tmb" name="h_mmrm_tmb_parameters_works_as_expected_with_heterogeneous_autoregressive"/>
    <testcase time="0.00900000000000034" classname="tmb" name="h_mmrm_tmb_parameters_works_as_expected_with_compound_symmetry"/>
    <testcase time="0.00300000000000011" classname="tmb" name="h_mmrm_tmb_parameters_works_as_expected_with_compound_symmetry"/>
    <testcase time="0.00999999999999801" classname="tmb" name="h_mmrm_tmb_parameters_works_as_expected_with_heterogeneous_compound_symmetry"/>
    <testcase time="0.00300000000000011" classname="tmb" name="h_mmrm_tmb_parameters_works_as_expected_with_heterogeneous_compound_symmetry"/>
    <testcase time="0.00800000000000267" classname="tmb" name="h_mmrm_tmb_parameters_works_as_expected_with_spatial_exponential"/>
    <testcase time="0.00299999999999656" classname="tmb" name="h_mmrm_tmb_parameters_works_as_expected_with_spatial_exponential"/>
    <testcase time="0.00500000000000256" classname="tmb" name="h_mmrm_tmb_assert_start_passes_as_expected_for_sane_start_values"/>
    <testcase time="0.00300000000000011" classname="tmb" name="h_mmrm_tmb_assert_start_passes_as_expected_for_sane_start_values"/>
    <testcase time="0.00799999999999912" classname="tmb" name="h_mmrm_tmb_assert_start_fails_as_expected_for_NaN_objective_function_at_start"/>
    <testcase time="0.00799999999999912" classname="tmb" name="h_mmrm_tmb_assert_start_fails_as_expected_for_NaN_gradient_function_at_start"/>
    <testcase time="0.00500000000000256" classname="tmb" name="h_mmrm_tmb_check_conv_passes_as_expected_for_sane_optimization_result"/>
    <testcase time="0.00299999999999656" classname="tmb" name="h_mmrm_tmb_check_conv_passes_as_expected_for_sane_optimization_result"/>
    <testcase time="0.00800000000000267" classname="tmb" name="h_mmrm_tmb_check_conv_raises_singular_hessian_warning_as_expected"/>
    <testcase time="0.0069999999999979" classname="tmb" name="h_mmrm_tmb_check_conv_warns_if_convergence_code_signals_non_convergence"/>
    <testcase time="0.0130000000000017" classname="tmb" name="h_mmrm_tmb_check_conv_warns_if_theta_vcov_contains_missing_value"/>
    <testcase time="0.00799999999999912" classname="tmb" name="h_mmrm_tmb_check_conv_warns_if_theta_vcov_is_singular"/>
    <testcase time="0.0390000000000015" classname="tmb" name="h_mmrm_tmb_extract_cov_works_as_expected"/>
    <testcase time="0.00300000000000011" classname="tmb" name="h_mmrm_tmb_extract_cov_works_as_expected"/>
    <testcase time="0.032" classname="tmb" name="h_mmrm_tmb_extract_cov_works_as_expected_for_group_covariance"/>
    <testcase time="0.00300000000000011" classname="tmb" name="h_mmrm_tmb_extract_cov_works_as_expected_for_group_covariance"/>
    <testcase time="0.00300000000000011" classname="tmb" name="h_mmrm_tmb_extract_cov_works_as_expected_for_group_covariance"/>
    <testcase time="0.0389999999999979" classname="tmb" name="h_mmrm_tmb_fit_works_as_expected"/>
    <testcase time="0.00199999999999889" classname="tmb" name="h_mmrm_tmb_fit_works_as_expected"/>
    <testcase time="0.00300000000000011" classname="tmb" name="h_mmrm_tmb_fit_works_as_expected"/>
    <testcase time="0.00500000000000256" classname="tmb" name="h_mmrm_tmb_fit_works_as_expected"/>
    <testcase time="0.00399999999999778" classname="tmb" name="h_mmrm_tmb_fit_works_as_expected"/>
    <testcase time="0.00300000000000011" classname="tmb" name="h_mmrm_tmb_fit_works_as_expected"/>
    <testcase time="0.00400000000000134" classname="tmb" name="h_mmrm_tmb_fit_works_as_expected"/>
    <testcase time="0.00499999999999901" classname="tmb" name="h_mmrm_tmb_fit_works_as_expected"/>
    <testcase time="0.00200000000000244" classname="tmb" name="h_mmrm_tmb_fit_works_as_expected"/>
    <testcase time="0.00300000000000011" classname="tmb" name="h_mmrm_tmb_fit_works_as_expected"/>
    <testcase time="0.00499999999999901" classname="tmb" name="h_mmrm_tmb_fit_works_as_expected"/>
    <testcase time="0.00399999999999778" classname="tmb" name="h_mmrm_tmb_fit_works_as_expected"/>
    <testcase time="0.00500000000000256" classname="tmb" name="h_mmrm_tmb_fit_works_as_expected"/>
    <testcase time="0.00199999999999889" classname="tmb" name="h_mmrm_tmb_fit_works_as_expected"/>
    <testcase time="0.00600000000000023" classname="tmb" name="h_mmrm_tmb_fit_works_as_expected"/>
    <testcase time="0.00300000000000011" classname="tmb" name="h_mmrm_tmb_fit_works_as_expected"/>
    <testcase time="0.00199999999999889" classname="tmb" name="h_mmrm_tmb_fit_works_as_expected"/>
    <testcase time="0.00300000000000011" classname="tmb" name="h_mmrm_tmb_fit_works_as_expected"/>
    <testcase time="0.00199999999999889" classname="tmb" name="h_mmrm_tmb_fit_works_as_expected"/>
    <testcase time="0.00400000000000134" classname="tmb" name="h_mmrm_tmb_fit_works_as_expected"/>
    <testcase time="0.00300000000000011" classname="tmb" name="h_mmrm_tmb_fit_works_as_expected"/>
    <testcase time="0.00199999999999889" classname="tmb" name="h_mmrm_tmb_fit_works_as_expected"/>
    <testcase time="0.00300000000000011" classname="tmb" name="h_mmrm_tmb_fit_works_as_expected"/>
    <testcase time="0.0440000000000005" classname="tmb" name="h_mmrm_tmb_fit_works_as_expected_for_grouped_covariance"/>
    <testcase time="0.00200000000000244" classname="tmb" name="h_mmrm_tmb_fit_works_as_expected_for_grouped_covariance"/>
    <testcase time="0.00300000000000011" classname="tmb" name="h_mmrm_tmb_fit_works_as_expected_for_grouped_covariance"/>
    <testcase time="0.00399999999999778" classname="tmb" name="h_mmrm_tmb_fit_works_as_expected_for_grouped_covariance"/>
    <testcase time="0.00499999999999901" classname="tmb" name="h_mmrm_tmb_fit_works_as_expected_for_grouped_covariance"/>
    <testcase time="0.00400000000000134" classname="tmb" name="h_mmrm_tmb_fit_works_as_expected_for_grouped_covariance"/>
    <testcase time="0.00499999999999901" classname="tmb" name="h_mmrm_tmb_fit_works_as_expected_for_grouped_covariance"/>
    <testcase time="0.00300000000000011" classname="tmb" name="h_mmrm_tmb_fit_works_as_expected_for_grouped_covariance"/>
    <testcase time="0.00400000000000134" classname="tmb" name="h_mmrm_tmb_fit_works_as_expected_for_grouped_covariance"/>
    <testcase time="0.00499999999999901" classname="tmb" name="h_mmrm_tmb_fit_works_as_expected_for_grouped_covariance"/>
    <testcase time="0.00200000000000244" classname="tmb" name="h_mmrm_tmb_fit_works_as_expected_for_grouped_covariance"/>
    <testcase time="0.00299999999999656" classname="tmb" name="h_mmrm_tmb_fit_works_as_expected_for_grouped_covariance"/>
    <testcase time="0.00200000000000244" classname="tmb" name="h_mmrm_tmb_fit_works_as_expected_for_grouped_covariance"/>
    <testcase time="0.00300000000000011" classname="tmb" name="h_mmrm_tmb_fit_works_as_expected_for_grouped_covariance"/>
    <testcase time="0.00399999999999778" classname="tmb" name="h_mmrm_tmb_fit_works_as_expected_for_grouped_covariance"/>
    <testcase time="0.00300000000000011" classname="tmb" name="h_mmrm_tmb_fit_works_as_expected_for_grouped_covariance"/>
    <testcase time="0.00200000000000244" classname="tmb" name="h_mmrm_tmb_fit_works_as_expected_for_grouped_covariance"/>
    <testcase time="0.00300000000000011" classname="tmb" name="h_mmrm_tmb_fit_works_as_expected_for_grouped_covariance"/>
    <testcase time="0.0449999999999982" classname="tmb" name="fit_mmrm_works_as_expected_in_a_simple_model_without_covariates_and_ML"/>
    <testcase time="0.00199999999999889" classname="tmb" name="fit_mmrm_works_as_expected_in_a_simple_model_without_covariates_and_ML"/>
    <testcase time="0.00300000000000011" classname="tmb" name="fit_mmrm_works_as_expected_in_a_simple_model_without_covariates_and_ML"/>
    <testcase time="0.00200000000000244" classname="tmb" name="fit_mmrm_works_as_expected_in_a_simple_model_without_covariates_and_ML"/>
    <testcase time="0.00600000000000023" classname="tmb" name="fit_mmrm_works_as_expected_in_a_simple_model_without_covariates_and_ML"/>
    <testcase time="0.00499999999999901" classname="tmb" name="fit_mmrm_works_as_expected_in_a_simple_model_without_covariates_and_ML"/>
    <testcase time="0.00499999999999901" classname="tmb" name="fit_mmrm_works_as_expected_in_a_simple_model_without_covariates_and_ML"/>
    <testcase time="0.00600000000000023" classname="tmb" name="fit_mmrm_works_as_expected_in_a_simple_model_without_covariates_and_ML"/>
    <testcase time="0.0380000000000003" classname="tmb" name="fit_mmrm_works_as_expected_in_a_simple_model_without_covariates_and_REML"/>
    <testcase time="0.00199999999999889" classname="tmb" name="fit_mmrm_works_as_expected_in_a_simple_model_without_covariates_and_REML"/>
    <testcase time="0.00300000000000011" classname="tmb" name="fit_mmrm_works_as_expected_in_a_simple_model_without_covariates_and_REML"/>
    <testcase time="0.00200000000000244" classname="tmb" name="fit_mmrm_works_as_expected_in_a_simple_model_without_covariates_and_REML"/>
    <testcase time="0.00600000000000023" classname="tmb" name="fit_mmrm_works_as_expected_in_a_simple_model_without_covariates_and_REML"/>
    <testcase time="0.00499999999999901" classname="tmb" name="fit_mmrm_works_as_expected_in_a_simple_model_without_covariates_and_REML"/>
    <testcase time="0.00600000000000023" classname="tmb" name="fit_mmrm_works_as_expected_in_a_simple_model_without_covariates_and_REML"/>
    <testcase time="0.00499999999999901" classname="tmb" name="fit_mmrm_works_as_expected_in_a_simple_model_without_covariates_and_REML"/>
    <testcase time="0.036999999999999" classname="tmb" name="fit_mmrm_works_with_ad_covariance_structure_and_ML"/>
    <testcase time="0.00300000000000011" classname="tmb" name="fit_mmrm_works_with_ad_covariance_structure_and_ML"/>
    <testcase time="0.00600000000000023" classname="tmb" name="fit_mmrm_works_with_ad_covariance_structure_and_ML"/>
    <testcase time="0.00500000000000256" classname="tmb" name="fit_mmrm_works_with_ad_covariance_structure_and_ML"/>
    <testcase time="0.00499999999999901" classname="tmb" name="fit_mmrm_works_with_ad_covariance_structure_and_ML"/>
    <testcase time="0.00600000000000023" classname="tmb" name="fit_mmrm_works_with_ad_covariance_structure_and_ML"/>
    <testcase time="0.0380000000000003" classname="tmb" name="fit_mmrm_works_with_ad_covariance_structure_and_REML"/>
    <testcase time="0.00199999999999889" classname="tmb" name="fit_mmrm_works_with_ad_covariance_structure_and_REML"/>
    <testcase time="0.00600000000000023" classname="tmb" name="fit_mmrm_works_with_ad_covariance_structure_and_REML"/>
    <testcase time="0.00600000000000023" classname="tmb" name="fit_mmrm_works_with_ad_covariance_structure_and_REML"/>
    <testcase time="0.00499999999999901" classname="tmb" name="fit_mmrm_works_with_ad_covariance_structure_and_REML"/>
    <testcase time="0.00499999999999901" classname="tmb" name="fit_mmrm_works_with_ad_covariance_structure_and_REML"/>
    <testcase time="0.0380000000000003" classname="tmb" name="fit_mmrm_works_with_adh_covariance_structure_and_ML"/>
    <testcase time="0.00200000000000244" classname="tmb" name="fit_mmrm_works_with_adh_covariance_structure_and_ML"/>
    <testcase time="0.00600000000000023" classname="tmb" name="fit_mmrm_works_with_adh_covariance_structure_and_ML"/>
    <testcase time="0.00499999999999901" classname="tmb" name="fit_mmrm_works_with_adh_covariance_structure_and_ML"/>
    <testcase time="0.00600000000000023" classname="tmb" name="fit_mmrm_works_with_adh_covariance_structure_and_ML"/>
    <testcase time="0.00499999999999901" classname="tmb" name="fit_mmrm_works_with_adh_covariance_structure_and_ML"/>
    <testcase time="0.0489999999999995" classname="tmb" name="fit_mmrm_works_with_adh_covariance_structure_and_REML"/>
    <testcase time="0.00300000000000011" classname="tmb" name="fit_mmrm_works_with_adh_covariance_structure_and_REML"/>
    <testcase time="0.00600000000000023" classname="tmb" name="fit_mmrm_works_with_adh_covariance_structure_and_REML"/>
    <testcase time="0.00600000000000023" classname="tmb" name="fit_mmrm_works_with_adh_covariance_structure_and_REML"/>
    <testcase time="0.00600000000000023" classname="tmb" name="fit_mmrm_works_with_adh_covariance_structure_and_REML"/>
    <testcase time="0.00600000000000023" classname="tmb" name="fit_mmrm_works_with_adh_covariance_structure_and_REML"/>
    <testcase time="0.0429999999999993" classname="tmb" name="fit_mmrm_works_with_grouped_adh_covariance_structure_and_ML"/>
    <testcase time="0.00700000000000145" classname="tmb" name="fit_mmrm_works_with_grouped_adh_covariance_structure_and_ML"/>
    <testcase time="0.00600000000000023" classname="tmb" name="fit_mmrm_works_with_grouped_adh_covariance_structure_and_ML"/>
    <testcase time="0.00499999999999901" classname="tmb" name="fit_mmrm_works_with_grouped_adh_covariance_structure_and_ML"/>
    <testcase time="0.00600000000000023" classname="tmb" name="fit_mmrm_works_with_grouped_adh_covariance_structure_and_ML"/>
    <testcase time="0.0519999999999996" classname="tmb" name="fit_mmrm_works_with_grouped_adh_covariance_structure_and_REML"/>
    <testcase time="0.00700000000000145" classname="tmb" name="fit_mmrm_works_with_grouped_adh_covariance_structure_and_REML"/>
    <testcase time="0.00600000000000023" classname="tmb" name="fit_mmrm_works_with_grouped_adh_covariance_structure_and_REML"/>
    <testcase time="0.00600000000000023" classname="tmb" name="fit_mmrm_works_with_grouped_adh_covariance_structure_and_REML"/>
    <testcase time="0.00499999999999901" classname="tmb" name="fit_mmrm_works_with_grouped_adh_covariance_structure_and_REML"/>
    <testcase time="0.0380000000000003" classname="tmb" name="fit_mmrm_works_with_toep_covariance_structure_and_ML"/>
    <testcase time="0.00600000000000023" classname="tmb" name="fit_mmrm_works_with_toep_covariance_structure_and_ML"/>
    <testcase time="0.00600000000000023" classname="tmb" name="fit_mmrm_works_with_toep_covariance_structure_and_ML"/>
    <testcase time="0.00600000000000023" classname="tmb" name="fit_mmrm_works_with_toep_covariance_structure_and_ML"/>
    <testcase time="0.00499999999999901" classname="tmb" name="fit_mmrm_works_with_toep_covariance_structure_and_ML"/>
    <testcase time="0.00600000000000023" classname="tmb" name="fit_mmrm_works_with_toep_covariance_structure_and_ML"/>
    <testcase time="0.036999999999999" classname="tmb" name="fit_mmrm_works_with_toep_covariance_structure_and_REML"/>
    <testcase time="0.00600000000000023" classname="tmb" name="fit_mmrm_works_with_toep_covariance_structure_and_REML"/>
    <testcase time="0.00600000000000023" classname="tmb" name="fit_mmrm_works_with_toep_covariance_structure_and_REML"/>
    <testcase time="0.00499999999999901" classname="tmb" name="fit_mmrm_works_with_toep_covariance_structure_and_REML"/>
    <testcase time="0.00600000000000023" classname="tmb" name="fit_mmrm_works_with_toep_covariance_structure_and_REML"/>
    <testcase time="0.00600000000000023" classname="tmb" name="fit_mmrm_works_with_toep_covariance_structure_and_REML"/>
    <testcase time="0.036999999999999" classname="tmb" name="fit_mmrm_works_with_toeph_covariance_structure_and_ML"/>
    <testcase time="0.00600000000000023" classname="tmb" name="fit_mmrm_works_with_toeph_covariance_structure_and_ML"/>
    <testcase time="0.0139999999999993" classname="tmb" name="fit_mmrm_works_with_toeph_covariance_structure_and_ML"/>
    <testcase time="0.00600000000000023" classname="tmb" name="fit_mmrm_works_with_toeph_covariance_structure_and_ML"/>
    <testcase time="0.00600000000000023" classname="tmb" name="fit_mmrm_works_with_toeph_covariance_structure_and_ML"/>
    <testcase time="0.00600000000000023" classname="tmb" name="fit_mmrm_works_with_toeph_covariance_structure_and_ML"/>
    <testcase time="0.0380000000000003" classname="tmb" name="fit_mmrm_works_with_toeph_covariance_structure_and_REML"/>
    <testcase time="0.00600000000000023" classname="tmb" name="fit_mmrm_works_with_toeph_covariance_structure_and_REML"/>
    <testcase time="0.00600000000000023" classname="tmb" name="fit_mmrm_works_with_toeph_covariance_structure_and_REML"/>
    <testcase time="0.00600000000000023" classname="tmb" name="fit_mmrm_works_with_toeph_covariance_structure_and_REML"/>
    <testcase time="0.00600000000000023" classname="tmb" name="fit_mmrm_works_with_toeph_covariance_structure_and_REML"/>
    <testcase time="0.00499999999999901" classname="tmb" name="fit_mmrm_works_with_toeph_covariance_structure_and_REML"/>
    <testcase time="0.0410000000000004" classname="tmb" name="fit_mmrm_works_with_grouped_toeph_covariance_structure_and_ML"/>
    <testcase time="0.00600000000000023" classname="tmb" name="fit_mmrm_works_with_grouped_toeph_covariance_structure_and_ML"/>
    <testcase time="0.00600000000000023" classname="tmb" name="fit_mmrm_works_with_grouped_toeph_covariance_structure_and_ML"/>
    <testcase time="0.00499999999999901" classname="tmb" name="fit_mmrm_works_with_grouped_toeph_covariance_structure_and_ML"/>
    <testcase time="0.00600000000000023" classname="tmb" name="fit_mmrm_works_with_grouped_toeph_covariance_structure_and_ML"/>
    <testcase time="0.00600000000000023" classname="tmb" name="fit_mmrm_works_with_grouped_toeph_covariance_structure_and_ML"/>
    <testcase time="0.00600000000000023" classname="tmb" name="fit_mmrm_works_with_grouped_toeph_covariance_structure_and_ML"/>
    <testcase time="0.00499999999999901" classname="tmb" name="fit_mmrm_works_with_grouped_toeph_covariance_structure_and_ML"/>
    <testcase time="0.0410000000000004" classname="tmb" name="fit_mmrm_works_with_grouped_toeph_covariance_structure_and_REML"/>
    <testcase time="0.00700000000000145" classname="tmb" name="fit_mmrm_works_with_grouped_toeph_covariance_structure_and_REML"/>
    <testcase time="0.00600000000000023" classname="tmb" name="fit_mmrm_works_with_grouped_toeph_covariance_structure_and_REML"/>
    <testcase time="0.00600000000000023" classname="tmb" name="fit_mmrm_works_with_grouped_toeph_covariance_structure_and_REML"/>
    <testcase time="0.00600000000000023" classname="tmb" name="fit_mmrm_works_with_grouped_toeph_covariance_structure_and_REML"/>
    <testcase time="0.00600000000000023" classname="tmb" name="fit_mmrm_works_with_grouped_toeph_covariance_structure_and_REML"/>
    <testcase time="0.00600000000000023" classname="tmb" name="fit_mmrm_works_with_grouped_toeph_covariance_structure_and_REML"/>
    <testcase time="0.00499999999999901" classname="tmb" name="fit_mmrm_works_with_grouped_toeph_covariance_structure_and_REML"/>
    <testcase time="0.0380000000000003" classname="tmb" name="fit_mmrm_works_with_ar1_covariance_structure_and_ML"/>
    <testcase time="0.00600000000000023" classname="tmb" name="fit_mmrm_works_with_ar1_covariance_structure_and_ML"/>
    <testcase time="0.00600000000000023" classname="tmb" name="fit_mmrm_works_with_ar1_covariance_structure_and_ML"/>
    <testcase time="0.00600000000000023" classname="tmb" name="fit_mmrm_works_with_ar1_covariance_structure_and_ML"/>
    <testcase time="0.00599999999999667" classname="tmb" name="fit_mmrm_works_with_ar1_covariance_structure_and_ML"/>
    <testcase time="0.0110000000000028" classname="tmb" name="fit_mmrm_works_with_ar1_covariance_structure_and_ML"/>
    <testcase time="0.0249999999999986" classname="tmb" name="fit_mmrm_works_with_ar1_covariance_structure_and_REML"/>
    <testcase time="0.00400000000000134" classname="tmb" name="fit_mmrm_works_with_ar1_covariance_structure_and_REML"/>
    <testcase time="0.00300000000000011" classname="tmb" name="fit_mmrm_works_with_ar1_covariance_structure_and_REML"/>
    <testcase time="0.00400000000000134" classname="tmb" name="fit_mmrm_works_with_ar1_covariance_structure_and_REML"/>
    <testcase time="0.00400000000000134" classname="tmb" name="fit_mmrm_works_with_ar1_covariance_structure_and_REML"/>
    <testcase time="0.00399999999999778" classname="tmb" name="fit_mmrm_works_with_ar1_covariance_structure_and_REML"/>
    <testcase time="0.027000000000001" classname="tmb" name="fit_mmrm_works_with_ar1h_covariance_structure_and_ML"/>
    <testcase time="0.00600000000000023" classname="tmb" name="fit_mmrm_works_with_ar1h_covariance_structure_and_ML"/>
    <testcase time="0.00600000000000023" classname="tmb" name="fit_mmrm_works_with_ar1h_covariance_structure_and_ML"/>
    <testcase time="0.00600000000000023" classname="tmb" name="fit_mmrm_works_with_ar1h_covariance_structure_and_ML"/>
    <testcase time="0.00600000000000023" classname="tmb" name="fit_mmrm_works_with_ar1h_covariance_structure_and_ML"/>
    <testcase time="0.00600000000000023" classname="tmb" name="fit_mmrm_works_with_ar1h_covariance_structure_and_ML"/>
    <testcase time="0.0380000000000003" classname="tmb" name="fit_mmrm_works_with_ar1h_covariance_structure_and_REML"/>
    <testcase time="0.00599999999999667" classname="tmb" name="fit_mmrm_works_with_ar1h_covariance_structure_and_REML"/>
    <testcase time="0.00600000000000023" classname="tmb" name="fit_mmrm_works_with_ar1h_covariance_structure_and_REML"/>
    <testcase time="0.00600000000000023" classname="tmb" name="fit_mmrm_works_with_ar1h_covariance_structure_and_REML"/>
    <testcase time="0.00600000000000023" classname="tmb" name="fit_mmrm_works_with_ar1h_covariance_structure_and_REML"/>
    <testcase time="0.00600000000000023" classname="tmb" name="fit_mmrm_works_with_ar1h_covariance_structure_and_REML"/>
    <testcase time="0.0390000000000015" classname="tmb" name="fit_mmrm_works_with_grouped_ar1_covariance_structure_and_ML"/>
    <testcase time="0.00600000000000023" classname="tmb" name="fit_mmrm_works_with_grouped_ar1_covariance_structure_and_ML"/>
    <testcase time="0.00600000000000023" classname="tmb" name="fit_mmrm_works_with_grouped_ar1_covariance_structure_and_ML"/>
    <testcase time="0.00600000000000023" classname="tmb" name="fit_mmrm_works_with_grouped_ar1_covariance_structure_and_ML"/>
    <testcase time="0.00500000000000256" classname="tmb" name="fit_mmrm_works_with_grouped_ar1_covariance_structure_and_ML"/>
    <testcase time="0.00599999999999667" classname="tmb" name="fit_mmrm_works_with_grouped_ar1_covariance_structure_and_ML"/>
    <testcase time="0.0400000000000027" classname="tmb" name="fit_mmrm_works_with_grouped_ar1_covariance_structure_and_REML"/>
    <testcase time="0.00600000000000023" classname="tmb" name="fit_mmrm_works_with_grouped_ar1_covariance_structure_and_REML"/>
    <testcase time="0.00600000000000023" classname="tmb" name="fit_mmrm_works_with_grouped_ar1_covariance_structure_and_REML"/>
    <testcase time="0.0139999999999993" classname="tmb" name="fit_mmrm_works_with_grouped_ar1_covariance_structure_and_REML"/>
    <testcase time="0.00600000000000023" classname="tmb" name="fit_mmrm_works_with_grouped_ar1_covariance_structure_and_REML"/>
    <testcase time="0.00600000000000023" classname="tmb" name="fit_mmrm_works_with_grouped_ar1_covariance_structure_and_REML"/>
    <testcase time="0.0400000000000027" classname="tmb" name="fit_mmrm_works_with_grouped_ar1h_covariance_structure_and_ML"/>
    <testcase time="0.0069999999999979" classname="tmb" name="fit_mmrm_works_with_grouped_ar1h_covariance_structure_and_ML"/>
    <testcase time="0.00600000000000023" classname="tmb" name="fit_mmrm_works_with_grouped_ar1h_covariance_structure_and_ML"/>
    <testcase time="0.00600000000000023" classname="tmb" name="fit_mmrm_works_with_grouped_ar1h_covariance_structure_and_ML"/>
    <testcase time="0.00600000000000023" classname="tmb" name="fit_mmrm_works_with_grouped_ar1h_covariance_structure_and_ML"/>
    <testcase time="0.00600000000000023" classname="tmb" name="fit_mmrm_works_with_grouped_ar1h_covariance_structure_and_ML"/>
    <testcase time="0.041999999999998" classname="tmb" name="fit_mmrm_works_with_grouped_ar1h_covariance_structure_and_REML"/>
    <testcase time="0.00700000000000145" classname="tmb" name="fit_mmrm_works_with_grouped_ar1h_covariance_structure_and_REML"/>
    <testcase time="0.00600000000000023" classname="tmb" name="fit_mmrm_works_with_grouped_ar1h_covariance_structure_and_REML"/>
    <testcase time="0.00600000000000023" classname="tmb" name="fit_mmrm_works_with_grouped_ar1h_covariance_structure_and_REML"/>
    <testcase time="0.00599999999999667" classname="tmb" name="fit_mmrm_works_with_grouped_ar1h_covariance_structure_and_REML"/>
    <testcase time="0.00700000000000145" classname="tmb" name="fit_mmrm_works_with_grouped_ar1h_covariance_structure_and_REML"/>
    <testcase time="0.0380000000000003" classname="tmb" name="fit_mmrm_works_with_cs_covariance_structure_and_ML"/>
    <testcase time="0.00700000000000145" classname="tmb" name="fit_mmrm_works_with_cs_covariance_structure_and_ML"/>
    <testcase time="0.0069999999999979" classname="tmb" name="fit_mmrm_works_with_cs_covariance_structure_and_ML"/>
    <testcase time="0.00600000000000023" classname="tmb" name="fit_mmrm_works_with_cs_covariance_structure_and_ML"/>
    <testcase time="0.00700000000000145" classname="tmb" name="fit_mmrm_works_with_cs_covariance_structure_and_ML"/>
    <testcase time="0.00600000000000023" classname="tmb" name="fit_mmrm_works_with_cs_covariance_structure_and_ML"/>
    <testcase time="0.0279999999999987" classname="tmb" name="fit_mmrm_works_with_cs_covariance_structure_and_REML"/>
    <testcase time="0.00499999999999901" classname="tmb" name="fit_mmrm_works_with_cs_covariance_structure_and_REML"/>
    <testcase time="0.00400000000000134" classname="tmb" name="fit_mmrm_works_with_cs_covariance_structure_and_REML"/>
    <testcase time="0.00400000000000134" classname="tmb" name="fit_mmrm_works_with_cs_covariance_structure_and_REML"/>
    <testcase time="0.00499999999999901" classname="tmb" name="fit_mmrm_works_with_cs_covariance_structure_and_REML"/>
    <testcase time="0.00399999999999778" classname="tmb" name="fit_mmrm_works_with_cs_covariance_structure_and_REML"/>
    <testcase time="0.0350000000000001" classname="tmb" name="fit_mmrm_works_with_csh_covariance_structure_and_ML"/>
    <testcase time="0.00700000000000145" classname="tmb" name="fit_mmrm_works_with_csh_covariance_structure_and_ML"/>
    <testcase time="0.00600000000000023" classname="tmb" name="fit_mmrm_works_with_csh_covariance_structure_and_ML"/>
    <testcase time="0.00700000000000145" classname="tmb" name="fit_mmrm_works_with_csh_covariance_structure_and_ML"/>
    <testcase time="0.00599999999999667" classname="tmb" name="fit_mmrm_works_with_csh_covariance_structure_and_ML"/>
    <testcase time="0.00600000000000023" classname="tmb" name="fit_mmrm_works_with_csh_covariance_structure_and_ML"/>
    <testcase time="0.0380000000000003" classname="tmb" name="fit_mmrm_works_with_csh_covariance_structure_and_REML"/>
    <testcase time="0.00700000000000145" classname="tmb" name="fit_mmrm_works_with_csh_covariance_structure_and_REML"/>
    <testcase time="0.00600000000000023" classname="tmb" name="fit_mmrm_works_with_csh_covariance_structure_and_REML"/>
    <testcase time="0.0069999999999979" classname="tmb" name="fit_mmrm_works_with_csh_covariance_structure_and_REML"/>
    <testcase time="0.00600000000000023" classname="tmb" name="fit_mmrm_works_with_csh_covariance_structure_and_REML"/>
    <testcase time="0.00600000000000023" classname="tmb" name="fit_mmrm_works_with_csh_covariance_structure_and_REML"/>
    <testcase time="0.0489999999999995" classname="tmb" name="fit_mmrm_works_with_weights_and_ML"/>
    <testcase time="0.00300000000000011" classname="tmb" name="fit_mmrm_works_with_weights_and_ML"/>
    <testcase time="0.00700000000000145" classname="tmb" name="fit_mmrm_works_with_weights_and_ML"/>
    <testcase time="0.00700000000000145" classname="tmb" name="fit_mmrm_works_with_weights_and_ML"/>
    <testcase time="0.00600000000000023" classname="tmb" name="fit_mmrm_works_with_weights_and_ML"/>
    <testcase time="0.00599999999999667" classname="tmb" name="fit_mmrm_works_with_weights_and_ML"/>
    <testcase time="0.0500000000000007" classname="tmb" name="fit_mmrm_works_with_weights_and_REML"/>
    <testcase time="0.00400000000000134" classname="tmb" name="fit_mmrm_works_with_weights_and_REML"/>
    <testcase time="0.00700000000000145" classname="tmb" name="fit_mmrm_works_with_weights_and_REML"/>
    <testcase time="0.00599999999999667" classname="tmb" name="fit_mmrm_works_with_weights_and_REML"/>
    <testcase time="0.00700000000000145" classname="tmb" name="fit_mmrm_works_with_weights_and_REML"/>
    <testcase time="0.00600000000000023" classname="tmb" name="fit_mmrm_works_with_weights_and_REML"/>
    <testcase time="0.0390000000000015" classname="tmb" name="fit_mmrm_works_with_group_cs_covariance_structure_and_ML"/>
    <testcase time="0.0069999999999979" classname="tmb" name="fit_mmrm_works_with_group_cs_covariance_structure_and_ML"/>
    <testcase time="0.00600000000000023" classname="tmb" name="fit_mmrm_works_with_group_cs_covariance_structure_and_ML"/>
    <testcase time="0.0139999999999993" classname="tmb" name="fit_mmrm_works_with_group_cs_covariance_structure_and_ML"/>
    <testcase time="0.00600000000000023" classname="tmb" name="fit_mmrm_works_with_group_cs_covariance_structure_and_ML"/>
    <testcase time="0.00700000000000145" classname="tmb" name="fit_mmrm_works_with_group_cs_covariance_structure_and_ML"/>
    <testcase time="0.0389999999999979" classname="tmb" name="fit_mmrm_works_with_cs_covariance_structure_and_REML"/>
    <testcase time="0.00700000000000145" classname="tmb" name="fit_mmrm_works_with_cs_covariance_structure_and_REML"/>
    <testcase time="0.00600000000000023" classname="tmb" name="fit_mmrm_works_with_cs_covariance_structure_and_REML"/>
    <testcase time="0.00600000000000023" classname="tmb" name="fit_mmrm_works_with_cs_covariance_structure_and_REML"/>
    <testcase time="0.0069999999999979" classname="tmb" name="fit_mmrm_works_with_cs_covariance_structure_and_REML"/>
    <testcase time="0.00600000000000023" classname="tmb" name="fit_mmrm_works_with_cs_covariance_structure_and_REML"/>
    <testcase time="0.0410000000000004" classname="tmb" name="fit_mmrm_works_with_grouped_csh_covariance_structure_and_ML"/>
    <testcase time="0.00700000000000145" classname="tmb" name="fit_mmrm_works_with_grouped_csh_covariance_structure_and_ML"/>
    <testcase time="0.00600000000000023" classname="tmb" name="fit_mmrm_works_with_grouped_csh_covariance_structure_and_ML"/>
    <testcase time="0.0069999999999979" classname="tmb" name="fit_mmrm_works_with_grouped_csh_covariance_structure_and_ML"/>
    <testcase time="0.00600000000000023" classname="tmb" name="fit_mmrm_works_with_grouped_csh_covariance_structure_and_ML"/>
    <testcase time="0.00600000000000023" classname="tmb" name="fit_mmrm_works_with_grouped_csh_covariance_structure_and_ML"/>
    <testcase time="0.0420000000000016" classname="tmb" name="fit_mmrm_works_with_grouped_csh_covariance_structure_and_REML"/>
    <testcase time="0.0069999999999979" classname="tmb" name="fit_mmrm_works_with_grouped_csh_covariance_structure_and_REML"/>
    <testcase time="0.00700000000000145" classname="tmb" name="fit_mmrm_works_with_grouped_csh_covariance_structure_and_REML"/>
    <testcase time="0.00700000000000145" classname="tmb" name="fit_mmrm_works_with_grouped_csh_covariance_structure_and_REML"/>
    <testcase time="0.00600000000000023" classname="tmb" name="fit_mmrm_works_with_grouped_csh_covariance_structure_and_REML"/>
    <testcase time="0.0069999999999979" classname="tmb" name="fit_mmrm_works_with_grouped_csh_covariance_structure_and_REML"/>
    <testcase time="0.0390000000000015" classname="tmb" name="fit_mmrm_works_with_group_cs_covariance_structure_and_ML"/>
    <testcase time="0.0069999999999979" classname="tmb" name="fit_mmrm_works_with_group_cs_covariance_structure_and_ML"/>
    <testcase time="0.00700000000000145" classname="tmb" name="fit_mmrm_works_with_group_cs_covariance_structure_and_ML"/>
    <testcase time="0.0069999999999979" classname="tmb" name="fit_mmrm_works_with_group_cs_covariance_structure_and_ML"/>
    <testcase time="0.00600000000000023" classname="tmb" name="fit_mmrm_works_with_group_cs_covariance_structure_and_ML"/>
    <testcase time="0.00700000000000145" classname="tmb" name="fit_mmrm_works_with_group_cs_covariance_structure_and_ML"/>
    <testcase time="0.0470000000000006" classname="tmb" name="fit_mmrm_works_with_cs_covariance_structure_and_REML"/>
    <testcase time="0.0069999999999979" classname="tmb" name="fit_mmrm_works_with_cs_covariance_structure_and_REML"/>
    <testcase time="0.00600000000000023" classname="tmb" name="fit_mmrm_works_with_cs_covariance_structure_and_REML"/>
    <testcase time="0.00700000000000145" classname="tmb" name="fit_mmrm_works_with_cs_covariance_structure_and_REML"/>
    <testcase time="0.00600000000000023" classname="tmb" name="fit_mmrm_works_with_cs_covariance_structure_and_REML"/>
    <testcase time="0.0069999999999979" classname="tmb" name="fit_mmrm_works_with_cs_covariance_structure_and_REML"/>
    <testcase time="0.0400000000000027" classname="tmb" name="fit_mmrm_works_with_grouped_csh_covariance_structure_and_ML"/>
    <testcase time="0.0069999999999979" classname="tmb" name="fit_mmrm_works_with_grouped_csh_covariance_structure_and_ML"/>
    <testcase time="0.00700000000000145" classname="tmb" name="fit_mmrm_works_with_grouped_csh_covariance_structure_and_ML"/>
    <testcase time="0.0069999999999979" classname="tmb" name="fit_mmrm_works_with_grouped_csh_covariance_structure_and_ML"/>
    <testcase time="0.00600000000000023" classname="tmb" name="fit_mmrm_works_with_grouped_csh_covariance_structure_and_ML"/>
    <testcase time="0.00700000000000145" classname="tmb" name="fit_mmrm_works_with_grouped_csh_covariance_structure_and_ML"/>
    <testcase time="0.0399999999999991" classname="tmb" name="fit_mmrm_works_with_grouped_csh_covariance_structure_and_REML"/>
    <testcase time="0.00700000000000145" classname="tmb" name="fit_mmrm_works_with_grouped_csh_covariance_structure_and_REML"/>
    <testcase time="0.0069999999999979" classname="tmb" name="fit_mmrm_works_with_grouped_csh_covariance_structure_and_REML"/>
    <testcase time="0.00700000000000145" classname="tmb" name="fit_mmrm_works_with_grouped_csh_covariance_structure_and_REML"/>
    <testcase time="0.00600000000000023" classname="tmb" name="fit_mmrm_works_with_grouped_csh_covariance_structure_and_REML"/>
    <testcase time="0.00700000000000145" classname="tmb" name="fit_mmrm_works_with_grouped_csh_covariance_structure_and_REML"/>
    <testcase time="0.0410000000000004" classname="tmb" name="fit_mmrm_works_with_sp_exp_covariance_structure_and_ML"/>
    <testcase time="0.00700000000000145" classname="tmb" name="fit_mmrm_works_with_sp_exp_covariance_structure_and_ML"/>
    <testcase time="0.0069999999999979" classname="tmb" name="fit_mmrm_works_with_sp_exp_covariance_structure_and_ML"/>
    <testcase time="0.00700000000000145" classname="tmb" name="fit_mmrm_works_with_sp_exp_covariance_structure_and_ML"/>
    <testcase time="0.00600000000000023" classname="tmb" name="fit_mmrm_works_with_sp_exp_covariance_structure_and_ML"/>
    <testcase time="0.0380000000000003" classname="tmb" name="fit_mmrm_works_with_sp_exp_covariance_structure_and_ML_2_dimension_"/>
    <testcase time="0.0109999999999992" classname="tmb" name="fit_mmrm_works_with_sp_exp_covariance_structure_and_ML_2_dimension_"/>
    <testcase time="0.00400000000000134" classname="tmb" name="fit_mmrm_works_with_sp_exp_covariance_structure_and_ML_2_dimension_"/>
    <testcase time="0.00499999999999901" classname="tmb" name="fit_mmrm_works_with_sp_exp_covariance_structure_and_ML_2_dimension_"/>
    <testcase time="0.00499999999999901" classname="tmb" name="fit_mmrm_works_with_sp_exp_covariance_structure_and_ML_2_dimension_"/>
    <testcase time="0.0289999999999999" classname="tmb" name="fit_mmrm_works_with_sp_exp_covariance_structure_and_REML"/>
    <testcase time="0.00400000000000134" classname="tmb" name="fit_mmrm_works_with_sp_exp_covariance_structure_and_REML"/>
    <testcase time="0.00499999999999901" classname="tmb" name="fit_mmrm_works_with_sp_exp_covariance_structure_and_REML"/>
    <testcase time="0.00499999999999901" classname="tmb" name="fit_mmrm_works_with_sp_exp_covariance_structure_and_REML"/>
    <testcase time="0.00400000000000134" classname="tmb" name="fit_mmrm_works_with_sp_exp_covariance_structure_and_REML"/>
    <testcase time="0.036999999999999" classname="tmb" name="fit_mmrm_works_with_sp_exp_covariance_structure_and_REML_2_dimension_"/>
    <testcase time="0.00600000000000023" classname="tmb" name="fit_mmrm_works_with_sp_exp_covariance_structure_and_REML_2_dimension_"/>
    <testcase time="0.00499999999999901" classname="tmb" name="fit_mmrm_works_with_sp_exp_covariance_structure_and_REML_2_dimension_"/>
    <testcase time="0.00400000000000134" classname="tmb" name="fit_mmrm_works_with_sp_exp_covariance_structure_and_REML_2_dimension_"/>
    <testcase time="0.00499999999999901" classname="tmb" name="fit_mmrm_works_with_sp_exp_covariance_structure_and_REML_2_dimension_"/>
    <testcase time="0.0289999999999999" classname="tmb" name="fit_mmrm_also_works_with_character_ID_variable"/>
    <testcase time="0.0360000000000014" classname="tmb" name="fit_mmrm_also_works_with_character_ID_variable"/>
    <testcase time="0.00700000000000145" classname="tmb" name="fit_mmrm_also_works_with_character_ID_variable"/>
    <testcase time="0.0389999999999979" classname="tmb" name="fit_mmrm_saves_data_name_in_call_element_as_expected"/>
    <testcase time="0.00600000000000023" classname="tmb" name="fit_mmrm_saves_data_name_in_call_element_as_expected"/>
    <testcase time="0.0659999999999989" classname="tmb" name="fit_mmrm_works_even_when_time_point_variable_has_unused_factor_levels"/>
    <testcase time="0.00400000000000134" classname="tmb" name="fit_mmrm_works_even_when_time_point_variable_has_unused_factor_levels"/>
    <testcase time="0.00700000000000145" classname="tmb" name="fit_mmrm_works_even_when_time_point_variable_has_unused_factor_levels"/>
    <testcase time="0.0649999999999977" classname="tmb" name="fit_mmrm_works_if_we_keep_the_unused_factor_levels_for_specific_covariance_structure"/>
    <testcase time="0.00400000000000134" classname="tmb" name="fit_mmrm_works_if_we_keep_the_unused_factor_levels_for_specific_covariance_structure"/>
    <testcase time="0.00600000000000023" classname="tmb" name="fit_mmrm_works_if_we_keep_the_unused_factor_levels_for_specific_covariance_structure"/>
    <testcase time="0.0549999999999997" classname="tmb" name="fit_mmrm_warns_if_we_keep_the_unused_factor_levels_for_unstructured_covariance"/>
    <testcase time="0.00300000000000011" classname="tmb" name="fit_mmrm_warns_if_we_keep_the_unused_factor_levels_for_unstructured_covariance"/>
    <testcase time="0.00400000000000134" classname="tmb" name="fit_mmrm_warns_if_we_keep_the_unused_factor_levels_for_unstructured_covariance"/>
    <testcase time="0.0479999999999983" classname="tmb" name="fit_mmrm_works_with_below_full_rank_original_design_matrix_by_default"/>
    <testcase time="0.00400000000000134" classname="tmb" name="fit_mmrm_works_with_below_full_rank_original_design_matrix_by_default"/>
    <testcase time="0.0169999999999995" classname="tmb" name="fit_mmrm_throws_informative_error_for_non_spatial_cov_with_non_factor"/>
    <testcase time="0.0240000000000009" classname="tmb" name="get_covariance_lower_chol_errors_when_an_invalid_covariance_type_is_used"/>
    <testcase time="0.0119999999999969" classname="tmb" name="get_covariance_lower_chol_errors_when_an_invalid_covariance_type_is_used"/>
  </testsuite>
  <testsuite name="utils-formula" timestamp="2024-04-22T12:30:17Z" hostname="9071a9ee9a94" tests="17" skipped="0" failures="0" errors="0" time="0.092">
    <testcase time="0.0150000000000006" classname="utils_formula" name="h_extract_covariance_terms_returns_a_list_of_possible_covariance_terms"/>
    <testcase time="0.00400000000000134" classname="utils_formula" name="h_extract_covariance_terms_returns_a_list_of_possible_covariance_terms"/>
    <testcase time="0.00399999999999778" classname="utils_formula" name="h_extract_covariance_terms_returns_a_list_of_possible_covariance_terms"/>
    <testcase time="0.00400000000000134" classname="utils_formula" name="h_extract_covariance_terms_returns_a_list_of_possible_covariance_terms"/>
    <testcase time="0.00400000000000134" classname="utils_formula" name="h_extract_covariance_terms_returns_a_list_of_possible_covariance_terms"/>
    <testcase time="0.00399999999999778" classname="utils_formula" name="h_extract_covariance_terms_returns_a_list_of_possible_covariance_terms"/>
    <testcase time="0.00900000000000034" classname="utils_formula" name="h_drop_covariance_terms_identifies_covariance_terms_specifically"/>
    <testcase time="0.00400000000000134" classname="utils_formula" name="h_drop_covariance_terms_identifies_covariance_terms_specifically"/>
    <testcase time="0.00400000000000134" classname="utils_formula" name="h_drop_covariance_terms_identifies_covariance_terms_specifically"/>
    <testcase time="0.00299999999999656" classname="utils_formula" name="h_drop_covariance_terms_identifies_covariance_terms_specifically"/>
    <testcase time="0.00600000000000023" classname="utils_formula" name="h_add_covariance_terms_adds_covariance_variables_as_terms"/>
    <testcase time="0.00400000000000134" classname="utils_formula" name="h_add_covariance_terms_adds_covariance_variables_as_terms"/>
    <testcase time="0.00600000000000023" classname="utils_formula" name="h_drop_terms_works"/>
    <testcase time="0.00300000000000011" classname="utils_formula" name="h_drop_terms_works"/>
    <testcase time="0.00300000000000011" classname="utils_formula" name="h_drop_terms_works"/>
    <testcase time="0.0120000000000005" classname="utils_formula" name="h_add_terms_works_on_adds_is_length_0"/>
    <testcase time="0.00300000000000011" classname="utils_formula" name="h_add_terms_works_on_adds_is_length_0"/>
  </testsuite>
  <testsuite name="utils-nse" timestamp="2024-04-22T12:30:17Z" hostname="9071a9ee9a94" tests="20" skipped="0" failures="0" errors="0" time="0.077">
    <testcase time="0.00900000000000034" classname="utils_nse" name="flatten_expr_collapses_expressions_into_sequential_atoms_and_ops"/>
    <testcase time="0.00300000000000011" classname="utils_nse" name="flatten_expr_collapses_expressions_into_sequential_atoms_and_ops"/>
    <testcase time="0.00600000000000023" classname="utils_nse" name="flatten_call_collapses_expressions_into_sequential_atoms_and_ops"/>
    <testcase time="0.00300000000000011" classname="utils_nse" name="flatten_call_collapses_expressions_into_sequential_atoms_and_ops"/>
    <testcase time="0.00599999999999667" classname="utils_nse" name="position_symbol_returns_position_of_a_symbol_in_a_list_of_language"/>
    <testcase time="0.00300000000000011" classname="utils_nse" name="position_symbol_returns_position_of_a_symbol_in_a_list_of_language"/>
    <testcase time="0.00300000000000011" classname="utils_nse" name="position_symbol_returns_position_of_a_symbol_in_a_list_of_language"/>
    <testcase time="0.00200000000000244" classname="utils_nse" name="position_symbol_returns_position_of_a_symbol_in_a_list_of_language"/>
    <testcase time="0.00600000000000023" classname="utils_nse" name="is_infix_identifies_primitive_infix_operators"/>
    <testcase time="0.00300000000000011" classname="utils_nse" name="is_infix_identifies_primitive_infix_operators"/>
    <testcase time="0.00300000000000011" classname="utils_nse" name="is_infix_identifies_primitive_infix_operators"/>
    <testcase time="0.00199999999999889" classname="utils_nse" name="is_infix_identifies_primitive_infix_operators"/>
    <testcase time="0.00300000000000011" classname="utils_nse" name="is_infix_identifies_primitive_infix_operators"/>
    <testcase time="0.00300000000000011" classname="utils_nse" name="is_infix_identifies_primitive_infix_operators"/>
    <testcase time="0.00600000000000023" classname="utils_nse" name="formula_rhs_fetches_the_right_most_part_of_a_formula"/>
    <testcase time="0.00199999999999889" classname="utils_nse" name="formula_rhs_fetches_the_right_most_part_of_a_formula"/>
    <testcase time="0.00300000000000011" classname="utils_nse" name="formula_rhs_fetches_the_right_most_part_of_a_formula"/>
    <testcase time="0.00600000000000023" classname="utils_nse" name="format_symbols_formats_variables_as_though_they_were_passed_to_a_formula"/>
    <testcase time="0.00300000000000011" classname="utils_nse" name="format_symbols_formats_variables_as_though_they_were_passed_to_a_formula"/>
    <testcase time="0.00199999999999889" classname="utils_nse" name="format_symbols_formats_variables_as_though_they_were_passed_to_a_formula"/>
  </testsuite>
  <testsuite name="utils" timestamp="2024-04-22T12:30:17Z" hostname="9071a9ee9a94" tests="76" skipped="0" failures="0" errors="0" time="0.329">
    <testcase time="0.0100000000000016" classname="utils" name="h_record_all_outputs_correctly_removes_specified_messages"/>
    <testcase time="0.00600000000000023" classname="utils" name="h_record_all_outputs_works_as_expected_with_no_removal_list_given_for_messages"/>
    <testcase time="0.00499999999999901" classname="utils" name="h_record_all_outputs_catches_divergence_errors_warnings_messages_as_expected"/>
    <testcase time="0.00100000000000122" classname="utils" name="h_record_all_outputs_catches_divergence_errors_warnings_messages_as_expected"/>
    <testcase time="0.00799999999999912" classname="utils" name="trace_of_a_matrix_works_as_expected"/>
    <testcase time="0.00300000000000011" classname="utils" name="trace_of_a_matrix_works_as_expected"/>
    <testcase time="0.00600000000000023" classname="utils" name="h_split_control_split_the_control_args_based_on_optimizers"/>
    <testcase time="0.00300000000000011" classname="utils" name="h_split_control_split_the_control_args_based_on_optimizers"/>
    <testcase time="0.00199999999999889" classname="utils" name="h_split_control_split_the_control_args_based_on_optimizers"/>
    <testcase time="0.00300000000000011" classname="utils" name="h_split_control_split_the_control_args_based_on_optimizers"/>
    <testcase time="0.00300000000000011" classname="utils" name="h_split_control_split_the_control_args_based_on_optimizers"/>
    <testcase time="0.00300000000000011" classname="utils" name="h_split_control_split_the_control_args_based_on_optimizers"/>
    <testcase time="0.00199999999999889" classname="utils" name="h_split_control_split_the_control_args_based_on_optimizers"/>
    <testcase time="0.00300000000000011" classname="utils" name="h_split_control_split_the_control_args_based_on_optimizers"/>
    <testcase time="0.00300000000000011" classname="utils" name="h_split_control_split_the_control_args_based_on_optimizers"/>
    <testcase time="0.00600000000000023" classname="utils" name="h_split_control_split_the_control_args_with_updated_arguments"/>
    <testcase time="0.00300000000000011" classname="utils" name="h_split_control_split_the_control_args_with_updated_arguments"/>
    <testcase time="0.00300000000000011" classname="utils" name="h_split_control_split_the_control_args_with_updated_arguments"/>
    <testcase time="0.00199999999999889" classname="utils" name="h_split_control_split_the_control_args_with_updated_arguments"/>
    <testcase time="0.00300000000000011" classname="utils" name="h_split_control_split_the_control_args_with_updated_arguments"/>
    <testcase time="0.00200000000000244" classname="utils" name="h_split_control_split_the_control_args_with_updated_arguments"/>
    <testcase time="0.00300000000000011" classname="utils" name="h_split_control_split_the_control_args_with_updated_arguments"/>
    <testcase time="0.00300000000000011" classname="utils" name="h_split_control_split_the_control_args_with_updated_arguments"/>
    <testcase time="0.00799999999999912" classname="utils" name="h_get_optimizers_works_for_default_optimizers"/>
    <testcase time="0.00400000000000134" classname="utils" name="h_get_optimizers_works_for_default_optimizers"/>
    <testcase time="0.00599999999999667" classname="utils" name="h_get_optimizers_works_added_arguments"/>
    <testcase time="0.00700000000000145" classname="utils" name="h_get_optimizers_works_custom_optimizer"/>
    <testcase time="0.00300000000000011" classname="utils" name="h_get_optimizers_works_custom_optimizer"/>
    <testcase time="0.0130000000000017" classname="utils" name="h_optimizer_fun_return_correct_optimizer"/>
    <testcase time="0.00399999999999778" classname="utils" name="h_optimizer_fun_return_correct_optimizer"/>
    <testcase time="0.00400000000000134" classname="utils" name="h_optimizer_fun_return_correct_optimizer"/>
    <testcase time="0.00399999999999778" classname="utils" name="h_optimizer_fun_return_correct_optimizer"/>
    <testcase time="0.00200000000000244" classname="utils" name="h_optimizer_fun_return_correct_optimizer"/>
    <testcase time="0.00300000000000011" classname="utils" name="h_optimizer_fun_return_correct_optimizer"/>
    <testcase time="0.00300000000000011" classname="utils" name="h_optimizer_fun_return_correct_optimizer"/>
    <testcase time="0.00300000000000011" classname="utils" name="h_optimizer_fun_return_correct_optimizer"/>
    <testcase time="0.00600000000000023" classname="utils" name="h_partial_fun_args_works_correctly_to_add_attributes"/>
    <testcase time="0.00300000000000011" classname="utils" name="h_partial_fun_args_works_correctly_to_add_attributes"/>
    <testcase time="0.00300000000000011" classname="utils" name="h_partial_fun_args_works_correctly_to_add_attributes"/>
    <testcase time="0.00199999999999889" classname="utils" name="h_partial_fun_args_works_correctly_to_add_attributes"/>
    <testcase time="0.00799999999999912" classname="utils" name="fill_names_completes_names_of_input_values"/>
    <testcase time="0.00400000000000134" classname="utils" name="fill_names_completes_names_of_input_values"/>
    <testcase time="0.00300000000000011" classname="utils" name="fill_names_completes_names_of_input_values"/>
    <testcase time="0.00300000000000011" classname="utils" name="fill_names_completes_names_of_input_values"/>
    <testcase time="0.00600000000000023" classname="utils" name="h_get_cov_default_works_correctly"/>
    <testcase time="0.00300000000000011" classname="utils" name="h_get_cov_default_works_correctly"/>
    <testcase time="0.00300000000000011" classname="utils" name="h_get_cov_default_works_correctly"/>
    <testcase time="0.00199999999999889" classname="utils" name="h_get_cov_default_works_correctly"/>
    <testcase time="0.00499999999999901" classname="utils" name="h_get_cov_default_works_correctly"/>
    <testcase time="0.00799999999999912" classname="utils" name="h_confirm_large_levels_errors_for_large_number"/>
    <testcase time="0.00500000000000256" classname="utils" name="h_confirm_large_levels_errors_for_large_number"/>
    <testcase time="0.00600000000000023" classname="utils" name="h_default_value_works"/>
    <testcase time="0.00199999999999889" classname="utils" name="h_default_value_works"/>
    <testcase time="0.00300000000000011" classname="utils" name="h_default_value_works"/>
    <testcase time="0.00499999999999901" classname="utils" name="h_factor_ref_works"/>
    <testcase time="0.00300000000000011" classname="utils" name="h_factor_ref_works"/>
    <testcase time="0.00199999999999889" classname="utils" name="h_factor_ref_works"/>
    <testcase time="0.00300000000000011" classname="utils" name="h_factor_ref_works"/>
    <testcase time="0.00800000000000267" classname="utils" name="h_factor_ref_fails_on_non_existing_level"/>
    <testcase time="0.00499999999999901" classname="utils" name="h_factor_ref_works_with_character"/>
    <testcase time="0.00300000000000011" classname="utils" name="h_factor_ref_works_with_character"/>
    <testcase time="0.00400000000000134" classname="utils" name="h_factor_ref_allows_NA_in_x"/>
    <testcase time="0.00299999999999656" classname="utils" name="h_factor_ref_allows_NA_in_x"/>
    <testcase time="0.00600000000000023" classname="utils" name="std_start_works"/>
    <testcase time="0.00400000000000134" classname="utils" name="std_start_works"/>
    <testcase time="0.00300000000000011" classname="utils" name="std_start_works"/>
    <testcase time="0.00300000000000011" classname="utils" name="std_start_works"/>
    <testcase time="0.00300000000000011" classname="utils" name="std_start_works"/>
    <testcase time="0.00300000000000011" classname="utils" name="std_start_works"/>
    <testcase time="0.00300000000000011" classname="utils" name="std_start_works"/>
    <testcase time="0.00400000000000134" classname="utils" name="std_start_works"/>
    <testcase time="0.00299999999999656" classname="utils" name="std_start_works"/>
    <testcase time="0.00300000000000011" classname="utils" name="std_start_works"/>
    <testcase time="0.00600000000000023" classname="utils" name="h_get_theta_from_cov_works"/>
    <testcase time="0.0140000000000029" classname="utils" name="h_get_theta_from_cov_use_0_1_to_impute_the_NA_values"/>
    <testcase time="0.0129999999999981" classname="utils" name="emp_start_works"/>
  </testsuite>
</testsuites>
