<?xml version="1.0" encoding="UTF-8"?>
<testsuites>
  <testsuite name="between-within" timestamp="2025-08-17T23:25:20Z" hostname="bf20baf7630c" tests="53" skipped="1" failures="0" errors="0" time="0.443">
    <testcase time="0.012" classname="between_within" name="h_within_or_between_works_as_expected"/>
    <testcase time="0.042" classname="between_within" name="h_within_or_between_works_as_expected"/>
    <testcase time="0.012" classname="between_within" name="h_df_bw_calc_works_as_expected_for_the_vignette_example"/>
    <testcase time="0.00099999999999989" classname="between_within" name="h_df_bw_calc_works_as_expected_for_the_vignette_example"/>
    <testcase time="0.00100000000000011" classname="between_within" name="h_df_bw_calc_works_as_expected_for_the_vignette_example"/>
    <testcase time="0.00299999999999989" classname="between_within" name="h_df_bw_calc_works_as_expected_for_the_vignette_example"/>
    <testcase time="0.00300000000000011" classname="between_within" name="h_df_bw_calc_works_as_expected_for_the_vignette_example"/>
    <testcase time="0.00099999999999989" classname="between_within" name="h_df_bw_calc_works_as_expected_for_the_vignette_example"/>
    <testcase time="0.048" classname="between_within" name="h_df_bw_calc_works_as_expected_for_the_vignette_example">
      <skipped message="Reason: On CRAN ('test-between-within.R:29:3')"/>
    </testcase>
    <testcase time="0.048" classname="between_within" name="h_df_bw_calc_works_as_expected_for_a_model_with_only_intercept"/>
    <testcase time="0.00300000000000011" classname="between_within" name="h_df_bw_calc_works_as_expected_for_a_model_with_only_intercept"/>
    <testcase time="0.00199999999999978" classname="between_within" name="h_df_bw_calc_works_as_expected_for_a_model_with_only_intercept"/>
    <testcase time="0.00700000000000012" classname="between_within" name="h_df_min_bw_works_as_expected"/>
    <testcase time="0.00199999999999978" classname="between_within" name="h_df_min_bw_works_as_expected"/>
    <testcase time="0.00200000000000022" classname="between_within" name="h_df_min_bw_works_as_expected"/>
    <testcase time="0.00199999999999978" classname="between_within" name="h_df_min_bw_works_as_expected"/>
    <testcase time="0.00600000000000023" classname="between_within" name="h_df_min_bw_also_works_without_names_because_contrast_might_not_have_names_"/>
    <testcase time="0.00199999999999978" classname="between_within" name="h_df_min_bw_also_works_without_names_because_contrast_might_not_have_names_"/>
    <testcase time="0.0290000000000004" classname="between_within" name="h_df_1d_bw_works_as_expected_for_a_model_with_only_intercept"/>
    <testcase time="0.00099999999999989" classname="between_within" name="h_df_1d_bw_works_as_expected_for_a_model_with_only_intercept"/>
    <testcase time="0.032" classname="between_within" name="h_df_1d_bw_works_as_expected_for_a_model_with_only_intercept"/>
    <testcase time="0.00300000000000011" classname="between_within" name="h_df_1d_bw_works_as_expected_for_a_model_with_only_intercept"/>
    <testcase time="0.00299999999999967" classname="between_within" name="h_df_1d_bw_works_as_expected_for_a_model_with_only_intercept"/>
    <testcase time="0.00300000000000011" classname="between_within" name="h_df_1d_bw_works_as_expected_for_a_model_with_only_intercept"/>
    <testcase time="0.00300000000000011" classname="between_within" name="h_df_1d_bw_works_as_expected_for_a_model_with_only_intercept"/>
    <testcase time="0.0379999999999998" classname="between_within" name="h_df_1d_bw_works_as_expected_for_univariate_linear_combination_contrasts"/>
    <testcase time="0.00300000000000011" classname="between_within" name="h_df_1d_bw_works_as_expected_for_univariate_linear_combination_contrasts"/>
    <testcase time="0.00300000000000011" classname="between_within" name="h_df_1d_bw_works_as_expected_for_univariate_linear_combination_contrasts"/>
    <testcase time="0.00199999999999978" classname="between_within" name="h_df_1d_bw_works_as_expected_for_univariate_linear_combination_contrasts"/>
    <testcase time="0.052" classname="between_within" name="h_df_1d_bw_works_as_expected_for_singular_fits"/>
    <testcase time="0.00200000000000022" classname="between_within" name="h_df_1d_bw_works_as_expected_for_singular_fits"/>
    <testcase time="0.00299999999999967" classname="between_within" name="h_df_1d_bw_works_as_expected_for_singular_fits"/>
    <testcase time="0.00600000000000023" classname="between_within" name="h_df_md_bw_works_as_expected_between_effect"/>
    <testcase time="0.00199999999999978" classname="between_within" name="h_df_md_bw_works_as_expected_between_effect"/>
    <testcase time="0.00200000000000022" classname="between_within" name="h_df_md_bw_works_as_expected_between_effect"/>
    <testcase time="0.00300000000000011" classname="between_within" name="h_df_md_bw_works_as_expected_between_effect"/>
    <testcase time="0.00299999999999967" classname="between_within" name="h_df_md_bw_works_as_expected_between_effect"/>
    <testcase time="0.00300000000000011" classname="between_within" name="h_df_md_bw_works_as_expected_between_effect"/>
    <testcase time="0.00600000000000023" classname="between_within" name="h_df_md_bw_works_as_expected_within_effect"/>
    <testcase time="0.00099999999999989" classname="between_within" name="h_df_md_bw_works_as_expected_within_effect"/>
    <testcase time="0.00300000000000011" classname="between_within" name="h_df_md_bw_works_as_expected_within_effect"/>
    <testcase time="0.00299999999999967" classname="between_within" name="h_df_md_bw_works_as_expected_within_effect"/>
    <testcase time="0.00300000000000011" classname="between_within" name="h_df_md_bw_works_as_expected_within_effect"/>
    <testcase time="0.00300000000000011" classname="between_within" name="h_df_md_bw_works_as_expected_within_effect"/>
    <testcase time="0.00599999999999978" classname="between_within" name="h_df_md_bw_works_as_expected_both_effects"/>
    <testcase time="0.00100000000000033" classname="between_within" name="h_df_md_bw_works_as_expected_both_effects"/>
    <testcase time="0.00299999999999967" classname="between_within" name="h_df_md_bw_works_as_expected_both_effects"/>
    <testcase time="0.00300000000000011" classname="between_within" name="h_df_md_bw_works_as_expected_both_effects"/>
    <testcase time="0.00300000000000011" classname="between_within" name="h_df_md_bw_works_as_expected_both_effects"/>
    <testcase time="0.00300000000000011" classname="between_within" name="h_df_md_bw_works_as_expected_both_effects"/>
    <testcase time="0.00599999999999978" classname="between_within" name="h_df_md_bw_works_as_expected_for_rank_deficient_model"/>
    <testcase time="0.00300000000000011" classname="between_within" name="h_df_md_bw_works_as_expected_for_rank_deficient_model"/>
    <testcase time="0.00299999999999967" classname="between_within" name="h_df_md_bw_works_as_expected_for_rank_deficient_model"/>
  </testsuite>
  <testsuite name="car" timestamp="2025-08-17T23:25:21Z" hostname="bf20baf7630c" tests="64" skipped="1" failures="0" errors="0" time="1.001">
    <testcase time="0.0430000000000001" classname="car" name="car_emits_a_message_about_mmrm_registration_on_load"/>
    <testcase time="0.00600000000000023" classname="car" name="h_first_contain_categorical_works_as_expected"/>
    <testcase time="0.00299999999999967" classname="car" name="h_first_contain_categorical_works_as_expected"/>
    <testcase time="0.00200000000000022" classname="car" name="h_first_contain_categorical_works_as_expected"/>
    <testcase time="0.00300000000000011" classname="car" name="h_first_contain_categorical_works_as_expected"/>
    <testcase time="0.00599999999999978" classname="car" name="h_obtain_lvls_works_as_expected"/>
    <testcase time="0.00300000000000011" classname="car" name="h_obtain_lvls_works_as_expected"/>
    <testcase time="0.00499999999999989" classname="car" name="h_get_index_works_as_expected"/>
    <testcase time="0.00300000000000011" classname="car" name="h_get_index_works_as_expected"/>
    <testcase time="0.00199999999999978" classname="car" name="h_get_index_works_as_expected"/>
    <testcase time="0.00300000000000011" classname="car" name="h_get_index_works_as_expected"/>
    <testcase time="0.0100000000000002" classname="car" name="h_get_contrast_works_as_expected"/>
    <testcase time="0.00300000000000011" classname="car" name="h_get_contrast_works_as_expected"/>
    <testcase time="0.004" classname="car" name="h_get_contrast_works_as_expected"/>
    <testcase time="0.00299999999999967" classname="car" name="h_get_contrast_works_as_expected"/>
    <testcase time="0.0660000000000003" classname="car" name="h_get_contrast_works_even_if_the_interaction_term_order_changes"/>
    <testcase time="0.00299999999999967" classname="car" name="h_get_contrast_works_even_if_the_interaction_term_order_changes"/>
    <testcase time="0.00300000000000011" classname="car" name="h_get_contrast_works_even_if_the_interaction_term_order_changes"/>
    <testcase time="0.00200000000000022" classname="car" name="h_get_contrast_works_even_if_the_interaction_term_order_changes"/>
    <testcase time="0.0609999999999999" classname="car" name="h_get_contrast_works_even_if_the_interaction_term_order_changes"/>
    <testcase time="0.00300000000000011" classname="car" name="h_get_contrast_works_even_if_the_interaction_term_order_changes"/>
    <testcase time="0.00299999999999967" classname="car" name="h_get_contrast_works_even_if_the_interaction_term_order_changes"/>
    <testcase time="0.00300000000000011" classname="car" name="h_get_contrast_works_even_if_the_interaction_term_order_changes"/>
    <testcase time="0.0419999999999998" classname="car" name="h_get_contrast_works_even_if_only_interaction_term_exists"/>
    <testcase time="0.00300000000000011" classname="car" name="h_get_contrast_works_even_if_only_interaction_term_exists"/>
    <testcase time="0.00300000000000011" classname="car" name="h_get_contrast_works_even_if_only_interaction_term_exists"/>
    <testcase time="0.00300000000000011" classname="car" name="h_get_contrast_works_even_if_only_interaction_term_exists"/>
    <testcase time="0.0619999999999998" classname="car" name="h_get_contrast_works_even_if_only_interaction_term_exists"/>
    <testcase time="0.00300000000000011" classname="car" name="h_get_contrast_works_even_if_only_interaction_term_exists"/>
    <testcase time="0.00199999999999978" classname="car" name="h_get_contrast_works_even_if_only_interaction_term_exists"/>
    <testcase time="0.00300000000000011" classname="car" name="h_get_contrast_works_even_if_only_interaction_term_exists"/>
    <testcase time="0.0600000000000001" classname="car" name="h_get_contrast_works_even_if_only_interaction_term_exists"/>
    <testcase time="0.00300000000000011" classname="car" name="h_get_contrast_works_even_if_only_interaction_term_exists"/>
    <testcase time="0.00199999999999978" classname="car" name="h_get_contrast_works_even_if_only_interaction_term_exists"/>
    <testcase time="0.00300000000000011" classname="car" name="h_get_contrast_works_even_if_only_interaction_term_exists"/>
    <testcase time="0.0390000000000001" classname="car" name="h_get_contrast_works_if_intercept_is_not_given"/>
    <testcase time="0.00599999999999978" classname="car" name="h_get_contrast_works_if_intercept_is_not_given"/>
    <testcase time="0.004" classname="car" name="h_get_contrast_works_if_intercept_is_not_given"/>
    <testcase time="0.131" classname="car" name="h_get_contrast_works_for_higher_order_interaction"/>
    <testcase time="0.00299999999999967" classname="car" name="h_get_contrast_works_for_higher_order_interaction"/>
    <testcase time="0.00200000000000022" classname="car" name="h_get_contrast_works_for_higher_order_interaction"/>
    <testcase time="0.00300000000000011" classname="car" name="h_get_contrast_works_for_higher_order_interaction"/>
    <testcase time="0.004" classname="car" name="h_get_contrast_works_for_higher_order_interaction"/>
    <testcase time="0.00299999999999967" classname="car" name="h_get_contrast_works_for_higher_order_interaction"/>
    <testcase time="0.00300000000000011" classname="car" name="h_get_contrast_works_for_higher_order_interaction"/>
    <testcase time="0.00599999999999978" classname="car" name="h_get_contrast_works_for_higher_order_interaction"/>
    <testcase time="0.00300000000000011" classname="car" name="h_get_contrast_works_for_higher_order_interaction"/>
    <testcase time="0.00300000000000011" classname="car" name="h_get_contrast_works_for_higher_order_interaction"/>
    <testcase time="0.00199999999999978" classname="car" name="h_get_contrast_works_for_higher_order_interaction"/>
    <testcase time="0.0230000000000001" classname="car" name="Anova_works_as_expected">
      <skipped message="Reason: On CRAN ('test-car.R:259:3')"/>
    </testcase>
    <testcase time="0.101" classname="car" name="Anova_works_if_covariate_are_character"/>
    <testcase time="0.024" classname="car" name="Anova_works_if_covariate_are_character"/>
    <testcase time="0.069" classname="car" name="Anova_give_similar_results_to_SAS"/>
    <testcase time="0.0140000000000002" classname="car" name="Anova_give_similar_results_to_SAS"/>
    <testcase time="0.00599999999999978" classname="car" name="Anova_give_similar_results_to_SAS"/>
    <testcase time="0.00500000000000034" classname="car" name="Anova_give_similar_results_to_SAS"/>
    <testcase time="0.00499999999999989" classname="car" name="Anova_give_similar_results_to_SAS"/>
    <testcase time="0.00499999999999989" classname="car" name="Anova_give_similar_results_to_SAS"/>
    <testcase time="0.0720000000000001" classname="car" name="Anova_give_similar_results_to_SAS"/>
    <testcase time="0.012" classname="car" name="Anova_give_similar_results_to_SAS"/>
    <testcase time="0.00499999999999989" classname="car" name="Anova_give_similar_results_to_SAS"/>
    <testcase time="0.00600000000000023" classname="car" name="Anova_give_similar_results_to_SAS"/>
    <testcase time="0.00499999999999989" classname="car" name="Anova_give_similar_results_to_SAS"/>
    <testcase time="0.00499999999999989" classname="car" name="Anova_give_similar_results_to_SAS"/>
  </testsuite>
  <testsuite name="component" timestamp="2025-08-17T23:25:22Z" hostname="bf20baf7630c" tests="25" skipped="0" failures="0" errors="0" time="0.231">
    <testcase time="0.028" classname="component" name="component_works_as_expected_for_mmrm_tmb_objects"/>
    <testcase time="0.00199999999999978" classname="component" name="component_works_as_expected_for_mmrm_tmb_objects"/>
    <testcase time="0.00300000000000011" classname="component" name="component_works_as_expected_for_mmrm_tmb_objects"/>
    <testcase time="0.00200000000000022" classname="component" name="component_works_as_expected_for_mmrm_tmb_objects"/>
    <testcase time="0.00199999999999978" classname="component" name="component_works_as_expected_for_mmrm_tmb_objects"/>
    <testcase time="0.004" classname="component" name="component_works_as_expected_for_mmrm_tmb_objects"/>
    <testcase time="0.004" classname="component" name="component_works_as_expected_for_mmrm_tmb_objects"/>
    <testcase time="0.004" classname="component" name="component_works_as_expected_for_mmrm_tmb_objects"/>
    <testcase time="0.00200000000000022" classname="component" name="component_works_as_expected_for_mmrm_tmb_objects"/>
    <testcase time="0.00199999999999978" classname="component" name="component_works_as_expected_for_mmrm_tmb_objects"/>
    <testcase time="0.00200000000000022" classname="component" name="component_works_as_expected_for_mmrm_tmb_objects"/>
    <testcase time="0.00800000000000001" classname="component" name="component_returns_adjusted_beta_vcov_matrix_for_Kenward_Roger_adjusted_mmrm"/>
    <testcase time="0.00800000000000001" classname="component" name="component_returns_empirical_beta_vcov_matrix"/>
    <testcase time="0.00599999999999978" classname="component" name="component_returns_Jackknife_beta_vcov_matrix"/>
    <testcase time="0.00499999999999989" classname="component" name="component_produces_complete_coefficient_vector_as_expected_in_full_rank_model"/>
    <testcase time="0.0300000000000002" classname="component" name="component_returns_coefficient_vectors_as_expected_in_rank_deficient_model"/>
    <testcase time="0.069" classname="component" name="component_returns_coefficient_vectors_as_expected_in_rank_deficient_model"/>
    <testcase time="0.00199999999999978" classname="component" name="component_returns_coefficient_vectors_as_expected_in_rank_deficient_model"/>
    <testcase time="0.00200000000000022" classname="component" name="component_returns_coefficient_vectors_as_expected_in_rank_deficient_model"/>
    <testcase time="0.00499999999999989" classname="component" name="component_produces_complete_variance_covariance_matrix_as_expected_in_full_rank_model"/>
    <testcase time="0.032" classname="component" name="component_returns_complete_variance_covariance_matrix_as_expected_in_rank_deficient_model"/>
    <testcase time="0.00099999999999989" classname="component" name="component_returns_complete_variance_covariance_matrix_as_expected_in_rank_deficient_model"/>
    <testcase time="0.00300000000000011" classname="component" name="component_returns_complete_variance_covariance_matrix_as_expected_in_rank_deficient_model"/>
    <testcase time="0.00200000000000022" classname="component" name="component_returns_complete_variance_covariance_matrix_as_expected_in_rank_deficient_model"/>
    <testcase time="0.00299999999999967" classname="component" name="component_returns_complete_variance_covariance_matrix_as_expected_in_rank_deficient_model"/>
  </testsuite>
  <testsuite name="cov-struct" timestamp="2025-08-17T23:25:22Z" hostname="bf20baf7630c" tests="34" skipped="0" failures="0" errors="0" time="0.161">
    <testcase time="0.00800000000000001" classname="cov_struct" name="cov_struct_can_be_produced_from_string_variable_names"/>
    <testcase time="0.00100000000000033" classname="cov_struct" name="cov_struct_can_be_produced_from_string_variable_names"/>
    <testcase time="0.004" classname="cov_struct" name="cov_struct_can_be_produced_from_string_variable_names"/>
    <testcase time="0.00299999999999967" classname="cov_struct" name="cov_struct_can_be_produced_from_string_variable_names"/>
    <testcase time="0.00900000000000034" classname="cov_struct" name="cov_struct_raises_errors_for_common_mis_specifications"/>
    <testcase time="0.00499999999999989" classname="cov_struct" name="cov_struct_raises_errors_for_common_mis_specifications"/>
    <testcase time="0.00499999999999989" classname="cov_struct" name="cov_struct_raises_errors_for_common_mis_specifications"/>
    <testcase time="0.00499999999999989" classname="cov_struct" name="cov_struct_raises_errors_for_common_mis_specifications"/>
    <testcase time="0.00600000000000023" classname="cov_struct" name="as.cov_struct_returns_self_if_already_a_cov_struct"/>
    <testcase time="0.00699999999999967" classname="cov_struct" name="as.cov_struct_can_derive_a_covariance_structure_from_a_formula"/>
    <testcase time="0.00500000000000034" classname="cov_struct" name="as.cov_struct_can_derive_a_covariance_structure_from_a_formula"/>
    <testcase time="0.004" classname="cov_struct" name="as.cov_struct_can_derive_a_covariance_structure_from_a_formula"/>
    <testcase time="0.00499999999999989" classname="cov_struct" name="as.cov_struct_can_derive_a_covariance_structure_from_a_formula"/>
    <testcase time="0.00599999999999978" classname="cov_struct" name="tmb_cov_type_derives_abbreviated_string_from_covariance_structure"/>
    <testcase time="0.004" classname="cov_struct" name="tmb_cov_type_derives_abbreviated_string_from_covariance_structure"/>
    <testcase time="0.00600000000000023" classname="cov_struct" name="cov_types_returns_list_of_covariance_structure_keywords"/>
    <testcase time="0.00300000000000011" classname="cov_struct" name="cov_types_returns_list_of_covariance_structure_keywords"/>
    <testcase time="0.00199999999999978" classname="cov_struct" name="cov_types_returns_list_of_covariance_structure_keywords"/>
    <testcase time="0.00300000000000011" classname="cov_struct" name="cov_types_returns_list_of_covariance_structure_keywords"/>
    <testcase time="0.00599999999999978" classname="cov_struct" name="cov_type_abbr_converts_full_names_to_abbreviations"/>
    <testcase time="0.00300000000000011" classname="cov_struct" name="cov_type_abbr_converts_full_names_to_abbreviations"/>
    <testcase time="0.00300000000000011" classname="cov_struct" name="cov_type_abbr_converts_full_names_to_abbreviations"/>
    <testcase time="0.00300000000000011" classname="cov_struct" name="cov_type_abbr_converts_full_names_to_abbreviations"/>
    <testcase time="0.00599999999999978" classname="cov_struct" name="cov_type_name_converts_full_names_to_full_name"/>
    <testcase time="0.00300000000000011" classname="cov_struct" name="cov_type_name_converts_full_names_to_full_name"/>
    <testcase time="0.00300000000000011" classname="cov_struct" name="cov_type_name_converts_full_names_to_full_name"/>
    <testcase time="0.00599999999999978" classname="cov_struct" name="print.cov_struct_pretty_formats_covariance_structure_object"/>
    <testcase time="0.00700000000000012" classname="cov_struct" name="print.cov_struct_pretty_formats_covariance_structure_object"/>
    <testcase time="0.00300000000000011" classname="cov_struct" name="print.cov_struct_pretty_formats_covariance_structure_object"/>
    <testcase time="0.00599999999999978" classname="cov_struct" name="h_reconcile_cov_struct_works_if_covariance_is_a_formula"/>
    <testcase time="0.00300000000000011" classname="cov_struct" name="h_reconcile_cov_struct_works_if_covariance_is_a_formula"/>
    <testcase time="0.00599999999999978" classname="cov_struct" name="h_reconcile_cov_struct_works_if_covariance_is_a_cov_struct"/>
    <testcase time="0.00300000000000011" classname="cov_struct" name="h_reconcile_cov_struct_works_if_covariance_is_a_cov_struct"/>
    <testcase time="0.0089999999999999" classname="cov_struct" name="h_reconcile_cov_struct_errors_if_multiple_covarinace_spotted"/>
  </testsuite>
  <testsuite name="cpp-covariance" timestamp="2025-08-17T23:25:22Z" hostname="bf20baf7630c" tests="11" skipped="0" failures="0" errors="0" time="0.072">
    <testcase time="0.0100000000000002" classname="cpp_covariance" name="prepare_numbers_for_homogeneous_ante_dependence_tests"/>
    <testcase time="0.00699999999999967" classname="cpp_covariance" name="prepare_numbers_for_heterogeneous_ante_dependence_tests"/>
    <testcase time="0.00700000000000012" classname="cpp_covariance" name="prepare_numbers_for_homogeneous_toeplitz_tests"/>
    <testcase time="0.00700000000000012" classname="cpp_covariance" name="prepare_numbers_for_heterogeneous_toeplitz_tests"/>
    <testcase time="0.00499999999999989" classname="cpp_covariance" name="prepare_numbers_for_autoregressive_correlation_function_test"/>
    <testcase time="0.004" classname="cpp_covariance" name="prepare_numbers_for_autoregressive_correlation_function_test"/>
    <testcase time="0.00600000000000023" classname="cpp_covariance" name="prepare_numbers_for_homogeneous_autoregressive_tests"/>
    <testcase time="0.00599999999999978" classname="cpp_covariance" name="prepare_numbers_for_heterogeneous_autoregressive_tests"/>
    <testcase time="0.00700000000000012" classname="cpp_covariance" name="prepare_numbers_for_compound_symmetry_correlation_function_test"/>
    <testcase time="0.00700000000000012" classname="cpp_covariance" name="prepare_numbers_for_homogeneous_compound_symmetry_tests"/>
    <testcase time="0.00599999999999978" classname="cpp_covariance" name="prepare_numbers_for_heterogeneous_compound_symmetry_tests"/>
  </testsuite>
  <testsuite name="cpp-utils" timestamp="2025-08-17T23:25:22Z" hostname="bf20baf7630c" tests="3" skipped="0" failures="0" errors="0" time="0.029">
    <testcase time="0.00900000000000034" classname="cpp_utils" name="prepare_numbers_for_get_corr_mat_chol_tests"/>
    <testcase time="0.00699999999999967" classname="cpp_utils" name="prepare_numbers_for_pseudoInverseSqrt"/>
    <testcase time="0.0129999999999999" classname="cpp_utils" name="prepare_numbers_for_pseudoInverseSqrt_rank_deficient"/>
  </testsuite>
  <testsuite name="cholesky cache" timestamp="2025-08-17T23:25:22Z" hostname="bf20baf7630c" tests="54" skipped="0" failures="0" errors="0" time="0.057">
    <testcase time="0.0190000000000001" classname="cholesky_cache" name="cached_cholesky_stores_result_correctly"/>
    <testcase time="0.00099999999999989" classname="cholesky_cache" name="cached_cholesky_stores_result_correctly"/>
    <testcase time="0" classname="cholesky_cache" name="cached_cholesky_stores_result_correctly"/>
    <testcase time="0.00099999999999989" classname="cholesky_cache" name="cached_cholesky_stores_result_correctly"/>
    <testcase time="0.00099999999999989" classname="cholesky_cache" name="cached_cholesky_stores_result_correctly"/>
    <testcase time="0" classname="cholesky_cache" name="cached_cholesky_stores_result_correctly"/>
    <testcase time="0.00100000000000033" classname="cholesky_cache" name="cached_cholesky_stores_result_correctly"/>
    <testcase time="0" classname="cholesky_cache" name="cached_cholesky_stores_result_correctly"/>
    <testcase time="0.00099999999999989" classname="cholesky_cache" name="cached_cholesky_stores_result_correctly"/>
    <testcase time="0.00099999999999989" classname="cholesky_cache" name="cached_cholesky_stores_result_correctly"/>
    <testcase time="0" classname="cholesky_cache" name="cached_cholesky_stores_result_correctly"/>
    <testcase time="0.00099999999999989" classname="cholesky_cache" name="cached_cholesky_stores_result_correctly"/>
    <testcase time="0" classname="cholesky_cache" name="cached_cholesky_stores_result_correctly"/>
    <testcase time="0.00100000000000033" classname="cholesky_cache" name="cached_cholesky_stores_result_correctly"/>
    <testcase time="0" classname="cholesky_cache" name="cached_cholesky_stores_result_correctly"/>
    <testcase time="0.00099999999999989" classname="cholesky_cache" name="cached_cholesky_stores_result_correctly"/>
    <testcase time="0.00099999999999989" classname="cholesky_cache" name="cached_cholesky_stores_result_correctly"/>
    <testcase time="0" classname="cholesky_cache" name="cached_cholesky_stores_result_correctly"/>
    <testcase time="0.00099999999999989" classname="cholesky_cache" name="cached_cholesky_stores_result_correctly"/>
    <testcase time="0" classname="cholesky_cache" name="cached_cholesky_stores_result_correctly"/>
    <testcase time="0.00100000000000033" classname="cholesky_cache" name="cached_cholesky_stores_result_correctly"/>
    <testcase time="0.00099999999999989" classname="cholesky_cache" name="cached_cholesky_stores_result_correctly"/>
    <testcase time="0" classname="cholesky_cache" name="cached_cholesky_stores_result_correctly"/>
    <testcase time="0.00099999999999989" classname="cholesky_cache" name="cached_cholesky_stores_result_correctly"/>
    <testcase time="0.00099999999999989" classname="cholesky_cache" name="cached_cholesky_stores_result_correctly"/>
    <testcase time="0" classname="cholesky_cache" name="cached_cholesky_stores_result_correctly"/>
    <testcase time="0.00099999999999989" classname="cholesky_cache" name="cached_cholesky_stores_result_correctly"/>
    <testcase time="0" classname="cholesky_cache" name="cached_cholesky_stores_result_correctly"/>
    <testcase time="0.00100000000000033" classname="cholesky_cache" name="cached_cholesky_stores_result_correctly"/>
    <testcase time="0.00099999999999989" classname="cholesky_cache" name="cached_cholesky_stores_result_correctly"/>
    <testcase time="0" classname="cholesky_cache" name="cached_cholesky_stores_result_correctly"/>
    <testcase time="0.00099999999999989" classname="cholesky_cache" name="cached_cholesky_stores_result_correctly"/>
    <testcase time="0.00099999999999989" classname="cholesky_cache" name="cached_cholesky_stores_result_correctly"/>
    <testcase time="0" classname="cholesky_cache" name="cached_cholesky_stores_result_correctly"/>
    <testcase time="0.00100000000000033" classname="cholesky_cache" name="cached_cholesky_stores_result_correctly"/>
    <testcase time="0.00099999999999989" classname="cholesky_cache" name="cached_cholesky_stores_result_correctly"/>
    <testcase time="0" classname="cholesky_cache" name="cached_cholesky_stores_result_correctly"/>
    <testcase time="0.00099999999999989" classname="cholesky_cache" name="cached_cholesky_stores_result_correctly"/>
    <testcase time="0.00099999999999989" classname="cholesky_cache" name="cached_cholesky_stores_result_correctly"/>
    <testcase time="0" classname="cholesky_cache" name="cached_cholesky_stores_result_correctly"/>
    <testcase time="0.00100000000000033" classname="cholesky_cache" name="cached_cholesky_stores_result_correctly"/>
    <testcase time="0.00099999999999989" classname="cholesky_cache" name="cached_cholesky_stores_result_correctly"/>
    <testcase time="0.00099999999999989" classname="cholesky_cache" name="cached_cholesky_stores_result_correctly"/>
    <testcase time="0.004" classname="cholesky_cache" name="cached_cholesky_stores_result_correctly"/>
    <testcase time="0" classname="cholesky_cache" name="cached_cholesky_stores_result_correctly"/>
    <testcase time="0.00099999999999989" classname="cholesky_cache" name="cached_cholesky_stores_result_correctly"/>
    <testcase time="0.00100000000000033" classname="cholesky_cache" name="cached_cholesky_stores_result_correctly"/>
    <testcase time="0" classname="cholesky_cache" name="cached_cholesky_stores_result_correctly"/>
    <testcase time="0.00099999999999989" classname="cholesky_cache" name="cached_cholesky_stores_result_correctly"/>
    <testcase time="0.00099999999999989" classname="cholesky_cache" name="cached_cholesky_stores_result_correctly"/>
    <testcase time="0.00099999999999989" classname="cholesky_cache" name="cached_cholesky_stores_result_correctly"/>
    <testcase time="0" classname="cholesky_cache" name="cached_cholesky_stores_result_correctly"/>
    <testcase time="0.00100000000000033" classname="cholesky_cache" name="cached_cholesky_stores_result_correctly"/>
    <testcase time="0.00099999999999989" classname="cholesky_cache" name="cached_cholesky_stores_result_correctly"/>
  </testsuite>
  <testsuite name="cholesky group object" timestamp="2025-08-17T23:25:22Z" hostname="bf20baf7630c" tests="12" skipped="0" failures="0" errors="0" time="0.008">
    <testcase time="0.00199999999999978" classname="cholesky_group_object" name="cholesky_group_return_result_correctly"/>
    <testcase time="0" classname="cholesky_group_object" name="cholesky_group_return_result_correctly"/>
    <testcase time="0.00100000000000033" classname="cholesky_group_object" name="cholesky_group_return_result_correctly"/>
    <testcase time="0" classname="cholesky_group_object" name="cholesky_group_return_result_correctly"/>
    <testcase time="0.00099999999999989" classname="cholesky_group_object" name="cholesky_group_return_result_correctly"/>
    <testcase time="0" classname="cholesky_group_object" name="cholesky_group_return_result_correctly"/>
    <testcase time="0.00099999999999989" classname="cholesky_group_object" name="cholesky_group_return_result_correctly"/>
    <testcase time="0" classname="cholesky_group_object" name="cholesky_group_return_result_correctly"/>
    <testcase time="0.00099999999999989" classname="cholesky_group_object" name="cholesky_group_return_result_correctly"/>
    <testcase time="0" classname="cholesky_group_object" name="cholesky_group_return_result_correctly"/>
    <testcase time="0.00100000000000033" classname="cholesky_group_object" name="cholesky_group_return_result_correctly"/>
    <testcase time="0.00099999999999989" classname="cholesky_group_object" name="cholesky_group_return_result_correctly"/>
  </testsuite>
  <testsuite name="unstructured" timestamp="2025-08-17T23:25:22Z" hostname="bf20baf7630c" tests="6" skipped="0" failures="0" errors="0" time="0.004">
    <testcase time="0.00099999999999989" classname="unstructured" name="get_unstructured_produces_expected_result"/>
    <testcase time="0.00099999999999989" classname="unstructured" name="get_unstructured_produces_expected_result"/>
    <testcase time="0" classname="unstructured" name="get_unstructured_produces_expected_result"/>
    <testcase time="0.00100000000000033" classname="unstructured" name="get_unstructured_produces_expected_result"/>
    <testcase time="0" classname="unstructured" name="get_unstructured_produces_expected_result"/>
    <testcase time="0.00099999999999989" classname="unstructured" name="get_unstructured_produces_expected_result"/>
  </testsuite>
  <testsuite name="ante_dependence" timestamp="2025-08-17T23:25:23Z" hostname="bf20baf7630c" tests="42" skipped="0" failures="0" errors="0" time="0.026">
    <testcase time="0.00199999999999978" classname="ante_dependence" name="corr_fun_ante_dependence_works_as_expected"/>
    <testcase time="0" classname="ante_dependence" name="corr_fun_ante_dependence_works_as_expected"/>
    <testcase time="0.00100000000000033" classname="ante_dependence" name="corr_fun_ante_dependence_works_as_expected"/>
    <testcase time="0" classname="ante_dependence" name="corr_fun_ante_dependence_works_as_expected"/>
    <testcase time="0.00099999999999989" classname="ante_dependence" name="corr_fun_ante_dependence_works_as_expected"/>
    <testcase time="0" classname="ante_dependence" name="corr_fun_ante_dependence_works_as_expected"/>
    <testcase time="0.00099999999999989" classname="ante_dependence" name="get_ante_dependence_produces_expected_result"/>
    <testcase time="0.00099999999999989" classname="ante_dependence" name="get_ante_dependence_produces_expected_result"/>
    <testcase time="0.00100000000000033" classname="ante_dependence" name="get_ante_dependence_produces_expected_result"/>
    <testcase time="0" classname="ante_dependence" name="get_ante_dependence_produces_expected_result"/>
    <testcase time="0.00099999999999989" classname="ante_dependence" name="get_ante_dependence_produces_expected_result"/>
    <testcase time="0" classname="ante_dependence" name="get_ante_dependence_produces_expected_result"/>
    <testcase time="0.00099999999999989" classname="ante_dependence" name="get_ante_dependence_produces_expected_result"/>
    <testcase time="0" classname="ante_dependence" name="get_ante_dependence_produces_expected_result"/>
    <testcase time="0" classname="ante_dependence" name="get_ante_dependence_produces_expected_result"/>
    <testcase time="0.00100000000000033" classname="ante_dependence" name="get_ante_dependence_produces_expected_result"/>
    <testcase time="0" classname="ante_dependence" name="get_ante_dependence_produces_expected_result"/>
    <testcase time="0.00099999999999989" classname="ante_dependence" name="get_ante_dependence_produces_expected_result"/>
    <testcase time="0" classname="ante_dependence" name="get_ante_dependence_produces_expected_result"/>
    <testcase time="0.00099999999999989" classname="ante_dependence" name="get_ante_dependence_produces_expected_result"/>
    <testcase time="0.00099999999999989" classname="ante_dependence" name="get_ante_dependence_produces_expected_result"/>
    <testcase time="0" classname="ante_dependence" name="get_ante_dependence_produces_expected_result"/>
    <testcase time="0.00100000000000033" classname="ante_dependence" name="get_ante_dependence_produces_expected_result"/>
    <testcase time="0" classname="ante_dependence" name="get_ante_dependence_produces_expected_result"/>
    <testcase time="0.00099999999999989" classname="ante_dependence" name="get_ante_dependence_heterogeneous_produces_expected_result"/>
    <testcase time="0.00099999999999989" classname="ante_dependence" name="get_ante_dependence_heterogeneous_produces_expected_result"/>
    <testcase time="0.00099999999999989" classname="ante_dependence" name="get_ante_dependence_heterogeneous_produces_expected_result"/>
    <testcase time="0" classname="ante_dependence" name="get_ante_dependence_heterogeneous_produces_expected_result"/>
    <testcase time="0.00100000000000033" classname="ante_dependence" name="get_ante_dependence_heterogeneous_produces_expected_result"/>
    <testcase time="0.00099999999999989" classname="ante_dependence" name="get_ante_dependence_heterogeneous_produces_expected_result"/>
    <testcase time="0" classname="ante_dependence" name="get_ante_dependence_heterogeneous_produces_expected_result"/>
    <testcase time="0.00099999999999989" classname="ante_dependence" name="get_ante_dependence_heterogeneous_produces_expected_result"/>
    <testcase time="0.00099999999999989" classname="ante_dependence" name="get_ante_dependence_heterogeneous_produces_expected_result"/>
    <testcase time="0" classname="ante_dependence" name="get_ante_dependence_heterogeneous_produces_expected_result"/>
    <testcase time="0.00100000000000033" classname="ante_dependence" name="get_ante_dependence_heterogeneous_produces_expected_result"/>
    <testcase time="0" classname="ante_dependence" name="get_ante_dependence_heterogeneous_produces_expected_result"/>
    <testcase time="0.00099999999999989" classname="ante_dependence" name="get_ante_dependence_heterogeneous_produces_expected_result"/>
    <testcase time="0.00099999999999989" classname="ante_dependence" name="get_ante_dependence_heterogeneous_produces_expected_result"/>
    <testcase time="0" classname="ante_dependence" name="get_ante_dependence_heterogeneous_produces_expected_result"/>
    <testcase time="0" classname="ante_dependence" name="get_ante_dependence_heterogeneous_produces_expected_result"/>
    <testcase time="0.00100000000000033" classname="ante_dependence" name="get_ante_dependence_heterogeneous_produces_expected_result"/>
    <testcase time="0.00099999999999989" classname="ante_dependence" name="get_ante_dependence_heterogeneous_produces_expected_result"/>
  </testsuite>
  <testsuite name="toeplitz" timestamp="2025-08-17T23:25:23Z" hostname="bf20baf7630c" tests="25" skipped="0" failures="0" errors="0" time="0.016">
    <testcase time="0.00099999999999989" classname="toeplitz" name="corr_fun_toeplitz_works_as_expected"/>
    <testcase time="0.00099999999999989" classname="toeplitz" name="corr_fun_toeplitz_works_as_expected"/>
    <testcase time="0" classname="toeplitz" name="corr_fun_toeplitz_works_as_expected"/>
    <testcase time="0.00100000000000033" classname="toeplitz" name="get_toeplitz_produces_expected_result"/>
    <testcase time="0.00099999999999989" classname="toeplitz" name="get_toeplitz_produces_expected_result"/>
    <testcase time="0.00099999999999989" classname="toeplitz" name="get_toeplitz_produces_expected_result"/>
    <testcase time="0" classname="toeplitz" name="get_toeplitz_produces_expected_result"/>
    <testcase time="0.00099999999999989" classname="toeplitz" name="get_toeplitz_produces_expected_result"/>
    <testcase time="0" classname="toeplitz" name="get_toeplitz_produces_expected_result"/>
    <testcase time="0.00100000000000033" classname="toeplitz" name="get_toeplitz_produces_expected_result"/>
    <testcase time="0" classname="toeplitz" name="get_toeplitz_produces_expected_result"/>
    <testcase time="0.00099999999999989" classname="toeplitz" name="get_toeplitz_produces_expected_result"/>
    <testcase time="0" classname="toeplitz" name="get_toeplitz_produces_expected_result"/>
    <testcase time="0.00099999999999989" classname="toeplitz" name="get_toeplitz_produces_expected_result"/>
    <testcase time="0.00099999999999989" classname="toeplitz" name="get_toeplitz_heterogeneous_produces_expected_result"/>
    <testcase time="0.00100000000000033" classname="toeplitz" name="get_toeplitz_heterogeneous_produces_expected_result"/>
    <testcase time="0" classname="toeplitz" name="get_toeplitz_heterogeneous_produces_expected_result"/>
    <testcase time="0.00099999999999989" classname="toeplitz" name="get_toeplitz_heterogeneous_produces_expected_result"/>
    <testcase time="0" classname="toeplitz" name="get_toeplitz_heterogeneous_produces_expected_result"/>
    <testcase time="0.00099999999999989" classname="toeplitz" name="get_toeplitz_heterogeneous_produces_expected_result"/>
    <testcase time="0.00099999999999989" classname="toeplitz" name="get_toeplitz_heterogeneous_produces_expected_result"/>
    <testcase time="0" classname="toeplitz" name="get_toeplitz_heterogeneous_produces_expected_result"/>
    <testcase time="0.00100000000000033" classname="toeplitz" name="get_toeplitz_heterogeneous_produces_expected_result"/>
    <testcase time="0" classname="toeplitz" name="get_toeplitz_heterogeneous_produces_expected_result"/>
    <testcase time="0.00099999999999989" classname="toeplitz" name="get_toeplitz_heterogeneous_produces_expected_result"/>
  </testsuite>
  <testsuite name="autoregressive" timestamp="2025-08-17T23:25:23Z" hostname="bf20baf7630c" tests="24" skipped="0" failures="0" errors="0" time="0.015">
    <testcase time="0.00199999999999978" classname="autoregressive" name="corr_fun_autoregressive_works_as_expected"/>
    <testcase time="0" classname="autoregressive" name="corr_fun_autoregressive_works_as_expected"/>
    <testcase time="0.00100000000000033" classname="autoregressive" name="get_auto_regressive_produces_expected_result"/>
    <testcase time="0.00099999999999989" classname="autoregressive" name="get_auto_regressive_produces_expected_result"/>
    <testcase time="0" classname="autoregressive" name="get_auto_regressive_produces_expected_result"/>
    <testcase time="0.00099999999999989" classname="autoregressive" name="get_auto_regressive_produces_expected_result"/>
    <testcase time="0.00099999999999989" classname="autoregressive" name="get_auto_regressive_produces_expected_result"/>
    <testcase time="0" classname="autoregressive" name="get_auto_regressive_produces_expected_result"/>
    <testcase time="0.00100000000000033" classname="autoregressive" name="get_auto_regressive_produces_expected_result"/>
    <testcase time="0" classname="autoregressive" name="get_auto_regressive_produces_expected_result"/>
    <testcase time="0.00099999999999989" classname="autoregressive" name="get_auto_regressive_produces_expected_result"/>
    <testcase time="0" classname="autoregressive" name="get_auto_regressive_produces_expected_result"/>
    <testcase time="0.00099999999999989" classname="autoregressive" name="get_auto_regressive_produces_expected_result"/>
    <testcase time="0.00099999999999989" classname="autoregressive" name="get_auto_regressive_heterogeneous_produces_expected_result"/>
    <testcase time="0" classname="autoregressive" name="get_auto_regressive_heterogeneous_produces_expected_result"/>
    <testcase time="0" classname="autoregressive" name="get_auto_regressive_heterogeneous_produces_expected_result"/>
    <testcase time="0.00099999999999989" classname="autoregressive" name="get_auto_regressive_heterogeneous_produces_expected_result"/>
    <testcase time="0" classname="autoregressive" name="get_auto_regressive_heterogeneous_produces_expected_result"/>
    <testcase time="0.00099999999999989" classname="autoregressive" name="get_auto_regressive_heterogeneous_produces_expected_result"/>
    <testcase time="0" classname="autoregressive" name="get_auto_regressive_heterogeneous_produces_expected_result"/>
    <testcase time="0.00099999999999989" classname="autoregressive" name="get_auto_regressive_heterogeneous_produces_expected_result"/>
    <testcase time="0.00100000000000033" classname="autoregressive" name="get_auto_regressive_heterogeneous_produces_expected_result"/>
    <testcase time="0" classname="autoregressive" name="get_auto_regressive_heterogeneous_produces_expected_result"/>
    <testcase time="0.00099999999999989" classname="autoregressive" name="get_auto_regressive_heterogeneous_produces_expected_result"/>
  </testsuite>
  <testsuite name="compound symmetry" timestamp="2025-08-17T23:25:23Z" hostname="bf20baf7630c" tests="28" skipped="0" failures="0" errors="0" time="0.019">
    <testcase time="0.00199999999999978" classname="compound_symmetry" name="corr_fun_compound_symmetry_works_as_expected"/>
    <testcase time="0" classname="compound_symmetry" name="corr_fun_compound_symmetry_works_as_expected"/>
    <testcase time="0.00100000000000033" classname="compound_symmetry" name="corr_fun_compound_symmetry_works_as_expected"/>
    <testcase time="0.00099999999999989" classname="compound_symmetry" name="corr_fun_compound_symmetry_respects_the_lower_boundary"/>
    <testcase time="0" classname="compound_symmetry" name="corr_fun_compound_symmetry_respects_the_lower_boundary"/>
    <testcase time="0.00099999999999989" classname="compound_symmetry" name="corr_fun_compound_symmetry_respects_the_lower_boundary"/>
    <testcase time="0.00099999999999989" classname="compound_symmetry" name="get_compound_symmetry_produces_expected_result"/>
    <testcase time="0" classname="compound_symmetry" name="get_compound_symmetry_produces_expected_result"/>
    <testcase time="0.00100000000000033" classname="compound_symmetry" name="get_compound_symmetry_produces_expected_result"/>
    <testcase time="0.00099999999999989" classname="compound_symmetry" name="get_compound_symmetry_produces_expected_result"/>
    <testcase time="0" classname="compound_symmetry" name="get_compound_symmetry_produces_expected_result"/>
    <testcase time="0.00099999999999989" classname="compound_symmetry" name="get_compound_symmetry_produces_expected_result"/>
    <testcase time="0" classname="compound_symmetry" name="get_compound_symmetry_produces_expected_result"/>
    <testcase time="0.00099999999999989" classname="compound_symmetry" name="get_compound_symmetry_produces_expected_result"/>
    <testcase time="0" classname="compound_symmetry" name="get_compound_symmetry_produces_expected_result"/>
    <testcase time="0.00100000000000033" classname="compound_symmetry" name="get_compound_symmetry_produces_expected_result"/>
    <testcase time="0.00099999999999989" classname="compound_symmetry" name="get_compound_symmetry_produces_expected_result"/>
    <testcase time="0.00099999999999989" classname="compound_symmetry" name="get_compound_symmetry_heterogeneous_produces_expected_result"/>
    <testcase time="0" classname="compound_symmetry" name="get_compound_symmetry_heterogeneous_produces_expected_result"/>
    <testcase time="0.00099999999999989" classname="compound_symmetry" name="get_compound_symmetry_heterogeneous_produces_expected_result"/>
    <testcase time="0" classname="compound_symmetry" name="get_compound_symmetry_heterogeneous_produces_expected_result"/>
    <testcase time="0.00100000000000033" classname="compound_symmetry" name="get_compound_symmetry_heterogeneous_produces_expected_result"/>
    <testcase time="0.00099999999999989" classname="compound_symmetry" name="get_compound_symmetry_heterogeneous_produces_expected_result"/>
    <testcase time="0" classname="compound_symmetry" name="get_compound_symmetry_heterogeneous_produces_expected_result"/>
    <testcase time="0.00099999999999989" classname="compound_symmetry" name="get_compound_symmetry_heterogeneous_produces_expected_result"/>
    <testcase time="0.00099999999999989" classname="compound_symmetry" name="get_compound_symmetry_heterogeneous_produces_expected_result"/>
    <testcase time="0" classname="compound_symmetry" name="get_compound_symmetry_heterogeneous_produces_expected_result"/>
    <testcase time="0.00100000000000033" classname="compound_symmetry" name="get_compound_symmetry_heterogeneous_produces_expected_result"/>
  </testsuite>
  <testsuite name="get_covariance_lower_chol" timestamp="2025-08-17T23:25:23Z" hostname="bf20baf7630c" tests="6" skipped="0" failures="0" errors="0" time="0.004">
    <testcase time="0.00199999999999978" classname="get_covariance_lower_chol" name="get_covariance_lower_chol_gives_expected_unstructured_result"/>
    <testcase time="0" classname="get_covariance_lower_chol" name="get_covariance_lower_chol_gives_expected_unstructured_result"/>
    <testcase time="0.00099999999999989" classname="get_covariance_lower_chol" name="get_covariance_lower_chol_gives_expected_unstructured_result"/>
    <testcase time="0" classname="get_covariance_lower_chol" name="get_covariance_lower_chol_gives_expected_unstructured_result"/>
    <testcase time="0.00100000000000033" classname="get_covariance_lower_chol" name="get_covariance_lower_chol_gives_expected_unstructured_result"/>
    <testcase time="0" classname="get_covariance_lower_chol" name="get_covariance_lower_chol_gives_expected_unstructured_result"/>
  </testsuite>
  <testsuite name="cho_jacobian" timestamp="2025-08-17T23:25:23Z" hostname="bf20baf7630c" tests="26" skipped="0" failures="0" errors="0" time="0.017">
    <testcase time="0.00199999999999978" classname="cho_jacobian" name="cho_jacobian_works_as_expected"/>
    <testcase time="0.00099999999999989" classname="cho_jacobian" name="cho_jacobian_works_as_expected"/>
    <testcase time="0" classname="cho_jacobian" name="cho_jacobian_works_as_expected"/>
    <testcase time="0.00100000000000033" classname="cho_jacobian" name="cho_jacobian_works_as_expected"/>
    <testcase time="0" classname="cho_jacobian" name="cho_jacobian_works_as_expected"/>
    <testcase time="0.00099999999999989" classname="cho_jacobian" name="cho_jacobian_works_as_expected"/>
    <testcase time="0" classname="cho_jacobian" name="cho_jacobian_works_as_expected"/>
    <testcase time="0.00099999999999989" classname="cho_jacobian" name="cho_jacobian_works_as_expected"/>
    <testcase time="0" classname="cho_jacobian" name="cho_jacobian_works_as_expected"/>
    <testcase time="0.00099999999999989" classname="cho_jacobian" name="cho_jacobian_s_jacabian_using_autodiff_works_as_expected"/>
    <testcase time="0.00100000000000033" classname="cho_jacobian" name="cho_jacobian_s_jacabian_using_autodiff_works_as_expected"/>
    <testcase time="0.00099999999999989" classname="cho_jacobian" name="cho_jacobian_s_jacabian_using_autodiff_works_as_expected"/>
    <testcase time="0" classname="cho_jacobian" name="cho_jacobian_s_jacabian_using_autodiff_works_as_expected"/>
    <testcase time="0.00099999999999989" classname="cho_jacobian" name="cho_jacobian_s_jacabian_using_autodiff_works_as_expected"/>
    <testcase time="0" classname="cho_jacobian" name="cho_jacobian_s_jacabian_using_autodiff_works_as_expected"/>
    <testcase time="0.00099999999999989" classname="cho_jacobian" name="cho_jacobian_s_jacabian_using_autodiff_works_as_expected"/>
    <testcase time="0" classname="cho_jacobian" name="cho_jacobian_s_jacabian_using_autodiff_works_as_expected"/>
    <testcase time="0.00099999999999989" classname="cho_jacobian" name="cho_jacobian_s_jacabian_using_autodiff_works_as_expected"/>
    <testcase time="0.00100000000000033" classname="cho_jacobian" name="cho_jacobian_s_jacabian_using_autodiff_works_as_expected"/>
    <testcase time="0" classname="cho_jacobian" name="cho_jacobian_s_jacabian_using_autodiff_works_as_expected"/>
    <testcase time="0.00099999999999989" classname="cho_jacobian" name="cho_jacobian_s_jacabian_using_autodiff_works_as_expected"/>
    <testcase time="0" classname="cho_jacobian" name="cho_jacobian_s_jacabian_using_autodiff_works_as_expected"/>
    <testcase time="0.00099999999999989" classname="cho_jacobian" name="cho_jacobian_s_jacabian_using_autodiff_works_as_expected"/>
    <testcase time="0.00099999999999989" classname="cho_jacobian" name="cho_jacobian_s_jacabian_using_autodiff_works_as_expected"/>
    <testcase time="0" classname="cho_jacobian" name="cho_jacobian_s_jacabian_using_autodiff_works_as_expected"/>
    <testcase time="0.00100000000000033" classname="cho_jacobian" name="cho_jacobian_s_jacabian_using_autodiff_works_as_expected"/>
  </testsuite>
  <testsuite name="derivatives_nonspatial struct works as expected" timestamp="2025-08-17T23:25:23Z" hostname="bf20baf7630c" tests="62" skipped="0" failures="0" errors="0" time="0.043">
    <testcase time="0.00199999999999978" classname="derivatives_nonspatial_struct_works_as_expected" name="derivatives_nonspatial_struct_correct_sigma_inverse_and_derivatives"/>
    <testcase time="0" classname="derivatives_nonspatial_struct_works_as_expected" name="derivatives_nonspatial_struct_correct_sigma_inverse_and_derivatives"/>
    <testcase time="0.00099999999999989" classname="derivatives_nonspatial_struct_works_as_expected" name="derivatives_nonspatial_struct_correct_sigma_inverse_and_derivatives"/>
    <testcase time="0" classname="derivatives_nonspatial_struct_works_as_expected" name="derivatives_nonspatial_struct_correct_sigma_inverse_and_derivatives"/>
    <testcase time="0.00100000000000033" classname="derivatives_nonspatial_struct_works_as_expected" name="derivatives_nonspatial_struct_correct_sigma_inverse_and_derivatives"/>
    <testcase time="0" classname="derivatives_nonspatial_struct_works_as_expected" name="derivatives_nonspatial_struct_correct_sigma_inverse_and_derivatives"/>
    <testcase time="0.00099999999999989" classname="derivatives_nonspatial_struct_works_as_expected" name="derivatives_nonspatial_struct_correct_sigma_inverse_and_derivatives"/>
    <testcase time="0" classname="derivatives_nonspatial_struct_works_as_expected" name="derivatives_nonspatial_struct_correct_sigma_inverse_and_derivatives"/>
    <testcase time="0.00099999999999989" classname="derivatives_nonspatial_struct_works_as_expected" name="derivatives_nonspatial_struct_correct_sigma_inverse_and_derivatives"/>
    <testcase time="0.00099999999999989" classname="derivatives_nonspatial_struct_works_as_expected" name="derivatives_nonspatial_struct_correct_sigma_inverse_and_derivatives"/>
    <testcase time="0" classname="derivatives_nonspatial_struct_works_as_expected" name="derivatives_nonspatial_struct_correct_sigma_inverse_and_derivatives"/>
    <testcase time="0.00100000000000033" classname="derivatives_nonspatial_struct_works_as_expected" name="derivatives_nonspatial_struct_correct_sigma_inverse_and_derivatives"/>
    <testcase time="0" classname="derivatives_nonspatial_struct_works_as_expected" name="derivatives_nonspatial_struct_correct_sigma_inverse_and_derivatives"/>
    <testcase time="0.00099999999999989" classname="derivatives_nonspatial_struct_works_as_expected" name="derivatives_nonspatial_struct_correct_sigma_inverse_and_derivatives"/>
    <testcase time="0" classname="derivatives_nonspatial_struct_works_as_expected" name="derivatives_nonspatial_struct_correct_sigma_inverse_and_derivatives"/>
    <testcase time="0.00099999999999989" classname="derivatives_nonspatial_struct_works_as_expected" name="derivatives_nonspatial_struct_correct_sigma_inverse_and_derivatives"/>
    <testcase time="0.00099999999999989" classname="derivatives_nonspatial_struct_works_as_expected" name="derivatives_nonspatial_struct_correct_sigma_inverse_and_derivatives"/>
    <testcase time="0" classname="derivatives_nonspatial_struct_works_as_expected" name="derivatives_nonspatial_struct_correct_sigma_inverse_and_derivatives"/>
    <testcase time="0.00100000000000033" classname="derivatives_nonspatial_struct_works_as_expected" name="derivatives_nonspatial_struct_correct_sigma_inverse_and_derivatives"/>
    <testcase time="0" classname="derivatives_nonspatial_struct_works_as_expected" name="derivatives_nonspatial_struct_correct_sigma_inverse_and_derivatives"/>
    <testcase time="0.00099999999999989" classname="derivatives_nonspatial_struct_works_as_expected" name="derivatives_nonspatial_struct_correct_sigma_inverse_and_derivatives"/>
    <testcase time="0.00099999999999989" classname="derivatives_nonspatial_struct_works_as_expected" name="derivatives_nonspatial_struct_correct_sigma_inverse_and_derivatives"/>
    <testcase time="0" classname="derivatives_nonspatial_struct_works_as_expected" name="derivatives_nonspatial_struct_correct_sigma_inverse_and_derivatives"/>
    <testcase time="0.00099999999999989" classname="derivatives_nonspatial_struct_works_as_expected" name="derivatives_nonspatial_struct_correct_sigma_inverse_and_derivatives"/>
    <testcase time="0" classname="derivatives_nonspatial_struct_works_as_expected" name="derivatives_nonspatial_struct_correct_sigma_inverse_and_derivatives"/>
    <testcase time="0.00100000000000033" classname="derivatives_nonspatial_struct_works_as_expected" name="derivatives_nonspatial_struct_correct_sigma_inverse_and_derivatives"/>
    <testcase time="0.00099999999999989" classname="derivatives_nonspatial_struct_works_as_expected" name="derivatives_nonspatial_struct_correct_sigma_inverse_and_derivatives"/>
    <testcase time="0" classname="derivatives_nonspatial_struct_works_as_expected" name="derivatives_nonspatial_struct_correct_sigma_inverse_and_derivatives"/>
    <testcase time="0.00099999999999989" classname="derivatives_nonspatial_struct_works_as_expected" name="derivatives_nonspatial_struct_correct_sigma_inverse_and_derivatives"/>
    <testcase time="0.00099999999999989" classname="derivatives_nonspatial_struct_works_as_expected" name="derivatives_nonspatial_struct_correct_sigma_inverse_and_derivatives"/>
    <testcase time="0" classname="derivatives_nonspatial_struct_works_as_expected" name="derivatives_nonspatial_struct_correct_sigma_inverse_and_derivatives"/>
    <testcase time="0.00100000000000033" classname="derivatives_nonspatial_struct_works_as_expected" name="derivatives_nonspatial_struct_correct_sigma_inverse_and_derivatives"/>
    <testcase time="0.00099999999999989" classname="derivatives_nonspatial_struct_works_as_expected" name="derivatives_nonspatial_struct_correct_sigma_inverse_and_derivatives"/>
    <testcase time="0" classname="derivatives_nonspatial_struct_works_as_expected" name="derivatives_nonspatial_struct_correct_sigma_inverse_and_derivatives"/>
    <testcase time="0.00099999999999989" classname="derivatives_nonspatial_struct_works_as_expected" name="derivatives_nonspatial_struct_correct_sigma_inverse_and_derivatives"/>
    <testcase time="0" classname="derivatives_nonspatial_struct_works_as_expected" name="derivatives_nonspatial_struct_correct_sigma_inverse_and_derivatives"/>
    <testcase time="0.00099999999999989" classname="derivatives_nonspatial_struct_works_as_expected" name="derivatives_nonspatial_struct_correct_sigma_inverse_and_derivatives"/>
    <testcase time="0.00100000000000033" classname="derivatives_nonspatial_struct_works_as_expected" name="derivatives_nonspatial_struct_correct_sigma_inverse_and_derivatives"/>
    <testcase time="0" classname="derivatives_nonspatial_struct_works_as_expected" name="derivatives_nonspatial_struct_correct_sigma_inverse_and_derivatives"/>
    <testcase time="0.00099999999999989" classname="derivatives_nonspatial_struct_works_as_expected" name="derivatives_nonspatial_struct_correct_sigma_inverse_and_derivatives"/>
    <testcase time="0.00099999999999989" classname="derivatives_nonspatial_struct_works_as_expected" name="derivatives_nonspatial_struct_correct_sigma_inverse_and_derivatives"/>
    <testcase time="0.00100000000000033" classname="derivatives_nonspatial_struct_works_as_expected" name="derivatives_nonspatial_struct_correct_sigma_inverse_and_derivatives"/>
    <testcase time="0" classname="derivatives_nonspatial_struct_works_as_expected" name="derivatives_nonspatial_struct_correct_sigma_inverse_and_derivatives"/>
    <testcase time="0.000999999999999446" classname="derivatives_nonspatial_struct_works_as_expected" name="derivatives_nonspatial_struct_correct_sigma_inverse_and_derivatives"/>
    <testcase time="0.00100000000000033" classname="derivatives_nonspatial_struct_works_as_expected" name="derivatives_nonspatial_struct_correct_sigma_inverse_and_derivatives"/>
    <testcase time="0" classname="derivatives_nonspatial_struct_works_as_expected" name="derivatives_nonspatial_struct_correct_sigma_inverse_and_derivatives"/>
    <testcase time="0.00100000000000033" classname="derivatives_nonspatial_struct_works_as_expected" name="derivatives_nonspatial_struct_correct_sigma_inverse_and_derivatives"/>
    <testcase time="0.000999999999999446" classname="derivatives_nonspatial_struct_works_as_expected" name="derivatives_nonspatial_struct_correct_sigma_inverse_and_derivatives"/>
    <testcase time="0" classname="derivatives_nonspatial_struct_works_as_expected" name="derivatives_nonspatial_struct_correct_sigma_inverse_and_derivatives"/>
    <testcase time="0.00100000000000033" classname="derivatives_nonspatial_struct_works_as_expected" name="derivatives_nonspatial_struct_correct_sigma_inverse_and_derivatives"/>
    <testcase time="0.00300000000000011" classname="derivatives_nonspatial_struct_works_as_expected" name="derivatives_nonspatial_struct_correct_sigma_inverse_and_derivatives"/>
    <testcase time="0.000999999999999446" classname="derivatives_nonspatial_struct_works_as_expected" name="derivatives_nonspatial_struct_correct_sigma_inverse_and_derivatives"/>
    <testcase time="0.00100000000000033" classname="derivatives_nonspatial_struct_works_as_expected" name="derivatives_nonspatial_struct_correct_sigma_inverse_and_derivatives"/>
    <testcase time="0.00100000000000033" classname="derivatives_nonspatial_struct_works_as_expected" name="derivatives_nonspatial_struct_correct_sigma_inverse_and_derivatives"/>
    <testcase time="0" classname="derivatives_nonspatial_struct_works_as_expected" name="derivatives_nonspatial_struct_correct_sigma_inverse_and_derivatives"/>
    <testcase time="0.000999999999999446" classname="derivatives_nonspatial_struct_works_as_expected" name="derivatives_nonspatial_struct_correct_sigma_inverse_and_derivatives"/>
    <testcase time="0.00100000000000033" classname="derivatives_nonspatial_struct_works_as_expected" name="derivatives_nonspatial_struct_correct_sigma_inverse_and_derivatives"/>
    <testcase time="0" classname="derivatives_nonspatial_struct_works_as_expected" name="derivatives_nonspatial_struct_correct_sigma_inverse_and_derivatives"/>
    <testcase time="0.000999999999999446" classname="derivatives_nonspatial_struct_works_as_expected" name="derivatives_nonspatial_struct_correct_sigma_inverse_and_derivatives"/>
    <testcase time="0.00100000000000033" classname="derivatives_nonspatial_struct_works_as_expected" name="derivatives_nonspatial_struct_correct_sigma_inverse_and_derivatives"/>
    <testcase time="0.00100000000000033" classname="derivatives_nonspatial_struct_works_as_expected" name="derivatives_nonspatial_struct_correct_sigma_inverse_and_derivatives"/>
    <testcase time="0" classname="derivatives_nonspatial_struct_works_as_expected" name="derivatives_nonspatial_struct_correct_sigma_inverse_and_derivatives"/>
  </testsuite>
  <testsuite name="derivatives_sp_exp struct works as expected" timestamp="2025-08-17T23:25:23Z" hostname="bf20baf7630c" tests="80" skipped="0" failures="0" errors="0" time="0.054">
    <testcase time="0.00199999999999978" classname="derivatives_sp_exp_struct_works_as_expected" name="derivatives_sp_exp_struct_gives_correct_sigma_inverse_and_derivatives"/>
    <testcase time="0.00100000000000033" classname="derivatives_sp_exp_struct_works_as_expected" name="derivatives_sp_exp_struct_gives_correct_sigma_inverse_and_derivatives"/>
    <testcase time="0" classname="derivatives_sp_exp_struct_works_as_expected" name="derivatives_sp_exp_struct_gives_correct_sigma_inverse_and_derivatives"/>
    <testcase time="0.000999999999999446" classname="derivatives_sp_exp_struct_works_as_expected" name="derivatives_sp_exp_struct_gives_correct_sigma_inverse_and_derivatives"/>
    <testcase time="0" classname="derivatives_sp_exp_struct_works_as_expected" name="derivatives_sp_exp_struct_gives_correct_sigma_inverse_and_derivatives"/>
    <testcase time="0.00100000000000033" classname="derivatives_sp_exp_struct_works_as_expected" name="derivatives_sp_exp_struct_gives_correct_sigma_inverse_and_derivatives"/>
    <testcase time="0" classname="derivatives_sp_exp_struct_works_as_expected" name="derivatives_sp_exp_struct_gives_correct_sigma_inverse_and_derivatives"/>
    <testcase time="0.000999999999999446" classname="derivatives_sp_exp_struct_works_as_expected" name="derivatives_sp_exp_struct_gives_correct_sigma_inverse_and_derivatives"/>
    <testcase time="0" classname="derivatives_sp_exp_struct_works_as_expected" name="derivatives_sp_exp_struct_gives_correct_sigma_inverse_and_derivatives"/>
    <testcase time="0.00100000000000033" classname="derivatives_sp_exp_struct_works_as_expected" name="derivatives_sp_exp_struct_gives_correct_sigma_inverse_and_derivatives"/>
    <testcase time="0" classname="derivatives_sp_exp_struct_works_as_expected" name="derivatives_sp_exp_struct_gives_correct_sigma_inverse_and_derivatives"/>
    <testcase time="0.00100000000000033" classname="derivatives_sp_exp_struct_works_as_expected" name="derivatives_sp_exp_struct_gives_correct_sigma_inverse_and_derivatives"/>
    <testcase time="0.000999999999999446" classname="derivatives_sp_exp_struct_works_as_expected" name="derivatives_sp_exp_struct_gives_correct_sigma_inverse_and_derivatives"/>
    <testcase time="0" classname="derivatives_sp_exp_struct_works_as_expected" name="derivatives_sp_exp_struct_gives_correct_sigma_inverse_and_derivatives"/>
    <testcase time="0.00100000000000033" classname="derivatives_sp_exp_struct_works_as_expected" name="derivatives_sp_exp_struct_gives_correct_sigma_inverse_and_derivatives"/>
    <testcase time="0" classname="derivatives_sp_exp_struct_works_as_expected" name="derivatives_sp_exp_struct_gives_correct_sigma_inverse_and_derivatives"/>
    <testcase time="0.00100000000000033" classname="derivatives_sp_exp_struct_works_as_expected" name="derivatives_sp_exp_struct_gives_correct_sigma_inverse_and_derivatives"/>
    <testcase time="0" classname="derivatives_sp_exp_struct_works_as_expected" name="derivatives_sp_exp_struct_gives_correct_sigma_inverse_and_derivatives"/>
    <testcase time="0.000999999999999446" classname="derivatives_sp_exp_struct_works_as_expected" name="derivatives_sp_exp_struct_gives_correct_sigma_inverse_and_derivatives"/>
    <testcase time="0" classname="derivatives_sp_exp_struct_works_as_expected" name="derivatives_sp_exp_struct_gives_correct_sigma_inverse_and_derivatives"/>
    <testcase time="0" classname="derivatives_sp_exp_struct_works_as_expected" name="derivatives_sp_exp_struct_gives_correct_sigma_inverse_and_derivatives"/>
    <testcase time="0.000999999999999446" classname="derivatives_sp_exp_struct_works_as_expected" name="derivatives_sp_exp_struct_gives_correct_sigma_inverse_and_derivatives"/>
    <testcase time="0" classname="derivatives_sp_exp_struct_works_as_expected" name="derivatives_sp_exp_struct_gives_correct_sigma_inverse_and_derivatives"/>
    <testcase time="0.00100000000000033" classname="derivatives_sp_exp_struct_works_as_expected" name="derivatives_sp_exp_struct_gives_correct_sigma_inverse_and_derivatives"/>
    <testcase time="0.00100000000000033" classname="derivatives_sp_exp_struct_works_as_expected" name="derivatives_sp_exp_struct_gives_correct_sigma_inverse_and_derivatives"/>
    <testcase time="0" classname="derivatives_sp_exp_struct_works_as_expected" name="derivatives_sp_exp_struct_gives_correct_sigma_inverse_and_derivatives"/>
    <testcase time="0.000999999999999446" classname="derivatives_sp_exp_struct_works_as_expected" name="derivatives_sp_exp_struct_gives_correct_sigma_inverse_and_derivatives"/>
    <testcase time="0" classname="derivatives_sp_exp_struct_works_as_expected" name="derivatives_sp_exp_struct_gives_correct_sigma_inverse_and_derivatives"/>
    <testcase time="0.00100000000000033" classname="derivatives_sp_exp_struct_works_as_expected" name="derivatives_sp_exp_struct_gives_correct_sigma_inverse_and_derivatives"/>
    <testcase time="0.00100000000000033" classname="derivatives_sp_exp_struct_works_as_expected" name="derivatives_sp_exp_struct_gives_correct_sigma_inverse_and_derivatives"/>
    <testcase time="0" classname="derivatives_sp_exp_struct_works_as_expected" name="derivatives_sp_exp_struct_gives_correct_sigma_inverse_and_derivatives"/>
    <testcase time="0.000999999999999446" classname="derivatives_sp_exp_struct_works_as_expected" name="derivatives_sp_exp_struct_gives_correct_sigma_inverse_and_derivatives"/>
    <testcase time="0" classname="derivatives_sp_exp_struct_works_as_expected" name="derivatives_sp_exp_struct_gives_correct_sigma_inverse_and_derivatives"/>
    <testcase time="0.00100000000000033" classname="derivatives_sp_exp_struct_works_as_expected" name="derivatives_sp_exp_struct_gives_correct_sigma_inverse_and_derivatives"/>
    <testcase time="0.000999999999999446" classname="derivatives_sp_exp_struct_works_as_expected" name="derivatives_sp_exp_struct_gives_correct_sigma_inverse_and_derivatives"/>
    <testcase time="0" classname="derivatives_sp_exp_struct_works_as_expected" name="derivatives_sp_exp_struct_gives_correct_sigma_inverse_and_derivatives"/>
    <testcase time="0.00100000000000033" classname="derivatives_sp_exp_struct_works_as_expected" name="derivatives_sp_exp_struct_gives_correct_sigma_inverse_and_derivatives"/>
    <testcase time="0.00100000000000033" classname="derivatives_sp_exp_struct_works_as_expected" name="derivatives_sp_exp_struct_gives_correct_sigma_inverse_and_derivatives"/>
    <testcase time="0" classname="derivatives_sp_exp_struct_works_as_expected" name="derivatives_sp_exp_struct_gives_correct_sigma_inverse_and_derivatives"/>
    <testcase time="0.000999999999999446" classname="derivatives_sp_exp_struct_works_as_expected" name="derivatives_sp_exp_struct_gives_correct_sigma_inverse_and_derivatives"/>
    <testcase time="0.00100000000000033" classname="derivatives_sp_exp_struct_works_as_expected" name="derivatives_sp_exp_struct_gives_correct_sigma_inverse_and_derivatives"/>
    <testcase time="0" classname="derivatives_sp_exp_struct_works_as_expected" name="derivatives_sp_exp_struct_gives_correct_sigma_inverse_and_derivatives"/>
    <testcase time="0.00100000000000033" classname="derivatives_sp_exp_struct_works_as_expected" name="derivatives_sp_exp_struct_gives_correct_sigma_inverse_and_derivatives"/>
    <testcase time="0.000999999999999446" classname="derivatives_sp_exp_struct_works_as_expected" name="derivatives_sp_exp_struct_gives_correct_sigma_inverse_and_derivatives"/>
    <testcase time="0.00100000000000033" classname="derivatives_sp_exp_struct_works_as_expected" name="derivatives_sp_exp_struct_gives_correct_sigma_inverse_and_derivatives"/>
    <testcase time="0.000999999999999446" classname="derivatives_sp_exp_struct_works_as_expected" name="derivatives_sp_exp_struct_gives_correct_sigma_inverse_and_derivatives"/>
    <testcase time="0.00100000000000033" classname="derivatives_sp_exp_struct_works_as_expected" name="derivatives_sp_exp_struct_gives_correct_sigma_inverse_and_derivatives"/>
    <testcase time="0" classname="derivatives_sp_exp_struct_works_as_expected" name="derivatives_sp_exp_struct_gives_correct_sigma_inverse_and_derivatives"/>
    <testcase time="0.00100000000000033" classname="derivatives_sp_exp_struct_works_as_expected" name="derivatives_sp_exp_struct_gives_correct_sigma_inverse_and_derivatives"/>
    <testcase time="0.000999999999999446" classname="derivatives_sp_exp_struct_works_as_expected" name="derivatives_sp_exp_struct_gives_correct_sigma_inverse_and_derivatives"/>
    <testcase time="0.00100000000000033" classname="derivatives_sp_exp_struct_works_as_expected" name="derivatives_sp_exp_struct_gives_correct_sigma_inverse_and_derivatives"/>
    <testcase time="0" classname="derivatives_sp_exp_struct_works_as_expected" name="derivatives_sp_exp_struct_gives_correct_sigma_inverse_and_derivatives"/>
    <testcase time="0.00100000000000033" classname="derivatives_sp_exp_struct_works_as_expected" name="derivatives_sp_exp_struct_gives_correct_sigma_inverse_and_derivatives"/>
    <testcase time="0.000999999999999446" classname="derivatives_sp_exp_struct_works_as_expected" name="derivatives_sp_exp_struct_gives_correct_sigma_inverse_and_derivatives"/>
    <testcase time="0.00100000000000033" classname="derivatives_sp_exp_struct_works_as_expected" name="derivatives_sp_exp_struct_gives_correct_sigma_inverse_and_derivatives"/>
    <testcase time="0" classname="derivatives_sp_exp_struct_works_as_expected" name="derivatives_sp_exp_struct_gives_correct_sigma_inverse_and_derivatives"/>
    <testcase time="0.000999999999999446" classname="derivatives_sp_exp_struct_works_as_expected" name="derivatives_sp_exp_struct_gives_correct_sigma_inverse_and_derivatives"/>
    <testcase time="0.00100000000000033" classname="derivatives_sp_exp_struct_works_as_expected" name="derivatives_sp_exp_struct_gives_correct_sigma_inverse_and_derivatives"/>
    <testcase time="0" classname="derivatives_sp_exp_struct_works_as_expected" name="derivatives_sp_exp_struct_gives_correct_sigma_inverse_and_derivatives"/>
    <testcase time="0" classname="derivatives_sp_exp_struct_works_as_expected" name="derivatives_sp_exp_struct_gives_correct_sigma_inverse_and_derivatives"/>
    <testcase time="0.000999999999999446" classname="derivatives_sp_exp_struct_works_as_expected" name="derivatives_sp_exp_struct_gives_correct_sigma_inverse_and_derivatives"/>
    <testcase time="0.00100000000000033" classname="derivatives_sp_exp_struct_works_as_expected" name="derivatives_sp_exp_struct_gives_correct_sigma_inverse_and_derivatives"/>
    <testcase time="0.00100000000000033" classname="derivatives_sp_exp_struct_works_as_expected" name="derivatives_sp_exp_struct_gives_correct_sigma_inverse_and_derivatives"/>
    <testcase time="0" classname="derivatives_sp_exp_struct_works_as_expected" name="derivatives_sp_exp_struct_gives_correct_sigma_inverse_and_derivatives"/>
    <testcase time="0.000999999999999446" classname="derivatives_sp_exp_struct_works_as_expected" name="derivatives_sp_exp_struct_gives_correct_sigma_inverse_and_derivatives"/>
    <testcase time="0.00100000000000033" classname="derivatives_sp_exp_struct_works_as_expected" name="derivatives_sp_exp_struct_gives_correct_sigma_inverse_and_derivatives"/>
    <testcase time="0.000999999999999446" classname="derivatives_sp_exp_struct_works_as_expected" name="derivatives_sp_exp_struct_gives_correct_sigma_inverse_and_derivatives"/>
    <testcase time="0" classname="derivatives_sp_exp_struct_works_as_expected" name="derivatives_sp_exp_struct_gives_correct_sigma_inverse_and_derivatives"/>
    <testcase time="0.00100000000000033" classname="derivatives_sp_exp_struct_works_as_expected" name="derivatives_sp_exp_struct_gives_correct_sigma_inverse_and_derivatives"/>
    <testcase time="0.00100000000000033" classname="derivatives_sp_exp_struct_works_as_expected" name="derivatives_sp_exp_struct_gives_correct_sigma_inverse_and_derivatives"/>
    <testcase time="0.000999999999999446" classname="derivatives_sp_exp_struct_works_as_expected" name="derivatives_sp_exp_struct_gives_correct_sigma_inverse_and_derivatives"/>
    <testcase time="0" classname="derivatives_sp_exp_struct_works_as_expected" name="derivatives_sp_exp_struct_gives_correct_sigma_inverse_and_derivatives"/>
    <testcase time="0.00100000000000033" classname="derivatives_sp_exp_struct_works_as_expected" name="derivatives_sp_exp_struct_gives_correct_sigma_inverse_and_derivatives"/>
    <testcase time="0.00100000000000033" classname="derivatives_sp_exp_struct_works_as_expected" name="derivatives_sp_exp_struct_gives_correct_sigma_inverse_and_derivatives"/>
    <testcase time="0.000999999999999446" classname="derivatives_sp_exp_struct_works_as_expected" name="derivatives_sp_exp_struct_gives_correct_sigma_inverse_and_derivatives"/>
    <testcase time="0" classname="derivatives_sp_exp_struct_works_as_expected" name="derivatives_sp_exp_struct_gives_correct_sigma_inverse_and_derivatives"/>
    <testcase time="0.00100000000000033" classname="derivatives_sp_exp_struct_works_as_expected" name="derivatives_sp_exp_struct_gives_correct_sigma_inverse_and_derivatives"/>
    <testcase time="0.000999999999999446" classname="derivatives_sp_exp_struct_works_as_expected" name="derivatives_sp_exp_struct_gives_correct_sigma_inverse_and_derivatives"/>
    <testcase time="0.00100000000000033" classname="derivatives_sp_exp_struct_works_as_expected" name="derivatives_sp_exp_struct_gives_correct_sigma_inverse_and_derivatives"/>
    <testcase time="0.00100000000000033" classname="derivatives_sp_exp_struct_works_as_expected" name="derivatives_sp_exp_struct_gives_correct_sigma_inverse_and_derivatives"/>
  </testsuite>
  <testsuite name="subset_matrix" timestamp="2025-08-17T23:25:23Z" hostname="bf20baf7630c" tests="14" skipped="0" failures="0" errors="0" time="0.009">
    <testcase time="0.00199999999999978" classname="subset_matrix" name="subset_matrix_works_as_expected"/>
    <testcase time="0" classname="subset_matrix" name="subset_matrix_works_as_expected"/>
    <testcase time="0.00100000000000033" classname="subset_matrix" name="subset_matrix_works_as_expected"/>
    <testcase time="0.000999999999999446" classname="subset_matrix" name="subset_matrix_works_as_expected"/>
    <testcase time="0" classname="subset_matrix" name="subset_matrix_works_as_expected"/>
    <testcase time="0.00100000000000033" classname="subset_matrix" name="subset_matrix_works_as_expected"/>
    <testcase time="0" classname="subset_matrix" name="subset_matrix_works_as_expected"/>
    <testcase time="0.000999999999999446" classname="subset_matrix" name="subset_matrix_works_as_expected"/>
    <testcase time="0" classname="subset_matrix" name="subset_matrix_works_as_expected"/>
    <testcase time="0.00100000000000033" classname="subset_matrix" name="subset_matrix_works_as_expected"/>
    <testcase time="0" classname="subset_matrix" name="subset_matrix_works_as_expected"/>
    <testcase time="0.00100000000000033" classname="subset_matrix" name="subset_matrix_works_as_expected"/>
    <testcase time="0" classname="subset_matrix" name="subset_matrix_works_as_expected"/>
    <testcase time="0.000999999999999446" classname="subset_matrix" name="subset_matrix_works_as_expected"/>
  </testsuite>
  <testsuite name="tcrossprod" timestamp="2025-08-17T23:25:23Z" hostname="bf20baf7630c" tests="12" skipped="0" failures="0" errors="0" time="0.007">
    <testcase time="0.00200000000000067" classname="tcrossprod" name="tcrossprod_works_as_expected_with_complete"/>
    <testcase time="0" classname="tcrossprod" name="tcrossprod_works_as_expected_with_complete"/>
    <testcase time="0.000999999999999446" classname="tcrossprod" name="tcrossprod_works_as_expected_with_complete"/>
    <testcase time="0" classname="tcrossprod" name="tcrossprod_works_as_expected_with_complete"/>
    <testcase time="0.00100000000000033" classname="tcrossprod" name="tcrossprod_works_as_expected_with_complete"/>
    <testcase time="0" classname="tcrossprod" name="tcrossprod_works_as_expected_with_complete"/>
    <testcase time="0" classname="tcrossprod" name="tcrossprod_works_as_expected_without_complete_default_"/>
    <testcase time="0.00100000000000033" classname="tcrossprod" name="tcrossprod_works_as_expected_without_complete_default_"/>
    <testcase time="0.00100000000000033" classname="tcrossprod" name="tcrossprod_works_as_expected_without_complete_default_"/>
    <testcase time="0" classname="tcrossprod" name="tcrossprod_works_as_expected_without_complete_default_"/>
    <testcase time="0.000999999999999446" classname="tcrossprod" name="tcrossprod_works_as_expected_without_complete_default_"/>
    <testcase time="0" classname="tcrossprod" name="tcrossprod_works_as_expected_without_complete_default_"/>
  </testsuite>
  <testsuite name="crossprod" timestamp="2025-08-17T23:25:23Z" hostname="bf20baf7630c" tests="11" skipped="0" failures="0" errors="0" time="0.008">
    <testcase time="0.00200000000000067" classname="crossprod" name="crossprod_works_as_expected"/>
    <testcase time="0.000999999999999446" classname="crossprod" name="crossprod_works_as_expected"/>
    <testcase time="0" classname="crossprod" name="crossprod_works_as_expected"/>
    <testcase time="0.00100000000000033" classname="crossprod" name="crossprod_works_as_expected"/>
    <testcase time="0" classname="crossprod" name="crossprod_works_as_expected"/>
    <testcase time="0.000999999999999446" classname="crossprod" name="crossprod_works_as_expected"/>
    <testcase time="0" classname="crossprod" name="crossprod_works_as_expected"/>
    <testcase time="0.00100000000000033" classname="crossprod" name="crossprod_works_as_expected"/>
    <testcase time="0" classname="crossprod" name="crossprod_works_as_expected"/>
    <testcase time="0.00100000000000033" classname="crossprod" name="crossprod_works_as_expected"/>
    <testcase time="0.000999999999999446" classname="crossprod" name="crossprod_works_as_expected"/>
  </testsuite>
  <testsuite name="map_to_cor" timestamp="2025-08-17T23:25:23Z" hostname="bf20baf7630c" tests="5" skipped="0" failures="0" errors="0" time="0.004">
    <testcase time="0.00100000000000033" classname="map_to_cor" name="map_to_cor_works_as_expected"/>
    <testcase time="0.000999999999999446" classname="map_to_cor" name="map_to_cor_works_as_expected"/>
    <testcase time="0" classname="map_to_cor" name="map_to_cor_works_as_expected"/>
    <testcase time="0.00100000000000033" classname="map_to_cor" name="map_to_cor_works_as_expected"/>
    <testcase time="0.00100000000000033" classname="map_to_cor" name="map_to_cor_works_as_expected"/>
  </testsuite>
  <testsuite name="generic_corr_fun" timestamp="2025-08-17T23:25:23Z" hostname="bf20baf7630c" tests="5" skipped="0" failures="0" errors="0" time="0.003">
    <testcase time="0.000999999999999446" classname="generic_corr_fun" name="generic_corr_fun_is_initialized_as_expected"/>
    <testcase time="0.00100000000000033" classname="generic_corr_fun" name="generic_corr_fun_is_initialized_as_expected"/>
    <testcase time="0" classname="generic_corr_fun" name="generic_corr_fun_is_initialized_as_expected"/>
    <testcase time="0.00100000000000033" classname="generic_corr_fun" name="generic_corr_fun_is_initialized_as_expected"/>
    <testcase time="0" classname="generic_corr_fun" name="generic_corr_fun_is_initialized_as_expected"/>
  </testsuite>
  <testsuite name="get_corr_mat_chol" timestamp="2025-08-17T23:25:23Z" hostname="bf20baf7630c" tests="11" skipped="0" failures="0" errors="0" time="0.008">
    <testcase time="0.00199999999999978" classname="get_corr_mat_chol" name="get_corr_mat_chol_works_as_expected"/>
    <testcase time="0.000999999999999446" classname="get_corr_mat_chol" name="get_corr_mat_chol_works_as_expected"/>
    <testcase time="0" classname="get_corr_mat_chol" name="get_corr_mat_chol_works_as_expected"/>
    <testcase time="0.00100000000000033" classname="get_corr_mat_chol" name="get_corr_mat_chol_works_as_expected"/>
    <testcase time="0" classname="get_corr_mat_chol" name="get_corr_mat_chol_works_as_expected"/>
    <testcase time="0.00100000000000033" classname="get_corr_mat_chol" name="get_corr_mat_chol_works_as_expected"/>
    <testcase time="0" classname="get_corr_mat_chol" name="get_corr_mat_chol_works_as_expected"/>
    <testcase time="0.000999999999999446" classname="get_corr_mat_chol" name="get_corr_mat_chol_works_as_expected"/>
    <testcase time="0" classname="get_corr_mat_chol" name="get_corr_mat_chol_works_as_expected"/>
    <testcase time="0.00100000000000033" classname="get_corr_mat_chol" name="get_corr_mat_chol_works_as_expected"/>
    <testcase time="0.00100000000000033" classname="get_corr_mat_chol" name="get_corr_mat_chol_works_as_expected"/>
  </testsuite>
  <testsuite name="get_heterogeneous_cov" timestamp="2025-08-17T23:25:23Z" hostname="bf20baf7630c" tests="11" skipped="0" failures="0" errors="0" time="0.007">
    <testcase time="0.000999999999999446" classname="get_heterogeneous_cov" name="get_heterogeneous_cov_works_as_expected"/>
    <testcase time="0.00100000000000033" classname="get_heterogeneous_cov" name="get_heterogeneous_cov_works_as_expected"/>
    <testcase time="0" classname="get_heterogeneous_cov" name="get_heterogeneous_cov_works_as_expected"/>
    <testcase time="0.000999999999999446" classname="get_heterogeneous_cov" name="get_heterogeneous_cov_works_as_expected"/>
    <testcase time="0" classname="get_heterogeneous_cov" name="get_heterogeneous_cov_works_as_expected"/>
    <testcase time="0.00100000000000033" classname="get_heterogeneous_cov" name="get_heterogeneous_cov_works_as_expected"/>
    <testcase time="0.00100000000000033" classname="get_heterogeneous_cov" name="get_heterogeneous_cov_works_as_expected"/>
    <testcase time="0" classname="get_heterogeneous_cov" name="get_heterogeneous_cov_works_as_expected"/>
    <testcase time="0.000999999999999446" classname="get_heterogeneous_cov" name="get_heterogeneous_cov_works_as_expected"/>
    <testcase time="0" classname="get_heterogeneous_cov" name="get_heterogeneous_cov_works_as_expected"/>
    <testcase time="0.00100000000000033" classname="get_heterogeneous_cov" name="get_heterogeneous_cov_works_as_expected"/>
  </testsuite>
  <testsuite name="euclidean distance" timestamp="2025-08-17T23:25:23Z" hostname="bf20baf7630c" tests="36" skipped="0" failures="0" errors="0" time="0.023">
    <testcase time="0.00100000000000033" classname="euclidean_distance" name="euclidean_works_as_expected"/>
    <testcase time="0.000999999999999446" classname="euclidean_distance" name="euclidean_works_as_expected"/>
    <testcase time="0.00100000000000033" classname="euclidean_distance" name="euclidean_works_as_expected"/>
    <testcase time="0" classname="euclidean_distance" name="euclidean_works_as_expected"/>
    <testcase time="0.000999999999999446" classname="euclidean_distance" name="euclidean_works_as_expected"/>
    <testcase time="0" classname="euclidean_distance" name="euclidean_works_as_expected"/>
    <testcase time="0.00100000000000033" classname="euclidean_distance" name="euclidean_works_as_expected"/>
    <testcase time="0" classname="euclidean_distance" name="euclidean_works_as_expected"/>
    <testcase time="0.00100000000000033" classname="euclidean_distance" name="euclidean_works_as_expected"/>
    <testcase time="0" classname="euclidean_distance" name="euclidean_works_as_expected"/>
    <testcase time="0.000999999999999446" classname="euclidean_distance" name="euclidean_works_as_expected"/>
    <testcase time="0.00100000000000033" classname="euclidean_distance" name="euclidean_works_as_expected"/>
    <testcase time="0" classname="euclidean_distance" name="euclidean_works_as_expected"/>
    <testcase time="0.00100000000000033" classname="euclidean_distance" name="euclidean_works_as_expected"/>
    <testcase time="0" classname="euclidean_distance" name="euclidean_works_as_expected"/>
    <testcase time="0.000999999999999446" classname="euclidean_distance" name="euclidean_works_as_expected"/>
    <testcase time="0" classname="euclidean_distance" name="euclidean_works_as_expected"/>
    <testcase time="0.00100000000000033" classname="euclidean_distance" name="euclidean_works_as_expected"/>
    <testcase time="0.000999999999999446" classname="euclidean_distance" name="euclidean_works_as_expected_for_matrix"/>
    <testcase time="0.00100000000000033" classname="euclidean_distance" name="euclidean_works_as_expected_for_matrix"/>
    <testcase time="0" classname="euclidean_distance" name="euclidean_works_as_expected_for_matrix"/>
    <testcase time="0.00100000000000033" classname="euclidean_distance" name="euclidean_works_as_expected_for_matrix"/>
    <testcase time="0.000999999999999446" classname="euclidean_distance" name="euclidean_works_as_expected_for_matrix"/>
    <testcase time="0" classname="euclidean_distance" name="euclidean_works_as_expected_for_matrix"/>
    <testcase time="0.00100000000000033" classname="euclidean_distance" name="euclidean_works_as_expected_for_matrix"/>
    <testcase time="0.00100000000000033" classname="euclidean_distance" name="euclidean_works_as_expected_for_matrix"/>
    <testcase time="0" classname="euclidean_distance" name="euclidean_works_as_expected_for_matrix"/>
    <testcase time="0.000999999999999446" classname="euclidean_distance" name="euclidean_works_as_expected_for_matrix"/>
    <testcase time="0" classname="euclidean_distance" name="euclidean_works_as_expected_for_matrix"/>
    <testcase time="0.00100000000000033" classname="euclidean_distance" name="euclidean_works_as_expected_for_matrix"/>
    <testcase time="0.000999999999999446" classname="euclidean_distance" name="euclidean_works_as_expected_for_matrix"/>
    <testcase time="0" classname="euclidean_distance" name="euclidean_works_as_expected_for_matrix"/>
    <testcase time="0.00100000000000033" classname="euclidean_distance" name="euclidean_works_as_expected_for_matrix"/>
    <testcase time="0.00100000000000033" classname="euclidean_distance" name="euclidean_works_as_expected_for_matrix"/>
    <testcase time="0" classname="euclidean_distance" name="euclidean_works_as_expected_for_matrix"/>
    <testcase time="0.000999999999999446" classname="euclidean_distance" name="euclidean_works_as_expected_for_matrix"/>
  </testsuite>
  <testsuite name="cpow works" timestamp="2025-08-17T23:25:23Z" hostname="bf20baf7630c" tests="20" skipped="0" failures="0" errors="0" time="0.013">
    <testcase time="0.00200000000000067" classname="cpow_works" name="cpow_gives_correct_power_by_element_for_power_0.5"/>
    <testcase time="0" classname="cpow_works" name="cpow_gives_correct_power_by_element_for_power_0.5"/>
    <testcase time="0.000999999999999446" classname="cpow_works" name="cpow_gives_correct_power_by_element_for_power_0.5"/>
    <testcase time="0" classname="cpow_works" name="cpow_gives_correct_power_by_element_for_power_0.5"/>
    <testcase time="0.00100000000000033" classname="cpow_works" name="cpow_gives_correct_power_by_element_for_power_0.5"/>
    <testcase time="0.000999999999999446" classname="cpow_works" name="cpow_gives_correct_power_by_element_for_power_0.5"/>
    <testcase time="0" classname="cpow_works" name="cpow_gives_correct_power_by_element_for_power_0.5"/>
    <testcase time="0.00100000000000033" classname="cpow_works" name="cpow_gives_correct_power_by_element_for_power_0.5"/>
    <testcase time="0" classname="cpow_works" name="cpow_gives_correct_power_by_element_for_power_0.5"/>
    <testcase time="0.00100000000000033" classname="cpow_works" name="cpow_gives_correct_power_by_element_for_power_0.5"/>
    <testcase time="0.000999999999999446" classname="cpow_works" name="cpow_gives_correct_power_by_element_for_power_2"/>
    <testcase time="0" classname="cpow_works" name="cpow_gives_correct_power_by_element_for_power_2"/>
    <testcase time="0.00100000000000033" classname="cpow_works" name="cpow_gives_correct_power_by_element_for_power_2"/>
    <testcase time="0.00100000000000033" classname="cpow_works" name="cpow_gives_correct_power_by_element_for_power_2"/>
    <testcase time="0" classname="cpow_works" name="cpow_gives_correct_power_by_element_for_power_2"/>
    <testcase time="0.000999999999999446" classname="cpow_works" name="cpow_gives_correct_power_by_element_for_power_2"/>
    <testcase time="0" classname="cpow_works" name="cpow_gives_correct_power_by_element_for_power_2"/>
    <testcase time="0.00100000000000033" classname="cpow_works" name="cpow_gives_correct_power_by_element_for_power_2"/>
    <testcase time="0.000999999999999446" classname="cpow_works" name="cpow_gives_correct_power_by_element_for_power_2"/>
    <testcase time="0" classname="cpow_works" name="cpow_gives_correct_power_by_element_for_power_2"/>
  </testsuite>
  <testsuite name="pseudoInverseSqrt works" timestamp="2025-08-17T23:25:23Z" hostname="bf20baf7630c" tests="22" skipped="0" failures="0" errors="0" time="0.04">
    <testcase time="0.0270000000000001" classname="pseudoInverseSqrt_works" name="pseudoInverseSqrt_gives_correct_result"/>
    <testcase time="0.00100000000000033" classname="pseudoInverseSqrt_works" name="pseudoInverseSqrt_gives_correct_result"/>
    <testcase time="0.00100000000000033" classname="pseudoInverseSqrt_works" name="pseudoInverseSqrt_gives_correct_result"/>
    <testcase time="0" classname="pseudoInverseSqrt_works" name="pseudoInverseSqrt_gives_correct_result"/>
    <testcase time="0.000999999999999446" classname="pseudoInverseSqrt_works" name="pseudoInverseSqrt_gives_correct_result"/>
    <testcase time="0" classname="pseudoInverseSqrt_works" name="pseudoInverseSqrt_gives_correct_result"/>
    <testcase time="0.00100000000000033" classname="pseudoInverseSqrt_works" name="pseudoInverseSqrt_gives_correct_result"/>
    <testcase time="0" classname="pseudoInverseSqrt_works" name="pseudoInverseSqrt_gives_correct_result"/>
    <testcase time="0.000999999999999446" classname="pseudoInverseSqrt_works" name="pseudoInverseSqrt_gives_correct_result"/>
    <testcase time="0.00100000000000033" classname="pseudoInverseSqrt_works" name="pseudoInverseSqrt_gives_correct_result"/>
    <testcase time="0" classname="pseudoInverseSqrt_works" name="pseudoInverseSqrt_gives_correct_result"/>
    <testcase time="0.00100000000000033" classname="pseudoInverseSqrt_works" name="pseudoInverseSqrt_gives_correct_result_for_rank_deficient_matrix"/>
    <testcase time="0.000999999999999446" classname="pseudoInverseSqrt_works" name="pseudoInverseSqrt_gives_correct_result_for_rank_deficient_matrix"/>
    <testcase time="0" classname="pseudoInverseSqrt_works" name="pseudoInverseSqrt_gives_correct_result_for_rank_deficient_matrix"/>
    <testcase time="0.00100000000000033" classname="pseudoInverseSqrt_works" name="pseudoInverseSqrt_gives_correct_result_for_rank_deficient_matrix"/>
    <testcase time="0" classname="pseudoInverseSqrt_works" name="pseudoInverseSqrt_gives_correct_result_for_rank_deficient_matrix"/>
    <testcase time="0.00100000000000033" classname="pseudoInverseSqrt_works" name="pseudoInverseSqrt_gives_correct_result_for_rank_deficient_matrix"/>
    <testcase time="0.000999999999999446" classname="pseudoInverseSqrt_works" name="pseudoInverseSqrt_gives_correct_result_for_rank_deficient_matrix"/>
    <testcase time="0" classname="pseudoInverseSqrt_works" name="pseudoInverseSqrt_gives_correct_result_for_rank_deficient_matrix"/>
    <testcase time="0.00100000000000033" classname="pseudoInverseSqrt_works" name="pseudoInverseSqrt_gives_correct_result_for_rank_deficient_matrix"/>
    <testcase time="0" classname="pseudoInverseSqrt_works" name="pseudoInverseSqrt_gives_correct_result_for_rank_deficient_matrix"/>
    <testcase time="0.000999999999999446" classname="pseudoInverseSqrt_works" name="pseudoInverseSqrt_gives_correct_result_for_rank_deficient_matrix"/>
  </testsuite>
  <testsuite name="Rcpp and eigen conversion" timestamp="2025-08-17T23:25:23Z" hostname="bf20baf7630c" tests="28" skipped="0" failures="0" errors="0" time="0.017">
    <testcase time="0.00200000000000067" classname="Rcpp_and_eigen_conversion" name="conversions_do_not_change_values"/>
    <testcase time="0" classname="Rcpp_and_eigen_conversion" name="conversions_do_not_change_values"/>
    <testcase time="0.000999999999999446" classname="Rcpp_and_eigen_conversion" name="conversions_do_not_change_values"/>
    <testcase time="0" classname="Rcpp_and_eigen_conversion" name="conversions_do_not_change_values"/>
    <testcase time="0.00100000000000033" classname="Rcpp_and_eigen_conversion" name="conversions_do_not_change_values"/>
    <testcase time="0.00100000000000033" classname="Rcpp_and_eigen_conversion" name="conversions_do_not_change_values"/>
    <testcase time="0" classname="Rcpp_and_eigen_conversion" name="conversions_do_not_change_values"/>
    <testcase time="0.000999999999999446" classname="Rcpp_and_eigen_conversion" name="conversions_do_not_change_values"/>
    <testcase time="0" classname="Rcpp_and_eigen_conversion" name="conversions_do_not_change_values"/>
    <testcase time="0.00100000000000033" classname="Rcpp_and_eigen_conversion" name="conversions_do_not_change_values"/>
    <testcase time="0" classname="Rcpp_and_eigen_conversion" name="conversions_do_not_change_values"/>
    <testcase time="0.000999999999999446" classname="Rcpp_and_eigen_conversion" name="conversions_do_not_change_values"/>
    <testcase time="0" classname="Rcpp_and_eigen_conversion" name="conversions_do_not_change_values"/>
    <testcase time="0.00100000000000033" classname="Rcpp_and_eigen_conversion" name="conversions_do_not_change_values"/>
    <testcase time="0" classname="Rcpp_and_eigen_conversion" name="conversions_do_not_change_values"/>
    <testcase time="0.00100000000000033" classname="Rcpp_and_eigen_conversion" name="conversions_do_not_change_values"/>
    <testcase time="0.000999999999999446" classname="Rcpp_and_eigen_conversion" name="conversions_do_not_change_values"/>
    <testcase time="0" classname="Rcpp_and_eigen_conversion" name="conversions_do_not_change_values"/>
    <testcase time="0.00100000000000033" classname="Rcpp_and_eigen_conversion" name="conversions_do_not_change_values"/>
    <testcase time="0" classname="Rcpp_and_eigen_conversion" name="conversions_do_not_change_values"/>
    <testcase time="0.00100000000000033" classname="Rcpp_and_eigen_conversion" name="conversions_do_not_change_values"/>
    <testcase time="0.000999999999999446" classname="Rcpp_and_eigen_conversion" name="conversions_do_not_change_values"/>
    <testcase time="0" classname="Rcpp_and_eigen_conversion" name="conversions_do_not_change_values"/>
    <testcase time="0.00100000000000033" classname="Rcpp_and_eigen_conversion" name="conversions_do_not_change_values"/>
    <testcase time="0" classname="Rcpp_and_eigen_conversion" name="conversions_do_not_change_values"/>
    <testcase time="0.000999999999999446" classname="Rcpp_and_eigen_conversion" name="conversions_do_not_change_values"/>
    <testcase time="0.00100000000000033" classname="Rcpp_and_eigen_conversion" name="conversions_do_not_change_values"/>
    <testcase time="0" classname="Rcpp_and_eigen_conversion" name="conversions_do_not_change_values"/>
  </testsuite>
  <testsuite name="segment works for Rcpp Vector" timestamp="2025-08-17T23:25:23Z" hostname="bf20baf7630c" tests="2" skipped="0" failures="0" errors="0" time="0.002">
    <testcase time="0.00199999999999978" classname="segment_works_for_Rcpp_Vector" name="segment_have_correct_values"/>
    <testcase time="0" classname="segment_works_for_Rcpp_Vector" name="segment_have_correct_values"/>
  </testsuite>
  <testsuite name="emmeans" timestamp="2025-08-17T23:25:23Z" hostname="bf20baf7630c" tests="37" skipped="1" failures="5" errors="2" time="1.047">
    <testcase time="0.0390000000000006" classname="emmeans" name="emmeans_emits_a_message_about_mmrm_registration_on_load"/>
    <testcase time="0.0139999999999993" classname="emmeans" name="recover_data_method_works_as_expected"/>
    <testcase time="0.00100000000000033" classname="emmeans" name="recover_data_method_works_as_expected"/>
    <testcase time="0.0129999999999999" classname="emmeans" name="recover_data_method_works_as_expected_for_rank_deficient_model"/>
    <testcase time="0.00400000000000045" classname="emmeans" name="recover_data_method_works_as_expected_for_rank_deficient_model">
      <failure type="failure" message="Names of `result` ('RACE', 'SEX', 'SEX2', 'ARMCD', 'AVISIT', 'FEV1') don't match 'RACE', 'SEX', 'SEX2', 'ARMCD', 'AVISIT' ('test-emmeans.R:34:3')">Names of `result` ('RACE', 'SEX', 'SEX2', 'ARMCD', 'AVISIT', 'FEV1') don't match 'RACE', 'SEX', 'SEX2', 'ARMCD', 'AVISIT'</failure>
    </testcase>
    <testcase time="0.0389999999999997" classname="emmeans" name="emm_basis_method_works_as_expected"/>
    <testcase time="0.00100000000000033" classname="emmeans" name="emm_basis_method_works_as_expected"/>
    <testcase time="0.0329999999999995" classname="emmeans" name="emm_basis_method_works_also_for_rank_deficient_fit"/>
    <testcase time="0.00100000000000033" classname="emmeans" name="emm_basis_method_works_also_for_rank_deficient_fit"/>
    <testcase time="0.0339999999999998" classname="emmeans" name="emmeans_works_as_expected"/>
    <testcase time="0.00199999999999978" classname="emmeans" name="emmeans_works_as_expected"/>
    <testcase time="0.00499999999999989" classname="emmeans" name="emmeans_works_as_expected">
      <error type="error" message="Error in `h_test_1d(object, contrast, df)`: Assertion on 'df' failed: May not be NA. ('test-emmeans.R:91:3')">Error in `h_test_1d(object, contrast, df)`: Assertion on 'df' failed: May not be NA.
Backtrace:
     x
  1. +-base::as.data.frame(result) at test-emmeans.R:91:3
  2. \-emmeans:::as.data.frame.emmGrid(result)
  3.   \-emmeans:::summary.emmGrid(x, ...)
  4.     \-emmeans:::.est.se.df(object, ...)
  5.       +-base::t(...)
  6.       \-base::apply(...)
  7.         \-emmeans (local) FUN(newX[, i], ...)
  8.           \-object@dffun(x, object@dfargs)
  9.             \-mmrm::df_md(dfargs$object, contrast = k)
 10.               \-mmrm:::h_df_md_sat(object, contrast)
 11.                 \-mmrm:::h_df_md_from_1d(object, contrast)
 12.                   \-mmrm:::h_df_1d_sat(object, contrast)
 13.                     \-mmrm:::h_test_1d(object, contrast, df)
 14.                       \-checkmate::assert_number(df, lower = .Machine$double.xmin)
 15.                         \-checkmate::makeAssertion(x, res, .var.name, add)
 16.                           \-checkmate:::mstop(...)</error>
    </testcase>
    <testcase time="0.111000000000001" classname="emmeans" name="emmeans_works_for_spatial_covariance"/>
    <testcase time="0.0209999999999999" classname="emmeans" name="emmeans_works_for_spatial_covariance"/>
    <testcase time="0.00999999999999979" classname="emmeans" name="emmeans_works_for_spatial_covariance">
      <skipped message="Reason: On CRAN ('test-emmeans.R:100:3')"/>
    </testcase>
    <testcase time="0.0839999999999996" classname="emmeans" name="emmeans_works_as_expected_for_transformed_variables"/>
    <testcase time="0.00100000000000033" classname="emmeans" name="emmeans_works_as_expected_for_transformed_variables"/>
    <testcase time="0.00600000000000023" classname="emmeans" name="emmeans_works_as_expected_for_transformed_variables"/>
    <testcase time="0.0609999999999999" classname="emmeans" name="emmeans_works_as_expected_for_transformed_variables_and_fixed_effect_is_not_visit"/>
    <testcase time="0.00199999999999978" classname="emmeans" name="emmeans_works_as_expected_for_transformed_variables_and_fixed_effect_is_not_visit"/>
    <testcase time="0.00800000000000001" classname="emmeans" name="emmeans_works_as_expected_for_transformed_variables_and_fixed_effect_is_not_visit"/>
    <testcase time="0.0289999999999999" classname="emmeans" name="emmeans_gives_values_close_to_what_is_expected"/>
    <testcase time="0.00499999999999989" classname="emmeans" name="emmeans_gives_values_close_to_what_is_expected">
      <error type="error" message="Error in `h_test_1d(object, contrast, df)`: Assertion on 'df' failed: May not be NA. ('test-emmeans.R:131:3')">Error in `h_test_1d(object, contrast, df)`: Assertion on 'df' failed: May not be NA.
Backtrace:
     x
  1. +-base::as.data.frame(result) at test-emmeans.R:131:3
  2. \-emmeans:::as.data.frame.emmGrid(result)
  3.   \-emmeans:::summary.emmGrid(x, ...)
  4.     \-emmeans:::.est.se.df(object, ...)
  5.       +-base::t(...)
  6.       \-base::apply(...)
  7.         \-emmeans (local) FUN(newX[, i], ...)
  8.           \-object@dffun(x, object@dfargs)
  9.             \-mmrm::df_md(dfargs$object, contrast = k)
 10.               \-mmrm:::h_df_md_sat(object, contrast)
 11.                 \-mmrm:::h_df_md_from_1d(object, contrast)
 12.                   \-mmrm:::h_df_1d_sat(object, contrast)
 13.                     \-mmrm:::h_test_1d(object, contrast, df)
 14.                       \-checkmate::assert_number(df, lower = .Machine$double.xmin)
 15.                         \-checkmate::makeAssertion(x, res, .var.name, add)
 16.                           \-checkmate:::mstop(...)</error>
    </testcase>
    <testcase time="0.0979999999999999" classname="emmeans" name="emmeans_works_as_expected_also_for_rank_deficient_fit_when_singular_coefficients_are_not_involved"/>
    <testcase time="0.00100000000000033" classname="emmeans" name="emmeans_works_as_expected_also_for_rank_deficient_fit_when_singular_coefficients_are_not_involved"/>
    <testcase time="0.0199999999999996" classname="emmeans" name="emmeans_works_as_expected_also_for_rank_deficient_fit_when_singular_coefficients_are_not_involved">
      <failure type="failure" message="`result_emmeans` (`actual`) not equal to `expected_emmeans` (`expected`). ('test-emmeans.R:159:3')">`result_emmeans` (`actual`) not equal to `expected_emmeans` (`expected`).

  `actual`: 33.3319 37.1061 38.1714 41.9457 43.6740 47.4063 48.3858 51.4663
`expected`: 33.3000 37.1000 38.2000 41.9000 43.7000 46.8000 48.4000 52.8000</failure>
    </testcase>
    <testcase time="0.0490000000000004" classname="emmeans" name="emmeans_works_as_expected_also_for_rank_deficient_fit_when_singular_coefficients_are_involved"/>
    <testcase time="0.000999999999999446" classname="emmeans" name="emmeans_works_as_expected_also_for_rank_deficient_fit_when_singular_coefficients_are_involved"/>
    <testcase time="0.0390000000000006" classname="emmeans" name="emmeans_works_as_expected_also_for_rank_deficient_fit_when_singular_coefficients_are_involved"/>
    <testcase time="0.00499999999999989" classname="emmeans" name="emmeans_works_as_expected_also_for_rank_deficient_fit_when_singular_coefficients_are_involved"/>
    <testcase time="0.093" classname="emmeans" name="emmeans_works_as_expected_also_for_weighted_model"/>
    <testcase time="0.000999999999999446" classname="emmeans" name="emmeans_works_as_expected_also_for_weighted_model"/>
    <testcase time="0.032" classname="emmeans" name="emmeans_works_as_expected_also_for_weighted_model">
      <failure type="failure" message="`result_emmeans_df` (`actual`) not equal to `expected_emmeans_df` (`expected`). ('test-emmeans.R:194:3')">`result_emmeans_df` (`actual`) not equal to `expected_emmeans_df` (`expected`).

actual vs expected
                  emmean        SE
- actual[1, ]   33.37450 0.7724544
+ expected[1, ] 33.37000 0.7720000
- actual[2, ]   36.77074 0.7761991
+ expected[2, ] 36.77000 0.7760000
- actual[3, ]   38.24127 0.6170951
+ expected[3, ] 38.24000 0.6170000
- actual[4, ]   41.63752 1.1533631
+ expected[4, ] 41.66000 0.5850000
- actual[5, ]   43.42206 0.4678151
+ expected[5, ] 43.42000 0.4680000
- actual[6, ]   46.84014 0.9418137
+ expected[6, ] 46.82000 0.5430000
- actual[7, ]   48.17004 1.1632708
+ expected[7, ] 48.17000 1.1630000
- actual[8, ]   51.56288 1.3622387
+ expected[8, ] 52.43000 1.2260000

    actual$emmean | expected$emmean    
[1] 33.3745       - 33.3700         [1]
[2] 36.7707       - 36.7700         [2]
[3] 38.2413       - 38.2400         [3]
[4] 41.6375       - 41.6600         [4]
[5] 43.4221       - 43.4200         [5]
[6] 46.8401       - 46.8200         [6]
[7] 48.1700       | 48.1700         [7]
[8] 51.5629       - 52.4300         [8]

  `actual$SE`: 0.7725 0.7762 0.6171 1.1534 0.4678 0.9418 1.1633 1.3622
`expected$SE`: 0.7720 0.7760 0.6170 0.5850 0.4680 0.5430 1.1630 1.2260</failure>
    </testcase>
    <testcase time="0.103000000000001" classname="emmeans" name="emmeans_gives_d.f._close_to_what_is_expected_for_weighted_model"/>
    <testcase time="0.000999999999999446" classname="emmeans" name="emmeans_gives_d.f._close_to_what_is_expected_for_weighted_model"/>
    <testcase time="0.0500000000000007" classname="emmeans" name="emmeans_gives_d.f._close_to_what_is_expected_for_weighted_model">
      <failure type="failure" message="`result_emmeans_df` (`actual`) not equal to `expected_emmeans_df` (`expected`). ('test-emmeans.R:216:3')">`result_emmeans_df` (`actual`) not equal to `expected_emmeans_df` (`expected`).

actual vs expected
                      df
- actual[1, ]   134.0500
+ expected[1, ] 134.0000
- actual[2, ]   132.5152
+ expected[2, ] 132.0000
- actual[3, ]   147.4246
+ expected[3, ] 147.0000
- actual[4, ]   162.2309
+ expected[4, ] 142.0000
- actual[5, ]   143.8610
+ expected[5, ] 144.0000
- actual[6, ]   177.8674
+ expected[6, ] 143.0000
- actual[7, ]   128.4392
+ expected[7, ] 128.0000
- actual[8, ]   184.7026
+ expected[8, ] 128.0000

  `actual$df`: 134.050 132.515 147.425 162.231 143.861 177.867 128.439 184.703
`expected$df`: 134.000 132.000 147.000 142.000 144.000 143.000 128.000 128.000</failure>
    </testcase>
    <testcase time="0.0299999999999994" classname="emmeans" name="emmeans_gives_d.f._close_to_what_is_expected_for_weighted_model">
      <failure type="failure" message="`result_contrasts_df` (`actual`) not equal to `expected_contrasts_df` (`expected`). ('test-emmeans.R:236:3')">`result_contrasts_df` (`actual`) not equal to `expected_contrasts_df` (`expected`).

actual vs expected
                       df
- actual[1, ]    133.2614
+ expected[1, ]  133.0000
- actual[2, ]    149.1170
+ expected[2, ]  148.0000
- actual[3, ]    138.9431
+ expected[3, ]  231.0000
- actual[4, ]    158.7089
+ expected[4, ]  158.0000
- actual[5, ]    222.8933
+ expected[5, ]  198.0000
- actual[6, ]    151.2948
+ expected[6, ]  157.0000
- actual[7, ]    217.5022
+ expected[7, ]  190.0000
- actual[8, ]    224.0237
+ expected[8, ]  223.0000
- actual[9, ]    149.1170
+ expected[9, ]  122.0000
- actual[10, ]   196.3134
+ expected[10, ] 196.0000
- actual[11, ]   194.2599
+ expected[11, ] 147.0000
- actual[12, ]   170.1934
+ expected[12, ] 170.0000
- actual[13, ]   222.2599
+ expected[13, ] 161.0000
- actual[14, ]   133.2614
+ expected[14, ] 142.0000
- actual[15, ]   151.4470
+ expected[15, ] 151.0000
- actual[16, ]   143.5176
+ expected[16, ] 257.0000
- actual[17, ]   157.0905
+ expected[17, ] 157.0000
- actual[18, ]   225.2383
+ expected[18, ] 251.0000
- actual[19, ]   176.9017
+ expected[19, ] 258.0000
- actual[20, ]   160.0453
+ expected[20, ] 135.0000
- actual[21, ]   174.1043
+ expected[21, ] 225.0000
- actual[22, ]   193.2551
+ expected[22, ] 168.0000
- actual[23, ]   142.8958
+ expected[23, ] 144.0000
- actual[24, ]   163.0596
+ expected[24, ] 160.0000
- actual[25, ]   153.9291
+ expected[25, ] 270.0000
- actual[26, ]   202.4778
+ expected[26, ] 264.0000
- actual[27, ]   172.5936
+ expected[27, ] 159.0000
- actual[28, ]   144.1728
+ expected[28, ] 129.0000

     actual$df | expected$df     
 [1] 133.261   - 133.000     [1] 
 [2] 149.117   - 148.000     [2] 
 [3] 138.943   - 231.000     [3] 
 [4] 158.709   - 158.000     [4] 
 [5] 222.893   - 198.000     [5] 
 [6] 151.295   - 157.000     [6] 
 [7] 217.502   - 190.000     [7] 
 [8] 224.024   - 223.000     [8] 
 [9] 149.117   - 122.000     [9] 
[10] 196.313   - 196.000     [10]
[11] 194.260   - 147.000     [11]
[12] 170.193   - 170.000     [12]
[13] 222.260   - 161.000     [13]
[14] 133.261   - 142.000     [14]
[15] 151.447   - 151.000     [15]
[16] 143.518   - 257.000     [16]
[17] 157.091   - 157.000     [17]
[18] 225.238   - 251.000     [18]
[19] 176.902   - 258.000     [19]
[20] 160.045   - 135.000     [20]
[21] 174.104   - 225.000     [21]
[22] 193.255   - 168.000     [22]
[23] 142.896   - 144.000     [23]
[24] 163.060   - 160.000     [24]
[25] 153.929   - 270.000     [25]
[26] 202.478   - 264.000     [26]
[27] 172.594   - 159.000     [27]
[28] 144.173   - 129.000     [28]</failure>
    </testcase>
  </testsuite>
  <testsuite name="empirical" timestamp="2025-08-17T23:25:24Z" hostname="bf20baf7630c" tests="51" skipped="3" failures="0" errors="0" time="2.104">
    <testcase time="0.024" classname="empirical" name="h_get_empirical_obtain_empirical_covariance">
      <skipped message="Reason: On CRAN ('test-empirical.R:6:3')"/>
    </testcase>
    <testcase time="0.0200000000000005" classname="empirical" name="h_get_empirical_obtain_jackknife_covariance">
      <skipped message="Reason: On CRAN ('test-empirical.R:12:3')"/>
    </testcase>
    <testcase time="0.0229999999999997" classname="empirical" name="h_get_empirical_obtain_jackknife_covariance">
      <skipped message="Reason: On CRAN ('test-empirical.R:18:3')"/>
    </testcase>
    <testcase time="0.0430000000000001" classname="empirical" name="empirical_covariance_are_the_same_with_SAS_result_for_ar1"/>
    <testcase time="0.00399999999999956" classname="empirical" name="empirical_covariance_are_the_same_with_SAS_result_for_ar1"/>
    <testcase time="0.0340000000000007" classname="empirical" name="empirical_covariance_are_the_same_with_SAS_result_for_ar1h"/>
    <testcase time="0.00399999999999956" classname="empirical" name="empirical_covariance_are_the_same_with_SAS_result_for_ar1h"/>
    <testcase time="0.0339999999999998" classname="empirical" name="empirical_covariance_are_the_same_with_SAS_result_for_cs"/>
    <testcase time="0.00400000000000045" classname="empirical" name="empirical_covariance_are_the_same_with_SAS_result_for_cs"/>
    <testcase time="0.0339999999999998" classname="empirical" name="empirical_covariance_are_the_same_with_SAS_result_for_csh"/>
    <testcase time="0.00400000000000045" classname="empirical" name="empirical_covariance_are_the_same_with_SAS_result_for_csh"/>
    <testcase time="0.0349999999999993" classname="empirical" name="empirical_covariance_are_the_same_with_SAS_result_for_toep"/>
    <testcase time="0.00400000000000045" classname="empirical" name="empirical_covariance_are_the_same_with_SAS_result_for_toep"/>
    <testcase time="0.0339999999999998" classname="empirical" name="empirical_covariance_are_the_same_with_SAS_result_for_toeph"/>
    <testcase time="0.00400000000000045" classname="empirical" name="empirical_covariance_are_the_same_with_SAS_result_for_toeph"/>
    <testcase time="0.04" classname="empirical" name="empirical_covariance_are_the_same_with_SAS_result_for_adh"/>
    <testcase time="0.00399999999999956" classname="empirical" name="empirical_covariance_are_the_same_with_SAS_result_for_adh"/>
    <testcase time="0.0350000000000001" classname="empirical" name="empirical_covariance_are_the_same_with_SAS_result_for_us"/>
    <testcase time="0.00399999999999956" classname="empirical" name="empirical_covariance_are_the_same_with_SAS_result_for_us"/>
    <testcase time="0.0470000000000006" classname="empirical" name="empirical_covariance_are_the_same_with_SAS_result_for_sp_exp"/>
    <testcase time="0.00399999999999956" classname="empirical" name="empirical_covariance_are_the_same_with_SAS_result_for_sp_exp"/>
    <testcase time="0.0410000000000004" classname="empirical" name="empirical_covariance_are_the_same_with_SAS_result_for_ar1"/>
    <testcase time="0.00399999999999956" classname="empirical" name="empirical_covariance_are_the_same_with_SAS_result_for_ar1"/>
    <testcase time="0.0430000000000001" classname="empirical" name="empirical_covariance_are_the_same_with_SAS_result_for_ar1h"/>
    <testcase time="0.00400000000000045" classname="empirical" name="empirical_covariance_are_the_same_with_SAS_result_for_ar1h"/>
    <testcase time="0.0419999999999998" classname="empirical" name="empirical_covariance_are_the_same_with_SAS_result_for_cs"/>
    <testcase time="0.00399999999999956" classname="empirical" name="empirical_covariance_are_the_same_with_SAS_result_for_cs"/>
    <testcase time="0.0460000000000003" classname="empirical" name="empirical_covariance_are_the_same_with_SAS_result_for_csh"/>
    <testcase time="0.00499999999999989" classname="empirical" name="empirical_covariance_are_the_same_with_SAS_result_for_csh"/>
    <testcase time="0.0419999999999998" classname="empirical" name="empirical_covariance_are_the_same_with_SAS_result_for_toep"/>
    <testcase time="0.00400000000000045" classname="empirical" name="empirical_covariance_are_the_same_with_SAS_result_for_toep"/>
    <testcase time="0.0430000000000001" classname="empirical" name="empirical_covariance_are_the_same_with_SAS_result_for_toeph"/>
    <testcase time="0.00499999999999989" classname="empirical" name="empirical_covariance_are_the_same_with_SAS_result_for_toeph"/>
    <testcase time="0.0430000000000001" classname="empirical" name="empirical_covariance_are_the_same_with_SAS_result_for_adh"/>
    <testcase time="0.00499999999999989" classname="empirical" name="empirical_covariance_are_the_same_with_SAS_result_for_adh"/>
    <testcase time="0.0439999999999996" classname="empirical" name="empirical_covariance_are_the_same_with_SAS_result_for_us"/>
    <testcase time="0.00400000000000045" classname="empirical" name="empirical_covariance_are_the_same_with_SAS_result_for_us"/>
    <testcase time="0.048" classname="empirical" name="empirical_covariance_are_the_same_with_SAS_result_for_sp_exp"/>
    <testcase time="0.00499999999999989" classname="empirical" name="empirical_covariance_are_the_same_with_SAS_result_for_sp_exp"/>
    <testcase time="0.0880000000000001" classname="empirical" name="Empirical_works_as_expected_for_ar1"/>
    <testcase time="0.0789999999999997" classname="empirical" name="Empirical_works_as_expected_for_ar1"/>
    <testcase time="0.11" classname="empirical" name="Empirical_works_as_expected_for_weighted_ar1"/>
    <testcase time="0.0869999999999997" classname="empirical" name="Empirical_works_as_expected_for_weighted_ar1"/>
    <testcase time="0.107" classname="empirical" name="Jackknife_works_as_expected_for_ar1"/>
    <testcase time="0.0709999999999997" classname="empirical" name="Jackknife_works_as_expected_for_ar1"/>
    <testcase time="0.11" classname="empirical" name="Jackknife_works_as_expected_for_weighted_ar1"/>
    <testcase time="0.215" classname="empirical" name="Jackknife_works_as_expected_for_weighted_ar1"/>
    <testcase time="0.111" classname="empirical" name="Bias_Reduced_works_as_expected_for_ar1"/>
    <testcase time="0.0659999999999998" classname="empirical" name="Bias_Reduced_works_as_expected_for_ar1"/>
    <testcase time="0.124000000000001" classname="empirical" name="Bias_Reduced_works_as_expected_for_weighted_ar1"/>
    <testcase time="0.0649999999999995" classname="empirical" name="Bias_Reduced_works_as_expected_for_weighted_ar1"/>
  </testsuite>
  <testsuite name="fit" timestamp="2025-08-17T23:25:26Z" hostname="bf20baf7630c" tests="173" skipped="3" failures="0" errors="1" time="2.697">
    <testcase time="0.0600000000000005" classname="fit" name="fit_single_optimizer_works_as_expected_with_defaults"/>
    <testcase time="0.00399999999999956" classname="fit" name="fit_single_optimizer_works_as_expected_with_defaults"/>
    <testcase time="0.00900000000000034" classname="fit" name="fit_single_optimizer_works_as_expected_with_defaults"/>
    <testcase time="0.00399999999999956" classname="fit" name="fit_single_optimizer_works_as_expected_with_defaults"/>
    <testcase time="0.00300000000000011" classname="fit" name="fit_single_optimizer_works_as_expected_with_defaults"/>
    <testcase time="0.0499999999999998" classname="fit" name="fit_single_optimizer_works_as_expected_with_nlminb_optimizer_but_no_starting_values"/>
    <testcase time="0.00200000000000067" classname="fit" name="fit_single_optimizer_works_as_expected_with_nlminb_optimizer_but_no_starting_values"/>
    <testcase time="0.00299999999999923" classname="fit" name="fit_single_optimizer_works_as_expected_with_nlminb_optimizer_but_no_starting_values"/>
    <testcase time="0.00300000000000011" classname="fit" name="fit_single_optimizer_works_as_expected_with_nlminb_optimizer_but_no_starting_values"/>
    <testcase time="0.00200000000000067" classname="fit" name="fit_single_optimizer_works_as_expected_with_nlminb_optimizer_but_no_starting_values"/>
    <testcase time="0.0459999999999994" classname="fit" name="fit_single_optimizer_works_as_expected_with_optimizer_inputted_but_no_starting_values"/>
    <testcase time="0.00199999999999978" classname="fit" name="fit_single_optimizer_works_as_expected_with_optimizer_inputted_but_no_starting_values"/>
    <testcase time="0.00300000000000011" classname="fit" name="fit_single_optimizer_works_as_expected_with_optimizer_inputted_but_no_starting_values"/>
    <testcase time="0.00300000000000011" classname="fit" name="fit_single_optimizer_works_as_expected_with_optimizer_inputted_but_no_starting_values"/>
    <testcase time="0.00199999999999978" classname="fit" name="fit_single_optimizer_works_as_expected_with_optimizer_inputted_but_no_starting_values"/>
    <testcase time="0.0530000000000008" classname="fit" name="fit_single_optimizer_works_as_expected_with_starting_values_and_optimizer_inputted"/>
    <testcase time="0.00199999999999978" classname="fit" name="fit_single_optimizer_works_as_expected_with_starting_values_and_optimizer_inputted"/>
    <testcase time="0.00300000000000011" classname="fit" name="fit_single_optimizer_works_as_expected_with_starting_values_and_optimizer_inputted"/>
    <testcase time="0.00300000000000011" classname="fit" name="fit_single_optimizer_works_as_expected_with_starting_values_and_optimizer_inputted"/>
    <testcase time="0.00199999999999978" classname="fit" name="fit_single_optimizer_works_as_expected_with_starting_values_and_optimizer_inputted"/>
    <testcase time="0.00899999999999945" classname="fit" name="fit_single_optimizer_gives_error_messages"/>
    <testcase time="0.00600000000000023" classname="fit" name="fit_single_optimizer_gives_error_messages"/>
    <testcase time="0.0190000000000001" classname="fit" name="fit_single_optimizer_is_stable_to_extreme_scaling_with_defaults"/>
    <testcase time="0.00300000000000011" classname="fit" name="fit_single_optimizer_is_stable_to_extreme_scaling_with_defaults"/>
    <testcase time="0.0289999999999999" classname="fit" name="fit_single_optimizer_catches_convergence_warning_as_expected"/>
    <testcase time="0.00100000000000033" classname="fit" name="fit_single_optimizer_catches_convergence_warning_as_expected"/>
    <testcase time="0.00299999999999923" classname="fit" name="fit_single_optimizer_catches_convergence_warning_as_expected"/>
    <testcase time="0.00100000000000033" classname="fit" name="fit_single_optimizer_catches_convergence_warning_as_expected"/>
    <testcase time="0.024" classname="fit" name="fit_single_optimizer_deals_correctly_with_unobserved_visits_message"/>
    <testcase time="0.00300000000000011" classname="fit" name="fit_single_optimizer_deals_correctly_with_unobserved_visits_message"/>
    <testcase time="0.00300000000000011" classname="fit" name="fit_single_optimizer_deals_correctly_with_unobserved_visits_message"/>
    <testcase time="0.00699999999999967" classname="fit" name="fit_single_optimizer_fails_if_formula_contains_._"/>
    <testcase time="0.0209999999999999" classname="fit" name="fit_single_optimizer_signals_non_convergence_but_does_not_fail_for_finite_values_error"/>
    <testcase time="0.00300000000000011" classname="fit" name="fit_single_optimizer_signals_non_convergence_but_does_not_fail_for_finite_values_error"/>
    <testcase time="0.00300000000000011" classname="fit" name="fit_single_optimizer_signals_non_convergence_but_does_not_fail_for_finite_values_error"/>
    <testcase time="0.0209999999999999" classname="fit" name="fit_single_optimizer_signals_non_convergence_but_does_not_fail_for_NA_NaN_Hessian_error"/>
    <testcase time="0.00300000000000011" classname="fit" name="fit_single_optimizer_signals_non_convergence_but_does_not_fail_for_NA_NaN_Hessian_error"/>
    <testcase time="0.00300000000000011" classname="fit" name="fit_single_optimizer_signals_non_convergence_but_does_not_fail_for_NA_NaN_Hessian_error"/>
    <testcase time="0.109" classname="fit" name="h_summarize_all_fits_works_as_expected"/>
    <testcase time="0.00600000000000023" classname="fit" name="h_summarize_all_fits_works_as_expected"/>
    <testcase time="0.00499999999999989" classname="fit" name="h_summarize_all_fits_works_when_some_list_elements_are_try_error_objects"/>
    <testcase time="0.00499999999999989" classname="fit" name="h_summarize_all_fits_works_when_some_list_elements_are_try_error_objects"/>
    <testcase time="0.0510000000000002" classname="fit" name="refit_multiple_optimizers_works_as_expected_with_default_arguments"/>
    <testcase time="0.000999999999999446" classname="fit" name="refit_multiple_optimizers_works_as_expected_with_default_arguments"/>
    <testcase time="0.00300000000000011" classname="fit" name="refit_multiple_optimizers_works_as_expected_with_default_arguments"/>
    <testcase time="0.00300000000000011" classname="fit" name="refit_multiple_optimizers_works_as_expected_with_default_arguments"/>
    <testcase time="0.00300000000000011" classname="fit" name="refit_multiple_optimizers_works_as_expected_with_default_arguments"/>
    <testcase time="0.00399999999999956" classname="fit" name="refit_multiple_optimizers_works_with_parallel_computations_and_selected_optimizers">
      <skipped message="Reason: On CRAN ('test-fit.R:263:3')"/>
    </testcase>
    <testcase time="0.0370000000000008" classname="fit" name="mmrm_works_as_expected_for_unstructured"/>
    <testcase time="0.000999999999999446" classname="fit" name="mmrm_works_as_expected_for_unstructured"/>
    <testcase time="0.00300000000000011" classname="fit" name="mmrm_works_as_expected_for_unstructured"/>
    <testcase time="0.000999999999999446" classname="fit" name="mmrm_works_as_expected_for_unstructured"/>
    <testcase time="0.00100000000000122" classname="fit" name="mmrm_works_as_expected_for_unstructured"/>
    <testcase time="0.00300000000000011" classname="fit" name="mmrm_works_as_expected_for_unstructured"/>
    <testcase time="0.048" classname="fit" name="mmrm_works_as_expected_for_antedependence"/>
    <testcase time="0.000999999999999446" classname="fit" name="mmrm_works_as_expected_for_antedependence"/>
    <testcase time="0.00300000000000011" classname="fit" name="mmrm_works_as_expected_for_antedependence"/>
    <testcase time="0.000999999999999446" classname="fit" name="mmrm_works_as_expected_for_antedependence"/>
    <testcase time="0.000999999999999446" classname="fit" name="mmrm_works_as_expected_for_antedependence"/>
    <testcase time="0.00300000000000011" classname="fit" name="mmrm_works_as_expected_for_antedependence"/>
    <testcase time="0.048" classname="fit" name="mmrm_works_as_expected_for_toeplitz"/>
    <testcase time="0.00100000000000122" classname="fit" name="mmrm_works_as_expected_for_toeplitz"/>
    <testcase time="0.00300000000000011" classname="fit" name="mmrm_works_as_expected_for_toeplitz"/>
    <testcase time="0.000999999999999446" classname="fit" name="mmrm_works_as_expected_for_toeplitz"/>
    <testcase time="0.000999999999999446" classname="fit" name="mmrm_works_as_expected_for_toeplitz"/>
    <testcase time="0.00300000000000011" classname="fit" name="mmrm_works_as_expected_for_toeplitz"/>
    <testcase time="0.0259999999999998" classname="fit" name="mmrm_falls_back_to_other_optimizers_if_default_does_not_work"/>
    <testcase time="0.0380000000000003" classname="fit" name="mmrm_falls_back_to_other_optimizers_if_default_does_not_work"/>
    <testcase time="0.00300000000000011" classname="fit" name="mmrm_falls_back_to_other_optimizers_if_default_does_not_work"/>
    <testcase time="0.00300000000000011" classname="fit" name="mmrm_falls_back_to_other_optimizers_if_default_does_not_work"/>
    <testcase time="0.00399999999999956" classname="fit" name="mmrm_fails_if_no_optimizer_works">
      <skipped message="Reason: On CI ('test-fit.R:358:3')"/>
    </testcase>
    <testcase time="0.0380000000000003" classname="fit" name="mmrm_works_for_rank_deficient_original_design_matrix_by_default"/>
    <testcase time="0.00200000000000067" classname="fit" name="mmrm_works_for_rank_deficient_original_design_matrix_by_default"/>
    <testcase time="0.00499999999999901" classname="fit" name="mmrm_works_for_rank_deficient_original_design_matrix_by_default"/>
    <testcase time="0.0490000000000013" classname="fit" name="mmrm_works_if_data_is_not_provided_as_argument"/>
    <testcase time="0.00199999999999889" classname="fit" name="mmrm_works_if_data_is_not_provided_as_argument"/>
    <testcase time="0.011000000000001" classname="fit" name="mmrm_works_if_formula_contains_variables_not_in_data">
      <error type="error" message="Error in `h_mmrm_tmb_data(formula_parts, data, weights, reml, singular = if (control$accept_singular) &quot;drop&quot; else &quot;error&quot;,  ('test-fit.R:397:3')">Error in `h_mmrm_tmb_data(formula_parts, data, weights, reml, singular = if (control$accept_singular) "drop" else "error", 
    drop_visit_levels = control$drop_visit_levels, allow_na_response = FALSE)`: Assertion on 'names(data)' failed: Names must include the elements {'AVISIT','USUBJID','RACE','SEX','ARMCD','y'}, but is missing elements {'y'}.
Backtrace:
     x
  1. +-testthat::expect_silent(...) at test-fit.R:397:3
  2. | \-testthat:::quasi_capture(enquo(object), NULL, evaluate_promise)
  3. |   +-testthat (local) .capture(...)
  4. |   | +-withr::with_output_sink(...)
  5. |   | | \-base::force(code)
  6. |   | +-base::withCallingHandlers(...)
  7. |   | \-base::withVisible(code)
  8. |   \-rlang::eval_bare(quo_get_expr(.quo), quo_get_env(.quo))
  9. \-mmrm::mmrm(...)
 10.   \-mmrm:::h_mmrm_tmb_data(...)
 11.     \-checkmate::assert_names(...)
 12.       \-checkmate::makeAssertion(x, res, .var.name, add)
 13.         \-checkmate:::mstop(...)</error>
    </testcase>
    <testcase time="0.0299999999999994" classname="fit" name="mmrm_works_for_specific_small_data_example"/>
    <testcase time="0.00300000000000011" classname="fit" name="mmrm_works_for_specific_small_data_example"/>
    <testcase time="0.0570000000000004" classname="fit" name="mmrm_works_for_custom_optimizer"/>
    <testcase time="0.0389999999999997" classname="fit" name="mmrm_works_for_constructed_control"/>
    <testcase time="0.0389999999999997" classname="fit" name="mmrm_works_for_start_NULL"/>
    <testcase time="0.0609999999999999" classname="fit" name="mmrm_returns_the_correct_best_fit"/>
    <testcase time="0.00300000000000011" classname="fit" name="mmrm_returns_the_correct_best_fit"/>
    <testcase time="0.122" classname="fit" name="divergent_optimizer_will_not_be_marked_as_success"/>
    <testcase time="0.0549999999999997" classname="fit" name="mmrm_will_use_the_provided_contrast"/>
    <testcase time="0.00500000000000078" classname="fit" name="mmrm_will_use_the_provided_contrast">
      <skipped message="Reason: On CRAN ('test-fit.R:490:3')"/>
    </testcase>
    <testcase time="0.0990000000000002" classname="fit" name="start_can_be_emp_start_or_std_start_and_they_work"/>
    <testcase time="0.0259999999999998" classname="fit" name="start_can_be_emp_start_or_std_start_and_they_work"/>
    <testcase time="0.0129999999999999" classname="fit" name="mmrm_fails_if_start_function_does_not_provide_correct_values"/>
    <testcase time="0.0109999999999992" classname="fit" name="mmrm_fails_if_start_function_does_not_provide_correct_values"/>
    <testcase time="0.0129999999999999" classname="fit" name="mmrm_fails_if_start_function_fails"/>
    <testcase time="0.0419999999999998" classname="fit" name="mmrm_works_for_transformed_response_using_emp_start"/>
    <testcase time="0.136000000000001" classname="fit" name="mmrm_works_for_transformed_response_using_emp_start"/>
    <testcase time="0.129" classname="fit" name="mmrm_works_for_character_covariate_using_emp_start"/>
    <testcase time="0.0679999999999996" classname="fit" name="mmrm_still_works_for_deprecated_automatic_optimizer"/>
    <testcase time="0.0280000000000005" classname="fit" name="mmrm_works_and_gives_message_for_data_with_unobserved_visit_levels"/>
    <testcase time="0.027000000000001" classname="fit" name="mmrm_works_and_gives_message_for_data_with_unobserved_visit_levels"/>
    <testcase time="0.00799999999999912" classname="fit" name="mmrm_fails_when_using_..._and_control_at_the_same_time"/>
    <testcase time="0.00999999999999979" classname="fit" name="mmrm_fails_when_using_formula_covariance_with_covariance_argument"/>
    <testcase time="0.0289999999999999" classname="fit" name="mmrm_works_when_using_formula_directly_in_covariance"/>
    <testcase time="0.0289999999999999" classname="fit" name="mmrm_works_for_different_na.actions"/>
    <testcase time="0.00100000000000122" classname="fit" name="mmrm_works_for_different_na.actions"/>
    <testcase time="0.0299999999999994" classname="fit" name="mmrm_works_for_different_na.actions"/>
    <testcase time="0.000999999999999446" classname="fit" name="mmrm_works_for_different_na.actions"/>
    <testcase time="0.0289999999999999" classname="fit" name="mmrm_works_for_different_na.actions"/>
    <testcase time="0.00200000000000067" classname="fit" name="mmrm_works_for_different_na.actions"/>
    <testcase time="0.0289999999999999" classname="fit" name="mmrm_works_for_different_na.actions"/>
    <testcase time="0.000999999999999446" classname="fit" name="mmrm_works_for_different_na.actions"/>
    <testcase time="0.032" classname="fit" name="mmrm_still_works_for_a_model_that_only_contains_an_interaction_term"/>
    <testcase time="0.0120000000000005" classname="fit" name="mmrm_fails_if_formula_contains_._"/>
    <testcase time="0.0410000000000004" classname="fit" name="mmrm_can_proceed_to_second_optimizer_if_first_one_has_divergence_error"/>
    <testcase time="0.00300000000000011" classname="fit" name="mmrm_can_proceed_to_second_optimizer_if_first_one_has_divergence_error"/>
    <testcase time="0.0409999999999986" classname="fit" name="mmrm_behaves_correctly_when_some_of_alternative_optimizers_have_divergence_errors"/>
    <testcase time="0.00300000000000011" classname="fit" name="mmrm_behaves_correctly_when_some_of_alternative_optimizers_have_divergence_errors"/>
    <testcase time="0.0250000000000004" classname="fit" name="mmrm_works_as_expected_when_the_only_provided_optimizer_fails_with_divergence_error"/>
    <testcase time="0.0280000000000005" classname="fit" name="mmrm_works_for_vcov_Asymptotic_and_method_Sattherthwaite"/>
    <testcase time="0.000999999999999446" classname="fit" name="mmrm_works_for_vcov_Asymptotic_and_method_Sattherthwaite"/>
    <testcase time="0.00300000000000011" classname="fit" name="mmrm_works_for_vcov_Asymptotic_and_method_Sattherthwaite"/>
    <testcase time="0.00100000000000122" classname="fit" name="mmrm_works_for_vcov_Asymptotic_and_method_Sattherthwaite"/>
    <testcase time="0.00299999999999834" classname="fit" name="mmrm_works_for_vcov_Asymptotic_and_method_Sattherthwaite"/>
    <testcase time="0.00200000000000067" classname="fit" name="mmrm_works_for_vcov_Asymptotic_and_method_Sattherthwaite"/>
    <testcase time="0.027000000000001" classname="fit" name="mmrm_works_for_vcov_Asymptotic_and_method_Between_Within"/>
    <testcase time="0.000999999999999446" classname="fit" name="mmrm_works_for_vcov_Asymptotic_and_method_Between_Within"/>
    <testcase time="0.00300000000000011" classname="fit" name="mmrm_works_for_vcov_Asymptotic_and_method_Between_Within"/>
    <testcase time="0.000999999999999446" classname="fit" name="mmrm_works_for_vcov_Asymptotic_and_method_Between_Within"/>
    <testcase time="0.00300000000000011" classname="fit" name="mmrm_works_for_vcov_Asymptotic_and_method_Between_Within"/>
    <testcase time="0.0129999999999999" classname="fit" name="mmrm_fails_for_vcov_Kenward_Roger_and_method_Sattherthwaite"/>
    <testcase time="0.0080000000000009" classname="fit" name="mmrm_fails_for_vcov_Kenward_Roger_Linear_and_method_Sattherthwaite"/>
    <testcase time="0.0309999999999988" classname="fit" name="mmrm_works_for_vcov_Empirical_and_method_Residual"/>
    <testcase time="0.00200000000000067" classname="fit" name="mmrm_works_for_vcov_Empirical_and_method_Residual"/>
    <testcase time="0.00300000000000011" classname="fit" name="mmrm_works_for_vcov_Empirical_and_method_Residual"/>
    <testcase time="0.000999999999999446" classname="fit" name="mmrm_works_for_vcov_Empirical_and_method_Residual"/>
    <testcase time="0.00300000000000011" classname="fit" name="mmrm_works_for_vcov_Empirical_and_method_Residual"/>
    <testcase time="0.00200000000000067" classname="fit" name="mmrm_works_for_vcov_Empirical_and_method_Residual"/>
    <testcase time="0.0299999999999994" classname="fit" name="mmrm_works_for_vcov_Jackknife_and_method_Residual"/>
    <testcase time="0.000999999999999446" classname="fit" name="mmrm_works_for_vcov_Jackknife_and_method_Residual"/>
    <testcase time="0.00300000000000011" classname="fit" name="mmrm_works_for_vcov_Jackknife_and_method_Residual"/>
    <testcase time="0.000999999999999446" classname="fit" name="mmrm_works_for_vcov_Jackknife_and_method_Residual"/>
    <testcase time="0.00300000000000011" classname="fit" name="mmrm_works_for_vcov_Jackknife_and_method_Residual"/>
    <testcase time="0.00199999999999889" classname="fit" name="mmrm_works_for_vcov_Jackknife_and_method_Residual"/>
    <testcase time="0.0310000000000006" classname="fit" name="mmrm_works_for_vcov_Empirical_and_method_Satterthwaite"/>
    <testcase time="0.00200000000000067" classname="fit" name="mmrm_works_for_vcov_Empirical_and_method_Satterthwaite"/>
    <testcase time="0.00300000000000011" classname="fit" name="mmrm_works_for_vcov_Empirical_and_method_Satterthwaite"/>
    <testcase time="0.00199999999999889" classname="fit" name="mmrm_works_for_vcov_Empirical_and_method_Satterthwaite"/>
    <testcase time="0.00300000000000011" classname="fit" name="mmrm_works_for_vcov_Empirical_and_method_Satterthwaite"/>
    <testcase time="0.00100000000000122" classname="fit" name="mmrm_works_for_vcov_Empirical_and_method_Satterthwaite"/>
    <testcase time="0.00299999999999834" classname="fit" name="mmrm_works_for_vcov_Empirical_and_method_Satterthwaite"/>
    <testcase time="0.0309999999999988" classname="fit" name="mmrm_works_for_vcov_Jackknife_and_method_Satterthwaite"/>
    <testcase time="0.00200000000000067" classname="fit" name="mmrm_works_for_vcov_Jackknife_and_method_Satterthwaite"/>
    <testcase time="0.00300000000000011" classname="fit" name="mmrm_works_for_vcov_Jackknife_and_method_Satterthwaite"/>
    <testcase time="0.00200000000000067" classname="fit" name="mmrm_works_for_vcov_Jackknife_and_method_Satterthwaite"/>
    <testcase time="0.00699999999999967" classname="fit" name="mmrm_works_for_vcov_Jackknife_and_method_Satterthwaite"/>
    <testcase time="0.000999999999999446" classname="fit" name="mmrm_works_for_vcov_Jackknife_and_method_Satterthwaite"/>
    <testcase time="0.00300000000000011" classname="fit" name="mmrm_works_for_vcov_Jackknife_and_method_Satterthwaite"/>
    <testcase time="0.00900000000000034" classname="fit" name="mmrm_fails_for_vcov_Asymptotic_and_method_Kenward_Roger"/>
    <testcase time="0.0299999999999994" classname="fit" name="mmrm_works_for_vcov_Kenward_Roger_and_method_Kenward_Roger"/>
    <testcase time="0.00100000000000122" classname="fit" name="mmrm_works_for_vcov_Kenward_Roger_and_method_Kenward_Roger"/>
    <testcase time="0.00300000000000011" classname="fit" name="mmrm_works_for_vcov_Kenward_Roger_and_method_Kenward_Roger"/>
    <testcase time="0.000999999999999446" classname="fit" name="mmrm_works_for_vcov_Kenward_Roger_and_method_Kenward_Roger"/>
    <testcase time="0.00300000000000011" classname="fit" name="mmrm_works_for_vcov_Kenward_Roger_and_method_Kenward_Roger"/>
    <testcase time="0.00200000000000067" classname="fit" name="mmrm_works_for_vcov_Kenward_Roger_and_method_Kenward_Roger"/>
    <testcase time="0.00199999999999889" classname="fit" name="mmrm_works_for_vcov_Kenward_Roger_and_method_Kenward_Roger"/>
    <testcase time="0.0289999999999999" classname="fit" name="mmrm_works_for_vcov_Kenward_Roger_Linear_and_method_Kenward_Roger"/>
    <testcase time="0.00200000000000067" classname="fit" name="mmrm_works_for_vcov_Kenward_Roger_Linear_and_method_Kenward_Roger"/>
    <testcase time="0.00300000000000011" classname="fit" name="mmrm_works_for_vcov_Kenward_Roger_Linear_and_method_Kenward_Roger"/>
    <testcase time="0.00200000000000067" classname="fit" name="mmrm_works_for_vcov_Kenward_Roger_Linear_and_method_Kenward_Roger"/>
    <testcase time="0.00299999999999834" classname="fit" name="mmrm_works_for_vcov_Kenward_Roger_Linear_and_method_Kenward_Roger"/>
    <testcase time="0.00100000000000122" classname="fit" name="mmrm_works_for_vcov_Kenward_Roger_Linear_and_method_Kenward_Roger"/>
    <testcase time="0.00199999999999889" classname="fit" name="mmrm_works_for_vcov_Kenward_Roger_Linear_and_method_Kenward_Roger"/>
    <testcase time="0.00900000000000034" classname="fit" name="mmrm_fails_for_vcov_Empirical_and_method_Kenward_Roger"/>
    <testcase time="0.00900000000000034" classname="fit" name="mmrm_fails_for_vcov_Jackknife_and_method_Kenward_Roger"/>
    <testcase time="0.032" classname="fit" name="mmrm_gives_warning_if_not_reproducible_TMB_option_is_used"/>
  </testsuite>
  <testsuite name="interop-parsnip" timestamp="2025-08-17T23:25:29Z" hostname="bf20baf7630c" tests="16" skipped="0" failures="0" errors="0" time="0.693">
    <testcase time="0.383000000000001" classname="interop_parsnip" name="parsnip_works_with_a_formula_for_the_covariance_specification_outside_of_fit_"/>
    <testcase time="0.000999999999999446" classname="interop_parsnip" name="parsnip_works_with_a_formula_for_the_covariance_specification_outside_of_fit_"/>
    <testcase time="0.0519999999999996" classname="interop_parsnip" name="parsnip_works_with_a_as.cov_struct_for_the_covariance_specification_outside_of_fit_"/>
    <testcase time="0.000999999999999446" classname="interop_parsnip" name="parsnip_works_with_a_as.cov_struct_for_the_covariance_specification_outside_of_fit_"/>
    <testcase time="0.0490000000000013" classname="interop_parsnip" name="parsnip_works_with_the_covariance_structure_in_the_formula_in_fit_"/>
    <testcase time="0.000999999999999446" classname="interop_parsnip" name="parsnip_works_with_the_covariance_structure_in_the_formula_in_fit_"/>
    <testcase time="0.0589999999999993" classname="interop_parsnip" name="parsnip_works_with_predict"/>
    <testcase time="0.00100000000000122" classname="interop_parsnip" name="parsnip_works_with_predict"/>
    <testcase time="0.000999999999999446" classname="interop_parsnip" name="parsnip_works_with_predict"/>
    <testcase time="0.0809999999999995" classname="interop_parsnip" name="parsnip_allows_to_pass_additional_arguments_to_predict_with_type_raw_via_opts_"/>
    <testcase time="0.00100000000000122" classname="interop_parsnip" name="parsnip_allows_to_pass_additional_arguments_to_predict_with_type_raw_via_opts_"/>
    <testcase time="0.000999999999999446" classname="interop_parsnip" name="parsnip_allows_to_pass_additional_arguments_to_predict_with_type_raw_via_opts_"/>
    <testcase time="0.00300000000000011" classname="interop_parsnip" name="parsnip_allows_to_pass_additional_arguments_to_predict_with_type_raw_via_opts_"/>
    <testcase time="0.0570000000000004" classname="interop_parsnip" name="parsnip_works_with_augment_and_using_new_data_"/>
    <testcase time="0.000999999999999446" classname="interop_parsnip" name="parsnip_works_with_augment_and_using_new_data_"/>
    <testcase time="0.000999999999999446" classname="interop_parsnip" name="parsnip_works_with_augment_and_using_new_data_"/>
  </testsuite>
  <testsuite name="interop" timestamp="2025-08-17T23:25:29Z" hostname="bf20baf7630c" tests="6" skipped="0" failures="0" errors="0" time="0.05">
    <testcase time="0.016" classname="interop" name="check_package_version_warns_when_version_is_not_compatible"/>
    <testcase time="0.0140000000000011" classname="interop" name="check_package_version_warns_when_version_is_not_compatible"/>
    <testcase time="0.00499999999999901" classname="interop" name="check_package_version_warns_when_version_is_not_compatible"/>
    <testcase time="0.00500000000000078" classname="interop" name="register_on_load_sets_an_onLoad_hook_when_package_is_not_yet_loaded"/>
    <testcase time="0.00199999999999889" classname="interop" name="register_on_load_sets_an_onLoad_hook_when_package_is_not_yet_loaded"/>
    <testcase time="0.0080000000000009" classname="interop" name="check_package_version_rejects_numeric_version_input"/>
  </testsuite>
  <testsuite name="kenwardroger" timestamp="2025-08-17T23:25:29Z" hostname="bf20baf7630c" tests="63" skipped="25" failures="0" errors="0" time="1.956">
    <testcase time="0.048" classname="kenwardroger" name="h_get_kr_comp_works_as_expected_on_ar1_ungrouped_mmrm">
      <skipped message="Reason: On CRAN ('test-kenwardroger.R:9:3')"/>
    </testcase>
    <testcase time="0.0540000000000003" classname="kenwardroger" name="h_get_kr_comp_works_as_expected_on_ar1_grouped_mmrm">
      <skipped message="Reason: On CRAN ('test-kenwardroger.R:19:3')"/>
    </testcase>
    <testcase time="0.048" classname="kenwardroger" name="h_get_kr_comp_works_as_expected_on_ar1h_ungrouped_mmrm">
      <skipped message="Reason: On CRAN ('test-kenwardroger.R:29:3')"/>
    </testcase>
    <testcase time="0.0499999999999989" classname="kenwardroger" name="h_get_kr_comp_works_as_expected_on_ar1h_grouped_mmrm">
      <skipped message="Reason: On CRAN ('test-kenwardroger.R:39:3')"/>
    </testcase>
    <testcase time="0.0490000000000013" classname="kenwardroger" name="h_get_kr_comp_works_as_expected_on_cs_ungrouped_mmrm">
      <skipped message="Reason: On CRAN ('test-kenwardroger.R:49:3')"/>
    </testcase>
    <testcase time="0.0459999999999994" classname="kenwardroger" name="h_get_kr_comp_works_as_expected_on_cs_grouped_mmrm">
      <skipped message="Reason: On CRAN ('test-kenwardroger.R:59:3')"/>
    </testcase>
    <testcase time="0.0470000000000006" classname="kenwardroger" name="h_get_kr_comp_works_as_expected_on_csh_ungrouped_mmrm">
      <skipped message="Reason: On CRAN ('test-kenwardroger.R:69:3')"/>
    </testcase>
    <testcase time="0.0549999999999997" classname="kenwardroger" name="h_get_kr_comp_works_as_expected_on_csh_grouped_mmrm">
      <skipped message="Reason: On CRAN ('test-kenwardroger.R:79:3')"/>
    </testcase>
    <testcase time="0.0469999999999988" classname="kenwardroger" name="h_get_kr_comp_works_as_expected_on_toep_ungrouped_mmrm">
      <skipped message="Reason: On CRAN ('test-kenwardroger.R:89:3')"/>
    </testcase>
    <testcase time="0.048" classname="kenwardroger" name="h_get_kr_comp_works_as_expected_on_toep_grouped_mmrm">
      <skipped message="Reason: On CRAN ('test-kenwardroger.R:99:3')"/>
    </testcase>
    <testcase time="0.0550000000000015" classname="kenwardroger" name="h_get_kr_comp_works_as_expected_on_toeph_ungrouped_mmrm">
      <skipped message="Reason: On CRAN ('test-kenwardroger.R:109:3')"/>
    </testcase>
    <testcase time="0.052999999999999" classname="kenwardroger" name="h_get_kr_comp_works_as_expected_on_toeph_grouped_mmrm">
      <skipped message="Reason: On CRAN ('test-kenwardroger.R:119:3')"/>
    </testcase>
    <testcase time="0.0570000000000004" classname="kenwardroger" name="h_get_kr_comp_works_as_expected_on_us_ungrouped_mmrm">
      <skipped message="Reason: On CRAN ('test-kenwardroger.R:129:3')"/>
    </testcase>
    <testcase time="0.0689999999999991" classname="kenwardroger" name="h_get_kr_comp_works_as_expected_on_us_grouped_mmrm">
      <skipped message="Reason: On CRAN ('test-kenwardroger.R:139:3')"/>
    </testcase>
    <testcase time="0.0500000000000007" classname="kenwardroger" name="h_get_kr_comp_works_as_expected_on_adh_ungrouped_mmrm">
      <skipped message="Reason: On CRAN ('test-kenwardroger.R:149:3')"/>
    </testcase>
    <testcase time="0.0549999999999997" classname="kenwardroger" name="h_get_kr_comp_works_as_expected_on_adh_grouped_mmrm">
      <skipped message="Reason: On CRAN ('test-kenwardroger.R:159:3')"/>
    </testcase>
    <testcase time="0.0500000000000007" classname="kenwardroger" name="h_get_kr_comp_works_as_expected_on_ad_ungrouped_mmrm">
      <skipped message="Reason: On CRAN ('test-kenwardroger.R:169:3')"/>
    </testcase>
    <testcase time="0.0510000000000002" classname="kenwardroger" name="h_get_kr_comp_works_as_expected_on_ad_grouped_mmrm">
      <skipped message="Reason: On CRAN ('test-kenwardroger.R:179:3')"/>
    </testcase>
    <testcase time="0.0579999999999998" classname="kenwardroger" name="h_get_kr_comp_works_as_expected_on_spatial_mmrm">
      <skipped message="Reason: On CRAN ('test-kenwardroger.R:189:3')"/>
    </testcase>
    <testcase time="0.0649999999999995" classname="kenwardroger" name="h_get_kr_comp_works_as_expected_on_grouped_spatial_mmrm">
      <skipped message="Reason: On CRAN ('test-kenwardroger.R:199:3')"/>
    </testcase>
    <testcase time="0.0399999999999991" classname="kenwardroger" name="kr_give_similar_results_as_SAS_for_ar1"/>
    <testcase time="0.00400000000000134" classname="kenwardroger" name="kr_give_similar_results_as_SAS_for_ar1"/>
    <testcase time="0.032" classname="kenwardroger" name="kr_linear_give_similar_results_as_SAS_for_ar1"/>
    <testcase time="0.00300000000000011" classname="kenwardroger" name="kr_linear_give_similar_results_as_SAS_for_ar1"/>
    <testcase time="0.0359999999999996" classname="kenwardroger" name="kr_give_similar_results_as_SAS_for_ar1h"/>
    <testcase time="0.00399999999999956" classname="kenwardroger" name="kr_give_similar_results_as_SAS_for_ar1h"/>
    <testcase time="0.0400000000000009" classname="kenwardroger" name="kr_linear_give_similar_results_as_SAS_for_ar1h"/>
    <testcase time="0.00300000000000011" classname="kenwardroger" name="kr_linear_give_similar_results_as_SAS_for_ar1h"/>
    <testcase time="0.032" classname="kenwardroger" name="kr_give_similar_results_as_SAS_for_cs"/>
    <testcase time="0.00299999999999834" classname="kenwardroger" name="kr_give_similar_results_as_SAS_for_cs"/>
    <testcase time="0.032" classname="kenwardroger" name="kr_linear_give_similar_results_as_SAS_for_cs"/>
    <testcase time="0.00300000000000011" classname="kenwardroger" name="kr_linear_give_similar_results_as_SAS_for_cs"/>
    <testcase time="0.0360000000000014" classname="kenwardroger" name="kr_give_similar_results_as_SAS_for_csh"/>
    <testcase time="0.00300000000000011" classname="kenwardroger" name="kr_give_similar_results_as_SAS_for_csh"/>
    <testcase time="0.0409999999999986" classname="kenwardroger" name="kr_linear_give_similar_results_as_SAS_for_csh"/>
    <testcase time="0.00300000000000011" classname="kenwardroger" name="kr_linear_give_similar_results_as_SAS_for_csh"/>
    <testcase time="0.0400000000000009" classname="kenwardroger" name="kr_give_similar_results_as_SAS_for_adh"/>
    <testcase time="0.00300000000000011" classname="kenwardroger" name="kr_give_similar_results_as_SAS_for_adh"/>
    <testcase time="0.0399999999999991" classname="kenwardroger" name="kr_linear_give_similar_results_as_SAS_for_adh"/>
    <testcase time="0.00300000000000011" classname="kenwardroger" name="kr_linear_give_similar_results_as_SAS_for_adh"/>
    <testcase time="0.0350000000000001" classname="kenwardroger" name="kr_give_similar_results_as_SAS_for_toep"/>
    <testcase time="0.00300000000000011" classname="kenwardroger" name="kr_give_similar_results_as_SAS_for_toep"/>
    <testcase time="0.0350000000000001" classname="kenwardroger" name="kr_linear_give_similar_results_as_SAS_for_toep"/>
    <testcase time="0.00799999999999912" classname="kenwardroger" name="kr_linear_give_similar_results_as_SAS_for_toep"/>
    <testcase time="0.0390000000000015" classname="kenwardroger" name="kr_give_similar_results_as_SAS_for_toeph"/>
    <testcase time="0.00399999999999956" classname="kenwardroger" name="kr_give_similar_results_as_SAS_for_toeph"/>
    <testcase time="0.0389999999999997" classname="kenwardroger" name="kr_linear_give_similar_results_as_SAS_for_toeph"/>
    <testcase time="0.00300000000000011" classname="kenwardroger" name="kr_linear_give_similar_results_as_SAS_for_toeph"/>
    <testcase time="0.0470000000000006" classname="kenwardroger" name="kr_give_similar_results_as_SAS_for_unstructured"/>
    <testcase time="0.00300000000000011" classname="kenwardroger" name="kr_give_similar_results_as_SAS_for_unstructured"/>
    <testcase time="0.0719999999999992" classname="kenwardroger" name="kr_linear_give_similar_results_as_SAS_for_unstructured"/>
    <testcase time="0.00500000000000078" classname="kenwardroger" name="kr_linear_give_similar_results_as_SAS_for_unstructured"/>
    <testcase time="0.0459999999999994" classname="kenwardroger" name="kr_give_similar_results_as_SAS_for_spatial_exponential"/>
    <testcase time="0.00399999999999956" classname="kenwardroger" name="kr_give_similar_results_as_SAS_for_spatial_exponential"/>
    <testcase time="0.0449999999999999" classname="kenwardroger" name="kr_linear_give_similar_results_as_SAS_for_spatial_exponential"/>
    <testcase time="0.00399999999999956" classname="kenwardroger" name="kr_linear_give_similar_results_as_SAS_for_spatial_exponential"/>
    <testcase time="0.0120000000000005" classname="kenwardroger" name="h_df_1d_kr_works_as_expected_in_the_standard_case">
      <skipped message="Reason: On CRAN ('test-kenwardroger.R:492:3')"/>
    </testcase>
    <testcase time="0.0190000000000001" classname="kenwardroger" name="h_df_md_kr_works_as_expected_in_the_standard_case">
      <skipped message="Reason: On CRAN ('test-kenwardroger.R:500:3')"/>
    </testcase>
    <testcase time="0.0190000000000001" classname="kenwardroger" name="h_kr_df_works_as_expected_in_the_standard_case">
      <skipped message="Reason: On CRAN ('test-kenwardroger.R:517:3')"/>
    </testcase>
    <testcase time="0.0220000000000002" classname="kenwardroger" name="h_var_adj_works_as_expected_in_the_standard_case_for_Kenward_Roger">
      <skipped message="Reason: On CRAN ('test-kenwardroger.R:532:3')"/>
    </testcase>
    <testcase time="0.016" classname="kenwardroger" name="h_var_adj_works_as_expected_in_the_standard_case_for_Kenward_Roger_Linear">
      <skipped message="Reason: On CRAN ('test-kenwardroger.R:544:3')"/>
    </testcase>
    <testcase time="0.0139999999999993" classname="kenwardroger" name="df_md_works_as_expected_for_Kenward_Roger"/>
    <testcase time="0.00600000000000023" classname="kenwardroger" name="df_md_works_as_expected_for_Kenward_Roger"/>
  </testsuite>
  <testsuite name="mmrm-methods" timestamp="2025-08-17T23:25:31Z" hostname="bf20baf7630c" tests="35" skipped="6" failures="0" errors="0" time="0.534">
    <testcase time="0.0170000000000012" classname="mmrm_methods" name="h_coef_table_works_as_expected"/>
    <testcase time="0.000999999999999446" classname="mmrm_methods" name="h_coef_table_works_as_expected"/>
    <testcase time="0.000999999999999446" classname="mmrm_methods" name="h_coef_table_works_as_expected"/>
    <testcase time="0.00100000000000122" classname="mmrm_methods" name="h_coef_table_works_as_expected"/>
    <testcase time="0.0109999999999992" classname="mmrm_methods" name="h_coef_table_works_as_expected"/>
    <testcase time="0.000999999999999446" classname="mmrm_methods" name="h_coef_table_works_as_expected"/>
    <testcase time="0.00300000000000011" classname="mmrm_methods" name="h_coef_table_works_as_expected"/>
    <testcase time="0.016" classname="mmrm_methods" name="summary_works_as_expected"/>
    <testcase time="0.00100000000000122" classname="mmrm_methods" name="summary_works_as_expected"/>
    <testcase time="0.00199999999999889" classname="mmrm_methods" name="summary_works_as_expected"/>
    <testcase time="0.0210000000000008" classname="mmrm_methods" name="h_print_call_works_as_expected"/>
    <testcase time="0.032" classname="mmrm_methods" name="h_print_call_works_as_expected_for_weighted_fits"/>
    <testcase time="0.0199999999999996" classname="mmrm_methods" name="h_print_cov_works_as_expected"/>
    <testcase time="0.0220000000000002" classname="mmrm_methods" name="h_print_cov_works_as_expected"/>
    <testcase time="0.00600000000000023" classname="mmrm_methods" name="h_print_aic_list_works_as_expected">
      <skipped message="Reason: On CRAN ('test-mmrm-methods.R:66:3')"/>
    </testcase>
    <testcase time="0.0220000000000002" classname="mmrm_methods" name="print.summary.mmrm_works_as_expected">
      <skipped message="Reason: On CRAN ('test-mmrm-methods.R:79:3')"/>
    </testcase>
    <testcase time="0.020999999999999" classname="mmrm_methods" name="print.summary.mmrm_works_as_expected_for_weighted_models">
      <skipped message="Reason: On CRAN ('test-mmrm-methods.R:85:3')"/>
    </testcase>
    <testcase time="0.0210000000000008" classname="mmrm_methods" name="print.summary.mmrm_works_as_expected_for_rank_deficient_fits">
      <skipped message="Reason: On CRAN ('test-mmrm-methods.R:91:3')"/>
    </testcase>
    <testcase time="0.0220000000000002" classname="mmrm_methods" name="print.summary.mmrm_works_as_expected_for_grouped_fits">
      <skipped message="Reason: On CRAN ('test-mmrm-methods.R:97:3')"/>
    </testcase>
    <testcase time="0.016" classname="mmrm_methods" name="print.summary.mmrm_works_as_expected_for_spatial_fits">
      <skipped message="Reason: On CRAN ('test-mmrm-methods.R:104:3')"/>
    </testcase>
    <testcase time="0.0199999999999996" classname="mmrm_methods" name="confint_works_for_different_significance_levels"/>
    <testcase time="0.00699999999999967" classname="mmrm_methods" name="confint_works_for_different_significance_levels"/>
    <testcase time="0.0080000000000009" classname="mmrm_methods" name="confint_works_for_different_significance_levels"/>
    <testcase time="0.0109999999999992" classname="mmrm_methods" name="confint_works_for_different_parm_input"/>
    <testcase time="0.00300000000000011" classname="mmrm_methods" name="confint_works_for_different_parm_input"/>
    <testcase time="0.0129999999999999" classname="mmrm_methods" name="confint_works_for_different_parm_input"/>
    <testcase time="0.00300000000000011" classname="mmrm_methods" name="confint_works_for_different_parm_input"/>
    <testcase time="0.00499999999999901" classname="mmrm_methods" name="confint_works_for_different_parm_input"/>
    <testcase time="0.00500000000000078" classname="mmrm_methods" name="confint_works_for_different_parm_input"/>
    <testcase time="0.0579999999999998" classname="mmrm_methods" name="confint_give_same_result_as_emmeans_if_no_interaction_term"/>
    <testcase time="0.00300000000000011" classname="mmrm_methods" name="confint_give_same_result_as_emmeans_if_no_interaction_term"/>
    <testcase time="0.0359999999999996" classname="mmrm_methods" name="confint_give_same_result_as_SAS_on_unstructured"/>
    <testcase time="0.0340000000000007" classname="mmrm_methods" name="confint_give_same_result_as_SAS_on_unstructured"/>
    <testcase time="0.0399999999999991" classname="mmrm_methods" name="confint_give_same_result_as_SAS_on_ar1"/>
    <testcase time="0.0310000000000006" classname="mmrm_methods" name="confint_give_same_result_as_SAS_on_ar1"/>
  </testsuite>
  <testsuite name="residual" timestamp="2025-08-17T23:25:32Z" hostname="bf20baf7630c" tests="13" skipped="0" failures="0" errors="0" time="0.042">
    <testcase time="0.0080000000000009" classname="residual" name="h_df_1d_res_works_as_expected"/>
    <testcase time="0.000999999999999446" classname="residual" name="h_df_1d_res_works_as_expected"/>
    <testcase time="0.00300000000000011" classname="residual" name="h_df_1d_res_works_as_expected"/>
    <testcase time="0.00399999999999956" classname="residual" name="h_df_1d_res_works_as_expected"/>
    <testcase time="0.00200000000000067" classname="residual" name="h_df_1d_res_works_as_expected"/>
    <testcase time="0.00399999999999956" classname="residual" name="h_df_1d_res_works_as_expected"/>
    <testcase time="0.00300000000000011" classname="residual" name="h_df_1d_res_works_as_expected"/>
    <testcase time="0.00499999999999901" classname="residual" name="h_df_md_res_works_as_expected"/>
    <testcase time="0.00100000000000122" classname="residual" name="h_df_md_res_works_as_expected"/>
    <testcase time="0.00300000000000011" classname="residual" name="h_df_md_res_works_as_expected"/>
    <testcase time="0.00199999999999889" classname="residual" name="h_df_md_res_works_as_expected"/>
    <testcase time="0.00400000000000134" classname="residual" name="h_df_md_res_works_as_expected"/>
    <testcase time="0.00199999999999889" classname="residual" name="h_df_md_res_works_as_expected"/>
  </testsuite>
  <testsuite name="satterthwaite" timestamp="2025-08-17T23:25:32Z" hostname="bf20baf7630c" tests="63" skipped="0" failures="0" errors="0" time="0.65">
    <testcase time="0.00900000000000034" classname="satterthwaite" name="h_jac_list_works_as_expected"/>
    <testcase time="0.000999999999999446" classname="satterthwaite" name="h_jac_list_works_as_expected"/>
    <testcase time="0.00400000000000134" classname="satterthwaite" name="h_jac_list_works_as_expected"/>
    <testcase time="0.00399999999999956" classname="satterthwaite" name="h_jac_list_works_as_expected"/>
    <testcase time="0.00399999999999956" classname="satterthwaite" name="h_quad_form_vec_works_as_expected"/>
    <testcase time="0.00300000000000011" classname="satterthwaite" name="h_quad_form_vec_works_as_expected"/>
    <testcase time="0.00500000000000078" classname="satterthwaite" name="h_quad_form_mat_works_as_expected_for_a_true_row_vector_as_mat"/>
    <testcase time="0.00199999999999889" classname="satterthwaite" name="h_quad_form_mat_works_as_expected_for_a_true_row_vector_as_mat"/>
    <testcase time="0.00500000000000078" classname="satterthwaite" name="h_quad_form_mat_works_as_expected_for_a_larger_mat"/>
    <testcase time="0.00699999999999967" classname="satterthwaite" name="h_quad_form_mat_works_as_expected_for_a_larger_mat"/>
    <testcase time="0.00600000000000023" classname="satterthwaite" name="h_gradient_works_as_expected"/>
    <testcase time="0.00300000000000011" classname="satterthwaite" name="h_gradient_works_as_expected"/>
    <testcase time="0.0309999999999988" classname="satterthwaite" name="h_df_1d_sat_empirical_works_as_expected_with_new_model_fit"/>
    <testcase time="0.00300000000000011" classname="satterthwaite" name="h_df_1d_sat_empirical_works_as_expected_with_new_model_fit"/>
    <testcase time="0.00300000000000011" classname="satterthwaite" name="h_df_1d_sat_empirical_works_as_expected_with_new_model_fit"/>
    <testcase time="0.048" classname="satterthwaite" name="h_df_1d_sat_empirical_works_as_expected_with_old_model_fit"/>
    <testcase time="0.00300000000000011" classname="satterthwaite" name="h_df_1d_sat_empirical_works_as_expected_with_old_model_fit"/>
    <testcase time="0.0470000000000006" classname="satterthwaite" name="h_df_1d_sat_empirical_fails_when_neither_empirical_g_mat_nor_empirical_df_mat_are_present"/>
    <testcase time="0.0410000000000004" classname="satterthwaite" name="h_df_1d_sat_works_as_expected"/>
    <testcase time="0.00199999999999889" classname="satterthwaite" name="h_df_1d_sat_works_as_expected"/>
    <testcase time="0.00500000000000078" classname="satterthwaite" name="h_df_1d_sat_works_as_expected"/>
    <testcase time="0.00499999999999901" classname="satterthwaite" name="h_df_1d_sat_works_as_expected"/>
    <testcase time="0.00400000000000134" classname="satterthwaite" name="h_df_1d_sat_works_as_expected"/>
    <testcase time="0.00399999999999956" classname="satterthwaite" name="h_df_1d_sat_works_as_expected"/>
    <testcase time="0.00300000000000011" classname="satterthwaite" name="h_df_1d_sat_works_as_expected"/>
    <testcase time="0.0589999999999993" classname="satterthwaite" name="h_df_1d_sat_works_as_expected_for_singular_fits"/>
    <testcase time="0.00200000000000067" classname="satterthwaite" name="h_df_1d_sat_works_as_expected_for_singular_fits"/>
    <testcase time="0.00300000000000011" classname="satterthwaite" name="h_df_1d_sat_works_as_expected_for_singular_fits"/>
    <testcase time="0.0619999999999994" classname="satterthwaite" name="h_df_1d_sat_works_as_expected_with_Empirical_covariance_matrix"/>
    <testcase time="0.00200000000000067" classname="satterthwaite" name="h_df_1d_sat_works_as_expected_with_Empirical_covariance_matrix"/>
    <testcase time="0.00499999999999901" classname="satterthwaite" name="h_df_1d_sat_works_as_expected_with_Empirical_covariance_matrix"/>
    <testcase time="0.00500000000000078" classname="satterthwaite" name="h_df_1d_sat_works_as_expected_with_Empirical_covariance_matrix"/>
    <testcase time="0.00399999999999956" classname="satterthwaite" name="h_df_1d_sat_works_as_expected_with_Empirical_covariance_matrix"/>
    <testcase time="0.00500000000000078" classname="satterthwaite" name="h_df_1d_sat_works_as_expected_with_Empirical_covariance_matrix"/>
    <testcase time="0.00300000000000011" classname="satterthwaite" name="h_df_1d_sat_works_as_expected_with_Empirical_covariance_matrix"/>
    <testcase time="0.00699999999999967" classname="satterthwaite" name="h_md_denom_df_works_as_expected_in_the_standard_case"/>
    <testcase time="0.00399999999999956" classname="satterthwaite" name="h_md_denom_df_works_as_expected_in_the_standard_case"/>
    <testcase time="0.00699999999999967" classname="satterthwaite" name="h_md_denom_df_works_as_expected_for_a_single_t_statistic"/>
    <testcase time="0.00399999999999956" classname="satterthwaite" name="h_md_denom_df_works_as_expected_for_a_single_t_statistic"/>
    <testcase time="0.00700000000000145" classname="satterthwaite" name="h_md_denom_df_works_as_expected_when_the_t_statistics_are_almost_identical"/>
    <testcase time="0.00999999999999979" classname="satterthwaite" name="h_md_denom_df_works_as_expected_when_the_t_statistics_are_almost_identical"/>
    <testcase time="0.00999999999999979" classname="satterthwaite" name="h_md_denom_df_works_as_expected_when_one_t_statistic_is_2_or_smaller"/>
    <testcase time="0.00399999999999956" classname="satterthwaite" name="h_md_denom_df_works_as_expected_when_one_t_statistic_is_2_or_smaller"/>
    <testcase time="0.00399999999999956" classname="satterthwaite" name="h_md_denom_df_works_as_expected_when_one_t_statistic_is_2_or_smaller"/>
    <testcase time="0.0380000000000003" classname="satterthwaite" name="h_df_md_from_1d_works_as_expected"/>
    <testcase time="0.00100000000000122" classname="satterthwaite" name="h_df_md_from_1d_works_as_expected"/>
    <testcase time="0.000999999999999446" classname="satterthwaite" name="h_df_md_from_1d_works_as_expected"/>
    <testcase time="0.00600000000000023" classname="satterthwaite" name="h_df_md_sat_works_as_expected"/>
    <testcase time="0.000999999999999446" classname="satterthwaite" name="h_df_md_sat_works_as_expected"/>
    <testcase time="0.00300000000000011" classname="satterthwaite" name="h_df_md_sat_works_as_expected"/>
    <testcase time="0.00300000000000011" classname="satterthwaite" name="h_df_md_sat_works_as_expected"/>
    <testcase time="0.00300000000000011" classname="satterthwaite" name="h_df_md_sat_works_as_expected"/>
    <testcase time="0.00300000000000011" classname="satterthwaite" name="h_df_md_sat_works_as_expected"/>
    <testcase time="0.00600000000000023" classname="satterthwaite" name="h_df_md_sat_works_as_expected_with_a_non_full_rank_contrast_matrix"/>
    <testcase time="0.00300000000000011" classname="satterthwaite" name="h_df_md_sat_works_as_expected_with_a_non_full_rank_contrast_matrix"/>
    <testcase time="0.00599999999999845" classname="satterthwaite" name="h_df_md_sat_works_as_expected_for_rank_deficient_model"/>
    <testcase time="0.00200000000000067" classname="satterthwaite" name="h_df_md_sat_works_as_expected_for_rank_deficient_model"/>
    <testcase time="0.00300000000000011" classname="satterthwaite" name="h_df_md_sat_works_as_expected_for_rank_deficient_model"/>
    <testcase time="0.0939999999999994" classname="satterthwaite" name="h_df_md_sat_works_as_expected_with_Empirical_covariance_matrix"/>
    <testcase time="0.00500000000000078" classname="satterthwaite" name="h_df_md_sat_works_as_expected_with_Empirical_covariance_matrix"/>
    <testcase time="0.00399999999999956" classname="satterthwaite" name="h_df_md_sat_works_as_expected_with_Empirical_covariance_matrix"/>
    <testcase time="0.00500000000000078" classname="satterthwaite" name="h_df_md_sat_works_as_expected_with_Empirical_covariance_matrix"/>
    <testcase time="0.00399999999999956" classname="satterthwaite" name="h_df_md_sat_works_as_expected_with_Empirical_covariance_matrix"/>
  </testsuite>
  <testsuite name="skipping" timestamp="2025-08-17T23:25:33Z" hostname="bf20baf7630c" tests="6" skipped="0" failures="0" errors="0" time="0.126">
    <testcase time="0.00999999999999979" classname="skipping" name="is_r_devel_works_as_expected"/>
    <testcase time="0.00600000000000023" classname="skipping" name="is_linux_works_as_expected"/>
    <testcase time="0.0389999999999997" classname="skipping" name="get_compiler_works_as_expected"/>
    <testcase time="0.0370000000000008" classname="skipping" name="is_using_clang_works_as_expected"/>
    <testcase time="0.0299999999999994" classname="skipping" name="is_using_clang_gives_the_same_information_as_R_compiled_by_in_recent_R_versions"/>
    <testcase time="0.00400000000000134" classname="skipping" name="is_r_devel_linux_clang_works_as_expected"/>
  </testsuite>
  <testsuite name="testing" timestamp="2025-08-17T23:25:33Z" hostname="bf20baf7630c" tests="16" skipped="2" failures="0" errors="0" time="0.102">
    <testcase time="0.00999999999999979" classname="testing" name="df_1d_uses_correct_function_on_Satterthwaite_method_fit"/>
    <testcase time="0.00699999999999967" classname="testing" name="df_1d_uses_correct_function_on_Kenward_Roger_method_fit"/>
    <testcase time="0.00799999999999912" classname="testing" name="df_1d_uses_correct_function_on_Between_Within_method_fit"/>
    <testcase time="0.0080000000000009" classname="testing" name="df_md_uses_correct_function_on_Satterthwaite_method_fit"/>
    <testcase time="0.0120000000000005" classname="testing" name="df_md_uses_correct_function_on_Kenward_Roger_method_fit"/>
    <testcase time="0.00799999999999912" classname="testing" name="df_md_uses_correct_function_on_Kenward_Roger_Linear_method_fit"/>
    <testcase time="0.00699999999999967" classname="testing" name="df_md_uses_correct_function_on_Between_Within_method_fit"/>
    <testcase time="0.00600000000000023" classname="testing" name="df_md_return_df_0_and_other_stat_all_NA_if_empty_matrix_provided"/>
    <testcase time="0.00500000000000078" classname="testing" name="h_test_1d_works_as_expected"/>
    <testcase time="0.000999999999999446" classname="testing" name="h_test_1d_works_as_expected"/>
    <testcase time="0.000999999999999446" classname="testing" name="h_test_1d_works_as_expected"/>
    <testcase time="0.0080000000000009" classname="testing" name="h_test_1d_works_as_expected">
      <skipped message="Reason: On CRAN ('test-testing.R:78:3')"/>
    </testcase>
    <testcase time="0.0129999999999999" classname="testing" name="h_test_md_works_as_expected"/>
    <testcase time="0.000999999999999446" classname="testing" name="h_test_md_works_as_expected"/>
    <testcase time="0.00200000000000067" classname="testing" name="h_test_md_works_as_expected"/>
    <testcase time="0.00499999999999901" classname="testing" name="h_test_md_works_as_expected">
      <skipped message="Reason: On CRAN ('test-testing.R:93:3')"/>
    </testcase>
  </testsuite>
  <testsuite name="tidiers" timestamp="2025-08-17T23:25:33Z" hostname="bf20baf7630c" tests="43" skipped="0" failures="0" errors="0" time="0.579">
    <testcase time="0.0350000000000001" classname="tidiers" name="glance_returns_expected_values_in_summary_in_tibble_form"/>
    <testcase time="0.00300000000000011" classname="tidiers" name="glance_returns_expected_values_in_summary_in_tibble_form"/>
    <testcase time="0.0180000000000007" classname="tidiers" name="tidy_returns_expected_values_in_summary_in_tibble_form"/>
    <testcase time="0.00300000000000011" classname="tidiers" name="tidy_returns_expected_values_in_summary_in_tibble_form"/>
    <testcase time="0.0289999999999999" classname="tidiers" name="tidy_conf.int"/>
    <testcase time="0.00200000000000067" classname="tidiers" name="tidy_conf.int"/>
    <testcase time="0.0319999999999983" classname="tidiers" name="tidy_conf.int_level"/>
    <testcase time="0.00300000000000011" classname="tidiers" name="tidy_conf.int_level"/>
    <testcase time="0.011000000000001" classname="tidiers" name="augment_returns_tibble_form_when_called_with_default_arguments"/>
    <testcase time="0.0109999999999992" classname="tidiers" name="augment_returns_prediction"/>
    <testcase time="0.016" classname="tidiers" name="augment_returns_prediction_with_confidence_interval"/>
    <testcase time="0.027000000000001" classname="tidiers" name="augment_returns_prediction_with_confidence_interval_with_level"/>
    <testcase time="0.113999999999999" classname="tidiers" name="augment_returns_prediction_with_prediction_interval"/>
    <testcase time="0.077" classname="tidiers" name="augment_returns_prediction_with_prediction_interval_with_level"/>
    <testcase time="0.0120000000000005" classname="tidiers" name="augment_returns_residuals_response"/>
    <testcase time="0.0129999999999999" classname="tidiers" name="augment_returns_residuals_pearson"/>
    <testcase time="0.0120000000000005" classname="tidiers" name="augment_returns_residuals_normalized"/>
    <testcase time="0.0179999999999989" classname="tidiers" name="h_tbl_confint_terms_works_as_expected"/>
    <testcase time="0.00100000000000122" classname="tidiers" name="h_tbl_confint_terms_works_as_expected"/>
    <testcase time="0.00199999999999889" classname="tidiers" name="h_tbl_confint_terms_works_as_expected"/>
    <testcase time="0.0310000000000006" classname="tidiers" name="h_tbl_confint_terms_works_for_model_with_only_intercept"/>
    <testcase time="0.000999999999999446" classname="tidiers" name="h_tbl_confint_terms_works_for_model_with_only_intercept"/>
    <testcase time="0.00100000000000122" classname="tidiers" name="h_tbl_confint_terms_works_for_model_with_only_intercept"/>
    <testcase time="0.00300000000000011" classname="tidiers" name="h_tbl_confint_terms_works_for_model_with_only_intercept"/>
    <testcase time="0.00899999999999856" classname="tidiers" name="h_newdata_add_pred_works_as_expected_when_se_fit_and_interval_requested"/>
    <testcase time="0.00200000000000067" classname="tidiers" name="h_newdata_add_pred_works_as_expected_when_se_fit_and_interval_requested"/>
    <testcase time="0.000999999999999446" classname="tidiers" name="h_newdata_add_pred_works_as_expected_when_se_fit_and_interval_requested"/>
    <testcase time="0.00200000000000067" classname="tidiers" name="h_newdata_add_pred_works_as_expected_when_se_fit_and_interval_requested"/>
    <testcase time="0.00200000000000067" classname="tidiers" name="h_newdata_add_pred_works_as_expected_when_se_fit_and_interval_requested"/>
    <testcase time="0.000999999999999446" classname="tidiers" name="h_newdata_add_pred_works_as_expected_when_se_fit_and_interval_requested"/>
    <testcase time="0.00200000000000067" classname="tidiers" name="h_newdata_add_pred_works_as_expected_when_se_fit_and_interval_requested"/>
    <testcase time="0.0119999999999987" classname="tidiers" name="h_newdata_add_pred_fails_when_se_fit_requested_with_interval_none"/>
    <testcase time="0.0120000000000005" classname="tidiers" name="h_newdata_add_pred_works_as_expected_when_interval_requested_but_not_se_fit"/>
    <testcase time="0.00200000000000067" classname="tidiers" name="h_newdata_add_pred_works_as_expected_when_interval_requested_but_not_se_fit"/>
    <testcase time="0.00199999999999889" classname="tidiers" name="h_newdata_add_pred_works_as_expected_when_interval_requested_but_not_se_fit"/>
    <testcase time="0.011000000000001" classname="tidiers" name="h_newdata_add_pred_works_when_only_fit_requested"/>
    <testcase time="0.000999999999999446" classname="tidiers" name="h_newdata_add_pred_works_when_only_fit_requested"/>
    <testcase time="0.00200000000000067" classname="tidiers" name="h_newdata_add_pred_works_when_only_fit_requested"/>
    <testcase time="0.00699999999999967" classname="tidiers" name="h_df_to_tibble_works_as_expected"/>
    <testcase time="0.00499999999999901" classname="tidiers" name="h_df_to_tibble_works_as_expected"/>
    <testcase time="0.0080000000000009" classname="tidiers" name="h_df_to_tibble_adds_a_.rownames_column_as_expected"/>
    <testcase time="0.00499999999999901" classname="tidiers" name="h_df_to_tibble_adds_a_.rownames_column_as_expected"/>
    <testcase time="0.0180000000000007" classname="tidiers" name="h_df_to_tibble_catches_errors_with_a_useful_message"/>
  </testsuite>
  <testsuite name="tmb-methods" timestamp="2025-08-17T23:25:33Z" hostname="bf20baf7630c" tests="257" skipped="7" failures="4" errors="2" time="7.596">
    <testcase time="0.0240000000000009" classname="tmb_methods" name="coef_works_as_expected"/>
    <testcase time="0.00599999999999845" classname="tmb_methods" name="coef_works_as_expected"/>
    <testcase time="0.00600000000000023" classname="tmb_methods" name="coef_works_as_expected_for_rank_deficient_model"/>
    <testcase time="0.00500000000000078" classname="tmb_methods" name="coef_works_as_expected_for_rank_deficient_model"/>
    <testcase time="0.00300000000000011" classname="tmb_methods" name="coef_works_as_expected_for_rank_deficient_model"/>
    <testcase time="0.00399999999999956" classname="tmb_methods" name="coef_works_as_expected_for_rank_deficient_model"/>
    <testcase time="0.00500000000000078" classname="tmb_methods" name="fitted_works_as_expected"/>
    <testcase time="0.000999999999999446" classname="tmb_methods" name="fitted_works_as_expected"/>
    <testcase time="0.00699999999999967" classname="tmb_methods" name="fitted_give_same_result_compared_to_nlme"/>
    <testcase time="0.0459999999999994" classname="tmb_methods" name="fitted_give_same_result_compared_to_nlme"/>
    <testcase time="0.0490000000000013" classname="tmb_methods" name="fitted_give_same_result_compared_to_nlme_if_the_order_is_changed"/>
    <testcase time="0.0120000000000005" classname="tmb_methods" name="h_get_prediction_works"/>
    <testcase time="0.00299999999999834" classname="tmb_methods" name="h_get_prediction_works"/>
    <testcase time="0.00900000000000034" classname="tmb_methods" name="h_get_prediction_works_for_partial_data"/>
    <testcase time="0.00300000000000011" classname="tmb_methods" name="h_get_prediction_works_for_partial_data"/>
    <testcase time="0.00300000000000011" classname="tmb_methods" name="h_get_prediction_works_for_partial_data"/>
    <testcase time="0.00200000000000067" classname="tmb_methods" name="h_get_prediction_works_for_partial_data"/>
    <testcase time="0.00699999999999967" classname="tmb_methods" name="predict_works_for_old_patient_new_visit"/>
    <testcase time="0.00399999999999956" classname="tmb_methods" name="predict_works_for_old_patient_new_visit"/>
    <testcase time="0.00399999999999956" classname="tmb_methods" name="predict_works_for_old_patient_new_visit"/>
    <testcase time="0.00700000000000145" classname="tmb_methods" name="predict_works_for_data_with_duplicated_id"/>
    <testcase time="0.00300000000000011" classname="tmb_methods" name="predict_works_for_data_with_duplicated_id"/>
    <testcase time="0.00699999999999967" classname="tmb_methods" name="predict_works_for_data_different_factor_levels"/>
    <testcase time="0.00399999999999956" classname="tmb_methods" name="predict_works_for_data_different_factor_levels">
      <skipped message="Reason: On CRAN ('test-tmb-methods.R:147:3')"/>
    </testcase>
    <testcase time="0.0220000000000002" classname="tmb_methods" name="predict_works_for_only_fit_values_without_response"/>
    <testcase time="0.00300000000000011" classname="tmb_methods" name="predict_works_for_only_fit_values_without_response"/>
    <testcase time="0.0109999999999992" classname="tmb_methods" name="predict_works_for_only_fit_values_with_response"/>
    <testcase time="0.00900000000000034" classname="tmb_methods" name="predict_works_for_only_fit_values_with_response"/>
    <testcase time="0.000999999999999446" classname="tmb_methods" name="predict_works_for_only_fit_values_with_response"/>
    <testcase time="0.0080000000000009" classname="tmb_methods" name="predict_works_for_unconditional_prediction_if_response_does_not_exist"/>
    <testcase time="0.00600000000000023" classname="tmb_methods" name="predict_works_for_unconditional_prediction_if_response_does_not_exist">
      <skipped message="Reason: On CRAN ('test-tmb-methods.R:184:3')"/>
    </testcase>
    <testcase time="0.0289999999999999" classname="tmb_methods" name="predict_returns_unconditional_prediction_intervals_also_if_response_does_not_exist"/>
    <testcase time="0.00199999999999889" classname="tmb_methods" name="predict_returns_unconditional_prediction_intervals_also_if_response_does_not_exist"/>
    <testcase time="0.0630000000000006" classname="tmb_methods" name="predict_warns_on_aliased_variables"/>
    <testcase time="0.0120000000000005" classname="tmb_methods" name="predict_will_return_on_correct_order"/>
    <testcase time="0.0190000000000001" classname="tmb_methods" name="predict_will_return_NA_if_data_contains_NA_in_covariates"/>
    <testcase time="0.00399999999999956" classname="tmb_methods" name="predict_will_return_NA_if_data_contains_NA_in_covariates"/>
    <testcase time="0.00799999999999912" classname="tmb_methods" name="predict_can_give_unconditional_predictions"/>
    <testcase time="0.00500000000000078" classname="tmb_methods" name="predict_can_give_unconditional_predictions"/>
    <testcase time="0.00999999999999979" classname="tmb_methods" name="predict_can_change_based_on_coefficients"/>
    <testcase time="0.00300000000000011" classname="tmb_methods" name="predict_can_change_based_on_coefficients"/>
    <testcase time="0.0440000000000005" classname="tmb_methods" name="predict_can_work_if_response_is_an_expression">
      <error type="error" message="Error in ``[.data.frame`(m, xvars)`: undefined columns selected ('test-tmb-methods.R:330:3')">Error in ``[.data.frame`(m, xvars)`: undefined columns selected
Backtrace:
     x
  1. +-testthat::expect_silent(p &lt;- predict(fit, newdata = fev_data)) at test-tmb-methods.R:330:3
  2. | \-testthat:::quasi_capture(enquo(object), NULL, evaluate_promise)
  3. |   +-testthat (local) .capture(...)
  4. |   | +-withr::with_output_sink(...)
  5. |   | | \-base::force(code)
  6. |   | +-base::withCallingHandlers(...)
  7. |   | \-base::withVisible(code)
  8. |   \-rlang::eval_bare(quo_get_expr(.quo), quo_get_env(.quo))
  9. +-stats::predict(fit, newdata = fev_data)
 10. \-mmrm:::predict.mmrm_tmb(fit, newdata = fev_data)
 11.   +-stats::model.matrix(object, data = newdata, use_response = FALSE)
 12.   \-mmrm:::model.matrix.mmrm_tmb(object, data = newdata, use_response = FALSE)
 13.     +-stats::model.matrix(...)
 14.     +-stats::model.matrix.default(...)
 15.     | +-stats::model.frame(object, data, xlev = xlev)
 16.     | \-stats::model.frame.default(object, data, xlev = xlev)
 17.     \-mmrm::component(object, "xlev")
 18.       +-base::sapply(...)
 19.       | \-base::lapply(X = X, FUN = FUN, ...)
 20.       \-stats::.getXlevels(terms(object), object$tmb_data$full_frame)
 21.         +-base::lapply(m[xvars], function(x) if (is.factor(x)) levels(x) else if (is.character(x)) levels(as.factor(x)))
 22.         +-m[xvars]
 23.         \-base::`[.data.frame`(m, xvars)</error>
    </testcase>
    <testcase time="0.0899999999999999" classname="tmb_methods" name="predict_works_if_contrast_provided">
      <skipped message="Reason: On CRAN ('test-tmb-methods.R:338:3')"/>
    </testcase>
    <testcase time="0.0579999999999998" classname="tmb_methods" name="predict_gives_same_result_with_sas_in_unstructured_satterthwaite_Kenward_Roger"/>
    <testcase time="0.00399999999999956" classname="tmb_methods" name="predict_gives_same_result_with_sas_in_unstructured_satterthwaite_Kenward_Roger"/>
    <testcase time="0.00500000000000078" classname="tmb_methods" name="predict_gives_same_result_with_sas_in_unstructured_satterthwaite_Kenward_Roger"/>
    <testcase time="0.00300000000000011" classname="tmb_methods" name="predict_gives_same_result_with_sas_in_unstructured_satterthwaite_Kenward_Roger"/>
    <testcase time="0.0350000000000001" classname="tmb_methods" name="predict_gives_same_result_with_sas_in_toep_satterthwaite"/>
    <testcase time="0.00300000000000011" classname="tmb_methods" name="predict_gives_same_result_with_sas_in_toep_satterthwaite"/>
    <testcase time="0.0349999999999984" classname="tmb_methods" name="predict_gives_same_result_with_sas_in_ar1_satterthwaite_kenward_roger"/>
    <testcase time="0.0080000000000009" classname="tmb_methods" name="predict_gives_same_result_with_sas_in_ar1_satterthwaite_kenward_roger"/>
    <testcase time="0.00600000000000023" classname="tmb_methods" name="predict_gives_same_result_with_sas_in_ar1_satterthwaite_kenward_roger"/>
    <testcase time="0.00399999999999956" classname="tmb_methods" name="predict_gives_same_result_with_sas_in_ar1_satterthwaite_kenward_roger"/>
    <testcase time="0.0350000000000001" classname="tmb_methods" name="predict_gives_same_result_with_sas_in_cs_satterthwaite_kenward_roger"/>
    <testcase time="0.00399999999999956" classname="tmb_methods" name="predict_gives_same_result_with_sas_in_cs_satterthwaite_kenward_roger"/>
    <testcase time="0.00400000000000134" classname="tmb_methods" name="predict_gives_same_result_with_sas_in_cs_satterthwaite_kenward_roger"/>
    <testcase time="0.00399999999999956" classname="tmb_methods" name="predict_gives_same_result_with_sas_in_cs_satterthwaite_kenward_roger"/>
    <testcase time="0.048" classname="tmb_methods" name="predict_gives_same_result_with_sas_in_sp_exp_satterthwaite_kenward_roger"/>
    <testcase time="0.00300000000000011" classname="tmb_methods" name="predict_gives_same_result_with_sas_in_sp_exp_satterthwaite_kenward_roger"/>
    <testcase time="0.00500000000000078" classname="tmb_methods" name="predict_gives_same_result_with_sas_in_sp_exp_satterthwaite_kenward_roger"/>
    <testcase time="0.00299999999999834" classname="tmb_methods" name="predict_gives_same_result_with_sas_in_sp_exp_satterthwaite_kenward_roger"/>
    <testcase time="0.00499999999999901" classname="tmb_methods" name="h_construct_model_frame_inputs_works_with_all_columns"/>
    <testcase time="0.011000000000001" classname="tmb_methods" name="h_construct_model_frame_inputs_works_with_all_columns">
      <failure type="failure" message="result$formula (`actual`) not equal to FEV1 ~ RACE + USUBJID + AVISIT (`expected`). ('test-tmb-methods.R:556:3')">result$formula (`actual`) not equal to FEV1 ~ RACE + USUBJID + AVISIT (`expected`).

`actual`:   `FEV1 ~ RACE + USUBJID + AVISIT + FEV1`
`expected`: `FEV1 ~ RACE + USUBJID + AVISIT`       </failure>
    </testcase>
    <testcase time="0.0220000000000002" classname="tmb_methods" name="h_construct_model_frame_inputs_works_with_response_var_selected"/>
    <testcase time="0.00999999999999979" classname="tmb_methods" name="h_construct_model_frame_inputs_works_with_response_var_selected">
      <failure type="failure" message="result$formula (`actual`) not equal to FEV1 ~ RACE (`expected`). ('test-tmb-methods.R:573:3')">result$formula (`actual`) not equal to FEV1 ~ RACE (`expected`).

`actual`:   `FEV1 ~ RACE + FEV1`
`expected`: `FEV1 ~ RACE`       </failure>
    </testcase>
    <testcase time="0.0139999999999993" classname="tmb_methods" name="h_construct_model_frame_inputs_works_with_include_NULL"/>
    <testcase time="0.00300000000000011" classname="tmb_methods" name="h_construct_model_frame_inputs_works_with_include_NULL"/>
    <testcase time="0.00699999999999967" classname="tmb_methods" name="model.frame_works_as_expected_with_defaults"/>
    <testcase time="0.00100000000000122" classname="tmb_methods" name="model.frame_works_as_expected_with_defaults"/>
    <testcase time="0.00199999999999889" classname="tmb_methods" name="model.frame_works_as_expected_with_defaults"/>
    <testcase time="0.00100000000000122" classname="tmb_methods" name="model.frame_works_as_expected_with_defaults"/>
    <testcase time="0.00599999999999845" classname="tmb_methods" name="model.frame_works_as_expected_with_includes"/>
    <testcase time="0.00200000000000067" classname="tmb_methods" name="model.frame_works_as_expected_with_includes"/>
    <testcase time="0.000999999999999446" classname="tmb_methods" name="model.frame_works_as_expected_with_includes"/>
    <testcase time="0.00100000000000122" classname="tmb_methods" name="model.frame_works_as_expected_with_includes"/>
    <testcase time="0.00600000000000023" classname="tmb_methods" name="model.frame_returns_full_model_frame_if_requested"/>
    <testcase time="0.000999999999999446" classname="tmb_methods" name="model.frame_returns_full_model_frame_if_requested"/>
    <testcase time="0.000999999999999446" classname="tmb_methods" name="model.frame_returns_full_model_frame_if_requested"/>
    <testcase time="0.00200000000000067" classname="tmb_methods" name="model.frame_returns_full_model_frame_if_requested"/>
    <testcase time="0.00600000000000023" classname="tmb_methods" name="model.frame_works_if_variable_transformed"/>
    <testcase time="0.000999999999999446" classname="tmb_methods" name="model.frame_works_if_variable_transformed"/>
    <testcase time="0.000999999999999446" classname="tmb_methods" name="model.frame_works_if_variable_transformed"/>
    <testcase time="0.00200000000000067" classname="tmb_methods" name="model.frame_works_if_variable_transformed"/>
    <testcase time="0.00699999999999967" classname="tmb_methods" name="model.frame_works_for_new_data"/>
    <testcase time="0.000999999999999446" classname="tmb_methods" name="model.frame_works_for_new_data"/>
    <testcase time="0.00100000000000122" classname="tmb_methods" name="model.frame_works_for_new_data"/>
    <testcase time="0.00199999999999889" classname="tmb_methods" name="model.frame_works_for_new_data"/>
    <testcase time="0.011000000000001" classname="tmb_methods" name="model.frame_works_if_input_x_does_not_contain_NA_y_contains_but_not_included"/>
    <testcase time="0.00999999999999979" classname="tmb_methods" name="model.frame_fails_if_y_contains_NA_and_is_included"/>
    <testcase time="0.00699999999999967" classname="tmb_methods" name="model.frame_makes_the_levels_match"/>
    <testcase time="0.00300000000000011" classname="tmb_methods" name="model.frame_makes_the_levels_match"/>
    <testcase time="0.00699999999999967" classname="tmb_methods" name="model.frame_ignores_subject_levels"/>
    <testcase time="0.00300000000000011" classname="tmb_methods" name="model.frame_ignores_subject_levels"/>
    <testcase time="0.00600000000000023" classname="tmb_methods" name="model.frame_include_all_specified_variables"/>
    <testcase time="0.00300000000000011" classname="tmb_methods" name="model.frame_include_all_specified_variables"/>
    <testcase time="0.00300000000000011" classname="tmb_methods" name="model.frame_include_all_specified_variables"/>
    <testcase time="0.00300000000000011" classname="tmb_methods" name="model.frame_include_all_specified_variables"/>
    <testcase time="0.00399999999999956" classname="tmb_methods" name="model.frame_include_all_specified_variables"/>
    <testcase time="0.00300000000000011" classname="tmb_methods" name="model.frame_include_all_specified_variables"/>
    <testcase time="0.00300000000000011" classname="tmb_methods" name="model.frame_include_all_specified_variables"/>
    <testcase time="0.00300000000000011" classname="tmb_methods" name="model.frame_include_all_specified_variables"/>
    <testcase time="0.0310000000000006" classname="tmb_methods" name="model.frame_with_character_reference_will_return_factors"/>
    <testcase time="0.00300000000000011" classname="tmb_methods" name="model.frame_with_character_reference_will_return_factors"/>
    <testcase time="0.00399999999999956" classname="tmb_methods" name="model.frame_with_character_reference_will_return_factors"/>
    <testcase time="0.00600000000000023" classname="tmb_methods" name="model.frame_with_character_reference_will_return_factors"/>
    <testcase time="0.00600000000000023" classname="tmb_methods" name="model.frame_includes_variables_as_expected">
      <skipped message="Reason: empty test ('test-tmb-methods.R:759:1')"/>
    </testcase>
    <testcase time="0.0199999999999996" classname="tmb_methods" name="model.matrix_works_as_expected_with_defaults"/>
    <testcase time="0.00100000000000122" classname="tmb_methods" name="model.matrix_works_as_expected_with_defaults"/>
    <testcase time="0.00300000000000011" classname="tmb_methods" name="model.matrix_works_as_expected_with_defaults"/>
    <testcase time="0.00499999999999901" classname="tmb_methods" name="model.matrix_works_if_variable_transformed"/>
    <testcase time="0.000999999999999446" classname="tmb_methods" name="model.matrix_works_if_variable_transformed"/>
    <testcase time="0.00300000000000011" classname="tmb_methods" name="model.matrix_works_if_variable_transformed"/>
    <testcase time="0.00700000000000145" classname="tmb_methods" name="model.matrix_works_for_new_data"/>
    <testcase time="0.000999999999999446" classname="tmb_methods" name="model.matrix_works_for_new_data"/>
    <testcase time="0.00300000000000011" classname="tmb_methods" name="model.matrix_works_for_new_data"/>
    <testcase time="0.00600000000000023" classname="tmb_methods" name="model.matrix_include_all_specified_variables"/>
    <testcase time="0.00300000000000011" classname="tmb_methods" name="model.matrix_include_all_specified_variables"/>
    <testcase time="0.00300000000000011" classname="tmb_methods" name="model.matrix_include_all_specified_variables"/>
    <testcase time="0.00399999999999956" classname="tmb_methods" name="model.matrix_include_all_specified_variables"/>
    <testcase time="0.00699999999999967" classname="tmb_methods" name="model.matrix_works_with_use_response"/>
    <testcase time="0.00300000000000011" classname="tmb_methods" name="model.matrix_works_with_use_response"/>
    <testcase time="0.00300000000000011" classname="tmb_methods" name="model.matrix_works_with_use_response"/>
    <testcase time="0.00500000000000078" classname="tmb_methods" name="model.matrix_works_with_use_response"/>
    <testcase time="0.00399999999999956" classname="tmb_methods" name="model.matrix_works_with_use_response"/>
    <testcase time="0.00300000000000011" classname="tmb_methods" name="model.matrix_works_with_use_response"/>
    <testcase time="0.927999999999999" classname="tmb_methods" name="model.matrix_works_with_broom.helpers">
      <failure type="failure" message="`broom.helpers::tidy_plus_plus(fit)` produced warnings. ('test-tmb-methods.R:831:3')">`broom.helpers::tidy_plus_plus(fit)` produced warnings.</failure>
    </testcase>
    <testcase time="0.0289999999999999" classname="tmb_methods" name="model.matrix_works_with_broom.helpers">
      <skipped message="Reason: On CRAN ('test-tmb-methods.R:832:3')"/>
    </testcase>
    <testcase time="0.0139999999999993" classname="tmb_methods" name="terms_works_as_expected_with_defaults"/>
    <testcase time="0.0110000000000028" classname="tmb_methods" name="terms_works_as_expected_with_defaults">
      <failure type="failure" message="`result` (`actual`) not equal to FEV1 ~ RACE (`expected`). ('test-tmb-methods.R:840:3')">`result` (`actual`) not equal to FEV1 ~ RACE (`expected`).

`actual`:   `FEV1 ~ RACE + FEV1`
`expected`: `FEV1 ~ RACE`       </failure>
    </testcase>
    <testcase time="0.0139999999999993" classname="tmb_methods" name="logLik_works_as_expected"/>
    <testcase time="0.00600000000000023" classname="tmb_methods" name="logLik_works_as_expected"/>
    <testcase time="0.0350000000000001" classname="tmb_methods" name="logLik_works_as_expected_with_ML_estimation"/>
    <testcase time="0.00799999999999912" classname="tmb_methods" name="logLik_works_as_expected_with_ML_estimation"/>
    <testcase time="0.00600000000000023" classname="tmb_methods" name="formula_works_as_expected"/>
    <testcase time="0.00300000000000011" classname="tmb_methods" name="formula_works_as_expected"/>
    <testcase time="0.00300000000000011" classname="tmb_methods" name="formula_works_as_expected"/>
    <testcase time="0.00600000000000023" classname="tmb_methods" name="vcov_works_as_expected"/>
    <testcase time="0.000999999999997669" classname="tmb_methods" name="vcov_works_as_expected"/>
    <testcase time="0.00200000000000244" classname="tmb_methods" name="vcov_works_as_expected"/>
    <testcase time="0.000999999999997669" classname="tmb_methods" name="vcov_works_as_expected"/>
    <testcase time="0.00500000000000256" classname="tmb_methods" name="vcov_works_as_expected_for_rank_deficient_model"/>
    <testcase time="0.00199999999999889" classname="tmb_methods" name="vcov_works_as_expected_for_rank_deficient_model"/>
    <testcase time="0.00100000000000122" classname="tmb_methods" name="vcov_works_as_expected_for_rank_deficient_model"/>
    <testcase time="0.00100000000000122" classname="tmb_methods" name="vcov_works_as_expected_for_rank_deficient_model"/>
    <testcase time="0.00199999999999889" classname="tmb_methods" name="vcov_works_as_expected_for_rank_deficient_model"/>
    <testcase time="0.00200000000000244" classname="tmb_methods" name="vcov_works_as_expected_for_rank_deficient_model"/>
    <testcase time="0.000999999999997669" classname="tmb_methods" name="vcov_works_as_expected_for_rank_deficient_model"/>
    <testcase time="0.00600000000000023" classname="tmb_methods" name="VarCorr_works_as_expected"/>
    <testcase time="0.00100000000000122" classname="tmb_methods" name="VarCorr_works_as_expected"/>
    <testcase time="0.00199999999999889" classname="tmb_methods" name="VarCorr_works_as_expected"/>
    <testcase time="0.00100000000000122" classname="tmb_methods" name="VarCorr_works_as_expected"/>
    <testcase time="0.00499999999999901" classname="tmb_methods" name="deviance_works_as_expected"/>
    <testcase time="0.00400000000000134" classname="tmb_methods" name="deviance_works_as_expected"/>
    <testcase time="0.00600000000000023" classname="tmb_methods" name="AIC_works_as_expected_with_defaults"/>
    <testcase time="0.00300000000000011" classname="tmb_methods" name="AIC_works_as_expected_with_defaults"/>
    <testcase time="0.00600000000000023" classname="tmb_methods" name="AIC_works_as_expected_with_different_k"/>
    <testcase time="0.0069999999999979" classname="tmb_methods" name="AIC_works_as_expected_with_different_k"/>
    <testcase time="0.00700000000000145" classname="tmb_methods" name="corrected_AIC_works_as_expected"/>
    <testcase time="0.00399999999999778" classname="tmb_methods" name="corrected_AIC_works_as_expected"/>
    <testcase time="0.00500000000000256" classname="tmb_methods" name="BIC_works_as_expected"/>
    <testcase time="0.00399999999999778" classname="tmb_methods" name="BIC_works_as_expected"/>
    <testcase time="0.00600000000000023" classname="tmb_methods" name="print.mmrm_tmb_works_as_expected">
      <skipped message="Reason: On CRAN ('test-tmb-methods.R:976:3')"/>
    </testcase>
    <testcase time="0.0150000000000006" classname="tmb_methods" name="print.mmrm_tmb_works_as_expected_for_rank_deficient_fits">
      <skipped message="Reason: On CRAN ('test-tmb-methods.R:983:3')"/>
    </testcase>
    <testcase time="0.0139999999999993" classname="tmb_methods" name="residuals_works_as_expected"/>
    <testcase time="0.00200000000000244" classname="tmb_methods" name="residuals_works_as_expected"/>
    <testcase time="0.00399999999999778" classname="tmb_methods" name="residuals_works_as_expected"/>
    <testcase time="0.00300000000000011" classname="tmb_methods" name="residuals_works_as_expected"/>
    <testcase time="0.00100000000000122" classname="tmb_methods" name="residuals_works_as_expected"/>
    <testcase time="0.00399999999999778" classname="tmb_methods" name="residuals_works_as_expected"/>
    <testcase time="0.00300000000000011" classname="tmb_methods" name="residuals_works_as_expected"/>
    <testcase time="0.00100000000000122" classname="tmb_methods" name="residuals_works_as_expected"/>
    <testcase time="0.00499999999999901" classname="tmb_methods" name="residuals_works_as_expected"/>
    <testcase time="0.00900000000000034" classname="tmb_methods" name="residuals_works_as_expected_with_grouped_covariance_structure"/>
    <testcase time="0.00300000000000011" classname="tmb_methods" name="residuals_works_as_expected_with_grouped_covariance_structure"/>
    <testcase time="0.00400000000000134" classname="tmb_methods" name="residuals_works_as_expected_with_grouped_covariance_structure"/>
    <testcase time="0.00300000000000011" classname="tmb_methods" name="residuals_works_as_expected_with_grouped_covariance_structure"/>
    <testcase time="0.00199999999999889" classname="tmb_methods" name="residuals_works_as_expected_with_grouped_covariance_structure"/>
    <testcase time="0.00400000000000134" classname="tmb_methods" name="residuals_works_as_expected_with_grouped_covariance_structure"/>
    <testcase time="0.00300000000000011" classname="tmb_methods" name="residuals_works_as_expected_with_grouped_covariance_structure"/>
    <testcase time="0.000999999999997669" classname="tmb_methods" name="residuals_works_as_expected_with_grouped_covariance_structure"/>
    <testcase time="0.00400000000000134" classname="tmb_methods" name="residuals_works_as_expected_with_grouped_covariance_structure"/>
    <testcase time="0.00600000000000023" classname="tmb_methods" name="residuals_works_as_expected_with_weighted_model_fit"/>
    <testcase time="0.00100000000000122" classname="tmb_methods" name="residuals_works_as_expected_with_weighted_model_fit"/>
    <testcase time="0.00399999999999778" classname="tmb_methods" name="residuals_works_as_expected_with_weighted_model_fit"/>
    <testcase time="0.00199999999999889" classname="tmb_methods" name="residuals_works_as_expected_with_weighted_model_fit"/>
    <testcase time="0.00199999999999889" classname="tmb_methods" name="residuals_works_as_expected_with_weighted_model_fit"/>
    <testcase time="0.00400000000000134" classname="tmb_methods" name="residuals_works_as_expected_with_weighted_model_fit"/>
    <testcase time="0.00300000000000011" classname="tmb_methods" name="residuals_works_as_expected_with_weighted_model_fit"/>
    <testcase time="0.00100000000000122" classname="tmb_methods" name="residuals_works_as_expected_with_weighted_model_fit"/>
    <testcase time="0.00399999999999778" classname="tmb_methods" name="residuals_works_as_expected_with_weighted_model_fit"/>
    <testcase time="0.00600000000000023" classname="tmb_methods" name="residuals_works_as_expected_with_a_model_using_spatial_covariance_structure"/>
    <testcase time="0.00200000000000244" classname="tmb_methods" name="residuals_works_as_expected_with_a_model_using_spatial_covariance_structure"/>
    <testcase time="0.00399999999999778" classname="tmb_methods" name="residuals_works_as_expected_with_a_model_using_spatial_covariance_structure"/>
    <testcase time="0.00400000000000134" classname="tmb_methods" name="residuals_works_as_expected_with_a_model_using_spatial_covariance_structure"/>
    <testcase time="0.00499999999999901" classname="tmb_methods" name="residuals_works_as_expected_with_a_model_using_spatial_covariance_structure"/>
    <testcase time="0.00499999999999901" classname="tmb_methods" name="pearson_residuals_helper_function_works_as_expected"/>
    <testcase time="0.00900000000000034" classname="tmb_methods" name="pearson_residuals_helper_function_works_as_expected"/>
    <testcase time="0.00700000000000145" classname="tmb_methods" name="normalized_residuals_helper_function_works_as_expected"/>
    <testcase time="0.00400000000000134" classname="tmb_methods" name="normalized_residuals_helper_function_works_as_expected"/>
    <testcase time="0.00499999999999901" classname="tmb_methods" name="response_residuals_helper_function_works_as_expected"/>
    <testcase time="0.00300000000000011" classname="tmb_methods" name="response_residuals_helper_function_works_as_expected"/>
    <testcase time="0.0459999999999994" classname="tmb_methods" name="simulate_works_if_the_model_reponse_is_an_expression">
      <error type="error" message="Error in ``[.data.frame`(m, xvars)`: undefined columns selected ('test-tmb-methods.R:1139:3')">Error in ``[.data.frame`(m, xvars)`: undefined columns selected
Backtrace:
     x
  1. +-stats::simulate(object, nsim = 2, method = "conditional") at test-tmb-methods.R:1139:3
  2. \-mmrm:::simulate.mmrm_tmb(object, nsim = 2, method = "conditional")
  3.   +-mmrm:::h_mmrm_tmb_data(...)
  4.   | +-base::eval(...)
  5.   | | \-base::eval(...)
  6.   | +-stats::model.frame(...)
  7.   | \-stats::model.frame.default(...)
  8.   \-mmrm::component(object, "xlev")
  9.     +-base::sapply(...)
 10.     | \-base::lapply(X = X, FUN = FUN, ...)
 11.     \-stats::.getXlevels(terms(object), object$tmb_data$full_frame)
 12.       +-base::lapply(m[xvars], function(x) if (is.factor(x)) levels(x) else if (is.character(x)) levels(as.factor(x)))
 13.       +-m[xvars]
 14.       \-base::`[.data.frame`(m, xvars)</error>
    </testcase>
    <testcase time="0.0330000000000013" classname="tmb_methods" name="simulate_with_conditional_method_returns_a_df_of_correct_dimension"/>
    <testcase time="0.0169999999999995" classname="tmb_methods" name="simulate_with_conditional_method_returns_a_df_of_correct_dimension"/>
    <testcase time="0.0189999999999984" classname="tmb_methods" name="simulate_with_marginal_method_returns_a_df_of_correct_dimension"/>
    <testcase time="0.0109999999999992" classname="tmb_methods" name="simulate_with_marginal_method_returns_a_df_of_correct_dimension"/>
    <testcase time="0.0840000000000032" classname="tmb_methods" name="simulate_with_conditional_method_results_are_correctly_centered"/>
    <testcase time="0.668999999999997" classname="tmb_methods" name="simulate_with_marginal_method_results_are_correctly_centered"/>
    <testcase time="0.0630000000000024" classname="tmb_methods" name="simulate_with_conditional_method_works_as_expected_for_weighted_models"/>
    <testcase time="0.445" classname="tmb_methods" name="simulate_with_marginal_method_works_as_expected_for_weighted_models"/>
    <testcase time="0.236999999999998" classname="tmb_methods" name="simulate_with_conditional_method_works_as_expected_for_grouped_fits"/>
    <testcase time="0.417999999999999" classname="tmb_methods" name="simulate_with_marginal_method_works_as_expected_for_grouped_fits"/>
    <testcase time="0.0280000000000022" classname="tmb_methods" name="simulate_with_conditional_method_works_for_differently_ordered_numbered_data"/>
    <testcase time="0.0719999999999992" classname="tmb_methods" name="simulate_with_marginal_method_works_for_differently_ordered_numbered_data"/>
    <testcase time="0.0129999999999981" classname="tmb_methods" name="simulate_with_conditional_method_is_compatible_with_confidence_intervals"/>
    <testcase time="1.429" classname="tmb_methods" name="simulate_with_conditional_method_is_compatible_with_confidence_intervals"/>
    <testcase time="0.771000000000001" classname="tmb_methods" name="simulate_with_marginal_method_is_compatible_with_prediction_intervals"/>
    <testcase time="0.00499999999999901" classname="tmb_methods" name="simulate_with_marginal_method_is_compatible_with_prediction_intervals"/>
    <testcase time="0.00799999999999912" classname="tmb_methods" name="we_calculate_correctly_w_sample"/>
    <testcase time="0.0120000000000005" classname="tmb_methods" name="h_get_sim_per_subj_returns_no_error_for_nsim_1"/>
    <testcase time="0.0100000000000016" classname="tmb_methods" name="h_get_sim_per_subj_returns_no_error_for_nsub_1"/>
    <testcase time="0.00799999999999912" classname="tmb_methods" name="h_get_sim_per_subj_returns_no_error_for_data.frame_with_1_row"/>
    <testcase time="0.0289999999999999" classname="tmb_methods" name="h_get_sim_per_subj_results_match_expectation_for_large_nsim"/>
    <testcase time="0.00999999999999801" classname="tmb_methods" name="h_get_sim_per_subj_throws_error_for_nsim_0"/>
    <testcase time="0.0110000000000028" classname="tmb_methods" name="h_get_sim_per_subj_throws_error_for_nsub_0"/>
    <testcase time="0.436" classname="tmb_methods" name="h_get_prediction_variance_works_as_expected"/>
    <testcase time="0.00499999999999901" classname="tmb_methods" name="h_get_prediction_variance_works_as_expected"/>
    <testcase time="0.00799999999999912" classname="tmb_methods" name="h_dataset_sort_all_sorts_in_column_order"/>
    <testcase time="0.00700000000000145" classname="tmb_methods" name="h_check_columns_nested_correctly_compares_dfs"/>
    <testcase time="0.00399999999999778" classname="tmb_methods" name="h_check_columns_nested_correctly_compares_dfs"/>
    <testcase time="0.00300000000000011" classname="tmb_methods" name="h_check_columns_nested_correctly_compares_dfs"/>
    <testcase time="0.00500000000000256" classname="tmb_methods" name="h_check_columns_nested_correctly_compares_dfs"/>
    <testcase time="0.00900000000000034" classname="tmb_methods" name="h_check_fits_all_data_same_correctly_compares_dfs"/>
    <testcase time="0.00600000000000023" classname="tmb_methods" name="h_check_fits_all_data_same_correctly_compares_dfs"/>
    <testcase time="0.00399999999999778" classname="tmb_methods" name="h_check_fits_all_data_same_correctly_compares_dfs"/>
    <testcase time="0.00600000000000023" classname="tmb_methods" name="h_check_fits_all_data_same_correctly_compares_dfs"/>
    <testcase time="0.0180000000000007" classname="tmb_methods" name="h_fits_common_data_grabs_common_observations_among_datasets"/>
    <testcase time="0.0069999999999979" classname="tmb_methods" name="h_get_minimal_fit_data_grabs_only_colums_used_in_model_fitting"/>
    <testcase time="0.00400000000000134" classname="tmb_methods" name="h_get_minimal_fit_data_grabs_only_colums_used_in_model_fitting"/>
    <testcase time="0.0069999999999979" classname="tmb_methods" name="h_check_covar_nesting_ensures_models_have_nested_covariates"/>
    <testcase time="0.00300000000000011" classname="tmb_methods" name="h_check_covar_nesting_ensures_models_have_nested_covariates"/>
    <testcase time="0.00600000000000023" classname="tmb_methods" name="h_check_covar_nesting_ensures_models_have_nested_covariates"/>
    <testcase time="0.00700000000000145" classname="tmb_methods" name="h_check_cov_struct_nesting_ensures_models_have_nested_covariance_structures"/>
    <testcase time="0.00399999999999778" classname="tmb_methods" name="h_check_cov_struct_nesting_ensures_models_have_nested_covariance_structures"/>
    <testcase time="0.00600000000000023" classname="tmb_methods" name="h_check_cov_struct_nesting_ensures_models_have_nested_covariance_structures"/>
    <testcase time="0.00900000000000034" classname="tmb_methods" name="h_assert_nested_models_ensures_nested_models"/>
    <testcase time="0.00500000000000256" classname="tmb_methods" name="h_assert_nested_models_ensures_nested_models"/>
    <testcase time="0.00600000000000023" classname="tmb_methods" name="h_assert_nested_models_ensures_nested_models"/>
    <testcase time="0.00499999999999901" classname="tmb_methods" name="h_assert_nested_models_ensures_nested_models"/>
    <testcase time="0.00499999999999901" classname="tmb_methods" name="h_assert_nested_models_ensures_nested_models"/>
    <testcase time="0.00400000000000134" classname="tmb_methods" name="h_assert_nested_models_ensures_nested_models"/>
    <testcase time="0.00799999999999912" classname="tmb_methods" name="h_assert_lrt_suitability_ensures_suitability_for_LRT_testing"/>
    <testcase time="0.00700000000000145" classname="tmb_methods" name="h_assert_lrt_suitability_ensures_suitability_for_LRT_testing"/>
    <testcase time="0.00599999999999667" classname="tmb_methods" name="h_assert_lrt_suitability_ensures_suitability_for_LRT_testing"/>
    <testcase time="0.00700000000000145" classname="tmb_methods" name="h_generate_new_name_generates_a_string_without_a_binding_in_env"/>
    <testcase time="0.00400000000000134" classname="tmb_methods" name="h_generate_new_name_generates_a_string_without_a_binding_in_env"/>
    <testcase time="0.0519999999999996" classname="tmb_methods" name="h_refit_mmrm_successfully_refits_an_mmrm_fit"/>
  </testsuite>
  <testsuite name="tmb" timestamp="2025-08-17T23:25:41Z" hostname="bf20baf7630c" tests="429" skipped="0" failures="0" errors="0" time="3.153">
    <testcase time="0.0169999999999995" classname="tmb" name="mmrm_control_works_as_expected"/>
    <testcase time="0.00700000000000145" classname="tmb" name="h_mmrm_tmb_formula_parts_works_as_expected"/>
    <testcase time="0.00300000000000011" classname="tmb" name="h_mmrm_tmb_formula_parts_works_as_expected"/>
    <testcase time="0.00299999999999656" classname="tmb" name="h_mmrm_tmb_formula_parts_works_as_expected"/>
    <testcase time="0.00300000000000011" classname="tmb" name="h_mmrm_tmb_formula_parts_works_as_expected"/>
    <testcase time="0.00600000000000023" classname="tmb" name="h_mmrm_tmb_formula_parts_works_as_expected"/>
    <testcase time="0.00500000000000256" classname="tmb" name="h_mmrm_tmb_formula_parts_works_as_expected"/>
    <testcase time="0.00499999999999901" classname="tmb" name="h_mmrm_tmb_formula_parts_works_as_expected"/>
    <testcase time="0.00700000000000145" classname="tmb" name="h_mmrm_tmb_formula_parts_works_as_expected"/>
    <testcase time="0.00599999999999667" classname="tmb" name="h_mmrm_tmb_formula_parts_works_as_expected"/>
    <testcase time="0.00700000000000145" classname="tmb" name="h_mmrm_tmb_formula_parts_works_as_expected"/>
    <testcase time="0.00600000000000023" classname="tmb" name="h_mmrm_tmb_formula_parts_works_without_covariates"/>
    <testcase time="0.00300000000000011" classname="tmb" name="h_mmrm_tmb_formula_parts_works_without_covariates"/>
    <testcase time="0.0130000000000017" classname="tmb" name="h_mmrm_tmb_formula_parts_works_as_expected_for_antedependence"/>
    <testcase time="0.00299999999999656" classname="tmb" name="h_mmrm_tmb_formula_parts_works_as_expected_for_antedependence"/>
    <testcase time="0.00900000000000034" classname="tmb" name="h_mmrm_tmb_data_works_as_expected"/>
    <testcase time="0.00100000000000122" classname="tmb" name="h_mmrm_tmb_data_works_as_expected"/>
    <testcase time="0.00100000000000122" classname="tmb" name="h_mmrm_tmb_data_works_as_expected"/>
    <testcase time="0.000999999999997669" classname="tmb" name="h_mmrm_tmb_data_works_as_expected"/>
    <testcase time="0.00100000000000122" classname="tmb" name="h_mmrm_tmb_data_works_as_expected"/>
    <testcase time="0.00300000000000011" classname="tmb" name="h_mmrm_tmb_data_works_as_expected"/>
    <testcase time="0.00100000000000122" classname="tmb" name="h_mmrm_tmb_data_works_as_expected"/>
    <testcase time="0.00300000000000011" classname="tmb" name="h_mmrm_tmb_data_works_as_expected"/>
    <testcase time="0.00300000000000011" classname="tmb" name="h_mmrm_tmb_data_works_as_expected"/>
    <testcase time="0.00199999999999889" classname="tmb" name="h_mmrm_tmb_data_works_as_expected"/>
    <testcase time="0.00300000000000011" classname="tmb" name="h_mmrm_tmb_data_works_as_expected"/>
    <testcase time="0.00999999999999801" classname="tmb" name="h_mmrm_tmb_data_works_as_expected_with_allow_na_response"/>
    <testcase time="0.00100000000000122" classname="tmb" name="h_mmrm_tmb_data_works_as_expected_with_allow_na_response"/>
    <testcase time="0.00100000000000122" classname="tmb" name="h_mmrm_tmb_data_works_as_expected_with_allow_na_response"/>
    <testcase time="0.000999999999997669" classname="tmb" name="h_mmrm_tmb_data_works_as_expected_with_allow_na_response"/>
    <testcase time="0.00100000000000122" classname="tmb" name="h_mmrm_tmb_data_works_as_expected_with_allow_na_response"/>
    <testcase time="0.00300000000000011" classname="tmb" name="h_mmrm_tmb_data_works_as_expected_with_allow_na_response"/>
    <testcase time="0.00100000000000122" classname="tmb" name="h_mmrm_tmb_data_works_as_expected_with_allow_na_response"/>
    <testcase time="0.00300000000000011" classname="tmb" name="h_mmrm_tmb_data_works_as_expected_with_allow_na_response"/>
    <testcase time="0.00300000000000011" classname="tmb" name="h_mmrm_tmb_data_works_as_expected_with_allow_na_response"/>
    <testcase time="0.00300000000000011" classname="tmb" name="h_mmrm_tmb_data_works_as_expected_with_allow_na_response"/>
    <testcase time="0.00199999999999889" classname="tmb" name="h_mmrm_tmb_data_works_as_expected_with_allow_na_response"/>
    <testcase time="0.00999999999999801" classname="tmb" name="h_mmrm_tmb_data_do_not_allow_NA_in_covariates_with_allow_na_response"/>
    <testcase time="0.00100000000000122" classname="tmb" name="h_mmrm_tmb_data_do_not_allow_NA_in_covariates_with_allow_na_response"/>
    <testcase time="0.00100000000000122" classname="tmb" name="h_mmrm_tmb_data_do_not_allow_NA_in_covariates_with_allow_na_response"/>
    <testcase time="0.000999999999997669" classname="tmb" name="h_mmrm_tmb_data_do_not_allow_NA_in_covariates_with_allow_na_response"/>
    <testcase time="0.00100000000000122" classname="tmb" name="h_mmrm_tmb_data_do_not_allow_NA_in_covariates_with_allow_na_response"/>
    <testcase time="0.00300000000000011" classname="tmb" name="h_mmrm_tmb_data_do_not_allow_NA_in_covariates_with_allow_na_response"/>
    <testcase time="0.00100000000000122" classname="tmb" name="h_mmrm_tmb_data_do_not_allow_NA_in_covariates_with_allow_na_response"/>
    <testcase time="0.00300000000000011" classname="tmb" name="h_mmrm_tmb_data_do_not_allow_NA_in_covariates_with_allow_na_response"/>
    <testcase time="0.00300000000000011" classname="tmb" name="h_mmrm_tmb_data_do_not_allow_NA_in_covariates_with_allow_na_response"/>
    <testcase time="0.00199999999999889" classname="tmb" name="h_mmrm_tmb_data_do_not_allow_NA_in_covariates_with_allow_na_response"/>
    <testcase time="0.00300000000000011" classname="tmb" name="h_mmrm_tmb_data_do_not_allow_NA_in_covariates_with_allow_na_response"/>
    <testcase time="0.00999999999999801" classname="tmb" name="h_mmrm_tmb_data_works_as_expected_for_grouped_covariance"/>
    <testcase time="0.00100000000000122" classname="tmb" name="h_mmrm_tmb_data_works_as_expected_for_grouped_covariance"/>
    <testcase time="0.00100000000000122" classname="tmb" name="h_mmrm_tmb_data_works_as_expected_for_grouped_covariance"/>
    <testcase time="0.00199999999999889" classname="tmb" name="h_mmrm_tmb_data_works_as_expected_for_grouped_covariance"/>
    <testcase time="0.00100000000000122" classname="tmb" name="h_mmrm_tmb_data_works_as_expected_for_grouped_covariance"/>
    <testcase time="0.00300000000000011" classname="tmb" name="h_mmrm_tmb_data_works_as_expected_for_grouped_covariance"/>
    <testcase time="0.000999999999997669" classname="tmb" name="h_mmrm_tmb_data_works_as_expected_for_grouped_covariance"/>
    <testcase time="0.00300000000000011" classname="tmb" name="h_mmrm_tmb_data_works_as_expected_for_grouped_covariance"/>
    <testcase time="0.00200000000000244" classname="tmb" name="h_mmrm_tmb_data_works_as_expected_for_grouped_covariance"/>
    <testcase time="0.00199999999999889" classname="tmb" name="h_mmrm_tmb_data_works_as_expected_for_grouped_covariance"/>
    <testcase time="0.00300000000000011" classname="tmb" name="h_mmrm_tmb_data_works_as_expected_for_grouped_covariance"/>
    <testcase time="0.00900000000000034" classname="tmb" name="h_mmrm_tmb_data_works_as_expected_for_mutli_dimensional_spatial_exponential_covariance"/>
    <testcase time="0.000999999999997669" classname="tmb" name="h_mmrm_tmb_data_works_as_expected_for_mutli_dimensional_spatial_exponential_covariance"/>
    <testcase time="0.00100000000000122" classname="tmb" name="h_mmrm_tmb_data_works_as_expected_for_mutli_dimensional_spatial_exponential_covariance"/>
    <testcase time="0.00199999999999889" classname="tmb" name="h_mmrm_tmb_data_works_as_expected_for_mutli_dimensional_spatial_exponential_covariance"/>
    <testcase time="0.00100000000000122" classname="tmb" name="h_mmrm_tmb_data_works_as_expected_for_mutli_dimensional_spatial_exponential_covariance"/>
    <testcase time="0.00300000000000011" classname="tmb" name="h_mmrm_tmb_data_works_as_expected_for_mutli_dimensional_spatial_exponential_covariance"/>
    <testcase time="0.00100000000000122" classname="tmb" name="h_mmrm_tmb_data_works_as_expected_for_mutli_dimensional_spatial_exponential_covariance"/>
    <testcase time="0.00300000000000011" classname="tmb" name="h_mmrm_tmb_data_works_as_expected_for_mutli_dimensional_spatial_exponential_covariance"/>
    <testcase time="0.00300000000000011" classname="tmb" name="h_mmrm_tmb_data_works_as_expected_for_mutli_dimensional_spatial_exponential_covariance"/>
    <testcase time="0.000999999999997669" classname="tmb" name="h_mmrm_tmb_data_works_as_expected_for_mutli_dimensional_spatial_exponential_covariance"/>
    <testcase time="0.00300000000000011" classname="tmb" name="h_mmrm_tmb_data_works_as_expected_for_mutli_dimensional_spatial_exponential_covariance"/>
    <testcase time="0.00100000000000122" classname="tmb" name="h_mmrm_tmb_data_works_as_expected_for_mutli_dimensional_spatial_exponential_covariance"/>
    <testcase time="0.0100000000000016" classname="tmb" name="h_mmrm_tmb_data_works_also_for_character_ID_variable"/>
    <testcase time="0.00499999999999901" classname="tmb" name="h_mmrm_tmb_data_works_also_for_character_ID_variable"/>
    <testcase time="0.00300000000000011" classname="tmb" name="h_mmrm_tmb_data_works_also_for_character_ID_variable"/>
    <testcase time="0.0120000000000005" classname="tmb" name="h_mmrm_tmb_data_correctly_processes_design_matrix_below_full_rank_correctly"/>
    <testcase time="0.0169999999999995" classname="tmb" name="h_mmrm_tmb_data_gives_error_for_rank_deficient_design_matrix_when_not_accepted"/>
    <testcase time="0.00900000000000034" classname="tmb" name="h_mmrm_tmb_data_catches_case_with_multiple_time_points_per_subject_early"/>
    <testcase time="0.0109999999999992" classname="tmb" name="h_mmrm_tmb_data_has_no_side_effect_of_overwrite_the_weights_in_global_env"/>
    <testcase time="0.0109999999999992" classname="tmb" name="h_mmrm_tmb_data_will_not_be_affecte_by_weights_in_data"/>
    <testcase time="0.00199999999999889" classname="tmb" name="h_mmrm_tmb_data_will_not_be_affecte_by_weights_in_data"/>
    <testcase time="0.0169999999999995" classname="tmb" name="h_mmrm_tmb_data_works_even_if_na.action_is_not_na.omit"/>
    <testcase time="0.00300000000000011" classname="tmb" name="h_mmrm_tmb_data_works_even_if_na.action_is_not_na.omit"/>
    <testcase time="0.00799999999999912" classname="tmb" name="h_mmrm_tmb_data_works_even_if_na.action_is_not_na.omit"/>
    <testcase time="0.00300000000000011" classname="tmb" name="h_mmrm_tmb_data_works_even_if_na.action_is_not_na.omit"/>
    <testcase time="0.00700000000000145" classname="tmb" name="h_mmrm_tmb_data_works_even_if_na.action_is_not_na.omit"/>
    <testcase time="0.00400000000000134" classname="tmb" name="h_mmrm_tmb_data_works_even_if_na.action_is_not_na.omit"/>
    <testcase time="0.00999999999999801" classname="tmb" name="h_mmrm_tmb_data_errors_if_too_many_visit_levels"/>
    <testcase time="0.0150000000000006" classname="tmb" name="h_mmrm_tmb_parameters_works_as_expected_without_start_values"/>
    <testcase time="0.00300000000000011" classname="tmb" name="h_mmrm_tmb_parameters_works_as_expected_without_start_values"/>
    <testcase time="0.0100000000000016" classname="tmb" name="h_mmrm_tmb_parameters_works_as_expected_with_start_values"/>
    <testcase time="0.00199999999999889" classname="tmb" name="h_mmrm_tmb_parameters_works_as_expected_with_start_values"/>
    <testcase time="0.00999999999999801" classname="tmb" name="h_mmrm_tmb_parameters_works_as_expected_with_antedependence"/>
    <testcase time="0.00300000000000011" classname="tmb" name="h_mmrm_tmb_parameters_works_as_expected_with_antedependence"/>
    <testcase time="0.0100000000000016" classname="tmb" name="h_mmrm_tmb_parameters_works_as_expected_with_heterogeneous_antedependence"/>
    <testcase time="0.00300000000000011" classname="tmb" name="h_mmrm_tmb_parameters_works_as_expected_with_heterogeneous_antedependence"/>
    <testcase time="0.00900000000000034" classname="tmb" name="h_mmrm_tmb_parameters_works_as_expected_with_Toeplitz"/>
    <testcase time="0.00300000000000011" classname="tmb" name="h_mmrm_tmb_parameters_works_as_expected_with_Toeplitz"/>
    <testcase time="0.00999999999999801" classname="tmb" name="h_mmrm_tmb_parameters_works_as_expected_with_heterogeneous_Toeplitz"/>
    <testcase time="0.00300000000000011" classname="tmb" name="h_mmrm_tmb_parameters_works_as_expected_with_heterogeneous_Toeplitz"/>
    <testcase time="0.0100000000000016" classname="tmb" name="h_mmrm_tmb_parameters_works_as_expected_with_autoregressive"/>
    <testcase time="0.00300000000000011" classname="tmb" name="h_mmrm_tmb_parameters_works_as_expected_with_autoregressive"/>
    <testcase time="0.00999999999999801" classname="tmb" name="h_mmrm_tmb_parameters_works_as_expected_with_heterogeneous_autoregressive"/>
    <testcase time="0.00300000000000011" classname="tmb" name="h_mmrm_tmb_parameters_works_as_expected_with_heterogeneous_autoregressive"/>
    <testcase time="0.00900000000000034" classname="tmb" name="h_mmrm_tmb_parameters_works_as_expected_with_compound_symmetry"/>
    <testcase time="0.00300000000000011" classname="tmb" name="h_mmrm_tmb_parameters_works_as_expected_with_compound_symmetry"/>
    <testcase time="0.0100000000000016" classname="tmb" name="h_mmrm_tmb_parameters_works_as_expected_with_heterogeneous_compound_symmetry"/>
    <testcase time="0.00300000000000011" classname="tmb" name="h_mmrm_tmb_parameters_works_as_expected_with_heterogeneous_compound_symmetry"/>
    <testcase time="0.00900000000000034" classname="tmb" name="h_mmrm_tmb_parameters_works_as_expected_with_spatial_exponential"/>
    <testcase time="0.00199999999999889" classname="tmb" name="h_mmrm_tmb_parameters_works_as_expected_with_spatial_exponential"/>
    <testcase time="0.00499999999999901" classname="tmb" name="h_mmrm_tmb_assert_start_passes_as_expected_for_sane_start_values"/>
    <testcase time="0.00300000000000011" classname="tmb" name="h_mmrm_tmb_assert_start_passes_as_expected_for_sane_start_values"/>
    <testcase time="0.00799999999999912" classname="tmb" name="h_mmrm_tmb_assert_start_fails_as_expected_for_NaN_objective_function_at_start"/>
    <testcase time="0.00800000000000267" classname="tmb" name="h_mmrm_tmb_assert_start_fails_as_expected_for_NaN_gradient_function_at_start"/>
    <testcase time="0.00499999999999901" classname="tmb" name="h_mmrm_tmb_check_conv_passes_as_expected_for_sane_optimization_result"/>
    <testcase time="0.00300000000000011" classname="tmb" name="h_mmrm_tmb_check_conv_passes_as_expected_for_sane_optimization_result"/>
    <testcase time="0.00900000000000034" classname="tmb" name="h_mmrm_tmb_check_conv_raises_singular_hessian_warning_as_expected"/>
    <testcase time="0.0069999999999979" classname="tmb" name="h_mmrm_tmb_check_conv_warns_if_convergence_code_signals_non_convergence"/>
    <testcase time="0.00800000000000267" classname="tmb" name="h_mmrm_tmb_check_conv_warns_if_theta_vcov_contains_missing_value"/>
    <testcase time="0.00900000000000034" classname="tmb" name="h_mmrm_tmb_check_conv_warns_if_theta_vcov_is_singular"/>
    <testcase time="0.00900000000000034" classname="tmb" name="h_mmrm_tmb_check_conv_warns_if_theta_vcov_is_not_positive_definite"/>
    <testcase time="0.00799999999999912" classname="tmb" name="h_mmrm_tmb_check_conv_warns_if_theta_vcov_is_not_symmetric"/>
    <testcase time="0.00799999999999912" classname="tmb" name="h_mmrm_tmb_check_conv_warns_if_theta_vcov_is_numerically_singular"/>
    <testcase time="0.0420000000000016" classname="tmb" name="h_mmrm_tmb_extract_cov_works_as_expected"/>
    <testcase time="0.00300000000000011" classname="tmb" name="h_mmrm_tmb_extract_cov_works_as_expected"/>
    <testcase time="0.0329999999999977" classname="tmb" name="h_mmrm_tmb_extract_cov_works_as_expected_for_group_covariance"/>
    <testcase time="0.00300000000000011" classname="tmb" name="h_mmrm_tmb_extract_cov_works_as_expected_for_group_covariance"/>
    <testcase time="0.00400000000000134" classname="tmb" name="h_mmrm_tmb_extract_cov_works_as_expected_for_group_covariance"/>
    <testcase time="0.0380000000000003" classname="tmb" name="h_mmrm_tmb_fit_works_as_expected"/>
    <testcase time="0.00199999999999889" classname="tmb" name="h_mmrm_tmb_fit_works_as_expected"/>
    <testcase time="0.00100000000000122" classname="tmb" name="h_mmrm_tmb_fit_works_as_expected"/>
    <testcase time="0.00300000000000011" classname="tmb" name="h_mmrm_tmb_fit_works_as_expected"/>
    <testcase time="0.00399999999999778" classname="tmb" name="h_mmrm_tmb_fit_works_as_expected"/>
    <testcase time="0.00100000000000122" classname="tmb" name="h_mmrm_tmb_fit_works_as_expected"/>
    <testcase time="0.00300000000000011" classname="tmb" name="h_mmrm_tmb_fit_works_as_expected"/>
    <testcase time="0.0129999999999981" classname="tmb" name="h_mmrm_tmb_fit_works_as_expected"/>
    <testcase time="0.00100000000000122" classname="tmb" name="h_mmrm_tmb_fit_works_as_expected"/>
    <testcase time="0.00100000000000122" classname="tmb" name="h_mmrm_tmb_fit_works_as_expected"/>
    <testcase time="0.00300000000000011" classname="tmb" name="h_mmrm_tmb_fit_works_as_expected"/>
    <testcase time="0.00300000000000011" classname="tmb" name="h_mmrm_tmb_fit_works_as_expected"/>
    <testcase time="0.00300000000000011" classname="tmb" name="h_mmrm_tmb_fit_works_as_expected"/>
    <testcase time="0.00199999999999889" classname="tmb" name="h_mmrm_tmb_fit_works_as_expected"/>
    <testcase time="0.00400000000000134" classname="tmb" name="h_mmrm_tmb_fit_works_as_expected"/>
    <testcase time="0.00199999999999889" classname="tmb" name="h_mmrm_tmb_fit_works_as_expected"/>
    <testcase time="0.00100000000000122" classname="tmb" name="h_mmrm_tmb_fit_works_as_expected"/>
    <testcase time="0.00199999999999889" classname="tmb" name="h_mmrm_tmb_fit_works_as_expected"/>
    <testcase time="0.00100000000000122" classname="tmb" name="h_mmrm_tmb_fit_works_as_expected"/>
    <testcase time="0.00299999999999656" classname="tmb" name="h_mmrm_tmb_fit_works_as_expected"/>
    <testcase time="0.00100000000000122" classname="tmb" name="h_mmrm_tmb_fit_works_as_expected"/>
    <testcase time="0.00199999999999889" classname="tmb" name="h_mmrm_tmb_fit_works_as_expected"/>
    <testcase time="0.00100000000000122" classname="tmb" name="h_mmrm_tmb_fit_works_as_expected"/>
    <testcase time="0.0330000000000013" classname="tmb" name="h_mmrm_tmb_fit_works_as_expected_for_grouped_covariance"/>
    <testcase time="0.00199999999999889" classname="tmb" name="h_mmrm_tmb_fit_works_as_expected_for_grouped_covariance"/>
    <testcase time="0.00100000000000122" classname="tmb" name="h_mmrm_tmb_fit_works_as_expected_for_grouped_covariance"/>
    <testcase time="0.00300000000000011" classname="tmb" name="h_mmrm_tmb_fit_works_as_expected_for_grouped_covariance"/>
    <testcase time="0.00300000000000011" classname="tmb" name="h_mmrm_tmb_fit_works_as_expected_for_grouped_covariance"/>
    <testcase time="0.00300000000000011" classname="tmb" name="h_mmrm_tmb_fit_works_as_expected_for_grouped_covariance"/>
    <testcase time="0.00300000000000011" classname="tmb" name="h_mmrm_tmb_fit_works_as_expected_for_grouped_covariance"/>
    <testcase time="0.00199999999999889" classname="tmb" name="h_mmrm_tmb_fit_works_as_expected_for_grouped_covariance"/>
    <testcase time="0.00300000000000011" classname="tmb" name="h_mmrm_tmb_fit_works_as_expected_for_grouped_covariance"/>
    <testcase time="0.00300000000000011" classname="tmb" name="h_mmrm_tmb_fit_works_as_expected_for_grouped_covariance"/>
    <testcase time="0.00100000000000122" classname="tmb" name="h_mmrm_tmb_fit_works_as_expected_for_grouped_covariance"/>
    <testcase time="0.00199999999999889" classname="tmb" name="h_mmrm_tmb_fit_works_as_expected_for_grouped_covariance"/>
    <testcase time="0.000999999999997669" classname="tmb" name="h_mmrm_tmb_fit_works_as_expected_for_grouped_covariance"/>
    <testcase time="0.00200000000000244" classname="tmb" name="h_mmrm_tmb_fit_works_as_expected_for_grouped_covariance"/>
    <testcase time="0.00300000000000011" classname="tmb" name="h_mmrm_tmb_fit_works_as_expected_for_grouped_covariance"/>
    <testcase time="0.000999999999997669" classname="tmb" name="h_mmrm_tmb_fit_works_as_expected_for_grouped_covariance"/>
    <testcase time="0.00100000000000122" classname="tmb" name="h_mmrm_tmb_fit_works_as_expected_for_grouped_covariance"/>
    <testcase time="0.00199999999999889" classname="tmb" name="h_mmrm_tmb_fit_works_as_expected_for_grouped_covariance"/>
    <testcase time="0.0259999999999998" classname="tmb" name="fit_mmrm_works_as_expected_in_a_simple_model_without_covariates_and_ML"/>
    <testcase time="0.00100000000000122" classname="tmb" name="fit_mmrm_works_as_expected_in_a_simple_model_without_covariates_and_ML"/>
    <testcase time="0.00199999999999889" classname="tmb" name="fit_mmrm_works_as_expected_in_a_simple_model_without_covariates_and_ML"/>
    <testcase time="0.00199999999999889" classname="tmb" name="fit_mmrm_works_as_expected_in_a_simple_model_without_covariates_and_ML"/>
    <testcase time="0.00300000000000011" classname="tmb" name="fit_mmrm_works_as_expected_in_a_simple_model_without_covariates_and_ML"/>
    <testcase time="0.00400000000000134" classname="tmb" name="fit_mmrm_works_as_expected_in_a_simple_model_without_covariates_and_ML"/>
    <testcase time="0.00400000000000134" classname="tmb" name="fit_mmrm_works_as_expected_in_a_simple_model_without_covariates_and_ML"/>
    <testcase time="0.00300000000000011" classname="tmb" name="fit_mmrm_works_as_expected_in_a_simple_model_without_covariates_and_ML"/>
    <testcase time="0.0269999999999975" classname="tmb" name="fit_mmrm_works_as_expected_in_a_simple_model_without_covariates_and_REML"/>
    <testcase time="0.00100000000000122" classname="tmb" name="fit_mmrm_works_as_expected_in_a_simple_model_without_covariates_and_REML"/>
    <testcase time="0.000999999999997669" classname="tmb" name="fit_mmrm_works_as_expected_in_a_simple_model_without_covariates_and_REML"/>
    <testcase time="0.00200000000000244" classname="tmb" name="fit_mmrm_works_as_expected_in_a_simple_model_without_covariates_and_REML"/>
    <testcase time="0.00399999999999778" classname="tmb" name="fit_mmrm_works_as_expected_in_a_simple_model_without_covariates_and_REML"/>
    <testcase time="0.00300000000000011" classname="tmb" name="fit_mmrm_works_as_expected_in_a_simple_model_without_covariates_and_REML"/>
    <testcase time="0.00400000000000134" classname="tmb" name="fit_mmrm_works_as_expected_in_a_simple_model_without_covariates_and_REML"/>
    <testcase time="0.00399999999999778" classname="tmb" name="fit_mmrm_works_as_expected_in_a_simple_model_without_covariates_and_REML"/>
    <testcase time="0.0259999999999998" classname="tmb" name="fit_mmrm_works_with_ad_covariance_structure_and_ML"/>
    <testcase time="0.00200000000000244" classname="tmb" name="fit_mmrm_works_with_ad_covariance_structure_and_ML"/>
    <testcase time="0.00399999999999778" classname="tmb" name="fit_mmrm_works_with_ad_covariance_structure_and_ML"/>
    <testcase time="0.00300000000000011" classname="tmb" name="fit_mmrm_works_with_ad_covariance_structure_and_ML"/>
    <testcase time="0.00400000000000134" classname="tmb" name="fit_mmrm_works_with_ad_covariance_structure_and_ML"/>
    <testcase time="0.00400000000000134" classname="tmb" name="fit_mmrm_works_with_ad_covariance_structure_and_ML"/>
    <testcase time="0.0259999999999998" classname="tmb" name="fit_mmrm_works_with_ad_covariance_structure_and_REML"/>
    <testcase time="0.000999999999997669" classname="tmb" name="fit_mmrm_works_with_ad_covariance_structure_and_REML"/>
    <testcase time="0.00400000000000134" classname="tmb" name="fit_mmrm_works_with_ad_covariance_structure_and_REML"/>
    <testcase time="0.00400000000000134" classname="tmb" name="fit_mmrm_works_with_ad_covariance_structure_and_REML"/>
    <testcase time="0.00399999999999778" classname="tmb" name="fit_mmrm_works_with_ad_covariance_structure_and_REML"/>
    <testcase time="0.00400000000000134" classname="tmb" name="fit_mmrm_works_with_ad_covariance_structure_and_REML"/>
    <testcase time="0.027000000000001" classname="tmb" name="fit_mmrm_works_with_adh_covariance_structure_and_ML"/>
    <testcase time="0.00199999999999889" classname="tmb" name="fit_mmrm_works_with_adh_covariance_structure_and_ML"/>
    <testcase time="0.00399999999999778" classname="tmb" name="fit_mmrm_works_with_adh_covariance_structure_and_ML"/>
    <testcase time="0.00400000000000134" classname="tmb" name="fit_mmrm_works_with_adh_covariance_structure_and_ML"/>
    <testcase time="0.00400000000000134" classname="tmb" name="fit_mmrm_works_with_adh_covariance_structure_and_ML"/>
    <testcase time="0.00399999999999778" classname="tmb" name="fit_mmrm_works_with_adh_covariance_structure_and_ML"/>
    <testcase time="0.027000000000001" classname="tmb" name="fit_mmrm_works_with_adh_covariance_structure_and_REML"/>
    <testcase time="0.00700000000000145" classname="tmb" name="fit_mmrm_works_with_adh_covariance_structure_and_REML"/>
    <testcase time="0.00399999999999778" classname="tmb" name="fit_mmrm_works_with_adh_covariance_structure_and_REML"/>
    <testcase time="0.00400000000000134" classname="tmb" name="fit_mmrm_works_with_adh_covariance_structure_and_REML"/>
    <testcase time="0.00499999999999901" classname="tmb" name="fit_mmrm_works_with_adh_covariance_structure_and_REML"/>
    <testcase time="0.00700000000000145" classname="tmb" name="fit_mmrm_works_with_adh_covariance_structure_and_REML"/>
    <testcase time="0.0350000000000001" classname="tmb" name="fit_mmrm_works_with_grouped_adh_covariance_structure_and_ML"/>
    <testcase time="0.00399999999999778" classname="tmb" name="fit_mmrm_works_with_grouped_adh_covariance_structure_and_ML"/>
    <testcase time="0.00400000000000134" classname="tmb" name="fit_mmrm_works_with_grouped_adh_covariance_structure_and_ML"/>
    <testcase time="0.00400000000000134" classname="tmb" name="fit_mmrm_works_with_grouped_adh_covariance_structure_and_ML"/>
    <testcase time="0.00399999999999778" classname="tmb" name="fit_mmrm_works_with_grouped_adh_covariance_structure_and_ML"/>
    <testcase time="0.0280000000000022" classname="tmb" name="fit_mmrm_works_with_grouped_adh_covariance_structure_and_REML"/>
    <testcase time="0.00399999999999778" classname="tmb" name="fit_mmrm_works_with_grouped_adh_covariance_structure_and_REML"/>
    <testcase time="0.00400000000000134" classname="tmb" name="fit_mmrm_works_with_grouped_adh_covariance_structure_and_REML"/>
    <testcase time="0.00399999999999778" classname="tmb" name="fit_mmrm_works_with_grouped_adh_covariance_structure_and_REML"/>
    <testcase time="0.00400000000000134" classname="tmb" name="fit_mmrm_works_with_grouped_adh_covariance_structure_and_REML"/>
    <testcase time="0.0259999999999998" classname="tmb" name="fit_mmrm_works_with_toep_covariance_structure_and_ML"/>
    <testcase time="0.00400000000000134" classname="tmb" name="fit_mmrm_works_with_toep_covariance_structure_and_ML"/>
    <testcase time="0.00399999999999778" classname="tmb" name="fit_mmrm_works_with_toep_covariance_structure_and_ML"/>
    <testcase time="0.00400000000000134" classname="tmb" name="fit_mmrm_works_with_toep_covariance_structure_and_ML"/>
    <testcase time="0.00400000000000134" classname="tmb" name="fit_mmrm_works_with_toep_covariance_structure_and_ML"/>
    <testcase time="0.00300000000000011" classname="tmb" name="fit_mmrm_works_with_toep_covariance_structure_and_ML"/>
    <testcase time="0.0269999999999975" classname="tmb" name="fit_mmrm_works_with_toep_covariance_structure_and_REML"/>
    <testcase time="0.00400000000000134" classname="tmb" name="fit_mmrm_works_with_toep_covariance_structure_and_REML"/>
    <testcase time="0.00400000000000134" classname="tmb" name="fit_mmrm_works_with_toep_covariance_structure_and_REML"/>
    <testcase time="0.00399999999999778" classname="tmb" name="fit_mmrm_works_with_toep_covariance_structure_and_REML"/>
    <testcase time="0.00400000000000134" classname="tmb" name="fit_mmrm_works_with_toep_covariance_structure_and_REML"/>
    <testcase time="0.00499999999999901" classname="tmb" name="fit_mmrm_works_with_toep_covariance_structure_and_REML"/>
    <testcase time="0.0259999999999998" classname="tmb" name="fit_mmrm_works_with_toeph_covariance_structure_and_ML"/>
    <testcase time="0.00400000000000134" classname="tmb" name="fit_mmrm_works_with_toeph_covariance_structure_and_ML"/>
    <testcase time="0.00399999999999778" classname="tmb" name="fit_mmrm_works_with_toeph_covariance_structure_and_ML"/>
    <testcase time="0.00400000000000134" classname="tmb" name="fit_mmrm_works_with_toeph_covariance_structure_and_ML"/>
    <testcase time="0.00400000000000134" classname="tmb" name="fit_mmrm_works_with_toeph_covariance_structure_and_ML"/>
    <testcase time="0.00399999999999778" classname="tmb" name="fit_mmrm_works_with_toeph_covariance_structure_and_ML"/>
    <testcase time="0.0250000000000021" classname="tmb" name="fit_mmrm_works_with_toeph_covariance_structure_and_REML"/>
    <testcase time="0.00399999999999778" classname="tmb" name="fit_mmrm_works_with_toeph_covariance_structure_and_REML"/>
    <testcase time="0.00400000000000134" classname="tmb" name="fit_mmrm_works_with_toeph_covariance_structure_and_REML"/>
    <testcase time="0.00400000000000134" classname="tmb" name="fit_mmrm_works_with_toeph_covariance_structure_and_REML"/>
    <testcase time="0.00399999999999778" classname="tmb" name="fit_mmrm_works_with_toeph_covariance_structure_and_REML"/>
    <testcase time="0.00400000000000134" classname="tmb" name="fit_mmrm_works_with_toeph_covariance_structure_and_REML"/>
    <testcase time="0.0269999999999975" classname="tmb" name="fit_mmrm_works_with_grouped_toeph_covariance_structure_and_ML"/>
    <testcase time="0.00400000000000134" classname="tmb" name="fit_mmrm_works_with_grouped_toeph_covariance_structure_and_ML"/>
    <testcase time="0.00400000000000134" classname="tmb" name="fit_mmrm_works_with_grouped_toeph_covariance_structure_and_ML"/>
    <testcase time="0.00399999999999778" classname="tmb" name="fit_mmrm_works_with_grouped_toeph_covariance_structure_and_ML"/>
    <testcase time="0.00400000000000134" classname="tmb" name="fit_mmrm_works_with_grouped_toeph_covariance_structure_and_ML"/>
    <testcase time="0.00400000000000134" classname="tmb" name="fit_mmrm_works_with_grouped_toeph_covariance_structure_and_ML"/>
    <testcase time="0.00300000000000011" classname="tmb" name="fit_mmrm_works_with_grouped_toeph_covariance_structure_and_ML"/>
    <testcase time="0.00399999999999778" classname="tmb" name="fit_mmrm_works_with_grouped_toeph_covariance_structure_and_ML"/>
    <testcase time="0.0340000000000025" classname="tmb" name="fit_mmrm_works_with_grouped_toeph_covariance_structure_and_REML"/>
    <testcase time="0.00399999999999778" classname="tmb" name="fit_mmrm_works_with_grouped_toeph_covariance_structure_and_REML"/>
    <testcase time="0.00400000000000134" classname="tmb" name="fit_mmrm_works_with_grouped_toeph_covariance_structure_and_REML"/>
    <testcase time="0.00399999999999778" classname="tmb" name="fit_mmrm_works_with_grouped_toeph_covariance_structure_and_REML"/>
    <testcase time="0.00400000000000134" classname="tmb" name="fit_mmrm_works_with_grouped_toeph_covariance_structure_and_REML"/>
    <testcase time="0.00400000000000134" classname="tmb" name="fit_mmrm_works_with_grouped_toeph_covariance_structure_and_REML"/>
    <testcase time="0.00300000000000011" classname="tmb" name="fit_mmrm_works_with_grouped_toeph_covariance_structure_and_REML"/>
    <testcase time="0.00499999999999901" classname="tmb" name="fit_mmrm_works_with_grouped_toeph_covariance_structure_and_REML"/>
    <testcase time="0.0259999999999998" classname="tmb" name="fit_mmrm_works_with_ar1_covariance_structure_and_ML"/>
    <testcase time="0.00400000000000134" classname="tmb" name="fit_mmrm_works_with_ar1_covariance_structure_and_ML"/>
    <testcase time="0.00399999999999778" classname="tmb" name="fit_mmrm_works_with_ar1_covariance_structure_and_ML"/>
    <testcase time="0.00400000000000134" classname="tmb" name="fit_mmrm_works_with_ar1_covariance_structure_and_ML"/>
    <testcase time="0.00300000000000011" classname="tmb" name="fit_mmrm_works_with_ar1_covariance_structure_and_ML"/>
    <testcase time="0.00300000000000011" classname="tmb" name="fit_mmrm_works_with_ar1_covariance_structure_and_ML"/>
    <testcase time="0.0250000000000021" classname="tmb" name="fit_mmrm_works_with_ar1_covariance_structure_and_REML"/>
    <testcase time="0.00399999999999778" classname="tmb" name="fit_mmrm_works_with_ar1_covariance_structure_and_REML"/>
    <testcase time="0.00400000000000134" classname="tmb" name="fit_mmrm_works_with_ar1_covariance_structure_and_REML"/>
    <testcase time="0.00400000000000134" classname="tmb" name="fit_mmrm_works_with_ar1_covariance_structure_and_REML"/>
    <testcase time="0.00399999999999778" classname="tmb" name="fit_mmrm_works_with_ar1_covariance_structure_and_REML"/>
    <testcase time="0.00400000000000134" classname="tmb" name="fit_mmrm_works_with_ar1_covariance_structure_and_REML"/>
    <testcase time="0.0249999999999986" classname="tmb" name="fit_mmrm_works_with_ar1h_covariance_structure_and_ML"/>
    <testcase time="0.00400000000000134" classname="tmb" name="fit_mmrm_works_with_ar1h_covariance_structure_and_ML"/>
    <testcase time="0.00400000000000134" classname="tmb" name="fit_mmrm_works_with_ar1h_covariance_structure_and_ML"/>
    <testcase time="0.00399999999999778" classname="tmb" name="fit_mmrm_works_with_ar1h_covariance_structure_and_ML"/>
    <testcase time="0.00400000000000134" classname="tmb" name="fit_mmrm_works_with_ar1h_covariance_structure_and_ML"/>
    <testcase time="0.00399999999999778" classname="tmb" name="fit_mmrm_works_with_ar1h_covariance_structure_and_ML"/>
    <testcase time="0.0259999999999998" classname="tmb" name="fit_mmrm_works_with_ar1h_covariance_structure_and_REML"/>
    <testcase time="0.00400000000000134" classname="tmb" name="fit_mmrm_works_with_ar1h_covariance_structure_and_REML"/>
    <testcase time="0.00400000000000134" classname="tmb" name="fit_mmrm_works_with_ar1h_covariance_structure_and_REML"/>
    <testcase time="0.00399999999999778" classname="tmb" name="fit_mmrm_works_with_ar1h_covariance_structure_and_REML"/>
    <testcase time="0.00400000000000134" classname="tmb" name="fit_mmrm_works_with_ar1h_covariance_structure_and_REML"/>
    <testcase time="0.00400000000000134" classname="tmb" name="fit_mmrm_works_with_ar1h_covariance_structure_and_REML"/>
    <testcase time="0.0259999999999998" classname="tmb" name="fit_mmrm_works_with_grouped_ar1_covariance_structure_and_ML"/>
    <testcase time="0.00399999999999778" classname="tmb" name="fit_mmrm_works_with_grouped_ar1_covariance_structure_and_ML"/>
    <testcase time="0.00400000000000134" classname="tmb" name="fit_mmrm_works_with_grouped_ar1_covariance_structure_and_ML"/>
    <testcase time="0.00400000000000134" classname="tmb" name="fit_mmrm_works_with_grouped_ar1_covariance_structure_and_ML"/>
    <testcase time="0.00399999999999778" classname="tmb" name="fit_mmrm_works_with_grouped_ar1_covariance_structure_and_ML"/>
    <testcase time="0.00499999999999901" classname="tmb" name="fit_mmrm_works_with_grouped_ar1_covariance_structure_and_ML"/>
    <testcase time="0.027000000000001" classname="tmb" name="fit_mmrm_works_with_grouped_ar1_covariance_structure_and_REML"/>
    <testcase time="0.00400000000000134" classname="tmb" name="fit_mmrm_works_with_grouped_ar1_covariance_structure_and_REML"/>
    <testcase time="0.00399999999999778" classname="tmb" name="fit_mmrm_works_with_grouped_ar1_covariance_structure_and_REML"/>
    <testcase time="0.00400000000000134" classname="tmb" name="fit_mmrm_works_with_grouped_ar1_covariance_structure_and_REML"/>
    <testcase time="0.00499999999999901" classname="tmb" name="fit_mmrm_works_with_grouped_ar1_covariance_structure_and_REML"/>
    <testcase time="0.00400000000000134" classname="tmb" name="fit_mmrm_works_with_grouped_ar1_covariance_structure_and_REML"/>
    <testcase time="0.0330000000000013" classname="tmb" name="fit_mmrm_works_with_grouped_ar1h_covariance_structure_and_ML"/>
    <testcase time="0.00399999999999778" classname="tmb" name="fit_mmrm_works_with_grouped_ar1h_covariance_structure_and_ML"/>
    <testcase time="0.00400000000000134" classname="tmb" name="fit_mmrm_works_with_grouped_ar1h_covariance_structure_and_ML"/>
    <testcase time="0.00399999999999778" classname="tmb" name="fit_mmrm_works_with_grouped_ar1h_covariance_structure_and_ML"/>
    <testcase time="0.00400000000000134" classname="tmb" name="fit_mmrm_works_with_grouped_ar1h_covariance_structure_and_ML"/>
    <testcase time="0.00400000000000134" classname="tmb" name="fit_mmrm_works_with_grouped_ar1h_covariance_structure_and_ML"/>
    <testcase time="0.0269999999999975" classname="tmb" name="fit_mmrm_works_with_grouped_ar1h_covariance_structure_and_REML"/>
    <testcase time="0.00400000000000134" classname="tmb" name="fit_mmrm_works_with_grouped_ar1h_covariance_structure_and_REML"/>
    <testcase time="0.00499999999999901" classname="tmb" name="fit_mmrm_works_with_grouped_ar1h_covariance_structure_and_REML"/>
    <testcase time="0.00400000000000134" classname="tmb" name="fit_mmrm_works_with_grouped_ar1h_covariance_structure_and_REML"/>
    <testcase time="0.00400000000000134" classname="tmb" name="fit_mmrm_works_with_grouped_ar1h_covariance_structure_and_REML"/>
    <testcase time="0.00399999999999778" classname="tmb" name="fit_mmrm_works_with_grouped_ar1h_covariance_structure_and_REML"/>
    <testcase time="0.0240000000000009" classname="tmb" name="fit_mmrm_works_with_cs_covariance_structure_and_ML"/>
    <testcase time="0.00400000000000134" classname="tmb" name="fit_mmrm_works_with_cs_covariance_structure_and_ML"/>
    <testcase time="0.00399999999999778" classname="tmb" name="fit_mmrm_works_with_cs_covariance_structure_and_ML"/>
    <testcase time="0.00499999999999901" classname="tmb" name="fit_mmrm_works_with_cs_covariance_structure_and_ML"/>
    <testcase time="0.00400000000000134" classname="tmb" name="fit_mmrm_works_with_cs_covariance_structure_and_ML"/>
    <testcase time="0.00400000000000134" classname="tmb" name="fit_mmrm_works_with_cs_covariance_structure_and_ML"/>
    <testcase time="0.0259999999999998" classname="tmb" name="fit_mmrm_works_with_cs_covariance_structure_and_REML"/>
    <testcase time="0.00499999999999901" classname="tmb" name="fit_mmrm_works_with_cs_covariance_structure_and_REML"/>
    <testcase time="0.00400000000000134" classname="tmb" name="fit_mmrm_works_with_cs_covariance_structure_and_REML"/>
    <testcase time="0.00399999999999778" classname="tmb" name="fit_mmrm_works_with_cs_covariance_structure_and_REML"/>
    <testcase time="0.00500000000000256" classname="tmb" name="fit_mmrm_works_with_cs_covariance_structure_and_REML"/>
    <testcase time="0.00399999999999778" classname="tmb" name="fit_mmrm_works_with_cs_covariance_structure_and_REML"/>
    <testcase time="0.0250000000000021" classname="tmb" name="fit_mmrm_works_with_csh_covariance_structure_and_ML"/>
    <testcase time="0.00499999999999901" classname="tmb" name="fit_mmrm_works_with_csh_covariance_structure_and_ML"/>
    <testcase time="0.00400000000000134" classname="tmb" name="fit_mmrm_works_with_csh_covariance_structure_and_ML"/>
    <testcase time="0.00399999999999778" classname="tmb" name="fit_mmrm_works_with_csh_covariance_structure_and_ML"/>
    <testcase time="0.00499999999999901" classname="tmb" name="fit_mmrm_works_with_csh_covariance_structure_and_ML"/>
    <testcase time="0.00400000000000134" classname="tmb" name="fit_mmrm_works_with_csh_covariance_structure_and_ML"/>
    <testcase time="0.027000000000001" classname="tmb" name="fit_mmrm_works_with_csh_covariance_structure_and_REML"/>
    <testcase time="0.00399999999999778" classname="tmb" name="fit_mmrm_works_with_csh_covariance_structure_and_REML"/>
    <testcase time="0.00500000000000256" classname="tmb" name="fit_mmrm_works_with_csh_covariance_structure_and_REML"/>
    <testcase time="0.00399999999999778" classname="tmb" name="fit_mmrm_works_with_csh_covariance_structure_and_REML"/>
    <testcase time="0.00500000000000256" classname="tmb" name="fit_mmrm_works_with_csh_covariance_structure_and_REML"/>
    <testcase time="0.00399999999999778" classname="tmb" name="fit_mmrm_works_with_csh_covariance_structure_and_REML"/>
    <testcase time="0.0330000000000013" classname="tmb" name="fit_mmrm_works_with_weights_and_ML"/>
    <testcase time="0.00199999999999889" classname="tmb" name="fit_mmrm_works_with_weights_and_ML"/>
    <testcase time="0.00400000000000134" classname="tmb" name="fit_mmrm_works_with_weights_and_ML"/>
    <testcase time="0.00499999999999901" classname="tmb" name="fit_mmrm_works_with_weights_and_ML"/>
    <testcase time="0.00400000000000134" classname="tmb" name="fit_mmrm_works_with_weights_and_ML"/>
    <testcase time="0.00399999999999778" classname="tmb" name="fit_mmrm_works_with_weights_and_ML"/>
    <testcase time="0.0340000000000025" classname="tmb" name="fit_mmrm_works_with_weights_and_REML"/>
    <testcase time="0.00199999999999889" classname="tmb" name="fit_mmrm_works_with_weights_and_REML"/>
    <testcase time="0.00999999999999801" classname="tmb" name="fit_mmrm_works_with_weights_and_REML"/>
    <testcase time="0.00500000000000256" classname="tmb" name="fit_mmrm_works_with_weights_and_REML"/>
    <testcase time="0.00399999999999778" classname="tmb" name="fit_mmrm_works_with_weights_and_REML"/>
    <testcase time="0.00400000000000134" classname="tmb" name="fit_mmrm_works_with_weights_and_REML"/>
    <testcase time="0.0279999999999987" classname="tmb" name="fit_mmrm_works_with_group_cs_covariance_structure_and_ML"/>
    <testcase time="0.00400000000000134" classname="tmb" name="fit_mmrm_works_with_group_cs_covariance_structure_and_ML"/>
    <testcase time="0.00499999999999901" classname="tmb" name="fit_mmrm_works_with_group_cs_covariance_structure_and_ML"/>
    <testcase time="0.00400000000000134" classname="tmb" name="fit_mmrm_works_with_group_cs_covariance_structure_and_ML"/>
    <testcase time="0.00400000000000134" classname="tmb" name="fit_mmrm_works_with_group_cs_covariance_structure_and_ML"/>
    <testcase time="0.00499999999999901" classname="tmb" name="fit_mmrm_works_with_group_cs_covariance_structure_and_ML"/>
    <testcase time="0.027000000000001" classname="tmb" name="fit_mmrm_works_with_cs_covariance_structure_and_REML"/>
    <testcase time="0.00399999999999778" classname="tmb" name="fit_mmrm_works_with_cs_covariance_structure_and_REML"/>
    <testcase time="0.00400000000000134" classname="tmb" name="fit_mmrm_works_with_cs_covariance_structure_and_REML"/>
    <testcase time="0.00399999999999778" classname="tmb" name="fit_mmrm_works_with_cs_covariance_structure_and_REML"/>
    <testcase time="0.00500000000000256" classname="tmb" name="fit_mmrm_works_with_cs_covariance_structure_and_REML"/>
    <testcase time="0.00399999999999778" classname="tmb" name="fit_mmrm_works_with_cs_covariance_structure_and_REML"/>
    <testcase time="0.027000000000001" classname="tmb" name="fit_mmrm_works_with_grouped_csh_covariance_structure_and_ML"/>
    <testcase time="0.00400000000000134" classname="tmb" name="fit_mmrm_works_with_grouped_csh_covariance_structure_and_ML"/>
    <testcase time="0.00499999999999901" classname="tmb" name="fit_mmrm_works_with_grouped_csh_covariance_structure_and_ML"/>
    <testcase time="0.00400000000000134" classname="tmb" name="fit_mmrm_works_with_grouped_csh_covariance_structure_and_ML"/>
    <testcase time="0.00399999999999778" classname="tmb" name="fit_mmrm_works_with_grouped_csh_covariance_structure_and_ML"/>
    <testcase time="0.00499999999999901" classname="tmb" name="fit_mmrm_works_with_grouped_csh_covariance_structure_and_ML"/>
    <testcase time="0.027000000000001" classname="tmb" name="fit_mmrm_works_with_grouped_csh_covariance_structure_and_REML"/>
    <testcase time="0.00499999999999901" classname="tmb" name="fit_mmrm_works_with_grouped_csh_covariance_structure_and_REML"/>
    <testcase time="0.00400000000000134" classname="tmb" name="fit_mmrm_works_with_grouped_csh_covariance_structure_and_REML"/>
    <testcase time="0.00400000000000134" classname="tmb" name="fit_mmrm_works_with_grouped_csh_covariance_structure_and_REML"/>
    <testcase time="0.00499999999999901" classname="tmb" name="fit_mmrm_works_with_grouped_csh_covariance_structure_and_REML"/>
    <testcase time="0.00400000000000134" classname="tmb" name="fit_mmrm_works_with_grouped_csh_covariance_structure_and_REML"/>
    <testcase time="0.0279999999999987" classname="tmb" name="fit_mmrm_works_with_group_cs_covariance_structure_and_ML"/>
    <testcase time="0.00400000000000134" classname="tmb" name="fit_mmrm_works_with_group_cs_covariance_structure_and_ML"/>
    <testcase time="0.00400000000000134" classname="tmb" name="fit_mmrm_works_with_group_cs_covariance_structure_and_ML"/>
    <testcase time="0.00499999999999901" classname="tmb" name="fit_mmrm_works_with_group_cs_covariance_structure_and_ML"/>
    <testcase time="0.00499999999999901" classname="tmb" name="fit_mmrm_works_with_group_cs_covariance_structure_and_ML"/>
    <testcase time="0.00400000000000134" classname="tmb" name="fit_mmrm_works_with_group_cs_covariance_structure_and_ML"/>
    <testcase time="0.0279999999999987" classname="tmb" name="fit_mmrm_works_with_cs_covariance_structure_and_REML"/>
    <testcase time="0.00500000000000256" classname="tmb" name="fit_mmrm_works_with_cs_covariance_structure_and_REML"/>
    <testcase time="0.00399999999999778" classname="tmb" name="fit_mmrm_works_with_cs_covariance_structure_and_REML"/>
    <testcase time="0.00400000000000134" classname="tmb" name="fit_mmrm_works_with_cs_covariance_structure_and_REML"/>
    <testcase time="0.00499999999999901" classname="tmb" name="fit_mmrm_works_with_cs_covariance_structure_and_REML"/>
    <testcase time="0.00400000000000134" classname="tmb" name="fit_mmrm_works_with_cs_covariance_structure_and_REML"/>
    <testcase time="0.0339999999999989" classname="tmb" name="fit_mmrm_works_with_grouped_csh_covariance_structure_and_ML"/>
    <testcase time="0.00499999999999901" classname="tmb" name="fit_mmrm_works_with_grouped_csh_covariance_structure_and_ML"/>
    <testcase time="0.00500000000000256" classname="tmb" name="fit_mmrm_works_with_grouped_csh_covariance_structure_and_ML"/>
    <testcase time="0.00399999999999778" classname="tmb" name="fit_mmrm_works_with_grouped_csh_covariance_structure_and_ML"/>
    <testcase time="0.00500000000000256" classname="tmb" name="fit_mmrm_works_with_grouped_csh_covariance_structure_and_ML"/>
    <testcase time="0.00399999999999778" classname="tmb" name="fit_mmrm_works_with_grouped_csh_covariance_structure_and_ML"/>
    <testcase time="0.0289999999999999" classname="tmb" name="fit_mmrm_works_with_grouped_csh_covariance_structure_and_REML"/>
    <testcase time="0.00400000000000134" classname="tmb" name="fit_mmrm_works_with_grouped_csh_covariance_structure_and_REML"/>
    <testcase time="0.00499999999999901" classname="tmb" name="fit_mmrm_works_with_grouped_csh_covariance_structure_and_REML"/>
    <testcase time="0.00499999999999901" classname="tmb" name="fit_mmrm_works_with_grouped_csh_covariance_structure_and_REML"/>
    <testcase time="0.00400000000000134" classname="tmb" name="fit_mmrm_works_with_grouped_csh_covariance_structure_and_REML"/>
    <testcase time="0.00499999999999901" classname="tmb" name="fit_mmrm_works_with_grouped_csh_covariance_structure_and_REML"/>
    <testcase time="0.0289999999999999" classname="tmb" name="fit_mmrm_works_with_sp_exp_covariance_structure_and_ML"/>
    <testcase time="0.00499999999999901" classname="tmb" name="fit_mmrm_works_with_sp_exp_covariance_structure_and_ML"/>
    <testcase time="0.00400000000000134" classname="tmb" name="fit_mmrm_works_with_sp_exp_covariance_structure_and_ML"/>
    <testcase time="0.00499999999999901" classname="tmb" name="fit_mmrm_works_with_sp_exp_covariance_structure_and_ML"/>
    <testcase time="0.00499999999999901" classname="tmb" name="fit_mmrm_works_with_sp_exp_covariance_structure_and_ML"/>
    <testcase time="0.0380000000000003" classname="tmb" name="fit_mmrm_works_with_sp_exp_covariance_structure_and_ML_2_dimension_"/>
    <testcase time="0.00500000000000256" classname="tmb" name="fit_mmrm_works_with_sp_exp_covariance_structure_and_ML_2_dimension_"/>
    <testcase time="0.00499999999999901" classname="tmb" name="fit_mmrm_works_with_sp_exp_covariance_structure_and_ML_2_dimension_"/>
    <testcase time="0.00499999999999901" classname="tmb" name="fit_mmrm_works_with_sp_exp_covariance_structure_and_ML_2_dimension_"/>
    <testcase time="0.00400000000000134" classname="tmb" name="fit_mmrm_works_with_sp_exp_covariance_structure_and_ML_2_dimension_"/>
    <testcase time="0.0300000000000011" classname="tmb" name="fit_mmrm_works_with_sp_exp_covariance_structure_and_REML"/>
    <testcase time="0.00499999999999901" classname="tmb" name="fit_mmrm_works_with_sp_exp_covariance_structure_and_REML"/>
    <testcase time="0.00399999999999778" classname="tmb" name="fit_mmrm_works_with_sp_exp_covariance_structure_and_REML"/>
    <testcase time="0.00500000000000256" classname="tmb" name="fit_mmrm_works_with_sp_exp_covariance_structure_and_REML"/>
    <testcase time="0.00499999999999901" classname="tmb" name="fit_mmrm_works_with_sp_exp_covariance_structure_and_REML"/>
    <testcase time="0.0390000000000015" classname="tmb" name="fit_mmrm_works_with_sp_exp_covariance_structure_and_REML_2_dimension_"/>
    <testcase time="0.00499999999999901" classname="tmb" name="fit_mmrm_works_with_sp_exp_covariance_structure_and_REML_2_dimension_"/>
    <testcase time="0.00499999999999901" classname="tmb" name="fit_mmrm_works_with_sp_exp_covariance_structure_and_REML_2_dimension_"/>
    <testcase time="0.00499999999999901" classname="tmb" name="fit_mmrm_works_with_sp_exp_covariance_structure_and_REML_2_dimension_"/>
    <testcase time="0.00500000000000256" classname="tmb" name="fit_mmrm_works_with_sp_exp_covariance_structure_and_REML_2_dimension_"/>
    <testcase time="0.0289999999999999" classname="tmb" name="fit_mmrm_also_works_with_character_ID_variable"/>
    <testcase time="0.0259999999999998" classname="tmb" name="fit_mmrm_also_works_with_character_ID_variable"/>
    <testcase time="0.00399999999999778" classname="tmb" name="fit_mmrm_also_works_with_character_ID_variable"/>
    <testcase time="0.0289999999999999" classname="tmb" name="fit_mmrm_saves_data_name_in_call_element_as_expected"/>
    <testcase time="0.00400000000000134" classname="tmb" name="fit_mmrm_saves_data_name_in_call_element_as_expected"/>
    <testcase time="0.0539999999999985" classname="tmb" name="fit_mmrm_works_even_when_time_point_variable_has_unused_factor_levels"/>
    <testcase time="0.00200000000000244" classname="tmb" name="fit_mmrm_works_even_when_time_point_variable_has_unused_factor_levels"/>
    <testcase time="0.00399999999999778" classname="tmb" name="fit_mmrm_works_even_when_time_point_variable_has_unused_factor_levels"/>
    <testcase time="0.0400000000000027" classname="tmb" name="fit_mmrm_works_if_we_keep_the_unused_factor_levels_for_specific_covariance_structure"/>
    <testcase time="0.00300000000000011" classname="tmb" name="fit_mmrm_works_if_we_keep_the_unused_factor_levels_for_specific_covariance_structure"/>
    <testcase time="0.00399999999999778" classname="tmb" name="fit_mmrm_works_if_we_keep_the_unused_factor_levels_for_specific_covariance_structure"/>
    <testcase time="0.0480000000000018" classname="tmb" name="fit_mmrm_warns_if_we_keep_the_unused_factor_levels_for_unstructured_covariance"/>
    <testcase time="0.00199999999999889" classname="tmb" name="fit_mmrm_warns_if_we_keep_the_unused_factor_levels_for_unstructured_covariance"/>
    <testcase time="0.00400000000000134" classname="tmb" name="fit_mmrm_warns_if_we_keep_the_unused_factor_levels_for_unstructured_covariance"/>
    <testcase time="0.0479999999999983" classname="tmb" name="fit_mmrm_works_with_below_full_rank_original_design_matrix_by_default"/>
    <testcase time="0.00199999999999889" classname="tmb" name="fit_mmrm_works_with_below_full_rank_original_design_matrix_by_default"/>
    <testcase time="0.0110000000000028" classname="tmb" name="fit_mmrm_throws_informative_error_for_non_spatial_cov_with_non_factor"/>
    <testcase time="0.0150000000000006" classname="tmb" name="get_covariance_lower_chol_errors_when_an_invalid_covariance_type_is_used"/>
    <testcase time="0.0069999999999979" classname="tmb" name="get_covariance_lower_chol_errors_when_an_invalid_covariance_type_is_used"/>
  </testsuite>
  <testsuite name="utils-formula" timestamp="2025-08-17T23:25:44Z" hostname="bf20baf7630c" tests="17" skipped="0" failures="0" errors="0" time="0.071">
    <testcase time="0.0109999999999992" classname="utils_formula" name="h_extract_covariance_terms_returns_a_list_of_possible_covariance_terms"/>
    <testcase time="0.00300000000000011" classname="utils_formula" name="h_extract_covariance_terms_returns_a_list_of_possible_covariance_terms"/>
    <testcase time="0.00300000000000011" classname="utils_formula" name="h_extract_covariance_terms_returns_a_list_of_possible_covariance_terms"/>
    <testcase time="0.00300000000000011" classname="utils_formula" name="h_extract_covariance_terms_returns_a_list_of_possible_covariance_terms"/>
    <testcase time="0.00300000000000011" classname="utils_formula" name="h_extract_covariance_terms_returns_a_list_of_possible_covariance_terms"/>
    <testcase time="0.00300000000000011" classname="utils_formula" name="h_extract_covariance_terms_returns_a_list_of_possible_covariance_terms"/>
    <testcase time="0.00600000000000023" classname="utils_formula" name="h_drop_covariance_terms_identifies_covariance_terms_specifically"/>
    <testcase time="0.00300000000000011" classname="utils_formula" name="h_drop_covariance_terms_identifies_covariance_terms_specifically"/>
    <testcase time="0.00300000000000011" classname="utils_formula" name="h_drop_covariance_terms_identifies_covariance_terms_specifically"/>
    <testcase time="0.00300000000000011" classname="utils_formula" name="h_drop_covariance_terms_identifies_covariance_terms_specifically"/>
    <testcase time="0.00700000000000145" classname="utils_formula" name="h_add_covariance_terms_adds_covariance_variables_as_terms"/>
    <testcase time="0.00300000000000011" classname="utils_formula" name="h_add_covariance_terms_adds_covariance_variables_as_terms"/>
    <testcase time="0.00600000000000023" classname="utils_formula" name="h_drop_terms_works"/>
    <testcase time="0.00299999999999656" classname="utils_formula" name="h_drop_terms_works"/>
    <testcase time="0.00300000000000011" classname="utils_formula" name="h_drop_terms_works"/>
    <testcase time="0.00600000000000023" classname="utils_formula" name="h_add_terms_works_on_adds_is_length_0"/>
    <testcase time="0.00200000000000244" classname="utils_formula" name="h_add_terms_works_on_adds_is_length_0"/>
  </testsuite>
  <testsuite name="utils-nse" timestamp="2025-08-17T23:25:44Z" hostname="bf20baf7630c" tests="20" skipped="0" failures="0" errors="0" time="0.076">
    <testcase time="0.00900000000000034" classname="utils_nse" name="flatten_expr_collapses_expressions_into_sequential_atoms_and_ops"/>
    <testcase time="0.00300000000000011" classname="utils_nse" name="flatten_expr_collapses_expressions_into_sequential_atoms_and_ops"/>
    <testcase time="0.00600000000000023" classname="utils_nse" name="flatten_call_collapses_expressions_into_sequential_atoms_and_ops"/>
    <testcase time="0.00299999999999656" classname="utils_nse" name="flatten_call_collapses_expressions_into_sequential_atoms_and_ops"/>
    <testcase time="0.00500000000000256" classname="utils_nse" name="position_symbol_returns_position_of_a_symbol_in_a_list_of_language"/>
    <testcase time="0.00300000000000011" classname="utils_nse" name="position_symbol_returns_position_of_a_symbol_in_a_list_of_language"/>
    <testcase time="0.00300000000000011" classname="utils_nse" name="position_symbol_returns_position_of_a_symbol_in_a_list_of_language"/>
    <testcase time="0.00300000000000011" classname="utils_nse" name="position_symbol_returns_position_of_a_symbol_in_a_list_of_language"/>
    <testcase time="0.00600000000000023" classname="utils_nse" name="is_infix_identifies_primitive_infix_operators"/>
    <testcase time="0.00199999999999889" classname="utils_nse" name="is_infix_identifies_primitive_infix_operators"/>
    <testcase time="0.00300000000000011" classname="utils_nse" name="is_infix_identifies_primitive_infix_operators"/>
    <testcase time="0.00300000000000011" classname="utils_nse" name="is_infix_identifies_primitive_infix_operators"/>
    <testcase time="0.00199999999999889" classname="utils_nse" name="is_infix_identifies_primitive_infix_operators"/>
    <testcase time="0.00300000000000011" classname="utils_nse" name="is_infix_identifies_primitive_infix_operators"/>
    <testcase time="0.00499999999999901" classname="utils_nse" name="formula_rhs_fetches_the_right_most_part_of_a_formula"/>
    <testcase time="0.00300000000000011" classname="utils_nse" name="formula_rhs_fetches_the_right_most_part_of_a_formula"/>
    <testcase time="0.00200000000000244" classname="utils_nse" name="formula_rhs_fetches_the_right_most_part_of_a_formula"/>
    <testcase time="0.00600000000000023" classname="utils_nse" name="format_symbols_formats_variables_as_though_they_were_passed_to_a_formula"/>
    <testcase time="0.00300000000000011" classname="utils_nse" name="format_symbols_formats_variables_as_though_they_were_passed_to_a_formula"/>
    <testcase time="0.00300000000000011" classname="utils_nse" name="format_symbols_formats_variables_as_though_they_were_passed_to_a_formula"/>
  </testsuite>
  <testsuite name="utils" timestamp="2025-08-17T23:25:44Z" hostname="bf20baf7630c" tests="88" skipped="0" failures="0" errors="0" time="0.36">
    <testcase time="0.00899999999999679" classname="utils" name="h_record_all_outputs_correctly_removes_specified_messages"/>
    <testcase time="0.00500000000000256" classname="utils" name="h_record_all_outputs_works_as_expected_with_no_removal_list_given_for_messages"/>
    <testcase time="0.00600000000000023" classname="utils" name="h_record_all_outputs_catches_divergence_errors_warnings_messages_as_expected"/>
    <testcase time="0.000999999999997669" classname="utils" name="h_record_all_outputs_catches_divergence_errors_warnings_messages_as_expected"/>
    <testcase time="0.0130000000000017" classname="utils" name="trace_of_a_matrix_works_as_expected"/>
    <testcase time="0.00199999999999889" classname="utils" name="trace_of_a_matrix_works_as_expected"/>
    <testcase time="0.00700000000000145" classname="utils" name="h_split_control_split_the_control_args_based_on_optimizers"/>
    <testcase time="0.00199999999999889" classname="utils" name="h_split_control_split_the_control_args_based_on_optimizers"/>
    <testcase time="0.00300000000000011" classname="utils" name="h_split_control_split_the_control_args_based_on_optimizers"/>
    <testcase time="0.00199999999999889" classname="utils" name="h_split_control_split_the_control_args_based_on_optimizers"/>
    <testcase time="0.00300000000000011" classname="utils" name="h_split_control_split_the_control_args_based_on_optimizers"/>
    <testcase time="0.00200000000000244" classname="utils" name="h_split_control_split_the_control_args_based_on_optimizers"/>
    <testcase time="0.00300000000000011" classname="utils" name="h_split_control_split_the_control_args_based_on_optimizers"/>
    <testcase time="0.00199999999999889" classname="utils" name="h_split_control_split_the_control_args_based_on_optimizers"/>
    <testcase time="0.00300000000000011" classname="utils" name="h_split_control_split_the_control_args_based_on_optimizers"/>
    <testcase time="0.0069999999999979" classname="utils" name="h_split_control_split_the_control_args_with_updated_arguments"/>
    <testcase time="0.00200000000000244" classname="utils" name="h_split_control_split_the_control_args_with_updated_arguments"/>
    <testcase time="0.00300000000000011" classname="utils" name="h_split_control_split_the_control_args_with_updated_arguments"/>
    <testcase time="0.00300000000000011" classname="utils" name="h_split_control_split_the_control_args_with_updated_arguments"/>
    <testcase time="0.00199999999999889" classname="utils" name="h_split_control_split_the_control_args_with_updated_arguments"/>
    <testcase time="0.00300000000000011" classname="utils" name="h_split_control_split_the_control_args_with_updated_arguments"/>
    <testcase time="0.00300000000000011" classname="utils" name="h_split_control_split_the_control_args_with_updated_arguments"/>
    <testcase time="0.00199999999999889" classname="utils" name="h_split_control_split_the_control_args_with_updated_arguments"/>
    <testcase time="0.00900000000000034" classname="utils" name="h_get_optimizers_works_for_default_optimizers"/>
    <testcase time="0.00300000000000011" classname="utils" name="h_get_optimizers_works_for_default_optimizers"/>
    <testcase time="0.00600000000000023" classname="utils" name="h_get_optimizers_works_added_arguments"/>
    <testcase time="0.00700000000000145" classname="utils" name="h_get_optimizers_works_custom_optimizer"/>
    <testcase time="0.00300000000000011" classname="utils" name="h_get_optimizers_works_custom_optimizer"/>
    <testcase time="0.0069999999999979" classname="utils" name="h_optimizer_fun_return_correct_optimizer"/>
    <testcase time="0.00300000000000011" classname="utils" name="h_optimizer_fun_return_correct_optimizer"/>
    <testcase time="0.00400000000000134" classname="utils" name="h_optimizer_fun_return_correct_optimizer"/>
    <testcase time="0.00399999999999778" classname="utils" name="h_optimizer_fun_return_correct_optimizer"/>
    <testcase time="0.00200000000000244" classname="utils" name="h_optimizer_fun_return_correct_optimizer"/>
    <testcase time="0.00300000000000011" classname="utils" name="h_optimizer_fun_return_correct_optimizer"/>
    <testcase time="0.00300000000000011" classname="utils" name="h_optimizer_fun_return_correct_optimizer"/>
    <testcase time="0.00300000000000011" classname="utils" name="h_optimizer_fun_return_correct_optimizer"/>
    <testcase time="0.0069999999999979" classname="utils" name="h_partial_fun_args_works_correctly_to_add_attributes"/>
    <testcase time="0.00200000000000244" classname="utils" name="h_partial_fun_args_works_correctly_to_add_attributes"/>
    <testcase time="0.00300000000000011" classname="utils" name="h_partial_fun_args_works_correctly_to_add_attributes"/>
    <testcase time="0.00300000000000011" classname="utils" name="h_partial_fun_args_works_correctly_to_add_attributes"/>
    <testcase time="0.00599999999999667" classname="utils" name="fill_names_completes_names_of_input_values"/>
    <testcase time="0.00300000000000011" classname="utils" name="fill_names_completes_names_of_input_values"/>
    <testcase time="0.00300000000000011" classname="utils" name="fill_names_completes_names_of_input_values"/>
    <testcase time="0.00300000000000011" classname="utils" name="fill_names_completes_names_of_input_values"/>
    <testcase time="0.00500000000000256" classname="utils" name="h_get_cov_default_works_correctly"/>
    <testcase time="0.00300000000000011" classname="utils" name="h_get_cov_default_works_correctly"/>
    <testcase time="0.00300000000000011" classname="utils" name="h_get_cov_default_works_correctly"/>
    <testcase time="0.00300000000000011" classname="utils" name="h_get_cov_default_works_correctly"/>
    <testcase time="0.00399999999999778" classname="utils" name="h_get_cov_default_works_correctly"/>
    <testcase time="0.00799999999999912" classname="utils" name="h_confirm_large_levels_errors_for_large_number"/>
    <testcase time="0.00400000000000134" classname="utils" name="h_confirm_large_levels_errors_for_large_number"/>
    <testcase time="0.00600000000000023" classname="utils" name="h_default_value_works"/>
    <testcase time="0.00199999999999889" classname="utils" name="h_default_value_works"/>
    <testcase time="0.00300000000000011" classname="utils" name="h_default_value_works"/>
    <testcase time="0.00600000000000023" classname="utils" name="std_start_works"/>
    <testcase time="0.00300000000000011" classname="utils" name="std_start_works"/>
    <testcase time="0.00300000000000011" classname="utils" name="std_start_works"/>
    <testcase time="0.00300000000000011" classname="utils" name="std_start_works"/>
    <testcase time="0.00300000000000011" classname="utils" name="std_start_works"/>
    <testcase time="0.00300000000000011" classname="utils" name="std_start_works"/>
    <testcase time="0.00300000000000011" classname="utils" name="std_start_works"/>
    <testcase time="0.00400000000000134" classname="utils" name="std_start_works"/>
    <testcase time="0.00300000000000011" classname="utils" name="std_start_works"/>
    <testcase time="0.00300000000000011" classname="utils" name="std_start_works"/>
    <testcase time="0.00600000000000023" classname="utils" name="h_get_theta_from_cov_works"/>
    <testcase time="0.00599999999999667" classname="utils" name="h_get_theta_from_cov_use_0_1_to_impute_the_NA_values"/>
    <testcase time="0.0100000000000016" classname="utils" name="emp_start_works"/>
    <testcase time="0.00600000000000023" classname="utils" name="h_extra_levels_works_as_expected"/>
    <testcase time="0.00300000000000011" classname="utils" name="h_extra_levels_works_as_expected"/>
    <testcase time="0.00300000000000011" classname="utils" name="h_extra_levels_works_as_expected"/>
    <testcase time="0.00799999999999912" classname="utils" name="h_drop_levels_works_as_expected"/>
    <testcase time="0.00300000000000011" classname="utils" name="h_drop_levels_works_as_expected"/>
    <testcase time="0.00199999999999889" classname="utils" name="h_drop_levels_works_as_expected"/>
    <testcase time="0.00300000000000011" classname="utils" name="h_drop_levels_works_as_expected"/>
    <testcase time="0.00300000000000011" classname="utils" name="h_drop_levels_works_as_expected"/>
    <testcase time="0.00600000000000023" classname="utils" name="h_tmb_version_sufficient_works_as_expected"/>
    <testcase time="0.00800000000000267" classname="utils" name="h_tmb_warn_non_deterministic_works_as_expected"/>
    <testcase time="0.00199999999999889" classname="utils" name="h_tmb_warn_non_deterministic_works_as_expected"/>
    <testcase time="0.00600000000000023" classname="utils" name="h_get_na_action_works_for_strings"/>
    <testcase time="0.00300000000000011" classname="utils" name="h_get_na_action_works_for_strings"/>
    <testcase time="0.00300000000000011" classname="utils" name="h_get_na_action_works_for_strings"/>
    <testcase time="0.00799999999999912" classname="utils" name="h_get_na_action_works_for_strings"/>
    <testcase time="0.00300000000000011" classname="utils" name="h_get_na_action_works_for_strings"/>
    <testcase time="0.00600000000000023" classname="utils" name="h_get_na_action_works_for_functions"/>
    <testcase time="0.00300000000000011" classname="utils" name="h_get_na_action_works_for_functions"/>
    <testcase time="0.00300000000000011" classname="utils" name="h_get_na_action_works_for_functions"/>
    <testcase time="0.00300000000000011" classname="utils" name="h_get_na_action_works_for_functions"/>
    <testcase time="0.00300000000000011" classname="utils" name="h_get_na_action_works_for_functions"/>
  </testsuite>
</testsuites>
